Change Component Footprint: Designator=J1 Old Footprint=SFML-110-02-L-D-A-Footprint-1 New Footprint=SFML-110-02-L-D-A-Footprint-1
Change Component Footprint: Designator=J2 Old Footprint=SFML-110-02-L-D-A-Footprint-1 New Footprint=SFML-110-02-L-D-A-Footprint-1
Change Component Footprint: Designator=J4 Old Footprint=TFML-110-02-L-D-A-Footprint-1 New Footprint=TFML-110-02-L-D-A-Footprint-1
Change Component Footprint: Designator=J5 Old Footprint=TFML-110-02-L-D-A-Footprint-1 New Footprint=TFML-110-02-L-D-A-Footprint-1
Change Managed Component Library Link : Designator=J1 Old VaultGUID=D5CACE43-709A-4464-BB04-ED577B050C2A New VaultGUID=275DD9A0-BDD9-47D7-8C38-F690E90B05B9 Old ItemGUID=a4109f78-8d0a-4c1b-8e1b-25eb82b6d410 New ItemGUID=c9949d11-6850-43e2-87a6-3b8bcc075716 Old RevisionGUID=92607075-8669-4ab1-aa94-6f5f5a1a2a33 New RevisionGUID=96544906-91b6-405e-b596-a1da2bae0fba
Change Managed Component Library Link : Designator=J2 Old VaultGUID=D5CACE43-709A-4464-BB04-ED577B050C2A New VaultGUID=275DD9A0-BDD9-47D7-8C38-F690E90B05B9 Old ItemGUID=a4109f78-8d0a-4c1b-8e1b-25eb82b6d410 New ItemGUID=c9949d11-6850-43e2-87a6-3b8bcc075716 Old RevisionGUID=92607075-8669-4ab1-aa94-6f5f5a1a2a33 New RevisionGUID=96544906-91b6-405e-b596-a1da2bae0fba
Change Managed Component Library Link : Designator=J4 Old VaultGUID=D5CACE43-709A-4464-BB04-ED577B050C2A New VaultGUID=275DD9A0-BDD9-47D7-8C38-F690E90B05B9 Old ItemGUID=3c752cba-df02-476e-8efa-f558ac15010f New ItemGUID=7567f15b-65c1-487c-acac-cd27ad5bee64 Old RevisionGUID=daa1171a-35b1-4205-bf3d-055d5147d193 New RevisionGUID=9e21db31-0735-4e51-8a4f-b3a0b61642a4
Change Managed Component Library Link : Designator=J5 Old VaultGUID=D5CACE43-709A-4464-BB04-ED577B050C2A New VaultGUID=275DD9A0-BDD9-47D7-8C38-F690E90B05B9 Old ItemGUID=3c752cba-df02-476e-8efa-f558ac15010f New ItemGUID=7567f15b-65c1-487c-acac-cd27ad5bee64 Old RevisionGUID=daa1171a-35b1-4205-bf3d-055d5147d193 New RevisionGUID=9e21db31-0735-4e51-8a4f-b3a0b61642a4
Change component parameters: Designator = "J1" ("J1"); Footprint = "SFML-110-02-L-D-A-Footprint-1"; UniqueID = "\QXLOVJGJ" ("\QXLOVJGJ")
Change component parameters (AddParameter): Name = "Case/Package"; Value = ""; VariantName = "[No Variations]"
Change component parameters (AddParameter): Name = "Connector Type"; Value = "BOARD CONNECTOR"; VariantName = "[No Variations]"
Change component parameters (AddParameter): Name = "Gender"; Value = ""; VariantName = "[No Variations]"
Change component parameters (AddParameter): Name = "Max Operating Temperature"; Value = ""; VariantName = "[No Variations]"
Change component parameters (AddParameter): Name = "Min Operating Temperature"; Value = ""; VariantName = "[No Variations]"
Change component parameters (AddParameter): Name = "Mounting Technology"; Value = "Board"; VariantName = "[No Variations]"
Change component parameters (AddParameter): Name = "Pins"; Value = ""; VariantName = "[No Variations]"
Change component parameters (AddParameter): Name = "RoHS Compliant"; Value = "Yes"; VariantName = "[No Variations]"
Change component parameters: Designator = "J2" ("J2"); Footprint = "SFML-110-02-L-D-A-Footprint-1"; UniqueID = "\EWBHKJBW" ("\EWBHKJBW")
Change component parameters (AddParameter): Name = "Case/Package"; Value = ""; VariantName = "[No Variations]"
Change component parameters (AddParameter): Name = "Connector Type"; Value = "BOARD CONNECTOR"; VariantName = "[No Variations]"
Change component parameters (AddParameter): Name = "Gender"; Value = ""; VariantName = "[No Variations]"
Change component parameters (AddParameter): Name = "Max Operating Temperature"; Value = ""; VariantName = "[No Variations]"
Change component parameters (AddParameter): Name = "Min Operating Temperature"; Value = ""; VariantName = "[No Variations]"
Change component parameters (AddParameter): Name = "Mounting Technology"; Value = "Board"; VariantName = "[No Variations]"
Change component parameters (AddParameter): Name = "Pins"; Value = ""; VariantName = "[No Variations]"
Change component parameters (AddParameter): Name = "RoHS Compliant"; Value = "Yes"; VariantName = "[No Variations]"
Change component parameters: Designator = "J4" ("J4"); Footprint = "TFML-110-02-L-D-A-Footprint-1"; UniqueID = "\HDPGDSKP" ("\HDPGDSKP")
Change component parameters (AddParameter): Name = "Case/Package"; Value = ""; VariantName = "[No Variations]"
Change component parameters (AddParameter): Name = "Connector Type"; Value = "BOARD CONNECTOR"; VariantName = "[No Variations]"
Change component parameters (AddParameter): Name = "Gender"; Value = ""; VariantName = "[No Variations]"
Change component parameters (AddParameter): Name = "Max Operating Temperature"; Value = ""; VariantName = "[No Variations]"
Change component parameters (AddParameter): Name = "Min Operating Temperature"; Value = ""; VariantName = "[No Variations]"
Change component parameters (AddParameter): Name = "Mounting Technology"; Value = "Board"; VariantName = "[No Variations]"
Change component parameters (AddParameter): Name = "Pins"; Value = ""; VariantName = "[No Variations]"
Change component parameters (AddParameter): Name = "RoHS Compliant"; Value = "Yes"; VariantName = "[No Variations]"
Change component parameters: Designator = "J5" ("J5"); Footprint = "TFML-110-02-L-D-A-Footprint-1"; UniqueID = "\XOTWRNLK" ("\XOTWRNLK")
Change component parameters (AddParameter): Name = "Case/Package"; Value = ""; VariantName = "[No Variations]"
Change component parameters (AddParameter): Name = "Connector Type"; Value = "BOARD CONNECTOR"; VariantName = "[No Variations]"
Change component parameters (AddParameter): Name = "Gender"; Value = ""; VariantName = "[No Variations]"
Change component parameters (AddParameter): Name = "Max Operating Temperature"; Value = ""; VariantName = "[No Variations]"
Change component parameters (AddParameter): Name = "Min Operating Temperature"; Value = ""; VariantName = "[No Variations]"
Change component parameters (AddParameter): Name = "Mounting Technology"; Value = "Board"; VariantName = "[No Variations]"
Change component parameters (AddParameter): Name = "Pins"; Value = ""; VariantName = "[No Variations]"
Change component parameters (AddParameter): Name = "RoHS Compliant"; Value = "Yes"; VariantName = "[No Variations]"
Added Component: Designator=TP1(TP06R)
Added Component: Designator=TP2(TP06R)
Added Component: Designator=TP3(TP06R)
Added Component: Designator=TP4(TP06R)
Added Component: Designator=TP5(TP06R)
Added Component: Designator=U9(LM2902Q4T-Footprint-1)
Add Pin To Net: Unknown Pin: Pin TP1-1
Add Pin To Net: Unknown Pin: Pin TP2-1
Add Pin To Net: Unknown Pin: Pin TP3-1
Add Pin To Net: Unknown Pin: Pin TP4-1
Add Pin To Net: Unknown Pin: Pin TP5-1
Add Pin To Net: Unknown Pin: Pin U9-1
Add Pin To Net: Unknown Pin: Pin U9-2
Add Pin To Net: Unknown Pin: Pin U9-4
Add Pin To Net: Unknown Pin: Pin U9-5
Add Pin To Net: Unknown Pin: Pin U9-6
Add Pin To Net: Unknown Pin: Pin U9-7
Add Pin To Net: Unknown Pin: Pin U9-8
Add Pin To Net: Unknown Pin: Pin U9-9
Add Pin To Net: Unknown Pin: Pin U9-11
Add Pin To Net: Unknown Pin: Pin U9-12
Add Pin To Net: Unknown Pin: Pin U9-13
Add Pin To Net: Unknown Pin: Pin U9-14
Add Pin To Net: Unknown Pin: Pin U9-15
Add Pin To Net: Unknown Pin: Pin U9-16
Add Class Member: Failed to add class member : Component TP1 TPAD6R
Add Class Member: Failed to add class member : Component TP2 TPAD6R
Add Class Member: Failed to add class member : Component TP3 TPAD6R
Add Class Member: Failed to add class member : Component TP4 TPAD6R
Add Class Member: Failed to add class member : Component TP5 TPAD6R
Add Class Member: Failed to add class member : Component U9 LM2902Q4T
