Added Component: Designator=U8(QFN50P300X300X100_HS-17N)
Add component (AddParameter): Name = "Case/Package"; Value = "HVQCCN"; VariantName = "[No Variations]"
Add component (AddParameter): Name = "Channels"; Value = "4"; VariantName = "[No Variations]"
Add component (AddParameter): Name = "Max Operating Temperature"; Value = "125°C"; VariantName = "[No Variations]"
Add component (AddParameter): Name = "Max Supply Voltage"; Value = ""; VariantName = "[No Variations]"
Add component (AddParameter): Name = "Min Operating Temperature"; Value = "-40°C"; VariantName = "[No Variations]"
Add component (AddParameter): Name = "Min Supply Voltage"; Value = ""; VariantName = "[No Variations]"
Add component (AddParameter): Name = "Mounting Technology"; Value = ""; VariantName = "[No Variations]"
Add component (AddParameter): Name = "Output Type"; Value = ""; VariantName = "[No Variations]"
Add component (AddParameter): Name = "Pins"; Value = "16"; VariantName = "[No Variations]"
Add component (AddParameter): Name = "Power"; Value = ""; VariantName = "[No Variations]"
Add component (AddParameter): Name = "RoHS Compliant"; Value = "Yes"; VariantName = "[No Variations]"
Added Pin To Net: NetName=NetR69_1 Pin=U8-1
Added Pin To Net: NetName=INT_PWR Pin=U8-2
Added Pin To Net: NetName=NetR79_1 Pin=U8-4
Added Pin To Net: NetName=NetR73_1 Pin=U8-5
Added Pin To Net: NetName=NetR73_2 Pin=U8-6
Added Pin To Net: NetName=NetR64_2 Pin=U8-7
Added Pin To Net: NetName=NetR64_1 Pin=U8-8
Added Pin To Net: NetName=NetR70_1 Pin=U8-9
Added Pin To Net: NetName=GND Pin=U8-11
Added Pin To Net: NetName=NetR80_1 Pin=U8-12
Added Pin To Net: NetName=NetR74_1 Pin=U8-13
Added Pin To Net: NetName=NetR74_2 Pin=U8-14
Added Pin To Net: NetName=NetR63_2 Pin=U8-15
Added Pin To Net: NetName=NetR63_1 Pin=U8-16
Add Net: Net with name "EMAG_OUT" already exists
Added Member To Class: ClassName=CELL_SENSE Member=Component U8 LM2902Q4T
