Removed Pin From Net: NetName=POST_SHUNT_EXT_PWR_PROT Pin=Q13_EXT_PWR_PROT-2
Removed Pin From Net: NetName=CUTOFF_MOSFET_EXT_PWR_PROT Pin=Q13_EXT_PWR_PROT-3
Removed Pin From Net: NetName=POST_SHUNT_INT_PWR_PROT Pin=Q13_INT_PWR_PROT-2
Removed Pin From Net: NetName=CUTOFF_MOSFET_INT_PWR_PROT Pin=Q13_INT_PWR_PROT-3
Removed Pin From Net: NetName=GND Pin=Q14_EXT_PWR_PROT-2
Removed Pin From Net: NetName=GND Pin=Q14_INT_PWR_PROT-2
Removed Pin From Net: NetName=POST_SHUNT_EXT_PWR_PROT Pin=R32_EXT_PWR_PROT-2
Removed Pin From Net: NetName=POST_SHUNT_INT_PWR_PROT Pin=R32_INT_PWR_PROT-2
Removed Pin From Net: NetName=GND Pin=R37_EXT_PWR_PROT-1
Removed Pin From Net: NetName=GND Pin=R37_INT_PWR_PROT-1
Removed Member From Class: ClassName=EXT_PWR_PROT Member=Q13_EXT_PWR_PROT
Removed Member From Class: ClassName=INT_PWR_PROT Member=Q13_INT_PWR_PROT
Removed Member From Class: ClassName=EXT_PWR_PROT Member=Q14_EXT_PWR_PROT
Removed Member From Class: ClassName=INT_PWR_PROT Member=Q14_INT_PWR_PROT
Removed Member From Class: ClassName=EXT_PWR_PROT Member=R32_EXT_PWR_PROT
Removed Member From Class: ClassName=INT_PWR_PROT Member=R32_INT_PWR_PROT
Removed Member From Class: ClassName=EXT_PWR_PROT Member=R34_EXT_PWR_PROT
Removed Member From Class: ClassName=INT_PWR_PROT Member=R34_INT_PWR_PROT
Removed Member From Class: ClassName=EXT_PWR_PROT Member=R36_EXT_PWR_PROT
Removed Member From Class: ClassName=INT_PWR_PROT Member=R36_INT_PWR_PROT
Removed Member From Class: ClassName=EXT_PWR_PROT Member=R37_EXT_PWR_PROT
Removed Member From Class: ClassName=INT_PWR_PROT Member=R37_INT_PWR_PROT
