Removed Pin From Net: NetName=GND Pin=C3_INT_PWR_PROT-2
Removed Pin From Net: NetName=INT_3V3 Pin=C4_INT_PWR_PROT-1
Removed Pin From Net: NetName=GND Pin=C4_INT_PWR_PROT-2
Removed Pin From Net: NetName=GND Pin=C5_INT_PWR_PROT-2
Removed Pin From Net: NetName=GND Pin=Q12_INT_PWR_PROT-2
Removed Pin From Net: NetName=GND Pin=R24_INT_PWR_PROT-1
Removed Pin From Net: NetName=GND Pin=R29_INT_PWR_PROT-1
Removed Pin From Net: NetName=INT_3V3 Pin=R31_INT_PWR_PROT-2
Removed Pin From Net: NetName=GND Pin=R35_INT_PWR_PROT-1
Removed Pin From Net: NetName=GND Pin=U3_INT_PWR_PROT-2
Removed Pin From Net: NetName=GND Pin=U3_INT_PWR_PROT-5
Removed Pin From Net: NetName=GND Pin=U4_INT_PWR_PROT-5
Removed Pin From Net: NetName=GND Pin=U4_INT_PWR_PROT-7
Removed Pin From Net: NetName=GND Pin=U4_INT_PWR_PROT-8
Removed Pin From Net: NetName=GND Pin=U4_INT_PWR_PROT-9
Removed Pin From Net: NetName=GND Pin=U4_INT_PWR_PROT-10
Removed Pin From Net: NetName=INT_3V3 Pin=U4_INT_PWR_PROT-12
Change Component Designator: OldDesignator=C3_EXT_PWR_PROT NewDesignator=C3
Change Component Designator: OldDesignator=C4_EXT_PWR_PROT NewDesignator=C4
Change Component Designator: OldDesignator=C5_EXT_PWR_PROT NewDesignator=C5
Change Component Designator: OldDesignator=Q11_EXT_PWR_PROT NewDesignator=Q11
Change Component Designator: OldDesignator=Q12_EXT_PWR_PROT NewDesignator=Q12
Change Component Designator: OldDesignator=R23_EXT_PWR_PROT NewDesignator=R23
Change Component Designator: OldDesignator=R24_EXT_PWR_PROT NewDesignator=R24
Change Component Designator: OldDesignator=R25_EXT_PWR_PROT NewDesignator=R25
Change Component Designator: OldDesignator=R26_EXT_PWR_PROT NewDesignator=R26
Change Component Designator: OldDesignator=R27_EXT_PWR_PROT NewDesignator=R27
Change Component Designator: OldDesignator=R28_EXT_PWR_PROT NewDesignator=R28
Change Component Designator: OldDesignator=R29_EXT_PWR_PROT NewDesignator=R29
Change Component Designator: OldDesignator=R30_EXT_PWR_PROT NewDesignator=R30
Change Component Designator: OldDesignator=R31_EXT_PWR_PROT NewDesignator=R31
Change Component Designator: OldDesignator=R33_EXT_PWR_PROT NewDesignator=R33
Change Component Designator: OldDesignator=R35_EXT_PWR_PROT NewDesignator=R35
Change Component Designator: OldDesignator=U3_EXT_PWR_PROT NewDesignator=U3
Change Component Designator: OldDesignator=U4_EXT_PWR_PROT NewDesignator=U4
Change Net Name : Old Net Name=CUR_TRIP_RST_EXT_PWR_PROT New Net Name=CUR_TRIP_RST
Change Net Name : Old Net Name=CUTOFF_MOSFET_EXT_PWR_PROT New Net Name=CUTOFF_MOSFET
Change Net Name : Old Net Name=NetC3_EXT_PWR_PROT_1 New Net Name=NetC3_1
Change Net Name : Old Net Name=NetQ12_EXT_PWR_PROT_1 New Net Name=NetQ12_1
Change Net Name : Old Net Name=nFAULT_EXT_PWR_PROT New Net Name=nFAULT
Change Net Name : Old Net Name=POST_SHUNT_EXT_PWR_PROT New Net Name=POST_SHUNT
Change Net Name : Old Net Name=PRE_PWR_OUT_EXT_PWR_PROT New Net Name=PRE_PWR_OUT
Change Net Name : Old Net Name=PWR_IN_EXT_PWR_PROT New Net Name=PWR_IN
Added Room: Name=LS_0
Added Room: Name=LS_1
Added Room: Name=LS_2
