Change Component Designator: Old Designator=C4 New Designator=C1
Change Component Designator: Old Designator=C6 New Designator=C2
Change Component Designator: Old Designator=Q1 New Designator=Q2
Change Component Designator: Old Designator=Q2 New Designator=Q1
Change Component Designator: Old Designator=Q3 New Designator=Q5
Change Component Designator: Old Designator=Q8 New Designator=Q10
Change Component Designator: Old Designator=Q8 New Designator=Q9
Change Component Designator: Old Designator=Q? New Designator=Q10
Change Component Designator: Old Designator=Q? New Designator=Q3
Change Component Designator: Old Designator=Q? New Designator=Q7
Change Component Designator: Old Designator=Q? New Designator=Q8
Change Component Designator: Old Designator=R3 New Designator=R5
Change Component Designator: Old Designator=R15 New Designator=R2
Change Component Designator: Old Designator=R17 New Designator=R11
Change Component Designator: Old Designator=R18 New Designator=R6
Change Component Designator: Old Designator=R19 New Designator=R17
Change Component Designator: Old Designator=R21 New Designator=R10
Change Component Designator: Old Designator=R22 New Designator=R9
Change Component Designator: Old Designator=R23 New Designator=R16
Change Component Designator: Old Designator=R24 New Designator=R19
Change Component Designator: Old Designator=R25 New Designator=R12
Change Component Designator: Old Designator=R26 New Designator=R15
Change Component Designator: Old Designator=R? New Designator=R1
Change Component Designator: Old Designator=R? New Designator=R3
Change Component Designator: Old Designator=R? New Designator=R4
Change Component Designator: Old Designator=R? New Designator=R7
Change Component Designator: Old Designator=R? New Designator=R8
Change Component Designator: Old Designator=R? New Designator=R13
Change Component Designator: Old Designator=R? New Designator=R14
Change Component Designator: Old Designator=R? New Designator=R18
Change Component Designator: Old Designator=R? New Designator=R21
Change Component Designator: Old Designator=R? New Designator=R22
Change Component Designator: Old Designator=U3 New Designator=U1
Change Component Designator: Old Designator=U5 New Designator=U2
