Change Component Designator: Old Designator=C39 New Designator=C5
Change Component Designator: Old Designator=C40 New Designator=C7
Change Component Designator: Old Designator=C41 New Designator=C8
Change Component Designator: Old Designator=C42 New Designator=C9
Change Component Designator: Old Designator=C43 New Designator=C10
Change Component Designator: Old Designator=C45 New Designator=C14
Change Component Designator: Old Designator=C51 New Designator=C11
Change Component Designator: Old Designator=C52 New Designator=C13
Change Component Designator: Old Designator=C53 New Designator=C12
Change Component Designator: Old Designator=C54 New Designator=C6
Change Component Designator: Old Designator=D9 New Designator=D5
Change Component Designator: Old Designator=D10 New Designator=D6
Change Component Designator: Old Designator=D11 New Designator=D7
Change Component Designator: Old Designator=L9 New Designator=L2
Change Component Designator: Old Designator=Q9 New Designator=Q6
Change Component Designator: Old Designator=Q11 New Designator=Q7
Change Component Designator: Old Designator=Q13 New Designator=Q8
Change Component Designator: Old Designator=R14 New Designator=R16
Change Component Designator: Old Designator=R35 New Designator=R18
Change Component Designator: Old Designator=R36 New Designator=R29
Change Component Designator: Old Designator=R37 New Designator=R32
Change Component Designator: Old Designator=R38 New Designator=R25
Change Component Designator: Old Designator=R39 New Designator=R26
Change Component Designator: Old Designator=R41 New Designator=R17
Change Component Designator: Old Designator=R43 New Designator=R19
Change Component Designator: Old Designator=R44 New Designator=R20
Change Component Designator: Old Designator=R45 New Designator=R21
Change Component Designator: Old Designator=R47 New Designator=R22
Change Component Designator: Old Designator=R48 New Designator=R23
Change Component Designator: Old Designator=R49 New Designator=R24
Change Component Designator: Old Designator=R51 New Designator=R27
Change Component Designator: Old Designator=R52 New Designator=R28
Change Component Designator: Old Designator=R56 New Designator=R30
Change Component Designator: Old Designator=R57 New Designator=R31
Change Component Designator: Old Designator=R59 New Designator=R33
Change Component Designator: Old Designator=R60 New Designator=R34
Change Component Designator: Old Designator=R61 New Designator=R35
Change Component Designator: Old Designator=U10 New Designator=U5
Change Component Designator: Old Designator=U11 New Designator=U4
Change Component Designator: Old Designator=U13 New Designator=U6
