Removed Pin From Net: NetName=VCC Pin=C66-1
Removed Pin From Net: NetName=GND Pin=C66-2
Removed Pin From Net: NetName=GND Pin=C67-2
Removed Pin From Net: NetName=REG_OUT Pin=R48-2
Removed Pin From Net: NetName=GND Pin=R49-1
Removed Pin From Net: NetName=INT_3V3 Pin=R51-1
Removed Pin From Net: NetName=3V3_OUT Pin=R52-1
Removed Pin From Net: NetName=5V Pin=R53-1
Removed Pin From Net: NetName=VCC Pin=U14-1
Removed Pin From Net: NetName=GND Pin=U14-3
Removed Member From Class: ClassName=FDCAN_0 Member=C66
Removed Member From Class: ClassName=FDCAN_0 Member=C67
Removed Member From Class: ClassName=AUX_RADIO_UPS Member=R48
Removed Member From Class: ClassName=AUX_RADIO_UPS Member=R49
Removed Member From Class: ClassName=AUX_RADIO_UPS Member=R51
Removed Member From Class: ClassName=AUX_RADIO_UPS Member=R52
Removed Member From Class: ClassName=AUX_RADIO_UPS Member=R53
Removed Member From Class: ClassName=FDCAN_0 Member=U14
Change Component Comment : Designator=R54 Old Comment=10k New Comment=100k
Change Component Comment : Designator=R55 Old Comment=10k New Comment=100k
Change Component Comment : Designator=U9 Old Comment=TPS62130RGTR New Comment=TPS62133RGTR
Change Component Designator: OldDesignator=F NewDesignator=D7
Change Managed Component Library Link : Designator=U9 Old VaultGUID=B7D15EC3-160A-466F-A46C-7801FE6295A7 New VaultGUID=B7D15EC3-160A-466F-A46C-7801FE6295A7 Old ItemGUID=AD89221A-C08E-4B91-9799-2EBAF4769642 New ItemGUID=B53D1A37-7AE9-4EA8-BADC-FF8428FFF33F Old RevisionGUID=46E4DDA9-545D-43C3-ACD7-E43ABAF78F75 New RevisionGUID=015DBBDD-3397-4736-845A-37AE7F95FDEE
Change component parameters: Designator = "U9" ("U9"); Footprint = "RGT0016C_V"; UniqueID = "\TGIJLJWJ\HFWHERZZ" ("\TGIJLJWJ\HFWHERZZ")
Change component parameters (AddParameter): Name = "Code_JEDEC"; Value = "MO-220"; VariantName = "[No Variations]"
Change component parameters (AddParameter): Name = "ComponentLink1Description"; Value = "Datasheet"; VariantName = "[No Variations]"
Change component parameters (AddParameter): Name = "ComponentLink1URL"; Value = "http://www.ti.com/general/docs/lit/getliterature.tsp?genericPartNumber=TPS62133&fileType=pdf"; VariantName = "[No Variations]"
Change component parameters (AddParameter): Name = "ComponentLink2Description"; Value = "Package Specification"; VariantName = "[No Variations]"
Change component parameters (AddParameter): Name = "ComponentLink2URL"; Value = "http://www.ti.com/litv/pdf/mpqf119g"; VariantName = "[No Variations]"
Change component parameters (AddParameter): Name = "ComponentLink3Description"; Value = "URL Link1"; VariantName = "[No Variations]"
Change component parameters (AddParameter): Name = "ComponentLink3URL"; Value = "Samples URL:http://www.ti.com/product/tps62133#samples"; VariantName = "[No Variations]"
Change component parameters (AddParameter): Name = "DatasheetVersion"; Value = "SLVSAG7"; VariantName = "[No Variations]"
Change component parameters (AddParameter): Name = "Duty Cycle(Max)(%)"; Value = "100"; VariantName = "[No Variations]"
Change component parameters (AddParameter): Name = "Eco-Plan"; Value = "Green (RoHS & no Sb/Br)"; VariantName = "[No Variations]"
Change component parameters (AddParameter): Name = "Iout(Max)(A)"; Value = "3"; VariantName = "[No Variations]"
Change component parameters (AddParameter): Name = "Iq(Typ)(mA)"; Value = "0.017"; VariantName = "[No Variations]"
Change component parameters (AddParameter): Name = "Manufacturer"; Value = "Texas Instruments"; VariantName = "[No Variations]"
Change component parameters (AddParameter): Name = "Mounting Technology"; Value = "Surface Mount"; VariantName = "[No Variations]"
Change component parameters (AddParameter): Name = "PackageDescription"; Value = "16-Pin Plastic Quad Flat No-Lead, 3 x 3 mm Body, 0.5 mm Pitch, 1.7 x 1.7 mm Exposed Pad"; VariantName = "[No Variations]"
Change component parameters (AddParameter): Name = "PackageReference"; Value = "RGT0016C"; VariantName = "[No Variations]"
Change component parameters (AddParameter): Name = "PackageVersion"; Value = "revH, Oct-2011"; VariantName = "[No Variations]"
Change component parameters (AddParameter): Name = "PartNumber"; Value = "TPS62133RGTR"; VariantName = "[No Variations]"
Change component parameters (AddParameter): Name = "Preset Vout(V)"; Value = "5"; VariantName = "[No Variations]"
Change component parameters (AddParameter): Name = "Rating"; Value = "Catalog"; VariantName = "[No Variations]"
Change component parameters (AddParameter): Name = "Regulated Outputs(#)"; Value = "1"; VariantName = "[No Variations]"
Change component parameters (AddParameter): Name = "SubFamily"; Value = "Step-Down Regulator"; VariantName = "[No Variations]"
Change component parameters (AddParameter): Name = "Switch Current Limit(Typ)(A)"; Value = "4.2"; VariantName = "[No Variations]"
Change component parameters (AddParameter): Name = "Synchronous Rectification"; Value = "TRUE"; VariantName = "[No Variations]"
Change component parameters (AddParameter): Name = "Topology"; Value = "Buck"; VariantName = "[No Variations]"
Change component parameters (AddParameter): Name = "Vin(Max)(V)"; Value = "17"; VariantName = "[No Variations]"
Change component parameters (AddParameter): Name = "Vin(Min)(V)"; Value = "3"; VariantName = "[No Variations]"
Change component parameters (AddParameter): Name = "Vout(Max)(V)"; Value = "5"; VariantName = "[No Variations]"
Change component parameters (AddParameter): Name = "Vout(Min)(V)"; Value = "5"; VariantName = "[No Variations]"
Added Component: Designator=R95(R0603B)
Add component (AddParameter): Name = "Contact Finish"; Value = ""; VariantName = "[No Variations]"
Add component (AddParameter): Name = "FIT"; Value = ""; VariantName = "[No Variations]"
Add component (AddParameter): Name = "Materials"; Value = ""; VariantName = "[No Variations]"
Add component (AddParameter): Name = "Max Operating Temperature"; Value = ""; VariantName = "[No Variations]"
Add component (AddParameter): Name = "MFR"; Value = ""; VariantName = "[No Variations]"
Add component (AddParameter): Name = "MFR PN"; Value = ""; VariantName = "[No Variations]"
Add component (AddParameter): Name = "Min Operating Temperature"; Value = ""; VariantName = "[No Variations]"
Add component (AddParameter): Name = "Mounting Technology"; Value = ""; VariantName = "[No Variations]"
Add component (AddParameter): Name = "Note"; Value = ""; VariantName = "[No Variations]"
Add component (AddParameter): Name = "Package"; Value = ""; VariantName = "[No Variations]"
Add component (AddParameter): Name = "Pins"; Value = ""; VariantName = "[No Variations]"
Add component (AddParameter): Name = "Power"; Value = ""; VariantName = "[No Variations]"
Add component (AddParameter): Name = "Rating"; Value = ""; VariantName = "[No Variations]"
Add component (AddParameter): Name = "RoHS Compliant"; Value = ""; VariantName = "[No Variations]"
Add component (AddParameter): Name = "Temperature Coefficient"; Value = ""; VariantName = "[No Variations]"
Add component (AddParameter): Name = "Tolerance"; Value = ""; VariantName = "[No Variations]"
Add component (AddParameter): Name = "Type"; Value = ""; VariantName = "[No Variations]"
Add component (AddParameter): Name = "Value"; Value = ""; VariantName = "[No Variations]"
Add component (AddParameter): Name = "Voltage Rating"; Value = ""; VariantName = "[No Variations]"
Add component (AddParameter): Name = "Weight"; Value = ""; VariantName = "[No Variations]"
Added Pin To Net: NetName=5V Pin=C62-1
Added Pin To Net: NetName=5V Pin=R54-1
Added Pin To Net: NetName=5V Pin=R58-1
Added Pin To Net: NetName=INT_3V3 Pin=R95-1
Added Pin To Net: NetName=RESETN Pin=R95-2
Added Pin To Net: NetName=GND Pin=U9-5
Added Pin To Net: NetName=5V Pin=U10-3
Added Pin To Net: NetName=5V Pin=U13-3
Added Member To Class: ClassName=MCU Member=Component R95 10k
