Removed Pin From Net: NetName=NetR60_1 Pin=T1-1
Removed Pin From Net: NetName=NetR63_2 Pin=T1-2
Removed Pin From Net: NetName=TX_CT Pin=T1-3
Removed Pin From Net: NetName=RX_CT Pin=T1-4
Removed Pin From Net: NetName=NetC27_2 Pin=T1-5
Removed Pin From Net: NetName=NetC28_2 Pin=T1-6
Removed Pin From Net: NetName=ETH_RX_N Pin=T1-7
Removed Pin From Net: NetName=ETH_RX_P Pin=T1-8
Removed Pin From Net: NetName=ETH_TX_N Pin=T1-11
Removed Pin From Net: NetName=ETH_TX_P Pin=T1-12
Added Pin To Net: NetName=GND Pin=SW2-2
Added Pin To Net: NetName=NetC27_2 Pin=T1-1
Added Pin To Net: NetName=NetC28_2 Pin=T1-2
Added Pin To Net: NetName=RX_CT Pin=T1-3
Added Pin To Net: NetName=TX_CT Pin=T1-4
Added Pin To Net: NetName=NetR60_1 Pin=T1-5
Added Pin To Net: NetName=NetR63_2 Pin=T1-6
Added Pin To Net: NetName=ETH_TX_N Pin=T1-7
Added Pin To Net: NetName=ETH_TX_P Pin=T1-8
Added Pin To Net: NetName=ETH_RX_N Pin=T1-11
Added Pin To Net: NetName=ETH_RX_P Pin=T1-12
Add Net: Net with name "CAN_INH" already exists
Add Differential Pair: Number of nets in differential pair NetC27_1 is 1 instead of 2
Add Differential Pair: Number of nets in differential pair NetC28_1 is 1 instead of 2
Add Differential Pair: Number of nets in differential pair NetR60_1 is 1 instead of 2
Add Differential Pair: Number of nets in differential pair NetR63_2 is 1 instead of 2
Added Member To Class: ClassName=MCU Member=Component C53 100n
Added Member To Class: ClassName=MCU Member=Component R85 10k
