Removed Pin From Net: NetName=3V3_OUT Pin=Q4-4
Removed Pin From Net: NetName=3V3_OUT Pin=R80-2
Removed Member From Class: ClassName=ETHERNET Member=R80
Change Component Footprint: Designator=Q4 Old Footprint=ONSC-SOT-363-6-419B-02_W_V New Footprint=DIOD-SOT323-3_V
Change Component Comment : Designator=Q4 Old Comment=NTJD4105CT1G/findCheaperALT New Comment=DMG1013UW-7
Change Managed Component Library Link : Designator=Q4 Old VaultGUID=B7D15EC3-160A-466F-A46C-7801FE6295A7 New VaultGUID=B7D15EC3-160A-466F-A46C-7801FE6295A7 Old ItemGUID=5BF7927A-5F14-45FB-B850-B6507C27193D New ItemGUID=323A064C-5ED1-4745-AFF8-A00B14BB63CF Old RevisionGUID=8CEED13B-1AC9-4E8D-9BB1-0A9D10DEB138 New RevisionGUID=5F61A8C0-40B1-4BB8-B0D4-7F8265A395CD
Change component parameters: Designator = "Q4" ("Q4"); Footprint = "ONSC-SOT-363-6-419B-02_W_V"; UniqueID = "\DZGVANAN\KEXWTEUY" ("\DZGVANAN\KEXWTEUY")
Change component parameters (AddParameter): Name = "Channel Type"; Value = "P-Channel"; VariantName = "[No Variations]"
Change component parameters (AddParameter): Name = "Datasheet URL"; Value = "http://www.diodes.com/_files/datasheets/ds31861.pdf"; VariantName = "[No Variations]"
Change component parameters (AddParameter): Name = "Datasheet Version"; Value = "Rev. 3-2, 09/2013"; VariantName = "[No Variations]"
Change component parameters (AddParameter): Name = "Drain-Source On Resistance-Max"; Value = "750mO"; VariantName = "[No Variations]"
Change component parameters (AddParameter): Name = "Drain-to-Source Voltage [Vdss]"; Value = "20V"; VariantName = "[No Variations]"
Change component parameters (AddParameter): Name = "Manufacturer"; Value = "Diodes Inc"; VariantName = "[No Variations]"
Change component parameters (AddParameter): Name = "Manufacturer URL"; Value = "http://www.diodes.com/"; VariantName = "[No Variations]"
Change component parameters (AddParameter): Name = "Mounting Technology"; Value = "SurfaceMount"; VariantName = "[No Variations]"
Change component parameters (AddParameter): Name = "Package Description"; Value = "3-Pin Small Outline Transistor, Body 2 x 1.25 mm, Pitch 0.65 mm"; VariantName = "[No Variations]"
Change component parameters (AddParameter): Name = "Package Reference"; Value = "SOT323"; VariantName = "[No Variations]"
Change component parameters (AddParameter): Name = "Qg Gate Charge"; Value = "0.622nC"; VariantName = "[No Variations]"
Change component parameters (AddParameter): Name = "Rated Power Dissipation"; Value = "310mW"; VariantName = "[No Variations]"
Added Pin To Net: NetName=INT_3V3 Pin=Q4-2
Added Pin To Net: NetName=NetQ4_1 Pin=R81-2
Added Pin To Net: NetName=INT_3V3 Pin=R82-2
Added Pin To Net: NetName=NetR81_1 Pin=R81-1
Added Pin To Net: NetName=NetR81_1 Pin=U12-24
Added Net: Name=NetR81_1
