Removed Pin From Net: NetName=ETH_TX_P Pin=P1-1
Removed Pin From Net: NetName=ETH_TX_N Pin=P1-2
Removed Pin From Net: NetName=ETH_RX_P Pin=P1-3
Removed Pin From Net: NetName=ETH_RX_N Pin=P1-4
Added Component: Designator=Q?(DIOD-SOT323-3_V)
Add component (AddParameter): Name = "Channel Type"; Value = "P-Channel"; VariantName = "[No Variations]"
Add component (AddParameter): Name = "Datasheet URL"; Value = "http://www.diodes.com/_files/datasheets/ds31861.pdf"; VariantName = "[No Variations]"
Add component (AddParameter): Name = "Datasheet Version"; Value = "Rev. 3-2, 09/2013"; VariantName = "[No Variations]"
Add component (AddParameter): Name = "Drain-Source On Resistance-Max"; Value = "750mO"; VariantName = "[No Variations]"
Add component (AddParameter): Name = "Drain-to-Source Voltage [Vdss]"; Value = "20V"; VariantName = "[No Variations]"
Add component (AddParameter): Name = "Manufacturer"; Value = "Diodes Inc"; VariantName = "[No Variations]"
Add component (AddParameter): Name = "Manufacturer URL"; Value = "http://www.diodes.com/"; VariantName = "[No Variations]"
Add component (AddParameter): Name = "Mounting Technology"; Value = "SurfaceMount"; VariantName = "[No Variations]"
Add component (AddParameter): Name = "Package Description"; Value = "3-Pin Small Outline Transistor, Body 2 x 1.25 mm, Pitch 0.65 mm"; VariantName = "[No Variations]"
Add component (AddParameter): Name = "Package Reference"; Value = "SOT323"; VariantName = "[No Variations]"
Add component (AddParameter): Name = "Qg Gate Charge"; Value = "0.622nC"; VariantName = "[No Variations]"
Add component (AddParameter): Name = "Rated Power Dissipation"; Value = "310mW"; VariantName = "[No Variations]"
Added Pin To Net: NetName=ETH_TX_N Pin=P1-1
Added Pin To Net: NetName=ETH_TX_P Pin=P1-2
Added Pin To Net: NetName=ETH_RX_N Pin=P1-3
Added Pin To Net: NetName=ETH_RX_P Pin=P1-4
Added Member To Class: ClassName=OC_PROT Member=Component Q? DMG1013UW-7
