Removed Member From Class: ClassName=SD Member=C15
Removed Member From Class: ClassName=HYDRA_V4_LINK Member=F1
Removed Member From Class: ClassName=OC_PROT Member=F2
Removed Member From Class: ClassName=SD Member=R36
Removed Member From Class: ClassName=SD Member=R37
Added Component: Designator=D1(TS4148RCG-Footprint-1)
Added Component: Designator=D2(TS4148RCG-Footprint-1)
Added Component: Designator=D3(WL-SBCD_0606)
Add component (AddParameter): Name = "Case/Package"; Value = ""; VariantName = "[No Variations]"
Add component (AddParameter): Name = "Component Type"; Value = "Standard"; VariantName = "[No Variations]"
Add component (AddParameter): Name = "Design Item ID"; Value = "CMP-004-00034-2"; VariantName = "[No Variations]"
Add component (AddParameter): Name = "Forward Current"; Value = ""; VariantName = "[No Variations]"
Add component (AddParameter): Name = "Forward Voltage"; Value = ""; VariantName = "[No Variations]"
Add component (AddParameter): Name = "Max Operating Temperature"; Value = ""; VariantName = "[No Variations]"
Add component (AddParameter): Name = "Max Surge Current"; Value = ""; VariantName = "[No Variations]"
Add component (AddParameter): Name = "Min Operating Temperature"; Value = ""; VariantName = "[No Variations]"
Add component (AddParameter): Name = "Mounting Technology"; Value = ""; VariantName = "[No Variations]"
Add component (AddParameter): Name = "Peak Inverse Voltage"; Value = ""; VariantName = "[No Variations]"
Add component (AddParameter): Name = "Pins"; Value = "4"; VariantName = "[No Variations]"
Add component (AddParameter): Name = "RoHS Compliant"; Value = ""; VariantName = "[No Variations]"
Add component (AddParameter): Name = "Source"; Value = "rgled.SchLib"; VariantName = "[No Variations]"
Added Component: Designator=Q4(SISH615ADN-T1-GE3-Footprint-1)
Added Component: Designator=Q5(SISH615ADN-T1-GE3-Footprint-1)
Added Component: Designator=Q6(SISH615ADN-T1-GE3-Footprint-1)
Added Component: Designator=Q7(SISH615ADN-T1-GE3-Footprint-1)
Add Pin To Net: Unknown Pin: Pin D1-A
Add Pin To Net: Unknown Pin: Pin D1-C
Add Pin To Net: Unknown Pin: Pin D2-A
Add Pin To Net: Unknown Pin: Pin D2-C
Added Pin To Net: NetName=PG_N Pin=D3-1
Added Pin To Net: NetName=NetD3_2 Pin=D3-2
Added Pin To Net: NetName=NetD3_3 Pin=D3-3
Added Pin To Net: NetName=CHG_N Pin=D3-4
Add Pin To Net: Unknown Pin: Pin Q4-1
Add Pin To Net: Unknown Pin: Pin Q4-2
Add Pin To Net: Unknown Pin: Pin Q4-3
Add Pin To Net: Unknown Pin: Pin Q4-4
Add Pin To Net: Unknown Pin: Pin Q4-5-6-7-8
Add Pin To Net: Unknown Pin: Pin Q5-1
Add Pin To Net: Unknown Pin: Pin Q5-2
Add Pin To Net: Unknown Pin: Pin Q5-3
Add Pin To Net: Unknown Pin: Pin Q5-4
Add Pin To Net: Unknown Pin: Pin Q5-5-6-7-8
Add Pin To Net: Unknown Pin: Pin Q6-1
Add Pin To Net: Unknown Pin: Pin Q6-2
Add Pin To Net: Unknown Pin: Pin Q6-3
Add Pin To Net: Unknown Pin: Pin Q6-4
Add Pin To Net: Unknown Pin: Pin Q6-5-6-7-8
Add Pin To Net: Unknown Pin: Pin Q7-1
Add Pin To Net: Unknown Pin: Pin Q7-2
Add Pin To Net: Unknown Pin: Pin Q7-3
Add Pin To Net: Unknown Pin: Pin Q7-4
Add Pin To Net: Unknown Pin: Pin Q7-5-6-7-8
Add Net: Net with name "BATT_TS" already exists
Add Net: Net with name "FAILOVER_UV_REF" already exists
Add Net: Net with name "HYDRA_5V_nEN" already exists
Add Net: Net with name "HYDRA_5V_REF" already exists
Add Class Member: Failed to add class member : Component D1 TS4148RCG
Add Class Member: Failed to add class member : Component D2 TS4148RCG
Added Member To Class: ClassName=UPS Member=Component D3 150066RG54050
Add Class Member: Failed to add class member : Component Q4 SISH615ADN-T1-GE3
Add Class Member: Failed to add class member : Component Q5 SISH615ADN-T1-GE3
Add Class Member: Failed to add class member : Component Q6 SISH615ADN-T1-GE3
Add Class Member: Failed to add class member : Component Q7 SISH615ADN-T1-GE3
