Removed Member From Class: ClassName=UPS Member=D7
Removed Member From Class: ClassName=UPS Member=D8
Removed Member From Class: ClassName=OC_PROT Member=R18
Removed Member From Class: ClassName=UPS Member=R41
Removed Member From Class: ClassName=UPS Member=R42
Removed Member From Class: ClassName=SD Member=R50
Removed Member From Class: ClassName=SD Member=R52
Removed Member From Class: ClassName=SD Member=R54
Removed Member From Class: ClassName=SD Member=R56
Removed Member From Class: ClassName=SD Member=R58
Removed Member From Class: ClassName=MCU Member=R70
Removed Member From Class: ClassName=MCU Member=R74
Removed Member From Class: ClassName=MCU Member=R80
Removed Member From Class: ClassName=MCU Member=R82
Change Footprint: Cannot match pads with new footprint in component :F1 Footprint:FP-0466-MFG
Change Footprint: Cannot match pads with new footprint in component :Q8 Footprint:DIOD-SOT323-3_V
Change Footprint: Cannot match pads with new footprint in component :Q9 Footprint:DIOD-SOT323-3_V
Change Component Comment : Designator=F1 Old Comment=0603SFS100F/32-2 New Comment=0466003.NR
Change Managed Component Library Link : Designator=F1 Old VaultGUID=B7D15EC3-160A-466F-A46C-7801FE6295A7 New VaultGUID=B7D15EC3-160A-466F-A46C-7801FE6295A7 Old ItemGUID=CC38D4DA-F25C-4EBD-83C7-4CFC0773D370 New ItemGUID=2CBF115F-0D6B-4830-BBD4-3DC09C7AA2C9 Old RevisionGUID=AA50F9B0-5085-4AEA-9CCF-3B6DF29A504A New RevisionGUID=BD8E016B-81F1-4609-AD43-47B644C0B530
Change component parameters: Designator = "F1" ("F1"); Footprint = "FP-0603SFS-MFG"; UniqueID = "\FRMFQJFA\CJQDMCRJ" ("\FRMFQJFA\CJQDMCRJ")
Change component parameters (AddParameter): Name = "Automotive"; Value = "No"; VariantName = "[No Variations]"
Change component parameters (AddParameter): Name = "Category"; Value = "Fuse"; VariantName = "[No Variations]"
Change component parameters (AddParameter): Name = "ComponentLink2Description"; Value = "Datasheet"; VariantName = "[No Variations]"
Change component parameters (AddParameter): Name = "ComponentLink2URL"; Value = "https://www.littelfuse.com/~/media/electronics/datasheets/fuses/littelfuse_fuse_466_datasheet.pdf.pdf"; VariantName = "[No Variations]"
Change component parameters (AddParameter): Name = "Device Class L1"; Value = "Circuit Protection"; VariantName = "[No Variations]"
Change component parameters (AddParameter): Name = "Device Class L2"; Value = "Fuses"; VariantName = "[No Variations]"
Change component parameters (AddParameter): Name = "Device Class L3"; Value = "unset"; VariantName = "[No Variations]"
Change component parameters (AddParameter): Name = "Digikey Description"; Value = "FUSE BOARD MNT 3A 32VAC/VDC 1206"; VariantName = "[No Variations]"
Change component parameters (AddParameter): Name = "Fuse Blow Speed"; Value = "Fast"; VariantName = "[No Variations]"
Change component parameters (AddParameter): Name = "Fuse Current"; Value = "3A"; VariantName = "[No Variations]"
Change component parameters (AddParameter): Name = "Fuse I2T"; Value = "0.576A2Sec"; VariantName = "[No Variations]"
Change component parameters (AddParameter): Name = "Fuse Interrupt Ac Current"; Value = "50A"; VariantName = "[No Variations]"
Change component parameters (AddParameter): Name = "Fuse Interrupt Dc Current"; Value = "50A"; VariantName = "[No Variations]"
Change component parameters (AddParameter): Name = "Fuse Voltage Drop"; Value = "75.99mV"; VariantName = "[No Variations]"
Change component parameters (AddParameter): Name = "Height"; Value = "0.66mm"; VariantName = "[No Variations]"
Change component parameters (AddParameter): Name = "Lead Free"; Value = "Yes"; VariantName = "[No Variations]"
Change component parameters (AddParameter): Name = "Manufacturer"; Value = "Littelfuse"; VariantName = "[No Variations]"
Change component parameters (AddParameter): Name = "Manufacturer Part Number"; Value = "0466003.NR"; VariantName = "[No Variations]"
Change component parameters (AddParameter): Name = "Max Fuse Ac Voltage"; Value = "32V"; VariantName = "[No Variations]"
Change component parameters (AddParameter): Name = "Max Fuse Dc Voltage"; Value = "32V"; VariantName = "[No Variations]"
Change component parameters (AddParameter): Name = "Mouser Description"; Value = "Surface Mount Fuses 32V 3A VFA Slimline"; VariantName = "[No Variations]"
Change component parameters (AddParameter): Name = "Octopart"; Value = "https://octopart.com/0466003.nr-littelfuse-565175"; VariantName = "[No Variations]"
Change component parameters (AddParameter): Name = "Package"; Value = "0466"; VariantName = "[No Variations]"
Change component parameters (AddParameter): Name = "Resistance"; Value = "0.019O"; VariantName = "[No Variations]"
Change component parameters (AddParameter): Name = "RoHS"; Value = "TRUE"; VariantName = "[No Variations]"
Change component parameters (AddParameter): Name = "Temperature"; Value = "-55°C to +90°C"; VariantName = "[No Variations]"
Change component parameters (AddParameter): Name = "Temperature Range High"; Value = "+90°C"; VariantName = "[No Variations]"
Change component parameters (AddParameter): Name = "Temperature Range Low"; Value = "-55°C"; VariantName = "[No Variations]"
Change component parameters (AddParameter): Name = "Value"; Value = "0.019O"; VariantName = "[No Variations]"
Change component parameters (AddParameter): Name = "Voltage Rating"; Value = "32V"; VariantName = "[No Variations]"
Added Member To Class: ClassName=UPS Member=Component C12 100n
Added Member To Class: ClassName=UPS Member=Component C13 100n
Added Member To Class: ClassName=UPS Member=Component D4 TS4148RCG
Added Member To Class: ClassName=UPS Member=Component D5 TS4148RCG
Added Member To Class: ClassName=RADIO Member=Component Q10 DMG1013UW-7
Added Member To Class: ClassName=MCU Member=Component Q11 DMG1013UW-7
Added Member To Class: ClassName=RFD_PWR_MGMT Member=Component Q13 SISH615ADN-T1-GE3
Added Member To Class: ClassName=RFD_PWR_MGMT Member=Component Q16 SISH615ADN-T1-GE3
Added Member To Class: ClassName=RFD_PWR_MGMT Member=Component Q17 SSM6N7002KFU,LF
Added Member To Class: ClassName=OC_PROT Member=Component R11 10k
Added Member To Class: ClassName=OC_PROT Member=Component R13 ERJ-6DSFR10V
Added Member To Class: ClassName=OC_PROT Member=Component R16 10k
Added Member To Class: ClassName=OC_PROT Member=Component R17 10k
Added Member To Class: ClassName=UPS Member=Component R18 1k
Added Member To Class: ClassName=UPS Member=Component R19 1k
Added Member To Class: ClassName=UPS Member=Component R20 1k
Added Member To Class: ClassName=UPS Member=Component R21 1k
Added Member To Class: ClassName=UPS Member=Component R22 10k
Added Member To Class: ClassName=UPS Member=Component R23 100k
Added Member To Class: ClassName=UPS Member=Component R24 100k
Added Member To Class: ClassName=UPS Member=Component R25 100k
Added Member To Class: ClassName=UPS Member=Component R28 180k
Added Member To Class: ClassName=UPS Member=Component R29 TBD
Added Member To Class: ClassName=UPS Member=Component R30 100k
Added Member To Class: ClassName=UPS Member=Component R31 100k
Added Member To Class: ClassName=UPS Member=Component R32 100k
Added Member To Class: ClassName=UPS Member=Component R33 100k
Added Member To Class: ClassName=UPS Member=Component R34 1k
Added Member To Class: ClassName=UPS Member=Component R35 1k
Added Member To Class: ClassName=UPS Member=Component R37 1k
Added Member To Class: ClassName=SD Member=Component R45 10k
Added Member To Class: ClassName=SD Member=Component R46 10k
Added Member To Class: ClassName=SD Member=Component R47 10k
Added Member To Class: ClassName=SD Member=Component R48 10k
Added Member To Class: ClassName=SD Member=Component R49 NOSTUFF
Added Member To Class: ClassName=MCU Member=Component R50 10k
Added Member To Class: ClassName=MCU Member=Component R51 120
Added Member To Class: ClassName=MCU Member=Component R52 56
Added Member To Class: ClassName=MCU Member=Component R53 120
Added Member To Class: ClassName=MCU Member=Component R54 1k
Added Member To Class: ClassName=MCU Member=Component R55 10k
Added Member To Class: ClassName=MCU Member=Component R57 100k
Added Member To Class: ClassName=MCU Member=Component R59 56
Added Member To Class: ClassName=MCU Member=Component R61 10k
Added Member To Class: ClassName=MCU Member=Component R62 10k
Added Member To Class: ClassName=MCU Member=Component R63 330
Added Member To Class: ClassName=MCU Member=Component R65 10k
Added Member To Class: ClassName=RFD_PWR_MGMT Member=Component R67 10k
Added Member To Class: ClassName=RFD_PWR_MGMT Member=Component R68 100k
Added Member To Class: ClassName=RFD_PWR_MGMT Member=Component R69 TBD
Added Member To Class: ClassName=RFD_PWR_MGMT Member=Component R70 10k
Added Member To Class: ClassName=RFD_PWR_MGMT Member=Component R71 1k
Added Member To Class: ClassName=RFD_PWR_MGMT Member=Component R72 100k
Added Member To Class: ClassName=RFD_PWR_MGMT Member=Component R73 100k
Added Member To Class: ClassName=RFD_PWR_MGMT Member=Component R75 100k
Added Member To Class: ClassName=RFD_PWR_MGMT Member=Component R76 100k
Added Member To Class: ClassName=RFD_PWR_MGMT Member=Component R77 1k
Added Member To Class: ClassName=RFD_PWR_MGMT Member=Component R79 1k
