Removed Pin From Net: NetName=VBAT_IN Pin=F2-1
Removed Pin From Net: NetName=VBAT Pin=F2-2
Removed Pin From Net: NetName=PYRO_PWR Pin=F3-1
Removed Pin From Net: NetName=RFD_PYRO_PWR Pin=F3-2
Removed Member From Class: ClassName=UPS Member=F2
Removed Member From Class: ClassName=AUX_RADIO_UPS Member=F3
Removed Member From Class: ClassName=ETHERNET Member=F?
Removed Member From Class: ClassName=ETHERNET Member=FB?
Removed Member From Class: ClassName=OC_PROT Member=R16
Removed Member From Class: ClassName=OC_PROT Member=R17
Removed Member From Class: ClassName=ETHERNET Member=T?
Removed Member From Class: ClassName=ETHERNET Member=Y?
Added Component: Designator=C?(FP-0402-L_1_0_0_05-W_0_5-IPC_A)
Add component (AddParameter): Name = "Capacitor Type"; Value = "Ceramic"; VariantName = "[No Variations]"
Add component (AddParameter): Name = "Case/Package"; Value = "0402"; VariantName = "[No Variations]"
Add component (AddParameter): Name = "Max Operating Temperature"; Value = "85°C"; VariantName = "[No Variations]"
Add component (AddParameter): Name = "Min Operating Temperature"; Value = "-55°C"; VariantName = "[No Variations]"
Add component (AddParameter): Name = "Mounting Technology"; Value = "Surface Mount"; VariantName = "[No Variations]"
Add component (AddParameter): Name = "Pins"; Value = "2"; VariantName = "[No Variations]"
Add component (AddParameter): Name = "RoHS Compliant"; Value = "Yes"; VariantName = "[No Variations]"
Add component (AddParameter): Name = "Tolerance"; Value = ""; VariantName = "[No Variations]"
Add component (AddParameter): Name = "Value"; Value = ""; VariantName = "[No Variations]"
Add component (AddParameter): Name = "Voltage Rating"; Value = ""; VariantName = "[No Variations]"
Added Component: Designator=C?(FP-0402-L_1_0_0_05-W_0_5-IPC_A)
Add component (AddParameter): Name = "Capacitor Type"; Value = "Ceramic"; VariantName = "[No Variations]"
Add component (AddParameter): Name = "Case/Package"; Value = "0402"; VariantName = "[No Variations]"
Add component (AddParameter): Name = "Max Operating Temperature"; Value = "85°C"; VariantName = "[No Variations]"
Add component (AddParameter): Name = "Min Operating Temperature"; Value = "-55°C"; VariantName = "[No Variations]"
Add component (AddParameter): Name = "Mounting Technology"; Value = "Surface Mount"; VariantName = "[No Variations]"
Add component (AddParameter): Name = "Pins"; Value = "2"; VariantName = "[No Variations]"
Add component (AddParameter): Name = "RoHS Compliant"; Value = "Yes"; VariantName = "[No Variations]"
Add component (AddParameter): Name = "Tolerance"; Value = ""; VariantName = "[No Variations]"
Add component (AddParameter): Name = "Value"; Value = ""; VariantName = "[No Variations]"
Add component (AddParameter): Name = "Voltage Rating"; Value = ""; VariantName = "[No Variations]"
Added Component: Designator=F?(FP-0466-MFG)
Add component (AddParameter): Name = "Automotive"; Value = "No"; VariantName = "[No Variations]"
Add component (AddParameter): Name = "Category"; Value = "Fuse"; VariantName = "[No Variations]"
Add component (AddParameter): Name = "ComponentLink2Description"; Value = "Datasheet"; VariantName = "[No Variations]"
Add component (AddParameter): Name = "ComponentLink2URL"; Value = "https://www.littelfuse.com/~/media/electronics/datasheets/fuses/littelfuse_fuse_466_datasheet.pdf.pdf"; VariantName = "[No Variations]"
Add component (AddParameter): Name = "Device Class L1"; Value = "Circuit Protection"; VariantName = "[No Variations]"
Add component (AddParameter): Name = "Device Class L2"; Value = "Fuses"; VariantName = "[No Variations]"
Add component (AddParameter): Name = "Device Class L3"; Value = "unset"; VariantName = "[No Variations]"
Add component (AddParameter): Name = "Digikey Description"; Value = "FUSE BOARD MNT 3A 32VAC/VDC 1206"; VariantName = "[No Variations]"
Add component (AddParameter): Name = "Fuse Blow Speed"; Value = "Fast"; VariantName = "[No Variations]"
Add component (AddParameter): Name = "Fuse Current"; Value = "3A"; VariantName = "[No Variations]"
Add component (AddParameter): Name = "Fuse I2T"; Value = "0.576A2Sec"; VariantName = "[No Variations]"
Add component (AddParameter): Name = "Fuse Interrupt Ac Current"; Value = "50A"; VariantName = "[No Variations]"
Add component (AddParameter): Name = "Fuse Interrupt Dc Current"; Value = "50A"; VariantName = "[No Variations]"
Add component (AddParameter): Name = "Fuse Voltage Drop"; Value = "75.99mV"; VariantName = "[No Variations]"
Add component (AddParameter): Name = "Height"; Value = "0.66mm"; VariantName = "[No Variations]"
Add component (AddParameter): Name = "Lead Free"; Value = "Yes"; VariantName = "[No Variations]"
Add component (AddParameter): Name = "Manufacturer"; Value = "Littelfuse"; VariantName = "[No Variations]"
Add component (AddParameter): Name = "Manufacturer Part Number"; Value = "0466003.NR"; VariantName = "[No Variations]"
Add component (AddParameter): Name = "Max Fuse Ac Voltage"; Value = "32V"; VariantName = "[No Variations]"
Add component (AddParameter): Name = "Max Fuse Dc Voltage"; Value = "32V"; VariantName = "[No Variations]"
Add component (AddParameter): Name = "Mouser Description"; Value = "Surface Mount Fuses 32V 3A VFA Slimline"; VariantName = "[No Variations]"
Add component (AddParameter): Name = "Octopart"; Value = "https://octopart.com/0466003.nr-littelfuse-565175"; VariantName = "[No Variations]"
Add component (AddParameter): Name = "Package"; Value = "0466"; VariantName = "[No Variations]"
Add component (AddParameter): Name = "Resistance"; Value = "0.019O"; VariantName = "[No Variations]"
Add component (AddParameter): Name = "RoHS"; Value = "TRUE"; VariantName = "[No Variations]"
Add component (AddParameter): Name = "Temperature"; Value = "-55°C to +90°C"; VariantName = "[No Variations]"
Add component (AddParameter): Name = "Temperature Range High"; Value = "+90°C"; VariantName = "[No Variations]"
Add component (AddParameter): Name = "Temperature Range Low"; Value = "-55°C"; VariantName = "[No Variations]"
Add component (AddParameter): Name = "Value"; Value = "0.019O"; VariantName = "[No Variations]"
Add component (AddParameter): Name = "Voltage Rating"; Value = "32V"; VariantName = "[No Variations]"
Added Component: Designator=F?(FP-0466-MFG)
Add component (AddParameter): Name = "Automotive"; Value = "No"; VariantName = "[No Variations]"
Add component (AddParameter): Name = "Category"; Value = "Fuse"; VariantName = "[No Variations]"
Add component (AddParameter): Name = "ComponentLink2Description"; Value = "Datasheet"; VariantName = "[No Variations]"
Add component (AddParameter): Name = "ComponentLink2URL"; Value = "https://www.littelfuse.com/~/media/electronics/datasheets/fuses/littelfuse_fuse_466_datasheet.pdf.pdf"; VariantName = "[No Variations]"
Add component (AddParameter): Name = "Device Class L1"; Value = "Circuit Protection"; VariantName = "[No Variations]"
Add component (AddParameter): Name = "Device Class L2"; Value = "Fuses"; VariantName = "[No Variations]"
Add component (AddParameter): Name = "Device Class L3"; Value = "unset"; VariantName = "[No Variations]"
Add component (AddParameter): Name = "Digikey Description"; Value = "FUSE BOARD MNT 3A 32VAC/VDC 1206"; VariantName = "[No Variations]"
Add component (AddParameter): Name = "Fuse Blow Speed"; Value = "Fast"; VariantName = "[No Variations]"
Add component (AddParameter): Name = "Fuse Current"; Value = "3A"; VariantName = "[No Variations]"
Add component (AddParameter): Name = "Fuse I2T"; Value = "0.576A2Sec"; VariantName = "[No Variations]"
Add component (AddParameter): Name = "Fuse Interrupt Ac Current"; Value = "50A"; VariantName = "[No Variations]"
Add component (AddParameter): Name = "Fuse Interrupt Dc Current"; Value = "50A"; VariantName = "[No Variations]"
Add component (AddParameter): Name = "Fuse Voltage Drop"; Value = "75.99mV"; VariantName = "[No Variations]"
Add component (AddParameter): Name = "Height"; Value = "0.66mm"; VariantName = "[No Variations]"
Add component (AddParameter): Name = "Lead Free"; Value = "Yes"; VariantName = "[No Variations]"
Add component (AddParameter): Name = "Manufacturer"; Value = "Littelfuse"; VariantName = "[No Variations]"
Add component (AddParameter): Name = "Manufacturer Part Number"; Value = "0466003.NR"; VariantName = "[No Variations]"
Add component (AddParameter): Name = "Max Fuse Ac Voltage"; Value = "32V"; VariantName = "[No Variations]"
Add component (AddParameter): Name = "Max Fuse Dc Voltage"; Value = "32V"; VariantName = "[No Variations]"
Add component (AddParameter): Name = "Mouser Description"; Value = "Surface Mount Fuses 32V 3A VFA Slimline"; VariantName = "[No Variations]"
Add component (AddParameter): Name = "Octopart"; Value = "https://octopart.com/0466003.nr-littelfuse-565175"; VariantName = "[No Variations]"
Add component (AddParameter): Name = "Package"; Value = "0466"; VariantName = "[No Variations]"
Add component (AddParameter): Name = "Resistance"; Value = "0.019O"; VariantName = "[No Variations]"
Add component (AddParameter): Name = "RoHS"; Value = "TRUE"; VariantName = "[No Variations]"
Add component (AddParameter): Name = "Temperature"; Value = "-55°C to +90°C"; VariantName = "[No Variations]"
Add component (AddParameter): Name = "Temperature Range High"; Value = "+90°C"; VariantName = "[No Variations]"
Add component (AddParameter): Name = "Temperature Range Low"; Value = "-55°C"; VariantName = "[No Variations]"
Add component (AddParameter): Name = "Value"; Value = "0.019O"; VariantName = "[No Variations]"
Add component (AddParameter): Name = "Voltage Rating"; Value = "32V"; VariantName = "[No Variations]"
Added Component: Designator=P?(53261-0671-Footprint-1)
Add component (AddParameter): Name = "Case/Package"; Value = ""; VariantName = "[No Variations]"
Add component (AddParameter): Name = "Connector Type"; Value = "BOARD CONNECTOR"; VariantName = "[No Variations]"
Add component (AddParameter): Name = "Gender"; Value = ""; VariantName = "[No Variations]"
Add component (AddParameter): Name = "Max Operating Temperature"; Value = "85°C"; VariantName = "[No Variations]"
Add component (AddParameter): Name = "Min Operating Temperature"; Value = "-40°C"; VariantName = "[No Variations]"
Add component (AddParameter): Name = "Mounting Technology"; Value = "Board"; VariantName = "[No Variations]"
Add component (AddParameter): Name = "Pins"; Value = ""; VariantName = "[No Variations]"
Add component (AddParameter): Name = "RoHS Compliant"; Value = "Yes"; VariantName = "[No Variations]"
Added Component: Designator=R?(R0603B)
Add component (AddParameter): Name = "Contact Finish"; Value = ""; VariantName = "[No Variations]"
Add component (AddParameter): Name = "FIT"; Value = ""; VariantName = "[No Variations]"
Add component (AddParameter): Name = "Materials"; Value = ""; VariantName = "[No Variations]"
Add component (AddParameter): Name = "Max Operating Temperature"; Value = ""; VariantName = "[No Variations]"
Add component (AddParameter): Name = "MFR"; Value = ""; VariantName = "[No Variations]"
Add component (AddParameter): Name = "MFR PN"; Value = ""; VariantName = "[No Variations]"
Add component (AddParameter): Name = "Min Operating Temperature"; Value = ""; VariantName = "[No Variations]"
Add component (AddParameter): Name = "Mounting Technology"; Value = ""; VariantName = "[No Variations]"
Add component (AddParameter): Name = "Note"; Value = ""; VariantName = "[No Variations]"
Add component (AddParameter): Name = "Package"; Value = ""; VariantName = "[No Variations]"
Add component (AddParameter): Name = "Pins"; Value = ""; VariantName = "[No Variations]"
Add component (AddParameter): Name = "Power"; Value = ""; VariantName = "[No Variations]"
Add component (AddParameter): Name = "Rating"; Value = ""; VariantName = "[No Variations]"
Add component (AddParameter): Name = "RoHS Compliant"; Value = ""; VariantName = "[No Variations]"
Add component (AddParameter): Name = "Temperature Coefficient"; Value = ""; VariantName = "[No Variations]"
Add component (AddParameter): Name = "Tolerance"; Value = ""; VariantName = "[No Variations]"
Add component (AddParameter): Name = "Type"; Value = ""; VariantName = "[No Variations]"
Add component (AddParameter): Name = "Value"; Value = ""; VariantName = "[No Variations]"
Add component (AddParameter): Name = "Voltage Rating"; Value = ""; VariantName = "[No Variations]"
Add component (AddParameter): Name = "Weight"; Value = ""; VariantName = "[No Variations]"
Added Component: Designator=R?(R0603B)
Add component (AddParameter): Name = "Contact Finish"; Value = ""; VariantName = "[No Variations]"
Add component (AddParameter): Name = "FIT"; Value = ""; VariantName = "[No Variations]"
Add component (AddParameter): Name = "Materials"; Value = ""; VariantName = "[No Variations]"
Add component (AddParameter): Name = "Max Operating Temperature"; Value = ""; VariantName = "[No Variations]"
Add component (AddParameter): Name = "MFR"; Value = ""; VariantName = "[No Variations]"
Add component (AddParameter): Name = "MFR PN"; Value = ""; VariantName = "[No Variations]"
Add component (AddParameter): Name = "Min Operating Temperature"; Value = ""; VariantName = "[No Variations]"
Add component (AddParameter): Name = "Mounting Technology"; Value = ""; VariantName = "[No Variations]"
Add component (AddParameter): Name = "Note"; Value = ""; VariantName = "[No Variations]"
Add component (AddParameter): Name = "Package"; Value = ""; VariantName = "[No Variations]"
Add component (AddParameter): Name = "Pins"; Value = ""; VariantName = "[No Variations]"
Add component (AddParameter): Name = "Power"; Value = ""; VariantName = "[No Variations]"
Add component (AddParameter): Name = "Rating"; Value = ""; VariantName = "[No Variations]"
Add component (AddParameter): Name = "RoHS Compliant"; Value = ""; VariantName = "[No Variations]"
Add component (AddParameter): Name = "Temperature Coefficient"; Value = ""; VariantName = "[No Variations]"
Add component (AddParameter): Name = "Tolerance"; Value = ""; VariantName = "[No Variations]"
Add component (AddParameter): Name = "Type"; Value = ""; VariantName = "[No Variations]"
Add component (AddParameter): Name = "Value"; Value = ""; VariantName = "[No Variations]"
Add component (AddParameter): Name = "Voltage Rating"; Value = ""; VariantName = "[No Variations]"
Add component (AddParameter): Name = "Weight"; Value = ""; VariantName = "[No Variations]"
Added Component: Designator=U?(ALEG-EX-12_V)
Add component (AddParameter): Name = "-3dB Bandwidth"; Value = "0.1 MHz"; VariantName = "[No Variations]"
Add component (AddParameter): Name = "ComponentLink1Description"; Value = "Manufacturer URL"; VariantName = "[No Variations]"
Add component (AddParameter): Name = "ComponentLink1URL"; Value = "http://www.allegromicro.com/"; VariantName = "[No Variations]"
Add component (AddParameter): Name = "ComponentLink2Description"; Value = "Datasheet"; VariantName = "[No Variations]"
Add component (AddParameter): Name = "ComponentLink2URL"; Value = "http://www.allegromicro.com/~/media/Files/Datasheets/ACS711-Datasheet.ashx?la=en"; VariantName = "[No Variations]"
Add component (AddParameter): Name = "ComponentLink3Description"; Value = "Package Specification"; VariantName = "[No Variations]"
Add component (AddParameter): Name = "ComponentLink3URL"; Value = "http://www.allegromicro.com/~/media/Files/Datasheets/ACS711-Datasheet.ashx?la=en"; VariantName = "[No Variations]"
Add component (AddParameter): Name = "DatasheetVersion"; Value = "Rev. 3"; VariantName = "[No Variations]"
Add component (AddParameter): Name = "IP Max"; Value = "15.5 A"; VariantName = "[No Variations]"
Add component (AddParameter): Name = "IP Min"; Value = "-15.5 A"; VariantName = "[No Variations]"
Add component (AddParameter): Name = "Mounting Technology"; Value = "Surface Mount"; VariantName = "[No Variations]"
Add component (AddParameter): Name = "PackageDescription"; Value = "12-Pin Quad Flat No-Lead, Body 3 x 3 mm, Height 0.8 mm"; VariantName = "[No Variations]"
Add component (AddParameter): Name = "Packing"; Value = "Tape and Reel"; VariantName = "[No Variations]"
Add component (AddParameter): Name = "PartNumber"; Value = "ACS711KEXLT-15AB-T"; VariantName = "[No Variations]"
Add component (AddParameter): Name = "RoHS"; Value = "TRUE"; VariantName = "[No Variations]"
Add component (AddParameter): Name = "Temperature Max"; Value = "125 degC"; VariantName = "[No Variations]"
Add component (AddParameter): Name = "Temperature Min"; Value = "-40 degC"; VariantName = "[No Variations]"
Add component (AddParameter): Name = "VCC Max"; Value = "5.5 V"; VariantName = "[No Variations]"
Add component (AddParameter): Name = "VCC Min"; Value = "3 V"; VariantName = "[No Variations]"
Added Component: Designator=U?(ALEG-EX-12_V)
Add component (AddParameter): Name = "-3dB Bandwidth"; Value = "0.1 MHz"; VariantName = "[No Variations]"
Add component (AddParameter): Name = "ComponentLink1Description"; Value = "Manufacturer URL"; VariantName = "[No Variations]"
Add component (AddParameter): Name = "ComponentLink1URL"; Value = "http://www.allegromicro.com/"; VariantName = "[No Variations]"
Add component (AddParameter): Name = "ComponentLink2Description"; Value = "Datasheet"; VariantName = "[No Variations]"
Add component (AddParameter): Name = "ComponentLink2URL"; Value = "http://www.allegromicro.com/~/media/Files/Datasheets/ACS711-Datasheet.ashx?la=en"; VariantName = "[No Variations]"
Add component (AddParameter): Name = "ComponentLink3Description"; Value = "Package Specification"; VariantName = "[No Variations]"
Add component (AddParameter): Name = "ComponentLink3URL"; Value = "http://www.allegromicro.com/~/media/Files/Datasheets/ACS711-Datasheet.ashx?la=en"; VariantName = "[No Variations]"
Add component (AddParameter): Name = "DatasheetVersion"; Value = "Rev. 3"; VariantName = "[No Variations]"
Add component (AddParameter): Name = "IP Max"; Value = "15.5 A"; VariantName = "[No Variations]"
Add component (AddParameter): Name = "IP Min"; Value = "-15.5 A"; VariantName = "[No Variations]"
Add component (AddParameter): Name = "Mounting Technology"; Value = "Surface Mount"; VariantName = "[No Variations]"
Add component (AddParameter): Name = "PackageDescription"; Value = "12-Pin Quad Flat No-Lead, Body 3 x 3 mm, Height 0.8 mm"; VariantName = "[No Variations]"
Add component (AddParameter): Name = "Packing"; Value = "Tape and Reel"; VariantName = "[No Variations]"
Add component (AddParameter): Name = "PartNumber"; Value = "ACS711KEXLT-15AB-T"; VariantName = "[No Variations]"
Add component (AddParameter): Name = "RoHS"; Value = "TRUE"; VariantName = "[No Variations]"
Add component (AddParameter): Name = "Temperature Max"; Value = "125 degC"; VariantName = "[No Variations]"
Add component (AddParameter): Name = "Temperature Min"; Value = "-40 degC"; VariantName = "[No Variations]"
Add component (AddParameter): Name = "VCC Max"; Value = "5.5 V"; VariantName = "[No Variations]"
Add component (AddParameter): Name = "VCC Min"; Value = "3 V"; VariantName = "[No Variations]"
Added Pin To Net: NetName=INT_3V3 Pin=C?-1
Added Pin To Net: NetName=INT_3V3 Pin=C?-1
Added Pin To Net: NetName=GND Pin=C?-2
Added Pin To Net: NetName=GND Pin=C?-2
Added Pin To Net: NetName=PYRO_PWR Pin=F?-1
Added Pin To Net: NetName=VBAT_IN Pin=F?-1
Added Pin To Net: NetName=GND Pin=R?-1
Added Pin To Net: NetName=RFD_PYRO_PWR Pin=U?-3
Added Pin To Net: NetName=VBAT Pin=U?-3
Added Pin To Net: NetName=RFD_PYRO_PWR Pin=U?-4
Added Pin To Net: NetName=VBAT Pin=U?-4
Added Pin To Net: NetName=GND Pin=U?-5
Added Pin To Net: NetName=GND Pin=U?-5
Added Pin To Net: NetName=nREG_FLT Pin=U?-6
Added Pin To Net: NetName=GND Pin=U?-7
Added Pin To Net: NetName=GND Pin=U?-7
Added Pin To Net: NetName=GND Pin=U?-8
Added Pin To Net: NetName=GND Pin=U?-8
Added Pin To Net: NetName=GND Pin=U?-9
Added Pin To Net: NetName=GND Pin=U?-9
Added Pin To Net: NetName=GND Pin=U?-10
Added Pin To Net: NetName=GND Pin=U?-10
Added Pin To Net: NetName=INT_3V3 Pin=U?-12
Added Pin To Net: NetName=INT_3V3 Pin=U?-12
Add Net: Net with name "BATT_TS" already exists
Add Net: Net with name "NetC?_1" already exists
Add Net: Net with name "NetC?_1" already exists
Add Net: Net with name "NetC?_1" already exists
Add Net: Net with name "NetC?_1" already exists
Add Net: Net with name "NetC?_1" already exists
Add Net: Net with name "NetC?_1" already exists
Add Net: Net with name "NetC?_1" already exists
Add Net: Net with name "NetC?_2" already exists
Added Pin To Net: NetName=NetF?_2 Pin=F?-2
Added Pin To Net: NetName=NetF?_2 Pin=R?-2
Added Pin To Net: NetName=NetF?_2 Pin=U?-1
Added Pin To Net: NetName=NetF?_2 Pin=U?-2
Added Net: Name=NetF?_2
Add Net: Net with name "NetF?_2" already exists
Add Net: Net with name "NetR?_1" already exists
Add Net: Net with name "NetR?_1" already exists
Add Net: Net with name "NetR?_1" already exists
Add Net: Net with name "NetR?_1" already exists
Add Net: Net with name "NetR?_1" already exists
Add Net: Net with name "NetR?_1" already exists
Add Net: Net with name "NetR?_1" already exists
Add Net: Net with name "NetR?_1" already exists
Add Net: Net with name "NetR?_1" already exists
Add Net: Net with name "NetR?_1" already exists
Add Net: Net with name "NetR?_1" already exists
Add Net: Net with name "NetR?_1" already exists
Add Net: Net with name "NetR?_1" already exists
Add Net: Net with name "NetR?_1" already exists
Added Pin To Net: NetName=NetU?_11 Pin=U?-11
Added Net: Name=NetU?_11
Add Net: Net with name "NetU?_11" already exists
Add Net: Net with name "nREG_FLT" already exists
Change Class Name : Old Net Name=ETHERNET New Net Name=OC_PROT
Change Class Name : Old Net Name=OC_PROT New Net Name=ETHERNET
Added Member To Class: ClassName=AUX_RADIO_UPS Member=Component C? 4TPE100MZB
Added Member To Class: ClassName=AUX_RADIO_UPS Member=Component C? GRM21BR61E226ME44L
Added Member To Class: ClassName=OC_PROT Member=Component C? 100n
Added Member To Class: ClassName=OC_PROT Member=Component C? 100n
Added Member To Class: ClassName=OC_PROT Member=Component C? TBD
Added Member To Class: ClassName=OC_PROT Member=Component C? 100n
Added Member To Class: ClassName=OC_PROT Member=Component C? 100n
Added Member To Class: ClassName=ETHERNET Member=Component C? 6.8n
Added Member To Class: ClassName=ETHERNET Member=Component C? 30p
Added Member To Class: ClassName=ETHERNET Member=Component C? 6.8n
Added Member To Class: ClassName=ETHERNET Member=Component C? 4.7u
Added Member To Class: ClassName=ETHERNET Member=Component C? 100n
Added Member To Class: ClassName=ETHERNET Member=Component C? 100n
Added Member To Class: ClassName=ETHERNET Member=Component C? 10n
Added Member To Class: ClassName=ETHERNET Member=Component C? 10n
Added Member To Class: ClassName=ETHERNET Member=Component C? 100n
Added Member To Class: ClassName=ETHERNET Member=Component C? 22n
Added Member To Class: ClassName=ETHERNET Member=Component C? 4.7n
Added Member To Class: ClassName=ETHERNET Member=Component C? 100n
Added Member To Class: ClassName=ETHERNET Member=Component C? 10u
Added Member To Class: ClassName=ETHERNET Member=Component C? 100n
Added Member To Class: ClassName=ETHERNET Member=Component C? 10u
Added Member To Class: ClassName=ETHERNET Member=Component C? 100n
Added Member To Class: ClassName=ETHERNET Member=Component C? 100n
Added Member To Class: ClassName=UPS Member=Component C? C0805C106K8PACTU
Added Member To Class: ClassName=OC_PROT Member=Component D? 150066RG54050
Added Member To Class: ClassName=AUX_RADIO_UPS Member=Component F? 0466003.NR
Added Member To Class: ClassName=ETHERNET Member=Component F? 0ZCM0010FF2G
Added Member To Class: ClassName=UPS Member=Component F? 0466003.NR
Added Member To Class: ClassName=ETHERNET Member=Component FB? BLM15AG121SN1D
Added Member To Class: ClassName=HYDRA_V4_LINK Member=Component P? 53261-0671
Added Member To Class: ClassName=OC_PROT Member=Component R16 10k
Added Member To Class: ClassName=OC_PROT Member=Component R17 10k
Added Member To Class: ClassName=AUX_RADIO_UPS Member=Component R? 10k
Added Member To Class: ClassName=AUX_RADIO_UPS Member=Component R? 0402 JUMPER
Added Member To Class: ClassName=AUX_RADIO_UPS Member=Component R? 62k
Added Member To Class: ClassName=AUX_RADIO_UPS Member=Component R? 100k
Added Member To Class: ClassName=AUX_RADIO_UPS Member=Component R? 1k
Added Member To Class: ClassName=AUX_RADIO_UPS Member=Component R? 100k
Added Member To Class: ClassName=AUX_RADIO_UPS Member=Component R? 24k
Added Member To Class: ClassName=AUX_RADIO_UPS Member=Component R? 0402 JUMPER
Added Member To Class: ClassName=AUX_RADIO_UPS Member=Component R? 0402 JUMPER
Added Member To Class: ClassName=AUX_RADIO_UPS Member=Component R? 330k
Added Member To Class: ClassName=AUX_RADIO_UPS Member=Component R? 10k
Added Member To Class: ClassName=OC_PROT Member=Component R? 680k
Added Member To Class: ClassName=OC_PROT Member=Component R? 1M
Added Member To Class: ClassName=OC_PROT Member=Component R? 68k
Added Member To Class: ClassName=OC_PROT Member=Component R? 10k
Added Member To Class: ClassName=OC_PROT Member=Component R? 1k
Added Member To Class: ClassName=OC_PROT Member=Component R? 1M
Added Member To Class: ClassName=OC_PROT Member=Component R? 68k
Added Member To Class: ClassName=OC_PROT Member=Component R? 680k
Added Member To Class: ClassName=OC_PROT Member=Component R? 110k
Added Member To Class: ClassName=OC_PROT Member=Component R? 330
Added Member To Class: ClassName=OC_PROT Member=Component R? 1k
Added Member To Class: ClassName=OC_PROT Member=Component R? 110k
Added Member To Class: ClassName=OC_PROT Member=Component R? 1k
Added Member To Class: ClassName=ETHERNET Member=Component R? 33
Added Member To Class: ClassName=ETHERNET Member=Component R? 33
Added Member To Class: ClassName=ETHERNET Member=Component R? 10 1%
Added Member To Class: ClassName=ETHERNET Member=Component R? 330
Added Member To Class: ClassName=ETHERNET Member=Component R? 10k
Added Member To Class: ClassName=ETHERNET Member=Component R? 150 1%
Added Member To Class: ClassName=ETHERNET Member=Component R? 75 1%
Added Member To Class: ClassName=ETHERNET Member=Component R? 33
Added Member To Class: ClassName=ETHERNET Member=Component R? 10k
Added Member To Class: ClassName=ETHERNET Member=Component R? 330
Added Member To Class: ClassName=ETHERNET Member=Component R? 49.9 1%
Added Member To Class: ClassName=ETHERNET Member=Component R? 49.9 1%
Added Member To Class: ClassName=ETHERNET Member=Component R? 49.9 1%
Added Member To Class: ClassName=ETHERNET Member=Component R? 12.4k 1%
Added Member To Class: ClassName=ETHERNET Member=Component R? 49.9 1%
Added Member To Class: ClassName=ETHERNET Member=Component R? 10k
Added Member To Class: ClassName=ETHERNET Member=Component R? 33
Added Member To Class: ClassName=ETHERNET Member=Component R? 150 1%
Added Member To Class: ClassName=UPS Member=Component R? 0402 JUMPER
Added Member To Class: ClassName=UPS Member=Component R? 10k
Added Member To Class: ClassName=UPS Member=Component R? 10k
Added Member To Class: ClassName=UPS Member=Component R? 1M
Added Member To Class: ClassName=UPS Member=Component R? 100k
Added Member To Class: ClassName=UPS Member=Component R? 100k
Added Member To Class: ClassName=UPS Member=Component R? 10k
Added Member To Class: ClassName=ETHERNET Member=Component T? ALANL100X1-DE12DT
Added Member To Class: ClassName=AUX_RADIO_UPS Member=Component U? LM66200DRLR
Added Member To Class: ClassName=AUX_RADIO_UPS Member=Component U? TPS62130RGTR
Added Member To Class: ClassName=OC_PROT Member=Component U? TPS16412DRCR
Added Member To Class: ClassName=ETHERNET Member=Component U? W5500
Added Member To Class: ClassName=UPS Member=Component U? LM66200DRLR
Added Member To Class: ClassName=ETHERNET Member=Component Y? ABM8G-25.000MHZ-18-D2Y-T
