Removed Pin From Net: NetName=NetR13_1 Pin=U12-8
Removed Pin From Net: NetName=NetR5_1 Pin=U12-9
Removed Pin From Net: NetName=NetR56_1 Pin=U12-10
Removed Pin From Net: NetName=NetR3_1 Pin=U12-11
Removed Pin From Net: NetName=NetR11_1 Pin=U12-13
Removed Pin From Net: NetName=NetU7_4 Pin=U12-14
Removed Pin From Net: NetName=NetR81_2 Pin=U12-17
Removed Pin From Net: NetName=NetU8_11 Pin=U12-24
Removed Pin From Net: NetName=NetR42_1 Pin=U12-25
Removed Pin From Net: NetName=NetU4_11 Pin=U12-38
Added Pin To Net: NetName=NetR5_1 Pin=U12-8
Added Pin To Net: NetName=NetR3_1 Pin=U12-9
Added Pin To Net: NetName=NetR13_1 Pin=U12-10
Added Pin To Net: NetName=NetR11_1 Pin=U12-11
Added Pin To Net: NetName=NetU4_11 Pin=U12-13
Added Pin To Net: NetName=NetU8_11 Pin=U12-14
Added Pin To Net: NetName=NetR42_1 Pin=U12-17
Added Pin To Net: NetName=NetR56_1 Pin=U12-25
Added Pin To Net: NetName=NetU12_24 Pin=U12-24
Added Net: Name=NetU12_24
Added Pin To Net: NetName=NetU12_38 Pin=U12-38
Added Net: Name=NetU12_38
