Removed Pin From Net: NetName=RFD_RX Pin=P1-1
Removed Pin From Net: NetName=RFD_TX Pin=P1-2
Removed Pin From Net: NetName=ETH_TX_N Pin=P1-3
Removed Pin From Net: NetName=ETH_TX_P Pin=P1-4
Removed Pin From Net: NetName=ETH_RX_N Pin=P1-5
Removed Pin From Net: NetName=ETH_RX_P Pin=P1-6
Removed Pin From Net: NetName=GND Pin=P1-S1
Removed Pin From Net: NetName=GND Pin=P1-S2
Removed Member From Class: ClassName=HYDRA_V4_LINK Member=P1
Added Component: Designator=J6(SM08B-GHS-TB(LF)(SN);--Footprint-1)
Add component (AddParameter): Name = "Case/Package"; Value = ""; VariantName = "[No Variations]"
Add component (AddParameter): Name = "Connector Type"; Value = ""; VariantName = "[No Variations]"
Add component (AddParameter): Name = "Gender"; Value = ""; VariantName = "[No Variations]"
Add component (AddParameter): Name = "Max Operating Temperature"; Value = ""; VariantName = "[No Variations]"
Add component (AddParameter): Name = "Min Operating Temperature"; Value = ""; VariantName = "[No Variations]"
Add component (AddParameter): Name = "Mounting Technology"; Value = ""; VariantName = "[No Variations]"
Add component (AddParameter): Name = "Pins"; Value = ""; VariantName = "[No Variations]"
Add component (AddParameter): Name = "RoHS Compliant"; Value = ""; VariantName = "[No Variations]"
Added Pin To Net: NetName=GND Pin=J6-1
Added Pin To Net: NetName=AUX_RADIO_PWR Pin=J6-2
Added Pin To Net: NetName=RFD_RX Pin=J6-3
Added Pin To Net: NetName=RFD_TX Pin=J6-4
Added Pin To Net: NetName=ETH_TX_N Pin=J6-5
Added Pin To Net: NetName=ETH_TX_P Pin=J6-6
Added Pin To Net: NetName=ETH_RX_N Pin=J6-7
Added Pin To Net: NetName=ETH_RX_P Pin=J6-8
Added Pin To Net: NetName=GND Pin=J6-9
Added Pin To Net: NetName=GND Pin=J6-10
Added Member To Class: ClassName=HYDRA_V4_LINK Member=Component J6 SM08B-GHS-TB(LF)(SN)
