Removed Pin From Net: NetName=VCC Pin=C13-1
Removed Pin From Net: NetName=VCC Pin=C46-1
Removed Pin From Net: NetName=3V3 Pin=Q9-5-6-7-8
Removed Pin From Net: NetName=GND Pin=Q10-1
Removed Pin From Net: NetName=GND Pin=Q10-4
Removed Pin From Net: NetName=GND Pin=R10-1
Removed Pin From Net: NetName=3V3_CUTOFF_MOSFET Pin=R10-2
Removed Pin From Net: NetName=3V3_POST_SHUNT Pin=R12-2
Removed Pin From Net: NetName=NetC4_1 Pin=R13-1
Removed Pin From Net: NetName=3V3_PRE_SHUNT Pin=R13-2
Removed Pin From Net: NetName=GND Pin=R14-1
Removed Pin From Net: NetName=BATT_nEN Pin=R21-1
Removed Pin From Net: NetName=NetQ6_1 Pin=R21-2
Removed Pin From Net: NetName=BATT_nEN Pin=R34-2
Removed Pin From Net: NetName=REG_5V_nEN Pin=R62-1
Removed Pin From Net: NetName=NetQ13_1 Pin=R62-2
Removed Pin From Net: NetName=HYDRA_5V_nEN Pin=R72-2
Removed Pin From Net: NetName=HYDRA_5V_REF Pin=R73-1
Removed Pin From Net: NetName=REG_5V_nEN Pin=R79-2
Removed Pin From Net: NetName=HYDRA_5V_nEN Pin=R80-1
Removed Pin From Net: NetName=VCC Pin=U6-6
Removed Pin From Net: NetName=VCC Pin=U13-6
Change Component Footprint: Designator=R15 Old Footprint=RESC1608X55X30NL20T20 New Footprint=R0603B
Change Component Footprint: Designator=R12 Old Footprint=RESC1609X55X30LL15T15 New Footprint=R0603B
Change Component Footprint: Designator=R14 Old Footprint=RESC1609X55X30LL15T15 New Footprint=R0603B
Change Footprint: Cannot match pads with new footprint in component :Q8 Footprint:DIOD-SOT323-3_V
Change Footprint: Cannot match pads with new footprint in component :Q9 Footprint:DIOD-SOT323-3_V
Change Component Comment : Designator=R14 Old Comment=ERJ3EKF1002V New Comment=10k
Change Component Comment : Designator=R12 Old Comment=ERJ3EKF1002V New Comment=100k
Change Component Comment : Designator=R15 Old Comment=RT0603BRD071ML New Comment=1M
Change Component Comment : Designator=Q9 Old Comment=SISH615ADN-T1-GE3 New Comment=BSS138W-7-F
Change Component Comment : Designator=Q8 Old Comment=SISH615ADN-T1-GE3 New Comment=DMG1013UW-7
Change Component Designator: OldDesignator=C11 NewDesignator=C12
Change Component Designator: OldDesignator=C12 NewDesignator=C13
Change Component Designator: OldDesignator=C13 NewDesignator=C14
Change Component Designator: OldDesignator=C14 NewDesignator=C11
Change Component Designator: OldDesignator=D4 NewDesignator=D7
Change Component Designator: OldDesignator=D5 NewDesignator=D8
Change Component Designator: OldDesignator=Q11 NewDesignator=Q10
Change Component Designator: OldDesignator=Q12 NewDesignator=Q11
Change Component Designator: OldDesignator=Q13 NewDesignator=Q12
Change Component Designator: OldDesignator=Q14 NewDesignator=Q13
Change Component Designator: OldDesignator=Q15 NewDesignator=Q14
Change Component Designator: OldDesignator=Q16 NewDesignator=Q15
Change Component Designator: OldDesignator=Q17 NewDesignator=Q16
Change Component Designator: OldDesignator=Q18 NewDesignator=Q17
Change Component Designator: OldDesignator=R11 NewDesignator=R13
Change Component Designator: OldDesignator=R16 NewDesignator=R18
Change Component Designator: OldDesignator=R17 NewDesignator=R19
Change Component Designator: OldDesignator=R18 NewDesignator=R20
Change Component Designator: OldDesignator=R19 NewDesignator=R21
Change Component Designator: OldDesignator=R20 NewDesignator=R22
Change Component Designator: OldDesignator=R22 NewDesignator=R27
Change Component Designator: OldDesignator=R23 NewDesignator=R28
Change Component Designator: OldDesignator=R24 NewDesignator=R29
Change Component Designator: OldDesignator=R25 NewDesignator=R31
Change Component Designator: OldDesignator=R27 NewDesignator=R34
Change Component Designator: OldDesignator=R28 NewDesignator=R35
Change Component Designator: OldDesignator=R29 NewDesignator=R36
Change Component Designator: OldDesignator=R30 NewDesignator=R37
Change Component Designator: OldDesignator=R31 NewDesignator=R38
Change Component Designator: OldDesignator=R32 NewDesignator=R39
Change Component Designator: OldDesignator=R33 NewDesignator=R40
Change Component Designator: OldDesignator=R36 NewDesignator=R41
Change Component Designator: OldDesignator=R37 NewDesignator=R42
Change Component Designator: OldDesignator=R38 NewDesignator=R43
Change Component Designator: OldDesignator=R39 NewDesignator=R44
Change Component Designator: OldDesignator=R40 NewDesignator=R45
Change Component Designator: OldDesignator=R41 NewDesignator=R46
Change Component Designator: OldDesignator=R42 NewDesignator=R47
Change Component Designator: OldDesignator=R43 NewDesignator=R48
Change Component Designator: OldDesignator=R44 NewDesignator=R49
Change Component Designator: OldDesignator=R45 NewDesignator=R50
Change Component Designator: OldDesignator=R46 NewDesignator=R51
Change Component Designator: OldDesignator=R47 NewDesignator=R52
Change Component Designator: OldDesignator=R48 NewDesignator=R53
Change Component Designator: OldDesignator=R49 NewDesignator=R54
Change Component Designator: OldDesignator=R50 NewDesignator=R55
Change Component Designator: OldDesignator=R51 NewDesignator=R56
Change Component Designator: OldDesignator=R52 NewDesignator=R57
Change Component Designator: OldDesignator=R53 NewDesignator=R58
Change Component Designator: OldDesignator=R54 NewDesignator=R59
Change Component Designator: OldDesignator=R55 NewDesignator=R60
Change Component Designator: OldDesignator=R56 NewDesignator=R61
Change Component Designator: OldDesignator=R57 NewDesignator=R62
Change Component Designator: OldDesignator=R58 NewDesignator=R63
Change Component Designator: OldDesignator=R59 NewDesignator=R64
Change Component Designator: OldDesignator=R60 NewDesignator=R65
Change Component Designator: OldDesignator=R61 NewDesignator=R66
Change Component Designator: OldDesignator=R63 NewDesignator=R67
Change Component Designator: OldDesignator=R64 NewDesignator=R68
Change Component Designator: OldDesignator=R65 NewDesignator=R70
Change Component Designator: OldDesignator=R66 NewDesignator=R69
Change Component Designator: OldDesignator=R67 NewDesignator=R71
Change Component Designator: OldDesignator=R68 NewDesignator=R72
Change Component Designator: OldDesignator=R69 NewDesignator=R74
Change Component Designator: OldDesignator=R70 NewDesignator=R73
Change Component Designator: OldDesignator=R71 NewDesignator=R75
Change Component Designator: OldDesignator=R72 NewDesignator=R77
Change Component Designator: OldDesignator=R73 NewDesignator=R78
Change Component Designator: OldDesignator=R74 NewDesignator=R79
Change Component Designator: OldDesignator=R75 NewDesignator=R80
Change Component Designator: OldDesignator=R76 NewDesignator=R81
Change Component Designator: OldDesignator=R77 NewDesignator=R82
Change Component Designator: OldDesignator=R78 NewDesignator=R83
Change Component Designator: OldDesignator=R79 NewDesignator=R84
Change Component Designator: OldDesignator=R80 NewDesignator=R85
Change Managed Component Library Link : Designator=Q8 Old VaultGUID=275DD9A0-BDD9-47D7-8C38-F690E90B05B9 New VaultGUID=B7D15EC3-160A-466F-A46C-7801FE6295A7 Old ItemGUID=2DDDBEF1-A1D0-4B77-AA71-E49AE3F8ADFC New ItemGUID=323A064C-5ED1-4745-AFF8-A00B14BB63CF Old RevisionGUID=bf817197-8292-4889-a7fa-3cd8e00386ef New RevisionGUID=5F61A8C0-40B1-4BB8-B0D4-7F8265A395CD
Change Managed Component Library Link : Designator=Q9 Old VaultGUID=275DD9A0-BDD9-47D7-8C38-F690E90B05B9 New VaultGUID=B7D15EC3-160A-466F-A46C-7801FE6295A7 Old ItemGUID=2DDDBEF1-A1D0-4B77-AA71-E49AE3F8ADFC New ItemGUID=E43B711F-9D7F-4DC2-83D0-FE0E0F62DFE0 Old RevisionGUID=bf817197-8292-4889-a7fa-3cd8e00386ef New RevisionGUID=8B061751-CCAB-4250-A299-40A33A9C12C5
Change Managed Component Library Link : Designator=R12 Old VaultGUID=B7D15EC3-160A-466F-A46C-7801FE6295A7 New VaultGUID=275DD9A0-BDD9-47D7-8C38-F690E90B05B9 Old ItemGUID=D6FF6A2E-237B-4D32-86D1-1B9665B5CB39 New ItemGUID=49d766e2-581c-4c96-aaa1-460fe4f68bd5 Old RevisionGUID=20C4B742-B9BD-484B-8674-15E5F2C7C3A3 New RevisionGUID=bfd2fe04-7109-4f6a-bd8a-b556a03fad7f
Change Managed Component Library Link : Designator=R14 Old VaultGUID=B7D15EC3-160A-466F-A46C-7801FE6295A7 New VaultGUID=275DD9A0-BDD9-47D7-8C38-F690E90B05B9 Old ItemGUID=D6FF6A2E-237B-4D32-86D1-1B9665B5CB39 New ItemGUID=49d766e2-581c-4c96-aaa1-460fe4f68bd5 Old RevisionGUID=20C4B742-B9BD-484B-8674-15E5F2C7C3A3 New RevisionGUID=bfd2fe04-7109-4f6a-bd8a-b556a03fad7f
Change Managed Component Library Link : Designator=R15 Old VaultGUID=B7D15EC3-160A-466F-A46C-7801FE6295A7 New VaultGUID=275DD9A0-BDD9-47D7-8C38-F690E90B05B9 Old ItemGUID=3D9AD78B-38A4-462A-9D3F-FA140A2E6317 New ItemGUID=49d766e2-581c-4c96-aaa1-460fe4f68bd5 Old RevisionGUID=C6400EA6-70DF-4A27-A87E-19469F537460 New RevisionGUID=bfd2fe04-7109-4f6a-bd8a-b556a03fad7f
Change component parameters: Designator = "Q8" ("Q8"); Footprint = "SISH615ADN-T1-GE3-Footprint-1"; UniqueID = "\LEKLIYFP\YJBLIZHZ" ("\LEKLIYFP\YJBLIZHZ")
Change component parameters (AddParameter): Name = "Channel Type"; Value = "P-Channel"; VariantName = "[No Variations]"
Change component parameters (AddParameter): Name = "Datasheet URL"; Value = "http://www.diodes.com/_files/datasheets/ds31861.pdf"; VariantName = "[No Variations]"
Change component parameters (AddParameter): Name = "Datasheet Version"; Value = "Rev. 3-2, 09/2013"; VariantName = "[No Variations]"
Change component parameters (AddParameter): Name = "Drain-Source On Resistance-Max"; Value = "750mO"; VariantName = "[No Variations]"
Change component parameters (AddParameter): Name = "Drain-to-Source Voltage [Vdss]"; Value = "20V"; VariantName = "[No Variations]"
Change component parameters (AddParameter): Name = "Manufacturer"; Value = "Diodes Inc"; VariantName = "[No Variations]"
Change component parameters (AddParameter): Name = "Manufacturer URL"; Value = "http://www.diodes.com/"; VariantName = "[No Variations]"
Change component parameters (AddParameter): Name = "Mounting Technology"; Value = "SurfaceMount"; VariantName = "[No Variations]"
Change component parameters (AddParameter): Name = "Package Description"; Value = "3-Pin Small Outline Transistor, Body 2 x 1.25 mm, Pitch 0.65 mm"; VariantName = "[No Variations]"
Change component parameters (AddParameter): Name = "Package Reference"; Value = "SOT323"; VariantName = "[No Variations]"
Change component parameters (AddParameter): Name = "Qg Gate Charge"; Value = "0.622nC"; VariantName = "[No Variations]"
Change component parameters (AddParameter): Name = "Rated Power Dissipation"; Value = "310mW"; VariantName = "[No Variations]"
Change component parameters: Designator = "Q9" ("Q9"); Footprint = "SISH615ADN-T1-GE3-Footprint-1"; UniqueID = "\LEKLIYFP\SEZRGPKG" ("\LEKLIYFP\SEZRGPKG")
Change component parameters (AddParameter): Name = "Brand"; Value = "DiodesIncorporated"; VariantName = "[No Variations]"
Change component parameters (AddParameter): Name = "Channel Mode"; Value = "Enhancement"; VariantName = "[No Variations]"
Change component parameters (AddParameter): Name = "Configuration"; Value = "Single"; VariantName = "[No Variations]"
Change component parameters (AddParameter): Name = "Datasheet URL"; Value = "http://www.diodes.com/_files/datasheets/ds30206.pdf"; VariantName = "[No Variations]"
Change component parameters (AddParameter): Name = "Datasheet Version"; Value = "Rev. 11-2, 09/2013"; VariantName = "[No Variations]"
Change component parameters (AddParameter): Name = "Factory Pack Quantity"; Value = "3000"; VariantName = "[No Variations]"
Change component parameters (AddParameter): Name = "Forward Transconductance - Min"; Value = "0.1S"; VariantName = "[No Variations]"
Change component parameters (AddParameter): Name = "Height"; Value = "1mm"; VariantName = "[No Variations]"
Change component parameters (AddParameter): Name = "Id - Continuous Drain Current"; Value = "200mA"; VariantName = "[No Variations]"
Change component parameters (AddParameter): Name = "Length"; Value = "2.2mm"; VariantName = "[No Variations]"
Change component parameters (AddParameter): Name = "Manufacturer"; Value = "DiodesIncorporated"; VariantName = "[No Variations]"
Change component parameters (AddParameter): Name = "Manufacturer URL"; Value = "http://www.diodes.com/"; VariantName = "[No Variations]"
Change component parameters (AddParameter): Name = "Maximum Operating Temperature"; Value = "+150C"; VariantName = "[No Variations]"
Change component parameters (AddParameter): Name = "Minimum Operating Temperature"; Value = "-55C"; VariantName = "[No Variations]"
Change component parameters (AddParameter): Name = "Mounting Style"; Value = "SMD/SMT"; VariantName = "[No Variations]"
Change component parameters (AddParameter): Name = "Mounting Technology"; Value = "SurfaceMount"; VariantName = "[No Variations]"
Change component parameters (AddParameter): Name = "Number of Channels"; Value = "1Channel"; VariantName = "[No Variations]"
Change component parameters (AddParameter): Name = "Package / Case"; Value = "SOT-323-3"; VariantName = "[No Variations]"
Change component parameters (AddParameter): Name = "Package Description"; Value = "3-Pin Small Outline Transistor, Body 2 x 1.25 mm, Pitch 0.65 mm"; VariantName = "[No Variations]"
Change component parameters (AddParameter): Name = "Package Reference"; Value = "SOT323"; VariantName = "[No Variations]"
Change component parameters (AddParameter): Name = "Packaging"; Value = "Reel"; VariantName = "[No Variations]"
Change component parameters (AddParameter): Name = "Pd - Power Dissipation"; Value = "200mW"; VariantName = "[No Variations]"
Change component parameters (AddParameter): Name = "Product"; Value = "MOSFETSmallSignal"; VariantName = "[No Variations]"
Change component parameters (AddParameter): Name = "Product Category"; Value = "MOSFET"; VariantName = "[No Variations]"
Change component parameters (AddParameter): Name = "Rds On - Drain-Source Resistance"; Value = "1.4Ohms"; VariantName = "[No Variations]"
Change component parameters (AddParameter): Name = "RoHS"; Value = "True"; VariantName = "[No Variations]"
Change component parameters (AddParameter): Name = "Series"; Value = "BSS138"; VariantName = "[No Variations]"
Change component parameters (AddParameter): Name = "Technology"; Value = "Si"; VariantName = "[No Variations]"
Change component parameters (AddParameter): Name = "Transistor Polarity"; Value = "N-Channel"; VariantName = "[No Variations]"
Change component parameters (AddParameter): Name = "Transistor Type"; Value = "1N-Channel"; VariantName = "[No Variations]"
Change component parameters (AddParameter): Name = "Type"; Value = "EnhancementModeFieldEffectTransistor"; VariantName = "[No Variations]"
Change component parameters (AddParameter): Name = "Typical Turn-Off Delay Time"; Value = "20ns"; VariantName = "[No Variations]"
Change component parameters (AddParameter): Name = "Typical Turn-On Delay Time"; Value = "20ns"; VariantName = "[No Variations]"
Change component parameters (AddParameter): Name = "Unit Weight"; Value = "0.000212oz"; VariantName = "[No Variations]"
Change component parameters (AddParameter): Name = "Vds - Drain-Source Breakdown Voltage"; Value = "75V"; VariantName = "[No Variations]"
Change component parameters (AddParameter): Name = "Vgs - Gate-Source Voltage"; Value = "20V"; VariantName = "[No Variations]"
Change component parameters (AddParameter): Name = "Width"; Value = "1.35mm"; VariantName = "[No Variations]"
Change component parameters: Designator = "R12" ("R12"); Footprint = "RESC1609X55X30LL15T15"; UniqueID = "\FRMFQJFA\NMVGAIAQ" ("\FRMFQJFA\NMVGAIAQ")
Change component parameters (AddParameter): Name = "Contact Finish"; Value = ""; VariantName = "[No Variations]"
Change component parameters (AddParameter): Name = "FIT"; Value = ""; VariantName = "[No Variations]"
Change component parameters (AddParameter): Name = "Materials"; Value = ""; VariantName = "[No Variations]"
Change component parameters (AddParameter): Name = "Max Operating Temperature"; Value = ""; VariantName = "[No Variations]"
Change component parameters (AddParameter): Name = "MFR"; Value = ""; VariantName = "[No Variations]"
Change component parameters (AddParameter): Name = "MFR PN"; Value = ""; VariantName = "[No Variations]"
Change component parameters (AddParameter): Name = "Min Operating Temperature"; Value = ""; VariantName = "[No Variations]"
Change component parameters (AddParameter): Name = "Mounting Technology"; Value = ""; VariantName = "[No Variations]"
Change component parameters (AddParameter): Name = "Note"; Value = ""; VariantName = "[No Variations]"
Change component parameters (AddParameter): Name = "Package"; Value = ""; VariantName = "[No Variations]"
Change component parameters (AddParameter): Name = "Pins"; Value = ""; VariantName = "[No Variations]"
Change component parameters (AddParameter): Name = "Power"; Value = ""; VariantName = "[No Variations]"
Change component parameters (AddParameter): Name = "Rating"; Value = ""; VariantName = "[No Variations]"
Change component parameters (AddParameter): Name = "RoHS Compliant"; Value = ""; VariantName = "[No Variations]"
Change component parameters (AddParameter): Name = "Temperature Coefficient"; Value = ""; VariantName = "[No Variations]"
Change component parameters (AddParameter): Name = "Tolerance"; Value = ""; VariantName = "[No Variations]"
Change component parameters (AddParameter): Name = "Type"; Value = ""; VariantName = "[No Variations]"
Change component parameters (AddParameter): Name = "Value"; Value = ""; VariantName = "[No Variations]"
Change component parameters (AddParameter): Name = "Voltage Rating"; Value = ""; VariantName = "[No Variations]"
Change component parameters (AddParameter): Name = "Weight"; Value = ""; VariantName = "[No Variations]"
Change component parameters: Designator = "R14" ("R14"); Footprint = "RESC1609X55X30LL15T15"; UniqueID = "\FRMFQJFA\DIFCDZTM" ("\FRMFQJFA\DIFCDZTM")
Change component parameters (AddParameter): Name = "Contact Finish"; Value = ""; VariantName = "[No Variations]"
Change component parameters (AddParameter): Name = "FIT"; Value = ""; VariantName = "[No Variations]"
Change component parameters (AddParameter): Name = "Materials"; Value = ""; VariantName = "[No Variations]"
Change component parameters (AddParameter): Name = "Max Operating Temperature"; Value = ""; VariantName = "[No Variations]"
Change component parameters (AddParameter): Name = "MFR"; Value = ""; VariantName = "[No Variations]"
Change component parameters (AddParameter): Name = "MFR PN"; Value = ""; VariantName = "[No Variations]"
Change component parameters (AddParameter): Name = "Min Operating Temperature"; Value = ""; VariantName = "[No Variations]"
Change component parameters (AddParameter): Name = "Mounting Technology"; Value = ""; VariantName = "[No Variations]"
Change component parameters (AddParameter): Name = "Note"; Value = ""; VariantName = "[No Variations]"
Change component parameters (AddParameter): Name = "Package"; Value = ""; VariantName = "[No Variations]"
Change component parameters (AddParameter): Name = "Pins"; Value = ""; VariantName = "[No Variations]"
Change component parameters (AddParameter): Name = "Power"; Value = ""; VariantName = "[No Variations]"
Change component parameters (AddParameter): Name = "Rating"; Value = ""; VariantName = "[No Variations]"
Change component parameters (AddParameter): Name = "RoHS Compliant"; Value = ""; VariantName = "[No Variations]"
Change component parameters (AddParameter): Name = "Temperature Coefficient"; Value = ""; VariantName = "[No Variations]"
Change component parameters (AddParameter): Name = "Tolerance"; Value = ""; VariantName = "[No Variations]"
Change component parameters (AddParameter): Name = "Type"; Value = ""; VariantName = "[No Variations]"
Change component parameters (AddParameter): Name = "Value"; Value = ""; VariantName = "[No Variations]"
Change component parameters (AddParameter): Name = "Voltage Rating"; Value = ""; VariantName = "[No Variations]"
Change component parameters (AddParameter): Name = "Weight"; Value = ""; VariantName = "[No Variations]"
Change component parameters: Designator = "R15" ("R15"); Footprint = "RESC1608X55X30NL20T20"; UniqueID = "\FRMFQJFA\QJTKVPRJ" ("\FRMFQJFA\QJTKVPRJ")
Change component parameters (AddParameter): Name = "Contact Finish"; Value = ""; VariantName = "[No Variations]"
Change component parameters (AddParameter): Name = "FIT"; Value = ""; VariantName = "[No Variations]"
Change component parameters (AddParameter): Name = "Materials"; Value = ""; VariantName = "[No Variations]"
Change component parameters (AddParameter): Name = "Max Operating Temperature"; Value = ""; VariantName = "[No Variations]"
Change component parameters (AddParameter): Name = "MFR"; Value = ""; VariantName = "[No Variations]"
Change component parameters (AddParameter): Name = "MFR PN"; Value = ""; VariantName = "[No Variations]"
Change component parameters (AddParameter): Name = "Min Operating Temperature"; Value = ""; VariantName = "[No Variations]"
Change component parameters (AddParameter): Name = "Mounting Technology"; Value = ""; VariantName = "[No Variations]"
Change component parameters (AddParameter): Name = "Note"; Value = ""; VariantName = "[No Variations]"
Change component parameters (AddParameter): Name = "Package"; Value = ""; VariantName = "[No Variations]"
Change component parameters (AddParameter): Name = "Pins"; Value = ""; VariantName = "[No Variations]"
Change component parameters (AddParameter): Name = "Power"; Value = ""; VariantName = "[No Variations]"
Change component parameters (AddParameter): Name = "Rating"; Value = ""; VariantName = "[No Variations]"
Change component parameters (AddParameter): Name = "RoHS Compliant"; Value = ""; VariantName = "[No Variations]"
Change component parameters (AddParameter): Name = "Temperature Coefficient"; Value = ""; VariantName = "[No Variations]"
Change component parameters (AddParameter): Name = "Tolerance"; Value = ""; VariantName = "[No Variations]"
Change component parameters (AddParameter): Name = "Type"; Value = ""; VariantName = "[No Variations]"
Change component parameters (AddParameter): Name = "Value"; Value = ""; VariantName = "[No Variations]"
Change component parameters (AddParameter): Name = "Voltage Rating"; Value = ""; VariantName = "[No Variations]"
Change component parameters (AddParameter): Name = "Weight"; Value = ""; VariantName = "[No Variations]"
Added Component: Designator=D1(TS4148RCG-Footprint-1)
Added Component: Designator=D2(TS4148RCG-Footprint-1)
Added Component: Designator=D4(TS4148RCG-Footprint-1)
Added Component: Designator=D5(TS4148RCG-Footprint-1)
Added Component: Designator=D6(TS4148RCG-Footprint-1)
Added Component: Designator=D9(TS4148RCG-Footprint-1)
Added Component: Designator=D10(TS4148RCG-Footprint-1)
Added Component: Designator=R11(RESC1609X55X30LL15T15)
Added Component: Designator=R16(R0603B)
Add component (AddParameter): Name = "Contact Finish"; Value = ""; VariantName = "[No Variations]"
Add component (AddParameter): Name = "FIT"; Value = ""; VariantName = "[No Variations]"
Add component (AddParameter): Name = "Materials"; Value = ""; VariantName = "[No Variations]"
Add component (AddParameter): Name = "Max Operating Temperature"; Value = ""; VariantName = "[No Variations]"
Add component (AddParameter): Name = "MFR"; Value = ""; VariantName = "[No Variations]"
Add component (AddParameter): Name = "MFR PN"; Value = ""; VariantName = "[No Variations]"
Add component (AddParameter): Name = "Min Operating Temperature"; Value = ""; VariantName = "[No Variations]"
Add component (AddParameter): Name = "Mounting Technology"; Value = ""; VariantName = "[No Variations]"
Add component (AddParameter): Name = "Note"; Value = ""; VariantName = "[No Variations]"
Add component (AddParameter): Name = "Package"; Value = ""; VariantName = "[No Variations]"
Add component (AddParameter): Name = "Pins"; Value = ""; VariantName = "[No Variations]"
Add component (AddParameter): Name = "Power"; Value = ""; VariantName = "[No Variations]"
Add component (AddParameter): Name = "Rating"; Value = ""; VariantName = "[No Variations]"
Add component (AddParameter): Name = "RoHS Compliant"; Value = ""; VariantName = "[No Variations]"
Add component (AddParameter): Name = "Temperature Coefficient"; Value = ""; VariantName = "[No Variations]"
Add component (AddParameter): Name = "Tolerance"; Value = ""; VariantName = "[No Variations]"
Add component (AddParameter): Name = "Type"; Value = ""; VariantName = "[No Variations]"
Add component (AddParameter): Name = "Value"; Value = ""; VariantName = "[No Variations]"
Add component (AddParameter): Name = "Voltage Rating"; Value = ""; VariantName = "[No Variations]"
Add component (AddParameter): Name = "Weight"; Value = ""; VariantName = "[No Variations]"
Added Component: Designator=R17(R0603B)
Add component (AddParameter): Name = "Contact Finish"; Value = ""; VariantName = "[No Variations]"
Add component (AddParameter): Name = "FIT"; Value = ""; VariantName = "[No Variations]"
Add component (AddParameter): Name = "Materials"; Value = ""; VariantName = "[No Variations]"
Add component (AddParameter): Name = "Max Operating Temperature"; Value = ""; VariantName = "[No Variations]"
Add component (AddParameter): Name = "MFR"; Value = ""; VariantName = "[No Variations]"
Add component (AddParameter): Name = "MFR PN"; Value = ""; VariantName = "[No Variations]"
Add component (AddParameter): Name = "Min Operating Temperature"; Value = ""; VariantName = "[No Variations]"
Add component (AddParameter): Name = "Mounting Technology"; Value = ""; VariantName = "[No Variations]"
Add component (AddParameter): Name = "Note"; Value = ""; VariantName = "[No Variations]"
Add component (AddParameter): Name = "Package"; Value = ""; VariantName = "[No Variations]"
Add component (AddParameter): Name = "Pins"; Value = ""; VariantName = "[No Variations]"
Add component (AddParameter): Name = "Power"; Value = ""; VariantName = "[No Variations]"
Add component (AddParameter): Name = "Rating"; Value = ""; VariantName = "[No Variations]"
Add component (AddParameter): Name = "RoHS Compliant"; Value = ""; VariantName = "[No Variations]"
Add component (AddParameter): Name = "Temperature Coefficient"; Value = ""; VariantName = "[No Variations]"
Add component (AddParameter): Name = "Tolerance"; Value = ""; VariantName = "[No Variations]"
Add component (AddParameter): Name = "Type"; Value = ""; VariantName = "[No Variations]"
Add component (AddParameter): Name = "Value"; Value = ""; VariantName = "[No Variations]"
Add component (AddParameter): Name = "Voltage Rating"; Value = ""; VariantName = "[No Variations]"
Add component (AddParameter): Name = "Weight"; Value = ""; VariantName = "[No Variations]"
Added Component: Designator=R23(R0603B)
Add component (AddParameter): Name = "Contact Finish"; Value = ""; VariantName = "[No Variations]"
Add component (AddParameter): Name = "FIT"; Value = ""; VariantName = "[No Variations]"
Add component (AddParameter): Name = "Materials"; Value = ""; VariantName = "[No Variations]"
Add component (AddParameter): Name = "Max Operating Temperature"; Value = ""; VariantName = "[No Variations]"
Add component (AddParameter): Name = "MFR"; Value = ""; VariantName = "[No Variations]"
Add component (AddParameter): Name = "MFR PN"; Value = ""; VariantName = "[No Variations]"
Add component (AddParameter): Name = "Min Operating Temperature"; Value = ""; VariantName = "[No Variations]"
Add component (AddParameter): Name = "Mounting Technology"; Value = ""; VariantName = "[No Variations]"
Add component (AddParameter): Name = "Note"; Value = ""; VariantName = "[No Variations]"
Add component (AddParameter): Name = "Package"; Value = ""; VariantName = "[No Variations]"
Add component (AddParameter): Name = "Pins"; Value = ""; VariantName = "[No Variations]"
Add component (AddParameter): Name = "Power"; Value = ""; VariantName = "[No Variations]"
Add component (AddParameter): Name = "Rating"; Value = ""; VariantName = "[No Variations]"
Add component (AddParameter): Name = "RoHS Compliant"; Value = ""; VariantName = "[No Variations]"
Add component (AddParameter): Name = "Temperature Coefficient"; Value = ""; VariantName = "[No Variations]"
Add component (AddParameter): Name = "Tolerance"; Value = ""; VariantName = "[No Variations]"
Add component (AddParameter): Name = "Type"; Value = ""; VariantName = "[No Variations]"
Add component (AddParameter): Name = "Value"; Value = ""; VariantName = "[No Variations]"
Add component (AddParameter): Name = "Voltage Rating"; Value = ""; VariantName = "[No Variations]"
Add component (AddParameter): Name = "Weight"; Value = ""; VariantName = "[No Variations]"
Added Component: Designator=R24(R0603B)
Add component (AddParameter): Name = "Contact Finish"; Value = ""; VariantName = "[No Variations]"
Add component (AddParameter): Name = "FIT"; Value = ""; VariantName = "[No Variations]"
Add component (AddParameter): Name = "Materials"; Value = ""; VariantName = "[No Variations]"
Add component (AddParameter): Name = "Max Operating Temperature"; Value = ""; VariantName = "[No Variations]"
Add component (AddParameter): Name = "MFR"; Value = ""; VariantName = "[No Variations]"
Add component (AddParameter): Name = "MFR PN"; Value = ""; VariantName = "[No Variations]"
Add component (AddParameter): Name = "Min Operating Temperature"; Value = ""; VariantName = "[No Variations]"
Add component (AddParameter): Name = "Mounting Technology"; Value = ""; VariantName = "[No Variations]"
Add component (AddParameter): Name = "Note"; Value = ""; VariantName = "[No Variations]"
Add component (AddParameter): Name = "Package"; Value = ""; VariantName = "[No Variations]"
Add component (AddParameter): Name = "Pins"; Value = ""; VariantName = "[No Variations]"
Add component (AddParameter): Name = "Power"; Value = ""; VariantName = "[No Variations]"
Add component (AddParameter): Name = "Rating"; Value = ""; VariantName = "[No Variations]"
Add component (AddParameter): Name = "RoHS Compliant"; Value = ""; VariantName = "[No Variations]"
Add component (AddParameter): Name = "Temperature Coefficient"; Value = ""; VariantName = "[No Variations]"
Add component (AddParameter): Name = "Tolerance"; Value = ""; VariantName = "[No Variations]"
Add component (AddParameter): Name = "Type"; Value = ""; VariantName = "[No Variations]"
Add component (AddParameter): Name = "Value"; Value = ""; VariantName = "[No Variations]"
Add component (AddParameter): Name = "Voltage Rating"; Value = ""; VariantName = "[No Variations]"
Add component (AddParameter): Name = "Weight"; Value = ""; VariantName = "[No Variations]"
Added Component: Designator=R25(R0603B)
Add component (AddParameter): Name = "Contact Finish"; Value = ""; VariantName = "[No Variations]"
Add component (AddParameter): Name = "FIT"; Value = ""; VariantName = "[No Variations]"
Add component (AddParameter): Name = "Materials"; Value = ""; VariantName = "[No Variations]"
Add component (AddParameter): Name = "Max Operating Temperature"; Value = ""; VariantName = "[No Variations]"
Add component (AddParameter): Name = "MFR"; Value = ""; VariantName = "[No Variations]"
Add component (AddParameter): Name = "MFR PN"; Value = ""; VariantName = "[No Variations]"
Add component (AddParameter): Name = "Min Operating Temperature"; Value = ""; VariantName = "[No Variations]"
Add component (AddParameter): Name = "Mounting Technology"; Value = ""; VariantName = "[No Variations]"
Add component (AddParameter): Name = "Note"; Value = ""; VariantName = "[No Variations]"
Add component (AddParameter): Name = "Package"; Value = ""; VariantName = "[No Variations]"
Add component (AddParameter): Name = "Pins"; Value = ""; VariantName = "[No Variations]"
Add component (AddParameter): Name = "Power"; Value = ""; VariantName = "[No Variations]"
Add component (AddParameter): Name = "Rating"; Value = ""; VariantName = "[No Variations]"
Add component (AddParameter): Name = "RoHS Compliant"; Value = ""; VariantName = "[No Variations]"
Add component (AddParameter): Name = "Temperature Coefficient"; Value = ""; VariantName = "[No Variations]"
Add component (AddParameter): Name = "Tolerance"; Value = ""; VariantName = "[No Variations]"
Add component (AddParameter): Name = "Type"; Value = ""; VariantName = "[No Variations]"
Add component (AddParameter): Name = "Value"; Value = ""; VariantName = "[No Variations]"
Add component (AddParameter): Name = "Voltage Rating"; Value = ""; VariantName = "[No Variations]"
Add component (AddParameter): Name = "Weight"; Value = ""; VariantName = "[No Variations]"
Added Component: Designator=R30(R0603B)
Add component (AddParameter): Name = "Contact Finish"; Value = ""; VariantName = "[No Variations]"
Add component (AddParameter): Name = "FIT"; Value = ""; VariantName = "[No Variations]"
Add component (AddParameter): Name = "Materials"; Value = ""; VariantName = "[No Variations]"
Add component (AddParameter): Name = "Max Operating Temperature"; Value = ""; VariantName = "[No Variations]"
Add component (AddParameter): Name = "MFR"; Value = ""; VariantName = "[No Variations]"
Add component (AddParameter): Name = "MFR PN"; Value = ""; VariantName = "[No Variations]"
Add component (AddParameter): Name = "Min Operating Temperature"; Value = ""; VariantName = "[No Variations]"
Add component (AddParameter): Name = "Mounting Technology"; Value = ""; VariantName = "[No Variations]"
Add component (AddParameter): Name = "Note"; Value = ""; VariantName = "[No Variations]"
Add component (AddParameter): Name = "Package"; Value = ""; VariantName = "[No Variations]"
Add component (AddParameter): Name = "Pins"; Value = ""; VariantName = "[No Variations]"
Add component (AddParameter): Name = "Power"; Value = ""; VariantName = "[No Variations]"
Add component (AddParameter): Name = "Rating"; Value = ""; VariantName = "[No Variations]"
Add component (AddParameter): Name = "RoHS Compliant"; Value = ""; VariantName = "[No Variations]"
Add component (AddParameter): Name = "Temperature Coefficient"; Value = ""; VariantName = "[No Variations]"
Add component (AddParameter): Name = "Tolerance"; Value = ""; VariantName = "[No Variations]"
Add component (AddParameter): Name = "Type"; Value = ""; VariantName = "[No Variations]"
Add component (AddParameter): Name = "Value"; Value = ""; VariantName = "[No Variations]"
Add component (AddParameter): Name = "Voltage Rating"; Value = ""; VariantName = "[No Variations]"
Add component (AddParameter): Name = "Weight"; Value = ""; VariantName = "[No Variations]"
Added Component: Designator=R32(R0603B)
Add component (AddParameter): Name = "Contact Finish"; Value = ""; VariantName = "[No Variations]"
Add component (AddParameter): Name = "FIT"; Value = ""; VariantName = "[No Variations]"
Add component (AddParameter): Name = "Materials"; Value = ""; VariantName = "[No Variations]"
Add component (AddParameter): Name = "Max Operating Temperature"; Value = ""; VariantName = "[No Variations]"
Add component (AddParameter): Name = "MFR"; Value = ""; VariantName = "[No Variations]"
Add component (AddParameter): Name = "MFR PN"; Value = ""; VariantName = "[No Variations]"
Add component (AddParameter): Name = "Min Operating Temperature"; Value = ""; VariantName = "[No Variations]"
Add component (AddParameter): Name = "Mounting Technology"; Value = ""; VariantName = "[No Variations]"
Add component (AddParameter): Name = "Note"; Value = ""; VariantName = "[No Variations]"
Add component (AddParameter): Name = "Package"; Value = ""; VariantName = "[No Variations]"
Add component (AddParameter): Name = "Pins"; Value = ""; VariantName = "[No Variations]"
Add component (AddParameter): Name = "Power"; Value = ""; VariantName = "[No Variations]"
Add component (AddParameter): Name = "Rating"; Value = ""; VariantName = "[No Variations]"
Add component (AddParameter): Name = "RoHS Compliant"; Value = ""; VariantName = "[No Variations]"
Add component (AddParameter): Name = "Temperature Coefficient"; Value = ""; VariantName = "[No Variations]"
Add component (AddParameter): Name = "Tolerance"; Value = ""; VariantName = "[No Variations]"
Add component (AddParameter): Name = "Type"; Value = ""; VariantName = "[No Variations]"
Add component (AddParameter): Name = "Value"; Value = ""; VariantName = "[No Variations]"
Add component (AddParameter): Name = "Voltage Rating"; Value = ""; VariantName = "[No Variations]"
Add component (AddParameter): Name = "Weight"; Value = ""; VariantName = "[No Variations]"
Added Component: Designator=R33(R0603B)
Add component (AddParameter): Name = "Contact Finish"; Value = ""; VariantName = "[No Variations]"
Add component (AddParameter): Name = "FIT"; Value = ""; VariantName = "[No Variations]"
Add component (AddParameter): Name = "Materials"; Value = ""; VariantName = "[No Variations]"
Add component (AddParameter): Name = "Max Operating Temperature"; Value = ""; VariantName = "[No Variations]"
Add component (AddParameter): Name = "MFR"; Value = ""; VariantName = "[No Variations]"
Add component (AddParameter): Name = "MFR PN"; Value = ""; VariantName = "[No Variations]"
Add component (AddParameter): Name = "Min Operating Temperature"; Value = ""; VariantName = "[No Variations]"
Add component (AddParameter): Name = "Mounting Technology"; Value = ""; VariantName = "[No Variations]"
Add component (AddParameter): Name = "Note"; Value = ""; VariantName = "[No Variations]"
Add component (AddParameter): Name = "Package"; Value = ""; VariantName = "[No Variations]"
Add component (AddParameter): Name = "Pins"; Value = ""; VariantName = "[No Variations]"
Add component (AddParameter): Name = "Power"; Value = ""; VariantName = "[No Variations]"
Add component (AddParameter): Name = "Rating"; Value = ""; VariantName = "[No Variations]"
Add component (AddParameter): Name = "RoHS Compliant"; Value = ""; VariantName = "[No Variations]"
Add component (AddParameter): Name = "Temperature Coefficient"; Value = ""; VariantName = "[No Variations]"
Add component (AddParameter): Name = "Tolerance"; Value = ""; VariantName = "[No Variations]"
Add component (AddParameter): Name = "Type"; Value = ""; VariantName = "[No Variations]"
Add component (AddParameter): Name = "Value"; Value = ""; VariantName = "[No Variations]"
Add component (AddParameter): Name = "Voltage Rating"; Value = ""; VariantName = "[No Variations]"
Add component (AddParameter): Name = "Weight"; Value = ""; VariantName = "[No Variations]"
Added Component: Designator=R76(R0603B)
Add component (AddParameter): Name = "Contact Finish"; Value = ""; VariantName = "[No Variations]"
Add component (AddParameter): Name = "FIT"; Value = ""; VariantName = "[No Variations]"
Add component (AddParameter): Name = "Materials"; Value = ""; VariantName = "[No Variations]"
Add component (AddParameter): Name = "Max Operating Temperature"; Value = ""; VariantName = "[No Variations]"
Add component (AddParameter): Name = "MFR"; Value = ""; VariantName = "[No Variations]"
Add component (AddParameter): Name = "MFR PN"; Value = ""; VariantName = "[No Variations]"
Add component (AddParameter): Name = "Min Operating Temperature"; Value = ""; VariantName = "[No Variations]"
Add component (AddParameter): Name = "Mounting Technology"; Value = ""; VariantName = "[No Variations]"
Add component (AddParameter): Name = "Note"; Value = ""; VariantName = "[No Variations]"
Add component (AddParameter): Name = "Package"; Value = ""; VariantName = "[No Variations]"
Add component (AddParameter): Name = "Pins"; Value = ""; VariantName = "[No Variations]"
Add component (AddParameter): Name = "Power"; Value = ""; VariantName = "[No Variations]"
Add component (AddParameter): Name = "Rating"; Value = ""; VariantName = "[No Variations]"
Add component (AddParameter): Name = "RoHS Compliant"; Value = ""; VariantName = "[No Variations]"
Add component (AddParameter): Name = "Temperature Coefficient"; Value = ""; VariantName = "[No Variations]"
Add component (AddParameter): Name = "Tolerance"; Value = ""; VariantName = "[No Variations]"
Add component (AddParameter): Name = "Type"; Value = ""; VariantName = "[No Variations]"
Add component (AddParameter): Name = "Value"; Value = ""; VariantName = "[No Variations]"
Add component (AddParameter): Name = "Voltage Rating"; Value = ""; VariantName = "[No Variations]"
Add component (AddParameter): Name = "Weight"; Value = ""; VariantName = "[No Variations]"
Added Pin To Net: NetName=3V3_OC_TP Pin=D1-A
Added Pin To Net: NetName=3V3_CUTOFF_MOSFET Pin=D1-C
Added Pin To Net: NetName=CAN_INH Pin=D2-A
Added Pin To Net: NetName=3V3_CUTOFF_MOSFET Pin=D2-C
Added Pin To Net: NetName=VCC Pin=D4-A
Added Pin To Net: NetName=V_BATT Pin=D5-A
Added Pin To Net: NetName=CAN_INH Pin=D6-A
Added Pin To Net: NetName=BATT_nEN Pin=D6-C
Added Pin To Net: NetName=VCC Pin=D9-A
Added Pin To Net: NetName=NetC43_1 Pin=D10-A
Added Pin To Net: NetName=BATT_TS Pin=P2-3
Added Pin To Net: NetName=3V3 Pin=Q5-5-6-7-8
Added Pin To Net: NetName=BATT_nEN Pin=Q8-1
Added Pin To Net: NetName=VCC Pin=Q8-2
Added Pin To Net: NetName=CAN_INH Pin=Q8-3
Added Pin To Net: NetName=GND Pin=Q9-2
Added Pin To Net: NetName=PRE_5V Pin=R10-2
Add Pin To Net: Unknown Pin: Pin R11-1
Added Pin To Net: NetName=3V3_CUTOFF_MOSFET Pin=R12-1
Added Pin To Net: NetName=NetQ4_1 Pin=R12-2
Added Pin To Net: NetName=NetC4_1 Pin=R14-1
Added Pin To Net: NetName=3V3_PRE_SHUNT Pin=R14-2
Added Pin To Net: NetName=3V3_POST_SHUNT Pin=R16-2
Added Pin To Net: NetName=GND Pin=R17-1
Added Pin To Net: NetName=V_BATT Pin=R23-1
Added Pin To Net: NetName=GND Pin=R24-2
Added Pin To Net: NetName=5V Pin=R25-1
Added Pin To Net: NetName=GND Pin=R26-2
Added Pin To Net: NetName=3V3 Pin=R30-1
Added Pin To Net: NetName=GND Pin=R32-2
Added Pin To Net: NetName=BATT_nEN Pin=R34-2
Added Pin To Net: NetName=3V3 Pin=R37-1
Added Pin To Net: NetName=REG_5V_nEN Pin=R77-2
Added Pin To Net: NetName=HYDRA_5V_REF Pin=R80-1
Added Pin To Net: NetName=HYDRA_5V_nEN Pin=R84-2
Added Pin To Net: NetName=REG_5V_nEN Pin=R85-1
Change Net Name : Old Net Name=3V3 New Net Name=HYDRA_3V3_REF
Change Net Name : Old Net Name=NetC11_1 New Net Name=NetC12_1
Change Net Name : Old Net Name=NetC12_1 New Net Name=NetC13_1
Change Net Name : Old Net Name=NetC43_1 New Net Name=RFD_PYRO_PWR
Change Net Name : Old Net Name=NetD4_2 New Net Name=NetD7_2
Change Net Name : Old Net Name=NetD4_3 New Net Name=NetD7_3
Change Net Name : Old Net Name=NetD5_2 New Net Name=NetD8_2
Change Net Name : Old Net Name=NetD5_3 New Net Name=NetD8_3
Change Net Name : Old Net Name=NetQ11_1 New Net Name=NetQ10_1
Change Net Name : Old Net Name=NetQ12_1 New Net Name=NetQ11_1
Change Net Name : Old Net Name=NetQ12_3 New Net Name=NetQ11_3
Change Net Name : Old Net Name=NetQ13_1 New Net Name=NetQ12_1
Change Net Name : Old Net Name=NetQ15_1 New Net Name=NetQ14_1
Change Net Name : Old Net Name=NetQ16_1 New Net Name=NetQ15_1
Change Net Name : Old Net Name=NetQ18_2 New Net Name=NetQ17_2
Change Net Name : Old Net Name=NetQ18_3 New Net Name=NetQ17_3
Change Net Name : Old Net Name=NetQ18_5 New Net Name=NetQ17_5
Change Net Name : Old Net Name=NetR17_1 New Net Name=NetR19_1
Change Net Name : Old Net Name=NetR19_1 New Net Name=NetR21_1
Change Net Name : Old Net Name=NetR20_2 New Net Name=NetR22_2
Change Net Name : Old Net Name=NetR22_2 New Net Name=NetR27_2
Change Net Name : Old Net Name=NetR23_2 New Net Name=NetR28_2
Change Net Name : Old Net Name=NetR28_2 New Net Name=NetR35_2
Change Net Name : Old Net Name=NetR29_1 New Net Name=NetR36_1
Change Net Name : Old Net Name=NetR30_2 New Net Name=NetR37_2
Change Net Name : Old Net Name=NetR53_2 New Net Name=NetR58_2
Change Net Name : Old Net Name=NetR58_2 New Net Name=NetR63_2
Change Net Name : Old Net Name=NetR59_2 New Net Name=NetR64_2
Change Net Name : Old Net Name=NetR65_1 New Net Name=RFD_5V_SENSE
Change Net Name : Old Net Name=NetR67_2 New Net Name=RFD_5V_REG_INH
Change Net Name : Old Net Name=NetR73_2 New Net Name=NetR78_2
Change Net Name : Old Net Name=NetR74_1 New Net Name=NetR79_1
Change Net Name : Old Net Name=NetR75_2 New Net Name=NetR80_2
Change Net Name : Old Net Name=NetR77_2 New Net Name=RFD_ON_PYRO_PWR
Change Net Name : Old Net Name=V_BATT New Net Name=VBAT
Added Pin To Net: NetName=3V3_INT_SENSE Pin=R30-2
Added Pin To Net: NetName=3V3_INT_SENSE Pin=R32-1
Added Net: Name=3V3_INT_SENSE
Added Pin To Net: NetName=5V_INT_SENSE Pin=R25-2
Added Pin To Net: NetName=5V_INT_SENSE Pin=R26-1
Added Net: Name=5V_INT_SENSE
Added Pin To Net: NetName=BAT_FAILOVER_UV_REF Pin=R29-1
Added Pin To Net: NetName=BAT_FAILOVER_UV_REF Pin=R31-2
Added Pin To Net: NetName=BAT_FAILOVER_UV_REF Pin=R35-1
Added Net: Name=BAT_FAILOVER_UV_REF
Added Pin To Net: NetName=EXT_3V3_SENSE Pin=R16-1
Added Pin To Net: NetName=EXT_3V3_SENSE Pin=R17-2
Added Net: Name=EXT_3V3_SENSE
Added Pin To Net: NetName=EXT_5V_SENSE Pin=R10-1
Added Net: Name=EXT_5V_SENSE
Added Pin To Net: NetName=NetC14_1 Pin=C14-1
Added Pin To Net: NetName=NetC14_1 Pin=D4-C
Added Pin To Net: NetName=NetC14_1 Pin=D5-C
Added Pin To Net: NetName=NetC14_1 Pin=R33-1
Added Pin To Net: NetName=NetC14_1 Pin=U6-6
Added Net: Name=NetC14_1
Added Pin To Net: NetName=NetC46_1 Pin=C46-1
Added Pin To Net: NetName=NetC46_1 Pin=D9-C
Added Pin To Net: NetName=NetC46_1 Pin=D10-C
Added Pin To Net: NetName=NetC46_1 Pin=R76-1
Added Pin To Net: NetName=NetC46_1 Pin=U13-6
Added Net: Name=NetC46_1
Added Pin To Net: NetName=NetQ9_1 Pin=Q9-1
Added Pin To Net: NetName=NetQ9_1 Pin=R36-2
Added Pin To Net: NetName=NetQ9_1 Pin=R38-1
Added Net: Name=NetQ9_1
Added Pin To Net: NetName=NetQ9_3 Pin=Q9-3
Added Pin To Net: NetName=NetQ9_3 Pin=R33-2
Added Pin To Net: NetName=NetQ9_3 Pin=R34-1
Added Net: Name=NetQ9_3
Added Pin To Net: NetName=NetQ17_6 Pin=Q17-6
Added Pin To Net: NetName=NetQ17_6 Pin=R76-2
Added Pin To Net: NetName=NetQ17_6 Pin=R77-1
Added Net: Name=NetQ17_6
Added Pin To Net: NetName=RFD_FAILOVER_UV_REF Pin=R69-1
Added Pin To Net: NetName=RFD_FAILOVER_UV_REF Pin=R73-2
Added Pin To Net: NetName=RFD_FAILOVER_UV_REF Pin=R78-1
Added Net: Name=RFD_FAILOVER_UV_REF
Added Pin To Net: NetName=VBAT_V_SENSE Pin=R23-2
Added Pin To Net: NetName=VBAT_V_SENSE Pin=R24-1
Added Net: Name=VBAT_V_SENSE
Added Member To Class: ClassName=GPS Member=Component C1 100n
Added Member To Class: ClassName=GPS Member=Component C2 10n
Added Member To Class: ClassName=GPS Member=Component C3 100n
Added Member To Class: ClassName=OC_PROT Member=Component C4 C0402C104K8PACTU
Added Member To Class: ClassName=UPS Member=Component C5 C0402C104K8PACTU
Added Member To Class: ClassName=UPS Member=Component C6 C0805C106K8PACTU
Added Member To Class: ClassName=UPS Member=Component C7 C0805C106K8PACTU
Added Member To Class: ClassName=UPS Member=Component C8 GRM21BR60J226ME39L
Added Member To Class: ClassName=UPS Member=Component C9 GRM21BR60J226ME39L
Added Member To Class: ClassName=UPS Member=Component C10 GRM21BR60J226ME39L
Added Member To Class: ClassName=UPS Member=Component C11 4TPE100MZB
Added Member To Class: ClassName=UPS Member=Component C12 100n
Added Member To Class: ClassName=UPS Member=Component C13 100n
Added Member To Class: ClassName=UPS Member=Component C14 100n
Added Member To Class: ClassName=RADIO Member=Component C15 100n
Added Member To Class: ClassName=RADIO Member=Component C16 100n
Added Member To Class: ClassName=SD Member=Component C17 C0402C104K8PACTU
Added Member To Class: ClassName=MCU Member=Component C18 4.7u
Added Member To Class: ClassName=MCU Member=Component C19 100n
Added Member To Class: ClassName=MCU Member=Component C20 100n
Added Member To Class: ClassName=MCU Member=Component C21 100n
Added Member To Class: ClassName=MCU Member=Component C22 1u
Added Member To Class: ClassName=MCU Member=Component C23 100n
Added Member To Class: ClassName=MCU Member=Component C24 1u
Added Member To Class: ClassName=MCU Member=Component C25 100n
Added Member To Class: ClassName=MCU Member=Component C26 1u
Added Member To Class: ClassName=MCU Member=Component C27 100n
Added Member To Class: ClassName=MCU Member=Component C28 100n
Added Member To Class: ClassName=MCU Member=Component C29 100n
Added Member To Class: ClassName=MCU Member=Component C30 100n
Added Member To Class: ClassName=MCU Member=Component C31 100n
Added Member To Class: ClassName=MCU Member=Component C32 100n
Added Member To Class: ClassName=MCU Member=Component C33 6.8p
Added Member To Class: ClassName=MCU Member=Component C34 6.8p
Added Member To Class: ClassName=MCU Member=Component C35 18p
Added Member To Class: ClassName=MCU Member=Component C36 18p
Added Member To Class: ClassName=MCU Member=Component C37 100n
Added Member To Class: ClassName=MCU Member=Component C38 10u
Added Member To Class: ClassName=MCU Member=Component C39 100n
Added Member To Class: ClassName=MCU Member=Component C40 100n
Added Member To Class: ClassName=RFD_PWR_MGMT Member=Component C41 GRM21BR61E226ME44L
Added Member To Class: ClassName=RFD_PWR_MGMT Member=Component C42 TMK212BBJ106KG-T
Added Member To Class: ClassName=RFD_PWR_MGMT Member=Component C43 TMK212BBJ106KG-T
Added Member To Class: ClassName=RFD_PWR_MGMT Member=Component C44 100n
Added Member To Class: ClassName=RFD_PWR_MGMT Member=Component C45 3.3n
Added Member To Class: ClassName=RFD_PWR_MGMT Member=Component C46 100n
Added Member To Class: ClassName=OC_PROT Member=Component D1 TS4148RCG
Added Member To Class: ClassName=OC_PROT Member=Component D2 TS4148RCG
Added Member To Class: ClassName=UPS Member=Component D3 150066RG54050
Added Member To Class: ClassName=UPS Member=Component D4 TS4148RCG
Added Member To Class: ClassName=UPS Member=Component D5 TS4148RCG
Added Member To Class: ClassName=UPS Member=Component D6 TS4148RCG
Added Member To Class: ClassName=MCU Member=Component D7 150066RG54050
Added Member To Class: ClassName=MCU Member=Component D8 150066RG54050
Added Member To Class: ClassName=RFD_PWR_MGMT Member=Component D9 TS4148RCG
Added Member To Class: ClassName=RFD_PWR_MGMT Member=Component D10 TS4148RCG
Added Member To Class: ClassName=OC_PROT Member=Component F1 0603SFS100F/32-2
Added Member To Class: ClassName=UPS Member=Component F2 0466003.NR
Added Member To Class: ClassName=RFD_PWR_MGMT Member=Component F3 0466003.NR
Added Member To Class: ClassName=MCU Member=Component FB1 BLM15PX601SN1D
Added Member To Class: ClassName=HYDRA_V4_LINK Member=Component J1 U.FL-R-SMT(10)
Added Member To Class: ClassName=GPS Member=Component L1 LQW18AN27NJ00D
Added Member To Class: ClassName=UPS Member=Component L2 PA4332.102NLT
Added Member To Class: ClassName=RFD_PWR_MGMT Member=Component L3 IHLP1212BZER2R2M11
Added Member To Class: ClassName=GPS Member=Component Q1 DMG1013UW-7
Added Member To Class: ClassName=GPS Member=Component Q2 BSS138W-7-F
Added Member To Class: ClassName=GPS Member=Component Q3 DMG1013UW-7
Added Member To Class: ClassName=OC_PROT Member=Component Q4 SISH615ADN-T1-GE3
Added Member To Class: ClassName=OC_PROT Member=Component Q5 SISH615ADN-T1-GE3
Added Member To Class: ClassName=UPS Member=Component Q6 SISH615ADN-T1-GE3
Added Member To Class: ClassName=UPS Member=Component Q7 SISH615ADN-T1-GE3
Added Member To Class: ClassName=UPS Member=Component Q8 DMG1013UW-7
Added Member To Class: ClassName=UPS Member=Component Q9 BSS138W-7-F
Added Member To Class: ClassName=RADIO Member=Component Q10 DMG1013UW-7
Added Member To Class: ClassName=MCU Member=Component Q11 DMG1013UW-7
Added Member To Class: ClassName=RFD_PWR_MGMT Member=Component Q12 SISH615ADN-T1-GE3
Added Member To Class: ClassName=RFD_PWR_MGMT Member=Component Q13 SISH615ADN-T1-GE3
Added Member To Class: ClassName=RFD_PWR_MGMT Member=Component Q14 BSS138W-7-F
Added Member To Class: ClassName=RFD_PWR_MGMT Member=Component Q15 SISH615ADN-T1-GE3
Added Member To Class: ClassName=RFD_PWR_MGMT Member=Component Q16 SISH615ADN-T1-GE3
Added Member To Class: ClassName=RFD_PWR_MGMT Member=Component Q17 SSM6N7002KFU,LF
Added Member To Class: ClassName=GPS Member=Component R1 100k
Added Member To Class: ClassName=GPS Member=Component R2 10 1%
Added Member To Class: ClassName=GPS Member=Component R3 1k
Added Member To Class: ClassName=GPS Member=Component R4 560 1%
Added Member To Class: ClassName=GPS Member=Component R5 100k
Added Member To Class: ClassName=GPS Member=Component R6 100k 1%
Added Member To Class: ClassName=GPS Member=Component R7 100k
Added Member To Class: ClassName=GPS Member=Component R8 1k
Added Member To Class: ClassName=GPS Member=Component R9 10k
Added Member To Class: ClassName=OC_PROT Member=Component R10 ERJ3EKF1002V
Add Class Member: Failed to add class member : Component R11 ERJ3EKF1002V
Added Member To Class: ClassName=OC_PROT Member=Component R12 100k
Added Member To Class: ClassName=OC_PROT Member=Component R13 ERJ-6DSFR10V
Added Member To Class: ClassName=OC_PROT Member=Component R14 10k
Added Member To Class: ClassName=OC_PROT Member=Component R15 1M
Added Member To Class: ClassName=OC_PROT Member=Component R16 10k
Added Member To Class: ClassName=OC_PROT Member=Component R17 10k
Added Member To Class: ClassName=UPS Member=Component R18 1k
Added Member To Class: ClassName=UPS Member=Component R19 1k
Added Member To Class: ClassName=UPS Member=Component R20 1k
Added Member To Class: ClassName=UPS Member=Component R21 1k
Added Member To Class: ClassName=UPS Member=Component R22 10k
Added Member To Class: ClassName=UPS Member=Component R23 100k
Added Member To Class: ClassName=UPS Member=Component R24 100k
Added Member To Class: ClassName=UPS Member=Component R25 100k
Added Member To Class: ClassName=UPS Member=Component R26 100k
Added Member To Class: ClassName=UPS Member=Component R27 1M
Added Member To Class: ClassName=UPS Member=Component R28 180k
Added Member To Class: ClassName=UPS Member=Component R29 TBD
Added Member To Class: ClassName=UPS Member=Component R30 100k
Added Member To Class: ClassName=UPS Member=Component R31 100k
Added Member To Class: ClassName=UPS Member=Component R32 100k
Added Member To Class: ClassName=UPS Member=Component R33 100k
Added Member To Class: ClassName=UPS Member=Component R34 1k
Added Member To Class: ClassName=UPS Member=Component R35 1k
Added Member To Class: ClassName=UPS Member=Component R36 1k
Added Member To Class: ClassName=UPS Member=Component R37 1k
Added Member To Class: ClassName=UPS Member=Component R38 100k
Added Member To Class: ClassName=UPS Member=Component R39 100k
Added Member To Class: ClassName=UPS Member=Component R40 20k
Added Member To Class: ClassName=RADIO Member=Component R41 1k
Added Member To Class: ClassName=RADIO Member=Component R42 100k
Added Member To Class: ClassName=SD Member=Component R43 ERJ3EKF1002V
Added Member To Class: ClassName=SD Member=Component R44 ERJ3EKF1002V
Added Member To Class: ClassName=SD Member=Component R45 ERJ3EKF1002V
Added Member To Class: ClassName=SD Member=Component R46 ERJ3EKF1002V
Added Member To Class: ClassName=SD Member=Component R47 ERJ3EKF1002V
Added Member To Class: ClassName=SD Member=Component R48 ERJ3EKF1002V
Added Member To Class: ClassName=SD Member=Component R49 ERJ3EKF1002V
Added Member To Class: ClassName=MCU Member=Component R50 10k
Added Member To Class: ClassName=MCU Member=Component R51 120
Added Member To Class: ClassName=MCU Member=Component R52 56
Added Member To Class: ClassName=MCU Member=Component R53 120
Added Member To Class: ClassName=MCU Member=Component R54 1k
Added Member To Class: ClassName=MCU Member=Component R55 10k
Added Member To Class: ClassName=MCU Member=Component R56 1k
Added Member To Class: ClassName=MCU Member=Component R57 100k
Added Member To Class: ClassName=MCU Member=Component R58 1k
Added Member To Class: ClassName=MCU Member=Component R59 56
Added Member To Class: ClassName=MCU Member=Component R60 56
Added Member To Class: ClassName=MCU Member=Component R61 10k
Added Member To Class: ClassName=MCU Member=Component R62 10k
Added Member To Class: ClassName=MCU Member=Component R63 330
Added Member To Class: ClassName=MCU Member=Component R64 330
Added Member To Class: ClassName=MCU Member=Component R65 10k
Added Member To Class: ClassName=MCU Member=Component R66 10k
Added Member To Class: ClassName=RFD_PWR_MGMT Member=Component R67 10k
Added Member To Class: ClassName=RFD_PWR_MGMT Member=Component R68 100k
Added Member To Class: ClassName=RFD_PWR_MGMT Member=Component R69 TBD
Added Member To Class: ClassName=RFD_PWR_MGMT Member=Component R70 10k
Added Member To Class: ClassName=RFD_PWR_MGMT Member=Component R71 1k
Added Member To Class: ClassName=RFD_PWR_MGMT Member=Component R72 100k
Added Member To Class: ClassName=RFD_PWR_MGMT Member=Component R73 100k
Added Member To Class: ClassName=RFD_PWR_MGMT Member=Component R74 10k
Added Member To Class: ClassName=RFD_PWR_MGMT Member=Component R75 100k
Added Member To Class: ClassName=RFD_PWR_MGMT Member=Component R76 100k
Added Member To Class: ClassName=RFD_PWR_MGMT Member=Component R77 1k
Added Member To Class: ClassName=RFD_PWR_MGMT Member=Component R78 1k
Added Member To Class: ClassName=RFD_PWR_MGMT Member=Component R79 1k
Added Member To Class: ClassName=RFD_PWR_MGMT Member=Component R80 1k
Added Member To Class: ClassName=RFD_PWR_MGMT Member=Component R81 100k
Added Member To Class: ClassName=RFD_PWR_MGMT Member=Component R82 100k
Added Member To Class: ClassName=RFD_PWR_MGMT Member=Component R83 20k
Added Member To Class: ClassName=RFD_PWR_MGMT Member=Component R84 1k
Added Member To Class: ClassName=RFD_PWR_MGMT Member=Component R85 1k
Added Member To Class: ClassName=GPS Member=Component TP1 TPAD6R
Added Member To Class: ClassName=GPS Member=Component U2 LT6000IDCB#TRMPBF
Added Member To Class: ClassName=OC_PROT Member=Component U3 TLV1805DBVR
Added Member To Class: ClassName=UPS Member=Component U4 BQ24040DSQR
Added Member To Class: ClassName=UPS Member=Component U5 TPS63021DSJR
Added Member To Class: ClassName=UPS Member=Component U6 TLV1805DBVR
Added Member To Class: ClassName=MCU Member=Component U8 STM32G473CET6
Added Member To Class: ClassName=MCU Member=Component U9 TCAN330GDCNR
Added Member To Class: ClassName=MCU Member=Component U10 TCAN1146DYYRQ1
Added Member To Class: ClassName=MCU Member=Component U11 AP7375-50SA-7
Added Member To Class: ClassName=RFD_PWR_MGMT Member=Component U12 TPS62133RGTR
Added Member To Class: ClassName=RFD_PWR_MGMT Member=Component U13 TLV1805DBVR
Added Member To Class: ClassName=MCU Member=Component Y1 ABM8-48.000MHZ-B2-T
Added Member To Class: ClassName=MCU Member=Component Y2 ECS-.327-12.5-1210-TR
