Removed Pin From Net: NetName=INT_3V3 Pin=C60-2
Removed Pin From Net: NetName=GND Pin=D4-1
Removed Pin From Net: NetName=nREG_FLT Pin=D4-4
Removed Pin From Net: NetName=GND Pin=D6-1
Removed Pin From Net: NetName=GND Pin=D6-4
Removed Pin From Net: NetName=VCC Pin=Q5-2
Removed Pin From Net: NetName=PWR_OUT Pin=R44-2
Removed Pin From Net: NetName=INT_3V3 Pin=R45-2
Removed Pin From Net: NetName=INT_3V3 Pin=R86-2
Removed Pin From Net: NetName=VCC Pin=R89-2
Removed Pin From Net: NetName=GND Pin=R94-1
Removed Pin From Net: NetName=INT_3V3 Pin=SW1-2
Removed Member From Class: ClassName=MCU Member=C60
Removed Member From Class: ClassName=AUX_RADIO_UPS Member=D4
Removed Member From Class: ClassName=MCU Member=D6
Removed Member From Class: ClassName=MCU Member=Q5
Removed Member From Class: ClassName=AUX_RADIO_UPS Member=R44
Removed Member From Class: ClassName=AUX_RADIO_UPS Member=R45
Removed Member From Class: ClassName=MCU Member=R86
Removed Member From Class: ClassName=MCU Member=R87
Removed Member From Class: ClassName=MCU Member=R88
Removed Member From Class: ClassName=MCU Member=R89
Removed Member From Class: ClassName=MCU Member=R92
Removed Member From Class: ClassName=MCU Member=R94
Removed Member From Class: ClassName=MCU Member=SW1
Change Net Name : Old Net Name=PWR_OUT New Net Name=AUX_RADIO_PWR
Added Pin To Net: NetName=NetU12_61 Pin=U12-61
Added Net: Name=NetU12_61
