Change Component Designator: Old Designator=C19 New Designator=C16
Change Component Designator: Old Designator=C20 New Designator=C17
Change Component Designator: Old Designator=C21 New Designator=C18
Change Component Designator: Old Designator=C22 New Designator=C19
Change Component Designator: Old Designator=C23 New Designator=C20
Change Component Designator: Old Designator=C24 New Designator=C21
Change Component Designator: Old Designator=C25 New Designator=C22
Change Component Designator: Old Designator=C26 New Designator=C23
Change Component Designator: Old Designator=C27 New Designator=C24
Change Component Designator: Old Designator=C28 New Designator=C25
Change Component Designator: Old Designator=C29 New Designator=C26
Change Component Designator: Old Designator=C30 New Designator=C27
Change Component Designator: Old Designator=C31 New Designator=C28
Change Component Designator: Old Designator=C32 New Designator=C29
Change Component Designator: Old Designator=C33 New Designator=C30
Change Component Designator: Old Designator=C34 New Designator=C31
Change Component Designator: Old Designator=C35 New Designator=C32
Change Component Designator: Old Designator=C36 New Designator=C33
Change Component Designator: Old Designator=C37 New Designator=C34
Change Component Designator: Old Designator=C38 New Designator=C35
Change Component Designator: Old Designator=C39 New Designator=C36
Change Component Designator: Old Designator=C40 New Designator=C37
Change Component Designator: Old Designator=C41 New Designator=C38
Change Component Designator: Old Designator=D3 New Designator=D9
Change Component Designator: Old Designator=D4 New Designator=D8
Change Component Designator: Old Designator=F2 New Designator=F3
Change Component Designator: Old Designator=Q13 New Designator=Q11
Change Component Designator: Old Designator=Q20 New Designator=Q9
Change Component Designator: Old Designator=Q21 New Designator=Q10
Change Component Designator: Old Designator=R32 New Designator=R49
Change Component Designator: Old Designator=R34 New Designator=R51
Change Component Designator: Old Designator=R36 New Designator=R53
Change Component Designator: Old Designator=R37 New Designator=R54
Change Component Designator: Old Designator=R83 New Designator=R43
Change Component Designator: Old Designator=R84 New Designator=R46
Change Component Designator: Old Designator=R85 New Designator=R56
Change Component Designator: Old Designator=R86 New Designator=R50
Change Component Designator: Old Designator=R87 New Designator=R57
Change Component Designator: Old Designator=R88 New Designator=R52
Change Component Designator: Old Designator=R89 New Designator=R55
Change Component Designator: Old Designator=R90 New Designator=R58
Change Component Designator: Old Designator=R91 New Designator=R59
Change Component Designator: Old Designator=R92 New Designator=R60
Change Component Designator: Old Designator=R93 New Designator=R61
Change Component Designator: Old Designator=R94 New Designator=R62
Change Component Designator: Old Designator=R95 New Designator=R63
Change Component Designator: Old Designator=R103 New Designator=R44
Change Component Designator: Old Designator=R104 New Designator=R45
Change Component Designator: Old Designator=R105 New Designator=R47
Change Component Designator: Old Designator=R106 New Designator=R48
Change Component Designator: Old Designator=U9 New Designator=U7
Change Component Designator: Old Designator=U9 New Designator=U7
Change Component Designator: Old Designator=U10 New Designator=U8
Change Component Designator: Old Designator=U11 New Designator=U9
Change Component Designator: Old Designator=U12 New Designator=U10
