Change Component Designator: Old Designator=C16 New Designator=C18
Change Component Designator: Old Designator=C17 New Designator=C19
Change Component Designator: Old Designator=C18 New Designator=C20
Change Component Designator: Old Designator=C19 New Designator=C21
Change Component Designator: Old Designator=C20 New Designator=C22
Change Component Designator: Old Designator=C21 New Designator=C23
Change Component Designator: Old Designator=C22 New Designator=C24
Change Component Designator: Old Designator=C23 New Designator=C25
Change Component Designator: Old Designator=C24 New Designator=C26
Change Component Designator: Old Designator=C25 New Designator=C27
Change Component Designator: Old Designator=C26 New Designator=C28
Change Component Designator: Old Designator=C27 New Designator=C29
Change Component Designator: Old Designator=C28 New Designator=C30
Change Component Designator: Old Designator=C29 New Designator=C31
Change Component Designator: Old Designator=C30 New Designator=C32
Change Component Designator: Old Designator=C31 New Designator=C33
Change Component Designator: Old Designator=C32 New Designator=C34
Change Component Designator: Old Designator=C33 New Designator=C35
Change Component Designator: Old Designator=C34 New Designator=C36
Change Component Designator: Old Designator=C35 New Designator=C37
Change Component Designator: Old Designator=C36 New Designator=C38
Change Component Designator: Old Designator=C37 New Designator=C39
Change Component Designator: Old Designator=C38 New Designator=C40
Change Component Designator: Old Designator=D8 New Designator=D4
Change Component Designator: Old Designator=D9 New Designator=D5
Change Component Designator: Old Designator=Q11 New Designator=Q12
Change Component Designator: Old Designator=R43 New Designator=R45
Change Component Designator: Old Designator=R49 New Designator=R47
Change Component Designator: Old Designator=R50 New Designator=R48
Change Component Designator: Old Designator=R51 New Designator=R49
Change Component Designator: Old Designator=R52 New Designator=R50
Change Component Designator: Old Designator=R53 New Designator=R51
Change Component Designator: Old Designator=R54 New Designator=R52
Change Component Designator: Old Designator=R55 New Designator=R53
Change Component Designator: Old Designator=R56 New Designator=R54
Change Component Designator: Old Designator=R57 New Designator=R55
Change Component Designator: Old Designator=R58 New Designator=R56
Change Component Designator: Old Designator=R59 New Designator=R57
Change Component Designator: Old Designator=R60 New Designator=R58
Change Component Designator: Old Designator=R61 New Designator=R59
Change Component Designator: Old Designator=R62 New Designator=R60
Change Component Designator: Old Designator=R63 New Designator=R61
Change Component Designator: Old Designator=U7 New Designator=U8
Change Component Designator: Old Designator=U7 New Designator=U8
Change Component Designator: Old Designator=U8 New Designator=U9
Change Component Designator: Old Designator=U9 New Designator=U10
Change Component Designator: Old Designator=U10 New Designator=U11
