Change Component Designator: Old Designator=C1 New Designator=C2
Change Component Designator: Old Designator=C2 New Designator=C3
Change Component Designator: Old Designator=C3 New Designator=C4
Change Component Designator: Old Designator=C4 New Designator=C5
Change Component Designator: Old Designator=C5 New Designator=C6
Change Component Designator: Old Designator=C6 New Designator=C7
Change Component Designator: Old Designator=C7 New Designator=C9
Change Component Designator: Old Designator=C8 New Designator=C11
Change Component Designator: Old Designator=C9 New Designator=C12
Change Component Designator: Old Designator=C10 New Designator=C13
Change Component Designator: Old Designator=C11 New Designator=C14
Change Component Designator: Old Designator=C12 New Designator=C8
Change Component Designator: Old Designator=C13 New Designator=C15
Change Component Designator: Old Designator=C14 New Designator=C16
Change Component Designator: Old Designator=C17 New Designator=C10
Change Component Designator: Old Designator=D1 New Designator=D4
Change Component Designator: Old Designator=D2 New Designator=D3
Change Component Designator: Old Designator=P3 New Designator=P4
Change Component Designator: Old Designator=R1 New Designator=R14
Change Component Designator: Old Designator=R2 New Designator=R23
Change Component Designator: Old Designator=R3 New Designator=R26
Change Component Designator: Old Designator=R4 New Designator=R27
Change Component Designator: Old Designator=R5 New Designator=R25
Change Component Designator: Old Designator=R6 New Designator=R28
Change Component Designator: Old Designator=R7 New Designator=R24
Change Component Designator: Old Designator=R8 New Designator=R29
Change Component Designator: Old Designator=R10 New Designator=R30
Change Component Designator: Old Designator=R18 New Designator=R15
Change Component Designator: Old Designator=R19 New Designator=R16
Change Component Designator: Old Designator=R20 New Designator=R17
Change Component Designator: Old Designator=R21 New Designator=R18
Change Component Designator: Old Designator=R22 New Designator=R19
Change Component Designator: Old Designator=R23 New Designator=R20
Change Component Designator: Old Designator=R24 New Designator=R21
Change Component Designator: Old Designator=R25 New Designator=R22
Change Component Designator: Old Designator=TP3 New Designator=TP4
Change Component Designator: Old Designator=TP4 New Designator=TP5
Change Component Designator: Old Designator=TP5 New Designator=TP7
Change Component Designator: Old Designator=TP6 New Designator=TP8
Change Component Designator: Old Designator=TP7 New Designator=TP9
Change Component Designator: Old Designator=TP8 New Designator=TP10
Change Component Designator: Old Designator=TP12 New Designator=TP3
Change Component Designator: Old Designator=TP13 New Designator=TP6
Change Component Designator: Old Designator=U1 New Designator=U3
Change Component Designator: Old Designator=U1 New Designator=U3
Change Component Designator: Old Designator=U5 New Designator=U4
