Change Component Designator: Old Designator=C26 New Designator=C11
Change Component Designator: Old Designator=C27 New Designator=C12
Change Component Designator: Old Designator=C28 New Designator=C13
Change Component Designator: Old Designator=C29 New Designator=C14
Change Component Designator: Old Designator=C30 New Designator=C15
Change Component Designator: Old Designator=C31 New Designator=C16
Change Component Designator: Old Designator=C32 New Designator=C17
Change Component Designator: Old Designator=C33 New Designator=C18
Change Component Designator: Old Designator=C34 New Designator=C19
Change Component Designator: Old Designator=C35 New Designator=C20
Change Component Designator: Old Designator=C36 New Designator=C21
Change Component Designator: Old Designator=C37 New Designator=C22
Change Component Designator: Old Designator=C38 New Designator=C23
Change Component Designator: Old Designator=C39 New Designator=C24
Change Component Designator: Old Designator=C40 New Designator=C25
Change Component Designator: Old Designator=C41 New Designator=C26
Change Component Designator: Old Designator=C42 New Designator=C27
Change Component Designator: Old Designator=C43 New Designator=C28
Change Component Designator: Old Designator=C44 New Designator=C29
Change Component Designator: Old Designator=C45 New Designator=C30
Change Component Designator: Old Designator=C46 New Designator=C31
Change Component Designator: Old Designator=C47 New Designator=C32
Change Component Designator: Old Designator=C48 New Designator=C33
Change Component Designator: Old Designator=D5 New Designator=D3
Change Component Designator: Old Designator=R54 New Designator=R37
Change Component Designator: Old Designator=R55 New Designator=R38
Change Component Designator: Old Designator=R56 New Designator=R39
Change Component Designator: Old Designator=R57 New Designator=R40
Change Component Designator: Old Designator=R58 New Designator=R41
Change Component Designator: Old Designator=R59 New Designator=R42
Change Component Designator: Old Designator=R60 New Designator=R43
Change Component Designator: Old Designator=R61 New Designator=R44
Change Component Designator: Old Designator=R62 New Designator=R45
Change Component Designator: Old Designator=R63 New Designator=R46
Change Component Designator: Old Designator=R64 New Designator=R47
Change Component Designator: Old Designator=R65 New Designator=R48
Change Component Designator: Old Designator=R66 New Designator=R49
Change Component Designator: Old Designator=SW2 New Designator=SW1
Change Component Designator: Old Designator=SW3 New Designator=SW2
Change Component Designator: Old Designator=SW4 New Designator=SW3
Change Component Designator: Old Designator=TP11 New Designator=TP1
Change Component Designator: Old Designator=U9 New Designator=U6
Change Component Designator: Old Designator=U9 New Designator=U6
Change Component Designator: Old Designator=U10 New Designator=U7
Change Component Designator: Old Designator=U11 New Designator=U8
Change Component Designator: Old Designator=U12 New Designator=U9
Change Component Designator: Old Designator=Y3 New Designator=Y1
Change Component Designator: Old Designator=Y4 New Designator=Y2
