Change Component Designator: Old Designator=C2 New Designator=C26
Change Component Designator: Old Designator=C3 New Designator=C27
Change Component Designator: Old Designator=C4 New Designator=C28
Change Component Designator: Old Designator=C5 New Designator=C29
Change Component Designator: Old Designator=C6 New Designator=C30
Change Component Designator: Old Designator=C7 New Designator=C31
Change Component Designator: Old Designator=C8 New Designator=C32
Change Component Designator: Old Designator=C9 New Designator=C33
Change Component Designator: Old Designator=C10 New Designator=C34
Change Component Designator: Old Designator=C11 New Designator=C35
Change Component Designator: Old Designator=C14 New Designator=C44
Change Component Designator: Old Designator=C15 New Designator=C45
Change Component Designator: Old Designator=C16 New Designator=C41
Change Component Designator: Old Designator=C17 New Designator=C43
Change Component Designator: Old Designator=C? New Designator=C36
Change Component Designator: Old Designator=C? New Designator=C37
Change Component Designator: Old Designator=C? New Designator=C38
Change Component Designator: Old Designator=C? New Designator=C39
Change Component Designator: Old Designator=C? New Designator=C40
Change Component Designator: Old Designator=C? New Designator=C42
Change Component Designator: Old Designator=C? New Designator=C46
Change Component Designator: Old Designator=C? New Designator=C47
Change Component Designator: Old Designator=C? New Designator=C48
Change Component Designator: Old Designator=D? New Designator=D5
Change Component Designator: Old Designator=J? New Designator=J5
Change Component Designator: Old Designator=R4 New Designator=R54
Change Component Designator: Old Designator=R? New Designator=R55
Change Component Designator: Old Designator=R? New Designator=R56
Change Component Designator: Old Designator=R? New Designator=R57
Change Component Designator: Old Designator=R? New Designator=R58
Change Component Designator: Old Designator=R? New Designator=R59
Change Component Designator: Old Designator=R? New Designator=R60
Change Component Designator: Old Designator=R? New Designator=R61
Change Component Designator: Old Designator=R? New Designator=R62
Change Component Designator: Old Designator=R? New Designator=R63
Change Component Designator: Old Designator=R? New Designator=R64
Change Component Designator: Old Designator=R? New Designator=R65
Change Component Designator: Old Designator=R? New Designator=R66
Change Component Designator: Old Designator=SW? New Designator=SW2
Change Component Designator: Old Designator=SW? New Designator=SW3
Change Component Designator: Old Designator=SW? New Designator=SW4
Change Component Designator: Old Designator=TP? New Designator=TP11
Change Component Designator: Old Designator=U1 New Designator=U9
Change Component Designator: Old Designator=U1 New Designator=U9
Change Component Designator: Old Designator=U? New Designator=U10
Change Component Designator: Old Designator=U? New Designator=U11
Change Component Designator: Old Designator=U? New Designator=U12
Change Component Designator: Old Designator=Y1 New Designator=Y3
Change Component Designator: Old Designator=Y2 New Designator=Y4
