Removed Member From Class: ClassName=GPS_0 Member=C?
Removed Member From Class: ClassName=IMU_0 Member=C?
Removed Member From Class: ClassName=PWR_PROT_1 Member=C?
Removed Member From Class: ClassName=SD_0 Member=C?
Removed Member From Class: ClassName=PWR_PROT_0 Member=D?
Removed Member From Class: ClassName=PWR_PROT_1 Member=Q?
Removed Member From Class: ClassName=GPS_0 Member=R?
Removed Member From Class: ClassName=IMU_0 Member=R?
Removed Member From Class: ClassName=PWR_PROT_1 Member=R?
Removed Member From Class: ClassName=SD_0 Member=R?
Removed Member From Class: ClassName=PWR_PROT_0 Member=U?
Removed Member From Class: ClassName=PWR_PROT_1 Member=U?
Change Component Designator: OldDesignator=C? NewDesignator=C15
Change Component Designator: OldDesignator=C? NewDesignator=C16
Change Component Designator: OldDesignator=C? NewDesignator=C35
Change Component Designator: OldDesignator=C? NewDesignator=C36
Change Component Designator: OldDesignator=C? NewDesignator=C37
Change Component Designator: OldDesignator=C? NewDesignator=C38
Change Component Designator: OldDesignator=C? NewDesignator=C39
Change Component Designator: OldDesignator=C? NewDesignator=C40
Change Component Designator: OldDesignator=C? NewDesignator=C41
Change Component Designator: OldDesignator=C? NewDesignator=C42
Change Component Designator: OldDesignator=C? NewDesignator=C43
Change Component Designator: OldDesignator=C? NewDesignator=C44
Change Component Designator: OldDesignator=C? NewDesignator=C45
Change Component Designator: OldDesignator=C? NewDesignator=C46
Change Component Designator: OldDesignator=C? NewDesignator=C47
Change Component Designator: OldDesignator=C? NewDesignator=C48
Change Component Designator: OldDesignator=C? NewDesignator=C49
Change Component Designator: OldDesignator=C? NewDesignator=C50
Change Component Designator: OldDesignator=C? NewDesignator=C51
Change Component Designator: OldDesignator=C? NewDesignator=C52
Change Component Designator: OldDesignator=C? NewDesignator=C53
Change Component Designator: OldDesignator=C? NewDesignator=C54
Change Component Designator: OldDesignator=C? NewDesignator=C55
Change Component Designator: OldDesignator=D? NewDesignator=D3
Change Component Designator: OldDesignator=D? NewDesignator=D5
Change Component Designator: OldDesignator=Q? NewDesignator=Q1
Change Component Designator: OldDesignator=Q? NewDesignator=Q2
Change Component Designator: OldDesignator=R? NewDesignator=R9
Change Component Designator: OldDesignator=R? NewDesignator=R11
Change Component Designator: OldDesignator=R? NewDesignator=R12
Change Component Designator: OldDesignator=R? NewDesignator=R13
Change Component Designator: OldDesignator=R? NewDesignator=R14
Change Component Designator: OldDesignator=R? NewDesignator=R15
Change Component Designator: OldDesignator=R? NewDesignator=R16
Change Component Designator: OldDesignator=R? NewDesignator=R17
Change Component Designator: OldDesignator=R? NewDesignator=R18
Change Component Designator: OldDesignator=R? NewDesignator=R19
Change Component Designator: OldDesignator=R? NewDesignator=R20
Change Component Designator: OldDesignator=R? NewDesignator=R21
Change Component Designator: OldDesignator=R? NewDesignator=R23
Change Component Designator: OldDesignator=R? NewDesignator=R24
Change Component Designator: OldDesignator=R? NewDesignator=R31
Change Component Designator: OldDesignator=R? NewDesignator=R32
Change Component Designator: OldDesignator=R? NewDesignator=R33
Change Component Designator: OldDesignator=R? NewDesignator=R34
Change Component Designator: OldDesignator=R? NewDesignator=R35
Change Component Designator: OldDesignator=R? NewDesignator=R36
Change Component Designator: OldDesignator=R? NewDesignator=R37
Change Component Designator: OldDesignator=R? NewDesignator=R38
Change Component Designator: OldDesignator=R? NewDesignator=R39
Change Component Designator: OldDesignator=R? NewDesignator=R40
Change Component Designator: OldDesignator=R? NewDesignator=R41
Change Component Designator: OldDesignator=R? NewDesignator=R42
Change Component Designator: OldDesignator=R? NewDesignator=R43
Change Component Designator: OldDesignator=R? NewDesignator=R44
Change Component Designator: OldDesignator=R? NewDesignator=R45
Change Component Designator: OldDesignator=R? NewDesignator=R46
Change Component Designator: OldDesignator=R? NewDesignator=R47
Change Component Designator: OldDesignator=R? NewDesignator=R48
Change Component Designator: OldDesignator=R? NewDesignator=R49
Change Component Designator: OldDesignator=R? NewDesignator=R50
Change Component Designator: OldDesignator=R? NewDesignator=R51
Change Component Designator: OldDesignator=R? NewDesignator=R52
Change Component Designator: OldDesignator=R? NewDesignator=R53
Change Component Designator: OldDesignator=R? NewDesignator=R54
Change Component Designator: OldDesignator=R? NewDesignator=R55
Change Component Designator: OldDesignator=R? NewDesignator=R56
Change Component Designator: OldDesignator=R? NewDesignator=R57
Change Component Designator: OldDesignator=R? NewDesignator=R58
Change Component Designator: OldDesignator=R? NewDesignator=R59
Change Component Designator: OldDesignator=R? NewDesignator=R60
Change Component Designator: OldDesignator=R? NewDesignator=R61
Change Component Designator: OldDesignator=R? NewDesignator=R62
Change Component Designator: OldDesignator=U? NewDesignator=U3
Change Component Designator: OldDesignator=U? NewDesignator=U4
Change Component Designator: OldDesignator=U? NewDesignator=U10
Change Component Designator: OldDesignator=U? NewDesignator=U11
Change Component Designator: OldDesignator=U? NewDesignator=U14
Change Net Name : Old Net Name=NetC?_1 New Net Name=NetC54_1
Change Net Name : Old Net Name=NetD?_1 New Net Name=NetD5_1
Change Net Name : Old Net Name=NetD?_4 New Net Name=NetD5_4
Change Net Name : Old Net Name=NetQ?_1 New Net Name=NetQ1_1
Change Net Name : Old Net Name=NetR?_1 New Net Name=NetR13_1
Added Pin To Net: NetName=NetC16_1 Pin=C16-1
Added Pin To Net: NetName=NetC16_1 Pin=U3-7
Added Net: Name=NetC16_1
Added Pin To Net: NetName=NetC35_1 Pin=C35-1
Added Pin To Net: NetName=NetC35_1 Pin=U3-6
Added Net: Name=NetC35_1
Added Pin To Net: NetName=NetC47_1 Pin=C47-1
Added Pin To Net: NetName=NetC47_1 Pin=U8-10
Added Net: Name=NetC47_1
Added Pin To Net: NetName=NetC52_1 Pin=C52-1
Added Pin To Net: NetName=NetC52_1 Pin=U14-15
Added Net: Name=NetC52_1
Added Pin To Net: NetName=NetC53_1 Pin=C53-1
Added Pin To Net: NetName=NetC53_1 Pin=U14-11
Added Net: Name=NetC53_1
Added Pin To Net: NetName=NetC55_1 Pin=C55-1
Added Pin To Net: NetName=NetC55_1 Pin=U14-7
Added Net: Name=NetC55_1
Added Pin To Net: NetName=NetQ2_1 Pin=Q2-1
Added Pin To Net: NetName=NetQ2_1 Pin=R61-2
Added Pin To Net: NetName=NetQ2_1 Pin=R62-1
Added Net: Name=NetQ2_1
Added Pin To Net: NetName=NetR9_2 Pin=R9-2
Added Pin To Net: NetName=NetR9_2 Pin=R12-1
Added Pin To Net: NetName=NetR9_2 Pin=U3-3
Added Net: Name=NetR9_2
Added Pin To Net: NetName=NetR45_1 Pin=R45-1
Added Pin To Net: NetName=NetR45_1 Pin=U13-4
Added Net: Name=NetR45_1
Added Pin To Net: NetName=NetR48_1 Pin=R48-1
Added Pin To Net: NetName=NetR48_1 Pin=U11-6
Added Net: Name=NetR48_1
Added Pin To Net: NetName=NetR55_2 Pin=R55-2
Added Pin To Net: NetName=NetR55_2 Pin=R57-1
Added Pin To Net: NetName=NetR55_2 Pin=U14-12
Added Net: Name=NetR55_2
Added Pin To Net: NetName=NetR58_1 Pin=R58-1
Added Pin To Net: NetName=NetR58_1 Pin=U14-8
Added Net: Name=NetR58_1
Added Member To Class: ClassName=PWR_PROT_0 Member=Component C15 100n
Added Member To Class: ClassName=PWR_PROT_0 Member=Component C16 100n
Added Member To Class: ClassName=SD_0 Member=Component C36 10u
Added Member To Class: ClassName=SD_0 Member=Component C37 100n
Added Member To Class: ClassName=GPS_0 Member=Component C38 100n
Added Member To Class: ClassName=GPS_0 Member=Component C39 10u
Added Member To Class: ClassName=GPS_0 Member=Component C40 10n
Added Member To Class: ClassName=GPS_0 Member=Component C41 100n
Added Member To Class: ClassName=IMU_0 Member=Component C42 10n
Added Member To Class: ClassName=IMU_0 Member=Component C43 10n
Added Member To Class: ClassName=IMU_0 Member=Component C44 100n
Added Member To Class: ClassName=IMU_0 Member=Component C45 2.2uF
Added Member To Class: ClassName=IMU_0 Member=Component C46 100nF
Added Member To Class: ClassName=IMU_0 Member=Component C47 100n
Added Member To Class: ClassName=IMU_0 Member=Component C48 100nF
Added Member To Class: ClassName=IMU_0 Member=Component C49 100n
Added Member To Class: ClassName=IMU_0 Member=Component C50 100n
Added Member To Class: ClassName=PWR_PROT_1 Member=Component C51 100n
Added Member To Class: ClassName=PWR_PROT_1 Member=Component C52 100n
Added Member To Class: ClassName=PWR_PROT_1 Member=Component C53 100n
Added Member To Class: ClassName=PWR_PROT_1 Member=Component C54 100n
Added Member To Class: ClassName=PWR_PROT_1 Member=Component C55 100n
Added Member To Class: ClassName=PWR_PROT_0 Member=Component D3 MM5Z3V3T1G
Added Member To Class: ClassName=PWR_PROT_1 Member=Component Q2 BSS138W-7-F
Added Member To Class: ClassName=PWR_PROT_0 Member=Component R9 1M
Added Member To Class: ClassName=PWR_PROT_0 Member=Component R11 330
Added Member To Class: ClassName=PWR_PROT_0 Member=Component R12 680k
Added Member To Class: ClassName=PWR_PROT_0 Member=Component R13 68k
Added Member To Class: ClassName=PWR_PROT_0 Member=Component R14 110k
Added Member To Class: ClassName=PWR_PROT_0 Member=Component R15 1k
Added Member To Class: ClassName=PWR_PROT_0 Member=Component R16 100k
Added Member To Class: ClassName=PWR_PROT_0 Member=Component R18 100k
Added Member To Class: ClassName=PWR_PROT_0 Member=Component R19 1k
Added Member To Class: ClassName=PWR_PROT_0 Member=Component R20 1k
Added Member To Class: ClassName=PWR_PROT_0 Member=Component R21 100k
Added Member To Class: ClassName=SD_0 Member=Component R23 100k
Added Member To Class: ClassName=SD_0 Member=Component R24 100k
Added Member To Class: ClassName=SD_0 Member=Component R31 100k
Added Member To Class: ClassName=SD_0 Member=Component R32 100k
Added Member To Class: ClassName=SD_0 Member=Component R33 100k
Added Member To Class: ClassName=SD_0 Member=Component R34 100k
Added Member To Class: ClassName=SD_0 Member=Component R35 100k
Added Member To Class: ClassName=SD_0 Member=Component R36 100k
Added Member To Class: ClassName=GPS_0 Member=Component R37 100k
Added Member To Class: ClassName=GPS_0 Member=Component R38 10 1%
Added Member To Class: ClassName=GPS_0 Member=Component R39 1k
Added Member To Class: ClassName=GPS_0 Member=Component R40 560
Added Member To Class: ClassName=GPS_0 Member=Component R41 100k
Added Member To Class: ClassName=GPS_0 Member=Component R42 100k
Added Member To Class: ClassName=GPS_0 Member=Component R43 100k
Added Member To Class: ClassName=GPS_0 Member=Component R44 1k
Added Member To Class: ClassName=GPS_0 Member=Component R45 1k
Added Member To Class: ClassName=IMU_0 Member=Component R46 100k
Added Member To Class: ClassName=IMU_0 Member=Component R47 DNP
Added Member To Class: ClassName=IMU_0 Member=Component R48 0402 JUMPER
Added Member To Class: ClassName=IMU_0 Member=Component R49 100k
Added Member To Class: ClassName=IMU_0 Member=Component R50 DNP
Added Member To Class: ClassName=PWR_PROT_1 Member=Component R51 100k
Added Member To Class: ClassName=PWR_PROT_1 Member=Component R52 1M
Added Member To Class: ClassName=PWR_PROT_1 Member=Component R53 10k
Added Member To Class: ClassName=PWR_PROT_1 Member=Component R54 100k
Added Member To Class: ClassName=PWR_PROT_1 Member=Component R55 1M
Added Member To Class: ClassName=PWR_PROT_1 Member=Component R56 1M
Added Member To Class: ClassName=PWR_PROT_1 Member=Component R57 1M
Added Member To Class: ClassName=PWR_PROT_1 Member=Component R58 1M
Added Member To Class: ClassName=PWR_PROT_1 Member=Component R59 1k
Added Member To Class: ClassName=PWR_PROT_1 Member=Component R60 330
Added Member To Class: ClassName=PWR_PROT_1 Member=Component R61 1k
Added Member To Class: ClassName=PWR_PROT_1 Member=Component R62 100k
Added Member To Class: ClassName=PWR_PROT_0 Member=Component U3 TPS16412DRCR
Added Member To Class: ClassName=IMU_0 Member=Component U4 MMC5633NJL
Added Member To Class: ClassName=IMU_0 Member=Component U10 ICM-45686
Added Member To Class: ClassName=PWR_PROT_1 Member=Component U14 TPS259830ONRGER
