Removed Pin From Net: NetName=CAN2_P Pin=J3-5
Removed Pin From Net: NetName=CAN2_N Pin=J3-6
Removed Pin From Net: NetName=GND Pin=J3-7
Removed Pin From Net: NetName=GND Pin=J3-8
Change Component Footprint: Designator=J3 Old Footprint=FP-2053380006-MFG New Footprint=FP-205338-0004-MFG
Change Component Comment : Designator=J3 Old Comment=205338-0006 New Comment=205338-0004
Change Managed Component Library Link : Designator=J3 Old VaultGUID=B7D15EC3-160A-466F-A46C-7801FE6295A7 New VaultGUID=B7D15EC3-160A-466F-A46C-7801FE6295A7 Old ItemGUID=9987D4A2-BEE1-411D-9BB8-206619855A28 New ItemGUID=CB339C06-2384-4471-A4EA-A32ADE50C9ED Old RevisionGUID=88E28122-965A-4D9C-934B-9660BDD6F3BB New RevisionGUID=B6604574-4B2B-4263-956E-26FC375019FC
Change component parameters: Designator = "J3" ("J3"); Footprint = "FP-2053380006-MFG"; UniqueID = "\HUKFZFDY" ("\HUKFZFDY")
Added Component: Designator=P1(MOLX-53261-0271_V)
Add component (AddParameter): Name = "Brand"; Value = "Molex"; VariantName = "[No Variations]"
Add component (AddParameter): Name = "Contact Material"; Value = "PhosphorBronze"; VariantName = "[No Variations]"
Add component (AddParameter): Name = "Contact Plating"; Value = "Tin"; VariantName = "[No Variations]"
Add component (AddParameter): Name = "Current - Max"; Value = "1A"; VariantName = "[No Variations]"
Add component (AddParameter): Name = "Current Rating"; Value = "1A"; VariantName = "[No Variations]"
Add component (AddParameter): Name = "Datasheet URL"; Value = "http://www.molex.com/webdocs/datasheets/pdf/en-us/0532610271_PCB_HEADERS.pdf"; VariantName = "[No Variations]"
Add component (AddParameter): Name = "Datasheet Version"; Value = "03/2016"; VariantName = "[No Variations]"
Add component (AddParameter): Name = "Factory Pack Quantity"; Value = "1000"; VariantName = "[No Variations]"
Add component (AddParameter): Name = "Housing Material"; Value = "Thermoplastic"; VariantName = "[No Variations]"
Add component (AddParameter): Name = "Manufacturer"; Value = "Molex"; VariantName = "[No Variations]"
Add component (AddParameter): Name = "Manufacturer URL"; Value = "http://www.molex.com/"; VariantName = "[No Variations]"
Add component (AddParameter): Name = "Mounting Angle"; Value = "Right"; VariantName = "[No Variations]"
Add component (AddParameter): Name = "Mounting Style"; Value = "SMD/SMT"; VariantName = "[No Variations]"
Add component (AddParameter): Name = "Mounting Technology"; Value = "SurfaceMount"; VariantName = "[No Variations]"
Add component (AddParameter): Name = "Number of Positions"; Value = "2"; VariantName = "[No Variations]"
Add component (AddParameter): Name = "Number of Positions / Contacts"; Value = "2"; VariantName = "[No Variations]"
Add component (AddParameter): Name = "Number of Rows"; Value = "1"; VariantName = "[No Variations]"
Add component (AddParameter): Name = "Package Description"; Value = "2-Leads Header, Pitch 1.25 mm, Mated Height 3.4 mm"; VariantName = "[No Variations]"
Add component (AddParameter): Name = "Package Reference"; Value = "53261-0271"; VariantName = "[No Variations]"
Add component (AddParameter): Name = "Package URL"; Value = "http://www.molex.com/pdm_docs/sd/532610271_sd.pdf"; VariantName = "[No Variations]"
Add component (AddParameter): Name = "Package Version"; Value = "Rev. H, 11/2014"; VariantName = "[No Variations]"
Add component (AddParameter): Name = "Packaging"; Value = "Reel"; VariantName = "[No Variations]"
Add component (AddParameter): Name = "Pitch"; Value = "1.25mm"; VariantName = "[No Variations]"
Add component (AddParameter): Name = "Product Category"; Value = "1.25mmConnectors"; VariantName = "[No Variations]"
Add component (AddParameter): Name = "Product Type"; Value = "Headers"; VariantName = "[No Variations]"
Add component (AddParameter): Name = "RoHS"; Value = "Details"; VariantName = "[No Variations]"
Add component (AddParameter): Name = "Series"; Value = "53261"; VariantName = "[No Variations]"
Add component (AddParameter): Name = "Termination Style"; Value = "SMD"; VariantName = "[No Variations]"
Add component (AddParameter): Name = "Tradename"; Value = "PicoBlade"; VariantName = "[No Variations]"
Add component (AddParameter): Name = "Type"; Value = "Shrouded"; VariantName = "[No Variations]"
Add component (AddParameter): Name = "Voltage - Max"; Value = "125V"; VariantName = "[No Variations]"
Add component (AddParameter): Name = "Voltage Rating"; Value = "125V"; VariantName = "[No Variations]"
Added Pin To Net: NetName=GND Pin=J3-5
Added Pin To Net: NetName=GND Pin=J3-6
Added Pin To Net: NetName=CAN2_P Pin=P1-1
Added Pin To Net: NetName=CAN2_N Pin=P1-2
Added Pin To Net: NetName=GND Pin=P1-MP1
Added Pin To Net: NetName=GND Pin=P1-MP2
Added Member To Class: ClassName=HYDRA_V4_NAV Member=Component P1 53261-0271
