Removed Pin From Net: NetName=ACT_PWR Pin=J3-1
Removed Pin From Net: NetName=GND Pin=J3-2
Removed Pin From Net: NetName=CAN2_N Pin=J3-3
Removed Pin From Net: NetName=CAN2_P Pin=J3-4
Removed Member From Class: ClassName=PWR_PROT_1 Member=D3
Change Component Footprint: Designator=J3 Old Footprint=M80-5L10222M5-02-333-00-000-Footprint-1 New Footprint=FP-2053380006-MFG
Change Component Comment : Designator=J3 Old Comment=M80-5L10222M5-02-333-00-000 New Comment=205338-0006
Change Managed Component Library Link : Designator=J3 Old VaultGUID=275DD9A0-BDD9-47D7-8C38-F690E90B05B9 New VaultGUID=B7D15EC3-160A-466F-A46C-7801FE6295A7 Old ItemGUID=1089bf4f-09a1-4fd8-b472-de2adbfb8e92 New ItemGUID=9987D4A2-BEE1-411D-9BB8-206619855A28 Old RevisionGUID=2f35383e-cf8a-4e84-9caf-8fd2d4f642b2 New RevisionGUID=88E28122-965A-4D9C-934B-9660BDD6F3BB
Change component parameters: Designator = "J3" ("J3"); Footprint = "M80-5L10222M5-02-333-00-000-Footprint-1"; UniqueID = "\EELHBDLB" ("\EELHBDLB")
Change component parameters (AddParameter): Name = "Contact Plating"; Value = "Gold"; VariantName = "[No Variations]"
Change component parameters (AddParameter): Name = "Country of Origin"; Value = "MY"; VariantName = "[No Variations]"
Change component parameters (AddParameter): Name = "Gender"; Value = "Male"; VariantName = "[No Variations]"
Change component parameters (AddParameter): Name = "Lifecycle Status"; Value = "Production"; VariantName = "[No Variations]"
Change component parameters (AddParameter): Name = "Manufacturer Lifecycle Status"; Value = "ACTIVE"; VariantName = "[No Variations]"
Change component parameters (AddParameter): Name = "NexarPartId"; Value = "108204701"; VariantName = "[No Variations]"
Change component parameters (AddParameter): Name = "Number of Circuits"; Value = "6"; VariantName = "[No Variations]"
Change component parameters (AddParameter): Name = "Number of Rows"; Value = "1"; VariantName = "[No Variations]"
Change component parameters (AddParameter): Name = "Orientation"; Value = "Right Angle"; VariantName = "[No Variations]"
Change component parameters (AddParameter): Name = "RoHS"; Value = "Compliant"; VariantName = "[No Variations]"
Change component parameters (AddParameter): Name = "Schedule B"; Value = "8536694040"; VariantName = "[No Variations]"
Added Pin To Net: NetName=CAN2_P Pin=J3-1
Added Pin To Net: NetName=CAN2_N Pin=J3-2
Added Member To Class: ClassName=PWR_PROT_0 Member=Component C35 TBD
Added Member To Class: ClassName=PWR_PROT_1 Member=Component D5 150066RG54050
Added Member To Class: ClassName=PWR_PROT_0 Member=Component R17 1k
