Removed Pin From Net: NetName=RESETN Pin=C1-1
Removed Pin From Net: NetName=3V3 Pin=C2-1
Removed Pin From Net: NetName=GND Pin=C2-2
Removed Pin From Net: NetName=3V3 Pin=C6-1
Removed Pin From Net: NetName=GND Pin=C6-2
Removed Pin From Net: NetName=PYRO_PWR Pin=C51-1
Removed Pin From Net: NetName=VCC Pin=D1-3
Removed Pin From Net: NetName=RF_IN Pin=J7-1
Removed Pin From Net: NetName=RF_IN Pin=L1-2
Removed Pin From Net: NetName=GND Pin=Q1-2
Removed Pin From Net: NetName=GND Pin=Q17-2
Removed Pin From Net: NetName=CAN1_P Pin=R3-1
Removed Pin From Net: NetName=CAN1_N Pin=R3-2
Removed Pin From Net: NetName=CAN2_P Pin=R4-1
Removed Pin From Net: NetName=CAN2_N Pin=R4-2
Removed Pin From Net: NetName=CAN0_P Pin=R5-1
Removed Pin From Net: NetName=CAN0_N Pin=R5-2
Removed Pin From Net: NetName=VCC Pin=R6-1
Removed Pin From Net: NetName=NetC25_1 Pin=R6-2
Removed Pin From Net: NetName=NetC25_1 Pin=R7-2
Removed Pin From Net: NetName=NetD1_1 Pin=R11-1
Removed Pin From Net: NetName=GND Pin=R11-2
Removed Pin From Net: NetName=NetD1_4 Pin=R15-1
Removed Pin From Net: NetName=PRE_3V3 Pin=R16-2
Removed Pin From Net: NetName=nSHDN Pin=R17-1
Removed Pin From Net: NetName=VCC Pin=R18-2
Removed Pin From Net: NetName=3V3_nFLT Pin=R20-1
Removed Pin From Net: NetName=NetQ17_1 Pin=R20-2
Removed Pin From Net: NetName=GND Pin=R21-1
Removed Pin From Net: NetName=SD_CD Pin=R36-1
Removed Pin From Net: NetName=GND Pin=R36-2
Removed Pin From Net: NetName=PYRO_PWR Pin=R52-1
Removed Pin From Net: NetName=SD_CMD Pin=U1-82
Removed Pin From Net: NetName=IMU1_INT1 Pin=U1-83
Removed Pin From Net: NetName=TXD Pin=U1-95
Removed Pin From Net: NetName=RXD Pin=U1-96
Removed Pin From Net: NetName=GND Pin=U2-2
Removed Pin From Net: NetName=3V3 Pin=U2-3
Removed Pin From Net: NetName=CAN1_N Pin=U2-6
Removed Pin From Net: NetName=CAN1_P Pin=U2-7
Removed Pin From Net: NetName=GND Pin=U5-2
Removed Pin From Net: NetName=3V3 Pin=U5-3
Removed Pin From Net: NetName=CAN2_N Pin=U5-6
Removed Pin From Net: NetName=CAN2_P Pin=U5-7
Removed Pin From Net: NetName=PYRO_PWR Pin=U14-1
Removed Pin From Net: NetName=PYRO_PWR Pin=U14-2
Removed Pin From Net: NetName=PYRO_PWR Pin=U14-3
Removed Pin From Net: NetName=PYRO_PWR Pin=U14-16
Removed Pin From Net: NetName=PYRO_PWR Pin=U14-25
Removed Member From Class: ClassName=MCU_0 Member=C1
Removed Member From Class: ClassName=MCU_0 Member=C2
Removed Member From Class: ClassName=MCU_0 Member=C6
Removed Member From Class: ClassName=MCU_0 Member=C22
Removed Member From Class: ClassName=MCU_0 Member=C23
Removed Member From Class: ClassName=MCU_0 Member=C24
Removed Member From Class: ClassName=MCU_0 Member=C25
Removed Member From Class: ClassName=MCU_0 Member=D2
Removed Member From Class: ClassName=MCU_0 Member=D4
Removed Member From Class: ClassName=PWR_PROT_0 Member=Q1
Removed Member From Class: ClassName=MCU_0 Member=R3
Removed Member From Class: ClassName=MCU_0 Member=R4
Removed Member From Class: ClassName=MCU_0 Member=R5
Removed Member From Class: ClassName=MCU_0 Member=R6
Removed Member From Class: ClassName=MCU_0 Member=R7
Removed Member From Class: ClassName=PWR_PROT_0 Member=R16
Removed Member From Class: ClassName=PWR_PROT_0 Member=R17
Removed Member From Class: ClassName=PWR_PROT_0 Member=R19
Removed Member From Class: ClassName=PWR_PROT_0 Member=R21
Removed Member From Class: ClassName=MCU_0 Member=R22
Removed Member From Class: ClassName=MCU_0 Member=R25
Removed Member From Class: ClassName=MCU_0 Member=R28
Removed Member From Class: ClassName=MCU_0 Member=R30
Removed Member From Class: ClassName=SD_0 Member=R36
Removed Member From Class: ClassName=MCU_0 Member=SW1
Removed Member From Class: ClassName=MCU_0 Member=U2
Removed Member From Class: ClassName=MCU_0 Member=U5
Removed Member From Class: ClassName=MCU_0 Member=U6
Removed Member From Class: ClassName=50SINGLE Member=RF_IN
Change Component Footprint: Designator=R16 Old Footprint=R0603B New Footprint=RESC1005X40X25ML05T05
Change Component Footprint: Designator=R17 Old Footprint=R0603B New Footprint=RESC1005X40X25ML05T05
Change Component Comment : Designator=R19 Old Comment=1k New Comment=1M
Change Component Comment : Designator=R20 Old Comment=1k New Comment=100k
Change Component Comment : Designator=R17 Old Comment=1k New Comment=0402 JUMPER
Change Component Comment : Designator=C45 Old Comment=2.2uF New Comment=2.2u
Change Component Comment : Designator=R18 Old Comment=100k New Comment=1k
Change Component Comment : Designator=R16 Old Comment=100k New Comment=0402 JUMPER
Change Component Comment : Designator=C46 Old Comment=100nF New Comment=100n
Change Component Comment : Designator=C48 Old Comment=100nF New Comment=100n
Change Component Comment : Designator=R38 Old Comment=10 1% New Comment=10
Change Component Comment : Designator=R4 Old Comment=120 New Comment=1k
Change Component Comment : Designator=Q17 Old Comment=BSS138W-7-F New Comment=DMG1013UW-7
Change Managed Component Library Link : Designator=Q17 Old VaultGUID=B7D15EC3-160A-466F-A46C-7801FE6295A7 New VaultGUID=B7D15EC3-160A-466F-A46C-7801FE6295A7 Old ItemGUID=E43B711F-9D7F-4DC2-83D0-FE0E0F62DFE0 New ItemGUID=323A064C-5ED1-4745-AFF8-A00B14BB63CF Old RevisionGUID=8B061751-CCAB-4250-A299-40A33A9C12C5 New RevisionGUID=5F61A8C0-40B1-4BB8-B0D4-7F8265A395CD
Change Managed Component Library Link : Designator=R16 Old VaultGUID=275DD9A0-BDD9-47D7-8C38-F690E90B05B9 New VaultGUID=275DD9A0-BDD9-47D7-8C38-F690E90B05B9 Old ItemGUID=49d766e2-581c-4c96-aaa1-460fe4f68bd5 New ItemGUID=F8B34B82-B3D3-4DF5-8E96-FE96C5DB53DB Old RevisionGUID=bfd2fe04-7109-4f6a-bd8a-b556a03fad7f New RevisionGUID=f4f00d8f-6166-4958-980a-108feff73b96
Change Managed Component Library Link : Designator=R17 Old VaultGUID=275DD9A0-BDD9-47D7-8C38-F690E90B05B9 New VaultGUID=275DD9A0-BDD9-47D7-8C38-F690E90B05B9 Old ItemGUID=49d766e2-581c-4c96-aaa1-460fe4f68bd5 New ItemGUID=F8B34B82-B3D3-4DF5-8E96-FE96C5DB53DB Old RevisionGUID=bfd2fe04-7109-4f6a-bd8a-b556a03fad7f New RevisionGUID=f4f00d8f-6166-4958-980a-108feff73b96
Change component parameters: Designator = "Q17" ("Q17"); Footprint = "DIOD-SOT323-3_V"; UniqueID = "\SGKMVKYS\RQZRFCPS" ("\SGKMVKYS\RQZRFCPS")
Change component parameters (AddParameter): Name = "Channel Type"; Value = "P-Channel"; VariantName = "[No Variations]"
Change component parameters (AddParameter): Name = "Datasheet URL"; Value = "http://www.diodes.com/_files/datasheets/ds31861.pdf"; VariantName = "[No Variations]"
Change component parameters (AddParameter): Name = "Datasheet Version"; Value = "Rev. 3-2, 09/2013"; VariantName = "[No Variations]"
Change component parameters (AddParameter): Name = "Drain-Source On Resistance-Max"; Value = "750mO"; VariantName = "[No Variations]"
Change component parameters (AddParameter): Name = "Drain-to-Source Voltage [Vdss]"; Value = "20V"; VariantName = "[No Variations]"
Change component parameters (AddParameter): Name = "Manufacturer"; Value = "Diodes Inc"; VariantName = "[No Variations]"
Change component parameters (AddParameter): Name = "Manufacturer URL"; Value = "http://www.diodes.com/"; VariantName = "[No Variations]"
Change component parameters (AddParameter): Name = "Mounting Technology"; Value = "SurfaceMount"; VariantName = "[No Variations]"
Change component parameters (AddParameter): Name = "Package Description"; Value = "3-Pin Small Outline Transistor, Body 2 x 1.25 mm, Pitch 0.65 mm"; VariantName = "[No Variations]"
Change component parameters (AddParameter): Name = "Package Reference"; Value = "SOT323"; VariantName = "[No Variations]"
Change component parameters (AddParameter): Name = "Qg Gate Charge"; Value = "0.622nC"; VariantName = "[No Variations]"
Change component parameters (AddParameter): Name = "Rated Power Dissipation"; Value = "310mW"; VariantName = "[No Variations]"
Change component parameters: Designator = "R16" ("R16"); Footprint = "R0603B"; UniqueID = "\WYSZQGVR\FVTKPZQZ" ("\WYSZQGVR\FVTKPZQZ")
Change component parameters (AddParameter): Name = "Case/Package"; Value = ""; VariantName = "[No Variations]"
Change component parameters (AddParameter): Name = "Component Type"; Value = "Standard"; VariantName = "[No Variations]"
Change component parameters (AddParameter): Name = "Design Item ID"; Value = "CMP-009-00206-2"; VariantName = "[No Variations]"
Change component parameters (AddParameter): Name = "Max Operating Temperature"; Value = ""; VariantName = "[No Variations]"
Change component parameters (AddParameter): Name = "Min Operating Temperature"; Value = ""; VariantName = "[No Variations]"
Change component parameters (AddParameter): Name = "Mounting Technology"; Value = ""; VariantName = "[No Variations]"
Change component parameters (AddParameter): Name = "Pins"; Value = "2"; VariantName = "[No Variations]"
Change component parameters (AddParameter): Name = "Power"; Value = ""; VariantName = "[No Variations]"
Change component parameters (AddParameter): Name = "RoHS Compliant"; Value = ""; VariantName = "[No Variations]"
Change component parameters (AddParameter): Name = "Source"; Value = "0402jump.SchLib"; VariantName = "[No Variations]"
Change component parameters (AddParameter): Name = "Tolerance"; Value = ""; VariantName = "[No Variations]"
Change component parameters (AddParameter): Name = "Value"; Value = ""; VariantName = "[No Variations]"
Change component parameters (AddParameter): Name = "Voltage Rating"; Value = ""; VariantName = "[No Variations]"
Change component parameters: Designator = "R17" ("R17"); Footprint = "R0603B"; UniqueID = "\WYSZQGVR\PXTPREAY" ("\WYSZQGVR\PXTPREAY")
Change component parameters (AddParameter): Name = "Case/Package"; Value = ""; VariantName = "[No Variations]"
Change component parameters (AddParameter): Name = "Component Type"; Value = "Standard"; VariantName = "[No Variations]"
Change component parameters (AddParameter): Name = "Design Item ID"; Value = "CMP-009-00206-2"; VariantName = "[No Variations]"
Change component parameters (AddParameter): Name = "Max Operating Temperature"; Value = ""; VariantName = "[No Variations]"
Change component parameters (AddParameter): Name = "Min Operating Temperature"; Value = ""; VariantName = "[No Variations]"
Change component parameters (AddParameter): Name = "Mounting Technology"; Value = ""; VariantName = "[No Variations]"
Change component parameters (AddParameter): Name = "Pins"; Value = "2"; VariantName = "[No Variations]"
Change component parameters (AddParameter): Name = "Power"; Value = ""; VariantName = "[No Variations]"
Change component parameters (AddParameter): Name = "RoHS Compliant"; Value = ""; VariantName = "[No Variations]"
Change component parameters (AddParameter): Name = "Source"; Value = "0402jump.SchLib"; VariantName = "[No Variations]"
Change component parameters (AddParameter): Name = "Tolerance"; Value = ""; VariantName = "[No Variations]"
Change component parameters (AddParameter): Name = "Value"; Value = ""; VariantName = "[No Variations]"
Change component parameters (AddParameter): Name = "Voltage Rating"; Value = ""; VariantName = "[No Variations]"
Added Component: Designator=C2_FDCAN_1(FP-0402-L_1_0_0_05-W_0_5-IPC_A)
Add component (AddParameter): Name = "Capacitor Type"; Value = "Ceramic"; VariantName = "[No Variations]"
Add component (AddParameter): Name = "Case/Package"; Value = "0402"; VariantName = "[No Variations]"
Add component (AddParameter): Name = "Max Operating Temperature"; Value = "85°C"; VariantName = "[No Variations]"
Add component (AddParameter): Name = "Min Operating Temperature"; Value = "-55°C"; VariantName = "[No Variations]"
Add component (AddParameter): Name = "Mounting Technology"; Value = "Surface Mount"; VariantName = "[No Variations]"
Add component (AddParameter): Name = "Pins"; Value = "2"; VariantName = "[No Variations]"
Add component (AddParameter): Name = "RoHS Compliant"; Value = "Yes"; VariantName = "[No Variations]"
Add component (AddParameter): Name = "Tolerance"; Value = ""; VariantName = "[No Variations]"
Add component (AddParameter): Name = "Value"; Value = ""; VariantName = "[No Variations]"
Add component (AddParameter): Name = "Voltage Rating"; Value = ""; VariantName = "[No Variations]"
Added Component: Designator=C2_FDCAN_2(FP-0402-L_1_0_0_05-W_0_5-IPC_A)
Add component (AddParameter): Name = "Capacitor Type"; Value = "Ceramic"; VariantName = "[No Variations]"
Add component (AddParameter): Name = "Case/Package"; Value = "0402"; VariantName = "[No Variations]"
Add component (AddParameter): Name = "Max Operating Temperature"; Value = "85°C"; VariantName = "[No Variations]"
Add component (AddParameter): Name = "Min Operating Temperature"; Value = "-55°C"; VariantName = "[No Variations]"
Add component (AddParameter): Name = "Mounting Technology"; Value = "Surface Mount"; VariantName = "[No Variations]"
Add component (AddParameter): Name = "Pins"; Value = "2"; VariantName = "[No Variations]"
Add component (AddParameter): Name = "RoHS Compliant"; Value = "Yes"; VariantName = "[No Variations]"
Add component (AddParameter): Name = "Tolerance"; Value = ""; VariantName = "[No Variations]"
Add component (AddParameter): Name = "Value"; Value = ""; VariantName = "[No Variations]"
Add component (AddParameter): Name = "Voltage Rating"; Value = ""; VariantName = "[No Variations]"
Added Component: Designator=C30(FP-0402-L_1_0_0_05-W_0_5-IPC_A)
Add component (AddParameter): Name = "Capacitor Type"; Value = "Ceramic"; VariantName = "[No Variations]"
Add component (AddParameter): Name = "Case/Package"; Value = "0402"; VariantName = "[No Variations]"
Add component (AddParameter): Name = "Max Operating Temperature"; Value = "85°C"; VariantName = "[No Variations]"
Add component (AddParameter): Name = "Min Operating Temperature"; Value = "-55°C"; VariantName = "[No Variations]"
Add component (AddParameter): Name = "Mounting Technology"; Value = "Surface Mount"; VariantName = "[No Variations]"
Add component (AddParameter): Name = "Pins"; Value = "2"; VariantName = "[No Variations]"
Add component (AddParameter): Name = "RoHS Compliant"; Value = "Yes"; VariantName = "[No Variations]"
Add component (AddParameter): Name = "Tolerance"; Value = ""; VariantName = "[No Variations]"
Add component (AddParameter): Name = "Value"; Value = ""; VariantName = "[No Variations]"
Add component (AddParameter): Name = "Voltage Rating"; Value = ""; VariantName = "[No Variations]"
Added Component: Designator=C31(FP-0402-L_1_0_0_05-W_0_5-IPC_A)
Add component (AddParameter): Name = "Capacitor Type"; Value = "Ceramic"; VariantName = "[No Variations]"
Add component (AddParameter): Name = "Case/Package"; Value = "0402"; VariantName = "[No Variations]"
Add component (AddParameter): Name = "Max Operating Temperature"; Value = "85°C"; VariantName = "[No Variations]"
Add component (AddParameter): Name = "Min Operating Temperature"; Value = "-55°C"; VariantName = "[No Variations]"
Add component (AddParameter): Name = "Mounting Technology"; Value = "Surface Mount"; VariantName = "[No Variations]"
Add component (AddParameter): Name = "Pins"; Value = "2"; VariantName = "[No Variations]"
Add component (AddParameter): Name = "RoHS Compliant"; Value = "Yes"; VariantName = "[No Variations]"
Add component (AddParameter): Name = "Tolerance"; Value = ""; VariantName = "[No Variations]"
Add component (AddParameter): Name = "Value"; Value = ""; VariantName = "[No Variations]"
Add component (AddParameter): Name = "Voltage Rating"; Value = ""; VariantName = "[No Variations]"
Added Component: Designator=C32(FP-0402-L_1_0_0_05-W_0_5-IPC_A)
Add component (AddParameter): Name = "Capacitor Type"; Value = "Ceramic"; VariantName = "[No Variations]"
Add component (AddParameter): Name = "Case/Package"; Value = "0402"; VariantName = "[No Variations]"
Add component (AddParameter): Name = "Max Operating Temperature"; Value = "85°C"; VariantName = "[No Variations]"
Add component (AddParameter): Name = "Min Operating Temperature"; Value = "-55°C"; VariantName = "[No Variations]"
Add component (AddParameter): Name = "Mounting Technology"; Value = "Surface Mount"; VariantName = "[No Variations]"
Add component (AddParameter): Name = "Pins"; Value = "2"; VariantName = "[No Variations]"
Add component (AddParameter): Name = "RoHS Compliant"; Value = "Yes"; VariantName = "[No Variations]"
Add component (AddParameter): Name = "Tolerance"; Value = ""; VariantName = "[No Variations]"
Add component (AddParameter): Name = "Value"; Value = ""; VariantName = "[No Variations]"
Add component (AddParameter): Name = "Voltage Rating"; Value = ""; VariantName = "[No Variations]"
Added Component: Designator=C33(FP-0402-L_1_0_0_05-W_0_5-IPC_A)
Add component (AddParameter): Name = "Capacitor Type"; Value = "Ceramic"; VariantName = "[No Variations]"
Add component (AddParameter): Name = "Case/Package"; Value = "0402"; VariantName = "[No Variations]"
Add component (AddParameter): Name = "Max Operating Temperature"; Value = "85°C"; VariantName = "[No Variations]"
Add component (AddParameter): Name = "Min Operating Temperature"; Value = "-55°C"; VariantName = "[No Variations]"
Add component (AddParameter): Name = "Mounting Technology"; Value = "Surface Mount"; VariantName = "[No Variations]"
Add component (AddParameter): Name = "Pins"; Value = "2"; VariantName = "[No Variations]"
Add component (AddParameter): Name = "RoHS Compliant"; Value = "Yes"; VariantName = "[No Variations]"
Add component (AddParameter): Name = "Tolerance"; Value = ""; VariantName = "[No Variations]"
Add component (AddParameter): Name = "Value"; Value = ""; VariantName = "[No Variations]"
Add component (AddParameter): Name = "Voltage Rating"; Value = ""; VariantName = "[No Variations]"
Added Component: Designator=D3(ONSC-SOD-523-2-502-01_V)
Add component (AddParameter): Name = "ComponentLink1Description"; Value = "Manufacturer URL"; VariantName = "[No Variations]"
Add component (AddParameter): Name = "ComponentLink1URL"; Value = "http://www.onsemi.com/"; VariantName = "[No Variations]"
Add component (AddParameter): Name = "ComponentLink2Description"; Value = "Datasheet"; VariantName = "[No Variations]"
Add component (AddParameter): Name = "ComponentLink2URL"; Value = "http://www.onsemi.cn/pub_link/Collateral/MM5Z2V4T1-D.PDF"; VariantName = "[No Variations]"
Add component (AddParameter): Name = "ComponentLink3Description"; Value = "Package Specification"; VariantName = "[No Variations]"
Add component (AddParameter): Name = "ComponentLink3URL"; Value = "http://www.onsemi.com/pub_link/Collateral/502-01.PDF"; VariantName = "[No Variations]"
Add component (AddParameter): Name = "DatasheetVersion"; Value = "Rev. 10"; VariantName = "[No Variations]"
Add component (AddParameter): Name = "Manufacturer"; Value = "On Semiconductor"; VariantName = "[No Variations]"
Add component (AddParameter): Name = "Mounting Technology"; Value = "Surface Mount"; VariantName = "[No Variations]"
Add component (AddParameter): Name = "P Max (W)"; Value = "0.5"; VariantName = "[No Variations]"
Add component (AddParameter): Name = "PackageDescription"; Value = "2-Pin SOD, Body 1.2 x 0.8 mm"; VariantName = "[No Variations]"
Add component (AddParameter): Name = "PackageReference"; Value = "SOD-523-2-502-01"; VariantName = "[No Variations]"
Add component (AddParameter): Name = "PackageVersion"; Value = "Rev. E, 09/2010"; VariantName = "[No Variations]"
Add component (AddParameter): Name = "Packing"; Value = "Tape and Reel"; VariantName = "[No Variations]"
Add component (AddParameter): Name = "PartNumber"; Value = "MM5Z3V3T1G"; VariantName = "[No Variations]"
Add component (AddParameter): Name = "RoHS"; Value = "Pb-Free"; VariantName = "[No Variations]"
Add component (AddParameter): Name = "VZ Typ (V)"; Value = "3.3"; VariantName = "[No Variations]"
Added Component: Designator=F1(FP-0466-MFG)
Add component (AddParameter): Name = "Automotive"; Value = "No"; VariantName = "[No Variations]"
Add component (AddParameter): Name = "Category"; Value = "Fuse"; VariantName = "[No Variations]"
Add component (AddParameter): Name = "ComponentLink2Description"; Value = "Datasheet"; VariantName = "[No Variations]"
Add component (AddParameter): Name = "ComponentLink2URL"; Value = "https://www.littelfuse.com/~/media/electronics/datasheets/fuses/littelfuse_fuse_466_datasheet.pdf.pdf"; VariantName = "[No Variations]"
Add component (AddParameter): Name = "Device Class L1"; Value = "Circuit Protection"; VariantName = "[No Variations]"
Add component (AddParameter): Name = "Device Class L2"; Value = "Fuses"; VariantName = "[No Variations]"
Add component (AddParameter): Name = "Device Class L3"; Value = "unset"; VariantName = "[No Variations]"
Add component (AddParameter): Name = "Digikey Description"; Value = "FUSE BOARD MNT 5A 32VAC/VDC 1206"; VariantName = "[No Variations]"
Add component (AddParameter): Name = "Fuse Blow Speed"; Value = "Fast"; VariantName = "[No Variations]"
Add component (AddParameter): Name = "Fuse Current"; Value = "5A"; VariantName = "[No Variations]"
Add component (AddParameter): Name = "Fuse I2T"; Value = "2.5A2Sec"; VariantName = "[No Variations]"
Add component (AddParameter): Name = "Fuse Interrupt Ac Current"; Value = "50A"; VariantName = "[No Variations]"
Add component (AddParameter): Name = "Fuse Interrupt Dc Current"; Value = "50A"; VariantName = "[No Variations]"
Add component (AddParameter): Name = "Fuse Voltage Drop"; Value = "73.75mV"; VariantName = "[No Variations]"
Add component (AddParameter): Name = "Height"; Value = "0.66mm"; VariantName = "[No Variations]"
Add component (AddParameter): Name = "Lead Free"; Value = "Yes"; VariantName = "[No Variations]"
Add component (AddParameter): Name = "Manufacturer"; Value = "Littelfuse Inc"; VariantName = "[No Variations]"
Add component (AddParameter): Name = "Manufacturer Part Number"; Value = "0466005.NR"; VariantName = "[No Variations]"
Add component (AddParameter): Name = "Max Fuse Ac Voltage"; Value = "32V"; VariantName = "[No Variations]"
Add component (AddParameter): Name = "Max Fuse Dc Voltage"; Value = "32V"; VariantName = "[No Variations]"
Add component (AddParameter): Name = "Mouser Description"; Value = "Surface Mount Fuses 32V 5A VFA Slimline"; VariantName = "[No Variations]"
Add component (AddParameter): Name = "Octopart"; Value = "https://octopart.com/0466005.nr-littelfuse-143206"; VariantName = "[No Variations]"
Add component (AddParameter): Name = "Package"; Value = "0466"; VariantName = "[No Variations]"
Add component (AddParameter): Name = "Resistance"; Value = "0.011O"; VariantName = "[No Variations]"
Add component (AddParameter): Name = "RoHS"; Value = "TRUE"; VariantName = "[No Variations]"
Add component (AddParameter): Name = "Temperature"; Value = "-55°C to +90°C"; VariantName = "[No Variations]"
Add component (AddParameter): Name = "Temperature Range High"; Value = "+90°C"; VariantName = "[No Variations]"
Add component (AddParameter): Name = "Temperature Range Low"; Value = "-55°C"; VariantName = "[No Variations]"
Add component (AddParameter): Name = "Value"; Value = "0.011O"; VariantName = "[No Variations]"
Add component (AddParameter): Name = "Voltage Rating"; Value = "32V"; VariantName = "[No Variations]"
Added Component: Designator=R3_FDCAN_1(R0603B)
Add component (AddParameter): Name = "Contact Finish"; Value = ""; VariantName = "[No Variations]"
Add component (AddParameter): Name = "FIT"; Value = ""; VariantName = "[No Variations]"
Add component (AddParameter): Name = "Materials"; Value = ""; VariantName = "[No Variations]"
Add component (AddParameter): Name = "Max Operating Temperature"; Value = ""; VariantName = "[No Variations]"
Add component (AddParameter): Name = "MFR"; Value = ""; VariantName = "[No Variations]"
Add component (AddParameter): Name = "MFR PN"; Value = ""; VariantName = "[No Variations]"
Add component (AddParameter): Name = "Min Operating Temperature"; Value = ""; VariantName = "[No Variations]"
Add component (AddParameter): Name = "Mounting Technology"; Value = ""; VariantName = "[No Variations]"
Add component (AddParameter): Name = "Note"; Value = ""; VariantName = "[No Variations]"
Add component (AddParameter): Name = "Package"; Value = ""; VariantName = "[No Variations]"
Add component (AddParameter): Name = "Pins"; Value = ""; VariantName = "[No Variations]"
Add component (AddParameter): Name = "Power"; Value = ""; VariantName = "[No Variations]"
Add component (AddParameter): Name = "Rating"; Value = ""; VariantName = "[No Variations]"
Add component (AddParameter): Name = "RoHS Compliant"; Value = ""; VariantName = "[No Variations]"
Add component (AddParameter): Name = "Temperature Coefficient"; Value = ""; VariantName = "[No Variations]"
Add component (AddParameter): Name = "Tolerance"; Value = ""; VariantName = "[No Variations]"
Add component (AddParameter): Name = "Type"; Value = ""; VariantName = "[No Variations]"
Add component (AddParameter): Name = "Value"; Value = ""; VariantName = "[No Variations]"
Add component (AddParameter): Name = "Voltage Rating"; Value = ""; VariantName = "[No Variations]"
Add component (AddParameter): Name = "Weight"; Value = ""; VariantName = "[No Variations]"
Added Component: Designator=R3_FDCAN_2(R0603B)
Add component (AddParameter): Name = "Contact Finish"; Value = ""; VariantName = "[No Variations]"
Add component (AddParameter): Name = "FIT"; Value = ""; VariantName = "[No Variations]"
Add component (AddParameter): Name = "Materials"; Value = ""; VariantName = "[No Variations]"
Add component (AddParameter): Name = "Max Operating Temperature"; Value = ""; VariantName = "[No Variations]"
Add component (AddParameter): Name = "MFR"; Value = ""; VariantName = "[No Variations]"
Add component (AddParameter): Name = "MFR PN"; Value = ""; VariantName = "[No Variations]"
Add component (AddParameter): Name = "Min Operating Temperature"; Value = ""; VariantName = "[No Variations]"
Add component (AddParameter): Name = "Mounting Technology"; Value = ""; VariantName = "[No Variations]"
Add component (AddParameter): Name = "Note"; Value = ""; VariantName = "[No Variations]"
Add component (AddParameter): Name = "Package"; Value = ""; VariantName = "[No Variations]"
Add component (AddParameter): Name = "Pins"; Value = ""; VariantName = "[No Variations]"
Add component (AddParameter): Name = "Power"; Value = ""; VariantName = "[No Variations]"
Add component (AddParameter): Name = "Rating"; Value = ""; VariantName = "[No Variations]"
Add component (AddParameter): Name = "RoHS Compliant"; Value = ""; VariantName = "[No Variations]"
Add component (AddParameter): Name = "Temperature Coefficient"; Value = ""; VariantName = "[No Variations]"
Add component (AddParameter): Name = "Tolerance"; Value = ""; VariantName = "[No Variations]"
Add component (AddParameter): Name = "Type"; Value = ""; VariantName = "[No Variations]"
Add component (AddParameter): Name = "Value"; Value = ""; VariantName = "[No Variations]"
Add component (AddParameter): Name = "Voltage Rating"; Value = ""; VariantName = "[No Variations]"
Add component (AddParameter): Name = "Weight"; Value = ""; VariantName = "[No Variations]"
Added Component: Designator=R8(R0603B)
Add component (AddParameter): Name = "Contact Finish"; Value = ""; VariantName = "[No Variations]"
Add component (AddParameter): Name = "FIT"; Value = ""; VariantName = "[No Variations]"
Add component (AddParameter): Name = "Materials"; Value = ""; VariantName = "[No Variations]"
Add component (AddParameter): Name = "Max Operating Temperature"; Value = ""; VariantName = "[No Variations]"
Add component (AddParameter): Name = "MFR"; Value = ""; VariantName = "[No Variations]"
Add component (AddParameter): Name = "MFR PN"; Value = ""; VariantName = "[No Variations]"
Add component (AddParameter): Name = "Min Operating Temperature"; Value = ""; VariantName = "[No Variations]"
Add component (AddParameter): Name = "Mounting Technology"; Value = ""; VariantName = "[No Variations]"
Add component (AddParameter): Name = "Note"; Value = ""; VariantName = "[No Variations]"
Add component (AddParameter): Name = "Package"; Value = ""; VariantName = "[No Variations]"
Add component (AddParameter): Name = "Pins"; Value = ""; VariantName = "[No Variations]"
Add component (AddParameter): Name = "Power"; Value = ""; VariantName = "[No Variations]"
Add component (AddParameter): Name = "Rating"; Value = ""; VariantName = "[No Variations]"
Add component (AddParameter): Name = "RoHS Compliant"; Value = ""; VariantName = "[No Variations]"
Add component (AddParameter): Name = "Temperature Coefficient"; Value = ""; VariantName = "[No Variations]"
Add component (AddParameter): Name = "Tolerance"; Value = ""; VariantName = "[No Variations]"
Add component (AddParameter): Name = "Type"; Value = ""; VariantName = "[No Variations]"
Add component (AddParameter): Name = "Value"; Value = ""; VariantName = "[No Variations]"
Add component (AddParameter): Name = "Voltage Rating"; Value = ""; VariantName = "[No Variations]"
Add component (AddParameter): Name = "Weight"; Value = ""; VariantName = "[No Variations]"
Added Component: Designator=R10(RESC1005X40X25ML05T05)
Add component (AddParameter): Name = "Case/Package"; Value = ""; VariantName = "[No Variations]"
Add component (AddParameter): Name = "Component Type"; Value = "Standard"; VariantName = "[No Variations]"
Add component (AddParameter): Name = "Design Item ID"; Value = "CMP-009-00206-2"; VariantName = "[No Variations]"
Add component (AddParameter): Name = "Max Operating Temperature"; Value = ""; VariantName = "[No Variations]"
Add component (AddParameter): Name = "Min Operating Temperature"; Value = ""; VariantName = "[No Variations]"
Add component (AddParameter): Name = "Mounting Technology"; Value = ""; VariantName = "[No Variations]"
Add component (AddParameter): Name = "Pins"; Value = "2"; VariantName = "[No Variations]"
Add component (AddParameter): Name = "Power"; Value = ""; VariantName = "[No Variations]"
Add component (AddParameter): Name = "RoHS Compliant"; Value = ""; VariantName = "[No Variations]"
Add component (AddParameter): Name = "Source"; Value = "0402jump.SchLib"; VariantName = "[No Variations]"
Add component (AddParameter): Name = "Tolerance"; Value = ""; VariantName = "[No Variations]"
Add component (AddParameter): Name = "Value"; Value = ""; VariantName = "[No Variations]"
Add component (AddParameter): Name = "Voltage Rating"; Value = ""; VariantName = "[No Variations]"
Added Component: Designator=R51(R0603B)
Add component (AddParameter): Name = "Contact Finish"; Value = ""; VariantName = "[No Variations]"
Add component (AddParameter): Name = "FIT"; Value = ""; VariantName = "[No Variations]"
Add component (AddParameter): Name = "Materials"; Value = ""; VariantName = "[No Variations]"
Add component (AddParameter): Name = "Max Operating Temperature"; Value = ""; VariantName = "[No Variations]"
Add component (AddParameter): Name = "MFR"; Value = ""; VariantName = "[No Variations]"
Add component (AddParameter): Name = "MFR PN"; Value = ""; VariantName = "[No Variations]"
Add component (AddParameter): Name = "Min Operating Temperature"; Value = ""; VariantName = "[No Variations]"
Add component (AddParameter): Name = "Mounting Technology"; Value = ""; VariantName = "[No Variations]"
Add component (AddParameter): Name = "Note"; Value = ""; VariantName = "[No Variations]"
Add component (AddParameter): Name = "Package"; Value = ""; VariantName = "[No Variations]"
Add component (AddParameter): Name = "Pins"; Value = ""; VariantName = "[No Variations]"
Add component (AddParameter): Name = "Power"; Value = ""; VariantName = "[No Variations]"
Add component (AddParameter): Name = "Rating"; Value = ""; VariantName = "[No Variations]"
Add component (AddParameter): Name = "RoHS Compliant"; Value = ""; VariantName = "[No Variations]"
Add component (AddParameter): Name = "Temperature Coefficient"; Value = ""; VariantName = "[No Variations]"
Add component (AddParameter): Name = "Tolerance"; Value = ""; VariantName = "[No Variations]"
Add component (AddParameter): Name = "Type"; Value = ""; VariantName = "[No Variations]"
Add component (AddParameter): Name = "Value"; Value = ""; VariantName = "[No Variations]"
Add component (AddParameter): Name = "Voltage Rating"; Value = ""; VariantName = "[No Variations]"
Add component (AddParameter): Name = "Weight"; Value = ""; VariantName = "[No Variations]"
Added Component: Designator=R53(R0603B)
Add component (AddParameter): Name = "Contact Finish"; Value = ""; VariantName = "[No Variations]"
Add component (AddParameter): Name = "FIT"; Value = ""; VariantName = "[No Variations]"
Add component (AddParameter): Name = "Materials"; Value = ""; VariantName = "[No Variations]"
Add component (AddParameter): Name = "Max Operating Temperature"; Value = ""; VariantName = "[No Variations]"
Add component (AddParameter): Name = "MFR"; Value = ""; VariantName = "[No Variations]"
Add component (AddParameter): Name = "MFR PN"; Value = ""; VariantName = "[No Variations]"
Add component (AddParameter): Name = "Min Operating Temperature"; Value = ""; VariantName = "[No Variations]"
Add component (AddParameter): Name = "Mounting Technology"; Value = ""; VariantName = "[No Variations]"
Add component (AddParameter): Name = "Note"; Value = ""; VariantName = "[No Variations]"
Add component (AddParameter): Name = "Package"; Value = ""; VariantName = "[No Variations]"
Add component (AddParameter): Name = "Pins"; Value = ""; VariantName = "[No Variations]"
Add component (AddParameter): Name = "Power"; Value = ""; VariantName = "[No Variations]"
Add component (AddParameter): Name = "Rating"; Value = ""; VariantName = "[No Variations]"
Add component (AddParameter): Name = "RoHS Compliant"; Value = ""; VariantName = "[No Variations]"
Add component (AddParameter): Name = "Temperature Coefficient"; Value = ""; VariantName = "[No Variations]"
Add component (AddParameter): Name = "Tolerance"; Value = ""; VariantName = "[No Variations]"
Add component (AddParameter): Name = "Type"; Value = ""; VariantName = "[No Variations]"
Add component (AddParameter): Name = "Value"; Value = ""; VariantName = "[No Variations]"
Add component (AddParameter): Name = "Voltage Rating"; Value = ""; VariantName = "[No Variations]"
Add component (AddParameter): Name = "Weight"; Value = ""; VariantName = "[No Variations]"
Added Component: Designator=U2_FDCAN_1(FP-DCN0008A-MFG)
Add component (AddParameter): Name = "Case/Package"; Value = "SOT-23-8"; VariantName = "[No Variations]"
Add component (AddParameter): Name = "Data Rate"; Value = "1Mbps"; VariantName = "[No Variations]"
Add component (AddParameter): Name = "Lead Free"; Value = "Lead Free"; VariantName = "[No Variations]"
Add component (AddParameter): Name = "Max Operating Temperature"; Value = "125°C"; VariantName = "[No Variations]"
Add component (AddParameter): Name = "Min Operating Temperature"; Value = "-40°C"; VariantName = "[No Variations]"
Add component (AddParameter): Name = "Mount"; Value = "Surface Mount"; VariantName = "[No Variations]"
Add component (AddParameter): Name = "Packaging"; Value = "Tape and Reel"; VariantName = "[No Variations]"
Add component (AddParameter): Name = "RoHS Compliant"; Value = "Yes"; VariantName = "[No Variations]"
Added Component: Designator=U2_FDCAN_2(FP-DCN0008A-MFG)
Add component (AddParameter): Name = "Case/Package"; Value = "SOT-23-8"; VariantName = "[No Variations]"
Add component (AddParameter): Name = "Data Rate"; Value = "1Mbps"; VariantName = "[No Variations]"
Add component (AddParameter): Name = "Lead Free"; Value = "Lead Free"; VariantName = "[No Variations]"
Add component (AddParameter): Name = "Max Operating Temperature"; Value = "125°C"; VariantName = "[No Variations]"
Add component (AddParameter): Name = "Min Operating Temperature"; Value = "-40°C"; VariantName = "[No Variations]"
Add component (AddParameter): Name = "Mount"; Value = "Surface Mount"; VariantName = "[No Variations]"
Add component (AddParameter): Name = "Packaging"; Value = "Tape and Reel"; VariantName = "[No Variations]"
Add component (AddParameter): Name = "RoHS Compliant"; Value = "Yes"; VariantName = "[No Variations]"
Added Component: Designator=Y2(FP-ABM8G-MFG)
Add component (AddParameter): Name = "Case/Package"; Value = "CSMD"; VariantName = "[No Variations]"
Add component (AddParameter): Name = "Depth"; Value = "2.5mm"; VariantName = "[No Variations]"
Add component (AddParameter): Name = "ESR (Equivalent Series Resistance)"; Value = "60R"; VariantName = "[No Variations]"
Add component (AddParameter): Name = "Frequency"; Value = "25MHz"; VariantName = "[No Variations]"
Add component (AddParameter): Name = "Frequency Stability"; Value = "30ppm"; VariantName = "[No Variations]"
Add component (AddParameter): Name = "Frequency Tolerance"; Value = "20ppm"; VariantName = "[No Variations]"
Add component (AddParameter): Name = "Height"; Value = "0.039inch"; VariantName = "[No Variations]"
Add component (AddParameter): Name = "Lead Free"; Value = "Lead Free"; VariantName = "[No Variations]"
Add component (AddParameter): Name = "Length"; Value = "3.2mm"; VariantName = "[No Variations]"
Add component (AddParameter): Name = "Load Capacitance"; Value = "18pF"; VariantName = "[No Variations]"
Add component (AddParameter): Name = "Max Operating Temperature"; Value = "85°C"; VariantName = "[No Variations]"
Add component (AddParameter): Name = "Min Operating Temperature"; Value = "-40°C"; VariantName = "[No Variations]"
Add component (AddParameter): Name = "Mount"; Value = "Surface Mount"; VariantName = "[No Variations]"
Add component (AddParameter): Name = "Number of Pins"; Value = "4"; VariantName = "[No Variations]"
Add component (AddParameter): Name = "Operating Frequency"; Value = "25 MHz"; VariantName = "[No Variations]"
Add component (AddParameter): Name = "Package Quantity"; Value = "1000"; VariantName = "[No Variations]"
Add component (AddParameter): Name = "Packaging"; Value = "Tape and Reel"; VariantName = "[No Variations]"
Add component (AddParameter): Name = "Radiation Hardening"; Value = "No"; VariantName = "[No Variations]"
Add component (AddParameter): Name = "Series"; Value = "ABM8G"; VariantName = "[No Variations]"
Add component (AddParameter): Name = "Series Resistance"; Value = "60R"; VariantName = "[No Variations]"
Add component (AddParameter): Name = "Termination"; Value = "SMD/SMT"; VariantName = "[No Variations]"
Add component (AddParameter): Name = "Tolerance"; Value = "20ppm"; VariantName = "[No Variations]"
Add component (AddParameter): Name = "Width"; Value = "0.098inch"; VariantName = "[No Variations]"
Added Component: Designator=Y3(FP-ECX-1210-MFG)
Add component (AddParameter): Name = "Automotive"; Value = "No"; VariantName = "[No Variations]"
Add component (AddParameter): Name = "Category"; Value = "Crys"; VariantName = "[No Variations]"
Add component (AddParameter): Name = "ComponentLink2Description"; Value = "Datasheet"; VariantName = "[No Variations]"
Add component (AddParameter): Name = "ComponentLink2URL"; Value = "https://ecsxtal.com/store/pdf/ECX-1210.pdf"; VariantName = "[No Variations]"
Add component (AddParameter): Name = "Device Class L1"; Value = "Passive Components"; VariantName = "[No Variations]"
Add component (AddParameter): Name = "Device Class L2"; Value = "Crystals / Oscillators"; VariantName = "[No Variations]"
Add component (AddParameter): Name = "Device Class L3"; Value = "Crystals"; VariantName = "[No Variations]"
Add component (AddParameter): Name = "Digikey Description"; Value = "CRYSTAL 32.7680KHZ 12.5PF SMD"; VariantName = "[No Variations]"
Add component (AddParameter): Name = "Esr"; Value = "90kO"; VariantName = "[No Variations]"
Add component (AddParameter): Name = "Frequency"; Value = "32.768kHz"; VariantName = "[No Variations]"
Add component (AddParameter): Name = "Height"; Value = "0.5mm"; VariantName = "[No Variations]"
Add component (AddParameter): Name = "Lead Free"; Value = "Yes"; VariantName = "[No Variations]"
Add component (AddParameter): Name = "Load Capacitance"; Value = "12.5pF"; VariantName = "[No Variations]"
Add component (AddParameter): Name = "Manufacturer"; Value = "ECS International"; VariantName = "[No Variations]"
Add component (AddParameter): Name = "Manufacturer Part Number"; Value = "ECS-.327-12.5-1210-TR"; VariantName = "[No Variations]"
Add component (AddParameter): Name = "Octopart"; Value = "https://octopart.com/ecs-.327-12.5-1210-tr-ecs+international-81221340"; VariantName = "[No Variations]"
Add component (AddParameter): Name = "Package"; Value = "ECX-1210"; VariantName = "[No Variations]"
Add component (AddParameter): Name = "RoHS"; Value = "TRUE"; VariantName = "[No Variations]"
Add component (AddParameter): Name = "Series"; Value = "ECX-1210"; VariantName = "[No Variations]"
Add component (AddParameter): Name = "Temperature"; Value = "-40°C to +85°C"; VariantName = "[No Variations]"
Add component (AddParameter): Name = "Temperature Range High"; Value = "+85°C"; VariantName = "[No Variations]"
Add component (AddParameter): Name = "Temperature Range Low"; Value = "-40°C"; VariantName = "[No Variations]"
Add component (AddParameter): Name = "Tolerance"; Value = "20ppm"; VariantName = "[No Variations]"
Added Pin To Net: NetName=3V3 Pin=C2_FDCAN_1-1
Added Pin To Net: NetName=GND Pin=C2_FDCAN_1-2
Added Pin To Net: NetName=3V3 Pin=C2_FDCAN_2-1
Added Pin To Net: NetName=GND Pin=C2_FDCAN_2-2
Added Pin To Net: NetName=X_N Pin=C30-1
Added Pin To Net: NetName=GND Pin=C30-2
Added Pin To Net: NetName=X_P Pin=C31-1
Added Pin To Net: NetName=GND Pin=C31-2
Added Pin To Net: NetName=X32_P Pin=C32-1
Added Pin To Net: NetName=GND Pin=C32-2
Added Pin To Net: NetName=X32_N Pin=C33-1
Added Pin To Net: NetName=GND Pin=C33-2
Added Pin To Net: NetName=nSHDN Pin=D3-1
Added Pin To Net: NetName=GND Pin=D3-2
Added Pin To Net: NetName=PYRO_PWR Pin=F1-1
Added Pin To Net: NetName=VCC Pin=Q17-2
Added Pin To Net: NetName=CAN1_N Pin=R3_FDCAN_1-1
Added Pin To Net: NetName=CAN1_P Pin=R3_FDCAN_1-2
Added Pin To Net: NetName=CAN2_N Pin=R3_FDCAN_2-1
Added Pin To Net: NetName=CAN2_P Pin=R3_FDCAN_2-2
Added Pin To Net: NetName=nSHDN Pin=R4-1
Added Pin To Net: NetName=CAN0_N Pin=R5-1
Added Pin To Net: NetName=CAN0_P Pin=R5-2
Added Pin To Net: NetName=NetC25_1 Pin=R6-1
Added Pin To Net: NetName=VCC Pin=R6-2
Added Pin To Net: NetName=NetC25_1 Pin=R7-1
Added Pin To Net: NetName=GND Pin=R8-1
Added Pin To Net: NetName=nSHDN Pin=R8-2
Added Pin To Net: NetName=TXD Pin=R10-2
Added Pin To Net: NetName=GND Pin=R11-1
Added Pin To Net: NetName=NetD1_1 Pin=R11-2
Added Pin To Net: NetName=GND Pin=R15-1
Added Pin To Net: NetName=NetD1_4 Pin=R15-2
Added Pin To Net: NetName=RXD Pin=R16-2
Added Pin To Net: NetName=RF_IN Pin=R17-2
Added Pin To Net: NetName=3V3_nFLT Pin=R18-2
Added Pin To Net: NetName=NetQ17_1 Pin=R20-1
Added Pin To Net: NetName=ACT_PWR Pin=R51-1
Added Pin To Net: NetName=GND Pin=R53-2
Added Pin To Net: NetName=IMU1_INT1 Pin=U1-82
Added Pin To Net: NetName=SD_CMD Pin=U1-83
Added Pin To Net: NetName=GND Pin=U2_FDCAN_1-2
Added Pin To Net: NetName=3V3 Pin=U2_FDCAN_1-3
Added Pin To Net: NetName=CAN1_N Pin=U2_FDCAN_1-6
Added Pin To Net: NetName=CAN1_P Pin=U2_FDCAN_1-7
Added Pin To Net: NetName=GND Pin=U2_FDCAN_2-2
Added Pin To Net: NetName=3V3 Pin=U2_FDCAN_2-3
Added Pin To Net: NetName=CAN2_N Pin=U2_FDCAN_2-6
Added Pin To Net: NetName=CAN2_P Pin=U2_FDCAN_2-7
Added Pin To Net: NetName=X_N Pin=Y2-1
Added Pin To Net: NetName=GND Pin=Y2-2
Added Pin To Net: NetName=X_P Pin=Y2-3
Added Pin To Net: NetName=GND Pin=Y2-4
Added Pin To Net: NetName=X32_P Pin=Y3-1
Added Pin To Net: NetName=X32_N Pin=Y3-2
Change Net Name : Old Net Name=3V3_IMON New Net Name=NetR14_1
Change Net Name : Old Net Name=ACT_PG New Net Name=PG
Change Net Name : Old Net Name=ACT_PWR_INH New Net Name=NetR61_1
Change Net Name : Old Net Name=CAN3_RX New Net Name=NetU1_59
Change Net Name : Old Net Name=CAN3_TX New Net Name=NetU1_60
Change Net Name : Old Net Name=SPI2_MISO New Net Name=NetU1_53
Change Net Name : Old Net Name=SPI2_MOSI New Net Name=NetU1_54
Change Net Name : Old Net Name=SPI2_nCS New Net Name=NetU1_51
Change Net Name : Old Net Name=SPI2_SCLK New Net Name=NetU1_52
Change Net Name : Old Net Name=VCC New Net Name=TCAN1146_VSUP
Added Pin To Net: NetName=IMON Pin=R19-1
Added Pin To Net: NetName=IMON Pin=R56-1
Added Pin To Net: NetName=IMON Pin=U14-9
Added Net: Name=IMON
Added Pin To Net: NetName=NetC1_1 Pin=C1-1
Added Pin To Net: NetName=NetC1_1 Pin=R19-2
Added Net: Name=NetC1_1
Added Pin To Net: NetName=NetC51_1 Pin=C51-1
Added Pin To Net: NetName=NetC51_1 Pin=F1-2
Added Pin To Net: NetName=NetC51_1 Pin=R52-1
Added Pin To Net: NetName=NetC51_1 Pin=U14-1
Added Pin To Net: NetName=NetC51_1 Pin=U14-2
Added Pin To Net: NetName=NetC51_1 Pin=U14-3
Added Pin To Net: NetName=NetC51_1 Pin=U14-16
Added Pin To Net: NetName=NetC51_1 Pin=U14-25
Added Net: Name=NetC51_1
Added Pin To Net: NetName=NetD1_3 Pin=D1-3
Added Pin To Net: NetName=NetD1_3 Pin=Q17-3
Added Net: Name=NetD1_3
Added Pin To Net: NetName=NetJ7_1 Pin=J7-1
Added Pin To Net: NetName=NetJ7_1 Pin=L1-2
Added Pin To Net: NetName=NetJ7_1 Pin=R17-1
Added Net: Name=NetJ7_1
Added Pin To Net: NetName=NetR7_2 Pin=R7-2
Added Pin To Net: NetName=NetR7_2 Pin=U6-9
Added Net: Name=NetR7_2
Added Pin To Net: NetName=NetR51_2 Pin=R51-2
Added Pin To Net: NetName=NetR51_2 Pin=R53-1
Added Net: Name=NetR51_2
Added Pin To Net: NetName=NetU1_17 Pin=U1-17
Added Net: Name=NetU1_17
Added Pin To Net: NetName=NetU1_18 Pin=U1-18
Added Net: Name=NetU1_18
Added Pin To Net: NetName=NetU1_24 Pin=U1-24
Added Net: Name=NetU1_24
Added Pin To Net: NetName=NetU1_25 Pin=U1-25
Added Net: Name=NetU1_25
Added Pin To Net: NetName=NetU1_32 Pin=U1-32
Added Net: Name=NetU1_32
Added Pin To Net: NetName=NetU1_33 Pin=U1-33
Added Net: Name=NetU1_33
Added Pin To Net: NetName=NetU1_34 Pin=U1-34
Added Net: Name=NetU1_34
Added Pin To Net: NetName=NetU1_35 Pin=U1-35
Added Net: Name=NetU1_35
Added Pin To Net: NetName=NetU1_36 Pin=U1-36
Added Net: Name=NetU1_36
Added Pin To Net: NetName=NetU1_37 Pin=U1-37
Added Net: Name=NetU1_37
Added Pin To Net: NetName=NetU1_38 Pin=U1-38
Added Net: Name=NetU1_38
Added Pin To Net: NetName=NetU1_39 Pin=U1-39
Added Net: Name=NetU1_39
Added Pin To Net: NetName=NetU1_40 Pin=U1-40
Added Net: Name=NetU1_40
Added Pin To Net: NetName=NetU1_41 Pin=U1-41
Added Net: Name=NetU1_41
Added Pin To Net: NetName=NetU1_42 Pin=U1-42
Added Net: Name=NetU1_42
Added Pin To Net: NetName=NetU1_43 Pin=U1-43
Added Net: Name=NetU1_43
Added Pin To Net: NetName=NetU1_44 Pin=U1-44
Added Net: Name=NetU1_44
Added Pin To Net: NetName=NetU1_45 Pin=U1-45
Added Net: Name=NetU1_45
Added Pin To Net: NetName=NetU1_46 Pin=U1-46
Added Net: Name=NetU1_46
Added Pin To Net: NetName=NetU1_47 Pin=U1-47
Added Net: Name=NetU1_47
Added Pin To Net: NetName=NetU1_55 Pin=U1-55
Added Net: Name=NetU1_55
Added Pin To Net: NetName=NetU1_56 Pin=U1-56
Added Net: Name=NetU1_56
Added Pin To Net: NetName=NetU1_57 Pin=U1-57
Added Net: Name=NetU1_57
Added Pin To Net: NetName=NetU1_58 Pin=U1-58
Added Net: Name=NetU1_58
Added Pin To Net: NetName=NetU1_61 Pin=U1-61
Added Net: Name=NetU1_61
Added Pin To Net: NetName=NetU1_62 Pin=U1-62
Added Net: Name=NetU1_62
Added Pin To Net: NetName=NetU1_63 Pin=U1-63
Added Net: Name=NetU1_63
Added Pin To Net: NetName=NetU1_64 Pin=U1-64
Added Net: Name=NetU1_64
Added Pin To Net: NetName=NetU1_67 Pin=U1-67
Added Net: Name=NetU1_67
Added Pin To Net: NetName=NetU1_68 Pin=U1-68
Added Net: Name=NetU1_68
Added Pin To Net: NetName=NetU1_69 Pin=U1-69
Added Net: Name=NetU1_69
Added Pin To Net: NetName=NetU1_70 Pin=U1-70
Added Pin To Net: NetName=NetU1_70 Pin=U2_FDCAN_1-4
Added Net: Name=NetU1_70
Added Pin To Net: NetName=NetU1_71 Pin=U1-71
Added Pin To Net: NetName=NetU1_71 Pin=U2_FDCAN_1-1
Added Net: Name=NetU1_71
Added Pin To Net: NetName=NetU1_77 Pin=U1-77
Added Net: Name=NetU1_77
Added Pin To Net: NetName=NetU1_81 Pin=U1-81
Added Net: Name=NetU1_81
Added Pin To Net: NetName=NetU1_88 Pin=U1-88
Added Net: Name=NetU1_88
Added Pin To Net: NetName=NetU1_91 Pin=U1-91
Added Pin To Net: NetName=NetU1_91 Pin=U2_FDCAN_2-4
Added Net: Name=NetU1_91
Added Pin To Net: NetName=NetU1_92 Pin=U1-92
Added Pin To Net: NetName=NetU1_92 Pin=U2_FDCAN_2-1
Added Net: Name=NetU1_92
Added Pin To Net: NetName=NetU1_98 Pin=U1-98
Added Net: Name=NetU1_98
Added Pin To Net: NetName=NetU2_FDCAN_1_5 Pin=U2_FDCAN_1-5
Added Net: Name=NetU2_FDCAN_1_5
Added Pin To Net: NetName=NetU2_FDCAN_1_8 Pin=U2_FDCAN_1-8
Added Net: Name=NetU2_FDCAN_1_8
Added Pin To Net: NetName=NetU2_FDCAN_2_5 Pin=U2_FDCAN_2-5
Added Net: Name=NetU2_FDCAN_2_5
Added Pin To Net: NetName=NetU2_FDCAN_2_8 Pin=U2_FDCAN_2-8
Added Net: Name=NetU2_FDCAN_2_8
Added Pin To Net: NetName=PRE_ZENER_CAN_INH Pin=R4-2
Added Pin To Net: NetName=PRE_ZENER_CAN_INH Pin=R20-2
Added Pin To Net: NetName=PRE_ZENER_CAN_INH Pin=U6-7
Added Net: Name=PRE_ZENER_CAN_INH
Added Pin To Net: NetName=UART4_RX Pin=R10-1
Added Pin To Net: NetName=UART4_RX Pin=U1-95
Added Net: Name=UART4_RX
Added Pin To Net: NetName=UART4_TX Pin=R16-1
Added Pin To Net: NetName=UART4_TX Pin=U1-96
Added Net: Name=UART4_TX
Added Class: Name=FDCAN_0
Added Class: Name=FDCAN_1
Added Class: Name=FDCAN_2
Added Class: Name=CAN
Added Class: Name=TCAN330_PINOUT
Added Member To Class: ClassName=PWR_PROT_1 Member=Component C1 100n
Added Member To Class: ClassName=MCU_0 Member=Component C30 30p
Added Member To Class: ClassName=MCU_0 Member=Component C31 30p
Added Member To Class: ClassName=MCU_0 Member=Component C32 18p
Added Member To Class: ClassName=MCU_0 Member=Component C33 18p
Added Member To Class: ClassName=HYDRA_V4_NAV Member=Component D2 150066RG54050
Added Member To Class: ClassName=PWR_PROT_0 Member=Component D3 MM5Z3V3T1G
Added Member To Class: ClassName=HYDRA_V4_NAV Member=Component D4 150066RG54050
Added Member To Class: ClassName=PWR_PROT_1 Member=Component F1 0466005.NR
Added Member To Class: ClassName=PWR_PROT_0 Member=Component R4 1k
Added Member To Class: ClassName=PWR_PROT_0 Member=Component R8 100k
Added Member To Class: ClassName=GPS_0 Member=Component R10 0402 JUMPER
Added Member To Class: ClassName=GPS_0 Member=Component R16 0402 JUMPER
Added Member To Class: ClassName=GPS_0 Member=Component R17 0402 JUMPER
Added Member To Class: ClassName=PWR_PROT_1 Member=Component R19 1M
Added Member To Class: ClassName=HYDRA_V4_NAV Member=Component R22 330
Added Member To Class: ClassName=HYDRA_V4_NAV Member=Component R25 330
Added Member To Class: ClassName=HYDRA_V4_NAV Member=Component R28 330
Added Member To Class: ClassName=HYDRA_V4_NAV Member=Component R30 330
Added Member To Class: ClassName=PWR_PROT_1 Member=Component R51 100k
Added Member To Class: ClassName=PWR_PROT_1 Member=Component R53 10k
Added Member To Class: ClassName=MCU_0 Member=Component Y2 ABM8G-25.000MHZ-18-D2Y-T
Added Member To Class: ClassName=MCU_0 Member=Component Y3 ECS-.327-12.5-1210-TR
Added Member To Class: ClassName=50SINGLE Member=Wire NetJ7_1
Added Rule: Name=Schematic Supply Nets_4
Change Class Name : Old Net Name=120DIFF New Net Name=CAN
