Removed Pin From Net: NetName=RF_IN Pin=U12-2
Removed Pin From Net: NetName=GND Pin=U12-3
Removed Pin From Net: NetName=LNA_EN Pin=U12-4
Removed Pin From Net: NetName=VCC_RF Pin=U12-5
Removed Pin From Net: NetName=ANT_DETECT Pin=U12-7
Removed Pin From Net: NetName=ANT_SHORT_N Pin=U12-8
Removed Pin From Net: NetName=NetR66_2 Pin=U12-9
Removed Pin From Net: NetName=TXD Pin=U12-11
Removed Pin From Net: NetName=RXD Pin=U12-12
Removed Pin From Net: NetName=GPS_PWR Pin=U12-16
Removed Pin From Net: NetName=GPS_PWR Pin=U12-17
Removed Pin From Net: NetName=GPS_nRESET Pin=U12-18
Change Component Comment : Designator=R65 Old Comment=10k New Comment=100k
Change Component Comment : Designator=R66 Old Comment=10k New Comment=100k
Change Managed Component Library Link : Designator=U12 Old VaultGUID=275DD9A0-BDD9-47D7-8C38-F690E90B05B9 New VaultGUID=275DD9A0-BDD9-47D7-8C38-F690E90B05B9 Old ItemGUID=48e2ce16-d689-4a1b-8a05-f48ca9db3775 New ItemGUID=48e2ce16-d689-4a1b-8a05-f48ca9db3775 Old RevisionGUID=fde4f878-0b2b-45ad-9286-48d0f221fdd1 New RevisionGUID=6397ab74-1df1-46c9-9acb-58a05ed736fc
Added Pin To Net: NetName=NetR10_2 Pin=U1-25
Added Pin To Net: NetName=PG Pin=U1-98
Added Pin To Net: NetName=TXD Pin=U12-2
Added Pin To Net: NetName=RXD Pin=U12-3
Added Pin To Net: NetName=GPS_PWR Pin=U12-7
Added Pin To Net: NetName=GPS_PWR Pin=U12-8
Added Pin To Net: NetName=GPS_nRESET Pin=U12-9
Added Pin To Net: NetName=RF_IN Pin=U12-11
Added Pin To Net: NetName=GND Pin=U12-12
Added Pin To Net: NetName=LNA_EN Pin=U12-13
Added Pin To Net: NetName=VCC_RF Pin=U12-14
Added Pin To Net: NetName=ANT_DETECT Pin=U12-16
Added Pin To Net: NetName=ANT_SHORT_N Pin=U12-17
Added Pin To Net: NetName=NetR66_2 Pin=U12-18
