Removed Pin From Net: NetName=PRE_SHUNT Pin=C49-1
Removed Pin From Net: NetName=SHDN_3V3 Pin=D5-1
Removed Pin From Net: NetName=ACT_PWR Pin=J3-6
Removed Pin From Net: NetName=GND Pin=J3-9
Removed Pin From Net: NetName=GND Pin=J3-10
Removed Pin From Net: NetName=GND Pin=Q6-2
Removed Pin From Net: NetName=ACT_PWR Pin=Q12-5-6-7-8
Removed Pin From Net: NetName=3V3_CUTOFF_MOSFET Pin=R17-1
Removed Pin From Net: NetName=VCC Pin=R21-2
Removed Pin From Net: NetName=SHDN_3V3 Pin=R23-2
Removed Pin From Net: NetName=3V3 Pin=R34-2
Removed Pin From Net: NetName=GND Pin=R35-1
Removed Pin From Net: NetName=GND Pin=R36-1
Removed Pin From Net: NetName=GND Pin=R43-1
Removed Pin From Net: NetName=SD_CD Pin=R43-2
Removed Pin From Net: NetName=ACT_PWR Pin=R65-1
Removed Pin From Net: NetName=I_SENSE Pin=R69-2
Removed Pin From Net: NetName=PRE_SHUNT Pin=R70-1
Removed Pin From Net: NetName=POST_SHUNT Pin=R71-1
Removed Pin From Net: NetName=GND Pin=R72-1
Removed Pin From Net: NetName=SD_CLK Pin=U1-52
Removed Pin From Net: NetName=3V3_CUTOFF_MOSFET Pin=U4-1
Removed Pin From Net: NetName=SD_CLK Pin=U6-8
Removed Pin From Net: NetName=GND Pin=U8-25
Removed Pin From Net: NetName=I_SENSE Pin=U15-1
Removed Pin From Net: NetName=GND Pin=U15-2
Removed Pin From Net: NetName=PRE_SHUNT Pin=U15-6
Removed Member From Class: ClassName=PWR_PROT_0 Member=D5
Removed Member From Class: ClassName=PWR_PROT_0 Member=R21
Removed Member From Class: ClassName=PWR_PROT_0 Member=R23
Removed Member From Class: ClassName=PWR_PROT_0 Member=R36
Removed Member From Class: ClassName=SD_0 Member=R43
Removed Member From Class: ClassName=PWR_PROT_1 Member=R69
Removed Member From Class: ClassName=PWR_PROT_1 Member=R72
Change Component Footprint: Designator=J3 Old Footprint=FP-532610871-MFG New Footprint=FP-532611071-MFG
Change Component Footprint: Designator=U15 Old Footprint=FP-DBV0006A-IPC_C New Footprint=ALEG-EX-12_V
Change Component Footprint: Designator=R71 Old Footprint=RESC1609X55X30LL15T15 New Footprint=RESC1608X55X30LL15T15
Change Component Comment : Designator=J3 Old Comment=53261-0871 New Comment=53261-1071
Change Component Comment : Designator=R71 Old Comment=ERJ3EKF1002V New Comment=ERJ-3EKF1001V
Change Component Comment : Designator=U15 Old Comment=TLV1805DBVR New Comment=ACS711KEXLT-15AB-T
Change Managed Component Library Link : Designator=J3 Old VaultGUID=275DD9A0-BDD9-47D7-8C38-F690E90B05B9 New VaultGUID=275DD9A0-BDD9-47D7-8C38-F690E90B05B9 Old ItemGUID=f954ffb9-2ab2-434e-9f3d-bbd0c6153ece New ItemGUID=1ad42695-4ff7-4b65-91bd-ca443a9bb1ea Old RevisionGUID=fcf4db06-ba84-465d-889f-7d44f4b27dae New RevisionGUID=845ca13b-dddc-4109-8f12-88d0a82b7258
Change Managed Component Library Link : Designator=R71 Old VaultGUID=B7D15EC3-160A-466F-A46C-7801FE6295A7 New VaultGUID=B7D15EC3-160A-466F-A46C-7801FE6295A7 Old ItemGUID=D6FF6A2E-237B-4D32-86D1-1B9665B5CB39 New ItemGUID=15E99ED1-FE4D-4509-A4CB-202B754A1072 Old RevisionGUID=20C4B742-B9BD-484B-8674-15E5F2C7C3A3 New RevisionGUID=B5BF06F6-159E-4AE9-958F-413F2CF8C3A3
Change Managed Component Library Link : Designator=U15 Old VaultGUID=B7D15EC3-160A-466F-A46C-7801FE6295A7 New VaultGUID=B7D15EC3-160A-466F-A46C-7801FE6295A7 Old ItemGUID=505C7366-DA1F-46F7-9B05-945691B6C497 New ItemGUID=A11DEBC0-C230-4D0B-885E-1803A433E9EA Old RevisionGUID=368C011D-774C-45C8-B34A-7102C29FB655 New RevisionGUID=833B1267-473F-4534-B631-016AC7EFE4C3
Change component parameters: Designator = "R71" ("R71"); Footprint = "RESC1609X55X30LL15T15"; UniqueID = "\LQBWCPCL\HONWZAQI" ("\LQBWCPCL\HONWZAQI")
Change component parameters (AddParameter): Name = "Manufacturer"; Value = "Panasonic"; VariantName = "[No Variations]"
Change component parameters (AddParameter): Name = "Part Number"; Value = "ERJ-3EKF1001V"; VariantName = "[No Variations]"
Change component parameters: Designator = "U15" ("U15"); Footprint = "FP-DBV0006A-IPC_C"; UniqueID = "\LQBWCPCL\NGZFDVWH" ("\LQBWCPCL\NGZFDVWH")
Change component parameters (AddParameter): Name = "-3dB Bandwidth"; Value = "0.1 MHz"; VariantName = "[No Variations]"
Change component parameters (AddParameter): Name = "ComponentLink1Description"; Value = "Manufacturer URL"; VariantName = "[No Variations]"
Change component parameters (AddParameter): Name = "ComponentLink1URL"; Value = "http://www.allegromicro.com/"; VariantName = "[No Variations]"
Change component parameters (AddParameter): Name = "ComponentLink2Description"; Value = "Datasheet"; VariantName = "[No Variations]"
Change component parameters (AddParameter): Name = "ComponentLink2URL"; Value = "http://www.allegromicro.com/~/media/Files/Datasheets/ACS711-Datasheet.ashx?la=en"; VariantName = "[No Variations]"
Change component parameters (AddParameter): Name = "ComponentLink3Description"; Value = "Package Specification"; VariantName = "[No Variations]"
Change component parameters (AddParameter): Name = "ComponentLink3URL"; Value = "http://www.allegromicro.com/~/media/Files/Datasheets/ACS711-Datasheet.ashx?la=en"; VariantName = "[No Variations]"
Change component parameters (AddParameter): Name = "DatasheetVersion"; Value = "Rev. 3"; VariantName = "[No Variations]"
Change component parameters (AddParameter): Name = "IP Max"; Value = "15.5 A"; VariantName = "[No Variations]"
Change component parameters (AddParameter): Name = "IP Min"; Value = "-15.5 A"; VariantName = "[No Variations]"
Change component parameters (AddParameter): Name = "Mounting Technology"; Value = "Surface Mount"; VariantName = "[No Variations]"
Change component parameters (AddParameter): Name = "PackageDescription"; Value = "12-Pin Quad Flat No-Lead, Body 3 x 3 mm, Height 0.8 mm"; VariantName = "[No Variations]"
Change component parameters (AddParameter): Name = "Packing"; Value = "Tape and Reel"; VariantName = "[No Variations]"
Change component parameters (AddParameter): Name = "PartNumber"; Value = "ACS711KEXLT-15AB-T"; VariantName = "[No Variations]"
Change component parameters (AddParameter): Name = "RoHS"; Value = "TRUE"; VariantName = "[No Variations]"
Change component parameters (AddParameter): Name = "Temperature Max"; Value = "125 degC"; VariantName = "[No Variations]"
Change component parameters (AddParameter): Name = "Temperature Min"; Value = "-40 degC"; VariantName = "[No Variations]"
Change component parameters (AddParameter): Name = "VCC Max"; Value = "5.5 V"; VariantName = "[No Variations]"
Change component parameters (AddParameter): Name = "VCC Min"; Value = "3 V"; VariantName = "[No Variations]"
Added Component: Designator=R9(RESC1609X55X30LL15T15)
Add component (AddParameter): Name = "Case Code (Imperial)"; Value = "0603"; VariantName = "[No Variations]"
Add component (AddParameter): Name = "Case Code (Metric)"; Value = "1608"; VariantName = "[No Variations]"
Add component (AddParameter): Name = "Case\/Package"; Value = "0603"; VariantName = "[No Variations]"
Add component (AddParameter): Name = "Composition"; Value = "ThickFilm"; VariantName = "[No Variations]"
Add component (AddParameter): Name = "Contact Plating"; Value = "Tin"; VariantName = "[No Variations]"
Add component (AddParameter): Name = "Datasheet URL"; Value = "https://industrial.panasonic.com/cdbs/www-data/pdf/RDA0000/AOA0000C304.pdf"; VariantName = "[No Variations]"
Add component (AddParameter): Name = "Datasheet Version"; Value = "02/2017"; VariantName = "[No Variations]"
Add component (AddParameter): Name = "Depth"; Value = "0.8mm"; VariantName = "[No Variations]"
Add component (AddParameter): Name = "Height"; Value = "0.45mm"; VariantName = "[No Variations]"
Add component (AddParameter): Name = "Lead Free"; Value = "LeadFree"; VariantName = "[No Variations]"
Add component (AddParameter): Name = "Length"; Value = "1.6mm"; VariantName = "[No Variations]"
Add component (AddParameter): Name = "Manufacturer"; Value = "Panasonic"; VariantName = "[No Variations]"
Add component (AddParameter): Name = "Manufacturer URL"; Value = "http://www.panasonic.com/"; VariantName = "[No Variations]"
Add component (AddParameter): Name = "Max Operating Temperature"; Value = "155degC"; VariantName = "[No Variations]"
Add component (AddParameter): Name = "Max Power Dissipation"; Value = "100mW"; VariantName = "[No Variations]"
Add component (AddParameter): Name = "Military Standard"; Value = "Not"; VariantName = "[No Variations]"
Add component (AddParameter): Name = "Min Operating Temperature"; Value = "-55degC"; VariantName = "[No Variations]"
Add component (AddParameter): Name = "Mount"; Value = "SurfaceMount"; VariantName = "[No Variations]"
Add component (AddParameter): Name = "Mounting Technology"; Value = "SurfaceMount"; VariantName = "[No Variations]"
Add component (AddParameter): Name = "Number of Pins"; Value = "2"; VariantName = "[No Variations]"
Add component (AddParameter): Name = "Number of Terminations"; Value = "2"; VariantName = "[No Variations]"
Add component (AddParameter): Name = "Package Description"; Value = "2-Pin Surface Mount Device, Body 1.6 x 0.85 mm"; VariantName = "[No Variations]"
Add component (AddParameter): Name = "Package Quantity"; Value = "1"; VariantName = "[No Variations]"
Add component (AddParameter): Name = "Package Reference"; Value = "603"; VariantName = "[No Variations]"
Add component (AddParameter): Name = "Packaging"; Value = "TapeandReel"; VariantName = "[No Variations]"
Add component (AddParameter): Name = "Power Rating"; Value = "100mW"; VariantName = "[No Variations]"
Add component (AddParameter): Name = "Radiation Hardening"; Value = "No"; VariantName = "[No Variations]"
Add component (AddParameter): Name = "REACH SVHC"; Value = "NoSVHC"; VariantName = "[No Variations]"
Add component (AddParameter): Name = "Resistance"; Value = "10KOhm"; VariantName = "[No Variations]"
Add component (AddParameter): Name = "RoHSCompliant"; Value = "true"; VariantName = "[No Variations]"
Add component (AddParameter): Name = "Temperature Coefficient"; Value = "100ppm\/degreesC"; VariantName = "[No Variations]"
Add component (AddParameter): Name = "Termination"; Value = "SMD/SMT"; VariantName = "[No Variations]"
Add component (AddParameter): Name = "Tolerance"; Value = "1%"; VariantName = "[No Variations]"
Add component (AddParameter): Name = "Voltage Rating"; Value = "75V"; VariantName = "[No Variations]"
Add component (AddParameter): Name = "Voltage Rating (DC)"; Value = "75V"; VariantName = "[No Variations]"
Add component (AddParameter): Name = "Width"; Value = "0.031inch"; VariantName = "[No Variations]"
Added Component: Designator=R11(RESC1005X40X25ML05T05)
Add component (AddParameter): Name = "Case/Package"; Value = ""; VariantName = "[No Variations]"
Add component (AddParameter): Name = "Component Type"; Value = "Standard"; VariantName = "[No Variations]"
Add component (AddParameter): Name = "Design Item ID"; Value = "CMP-009-00206-2"; VariantName = "[No Variations]"
Add component (AddParameter): Name = "Max Operating Temperature"; Value = ""; VariantName = "[No Variations]"
Add component (AddParameter): Name = "Min Operating Temperature"; Value = ""; VariantName = "[No Variations]"
Add component (AddParameter): Name = "Mounting Technology"; Value = ""; VariantName = "[No Variations]"
Add component (AddParameter): Name = "Pins"; Value = "2"; VariantName = "[No Variations]"
Add component (AddParameter): Name = "Power"; Value = ""; VariantName = "[No Variations]"
Add component (AddParameter): Name = "RoHS Compliant"; Value = ""; VariantName = "[No Variations]"
Add component (AddParameter): Name = "Source"; Value = "0402jump.SchLib"; VariantName = "[No Variations]"
Add component (AddParameter): Name = "Tolerance"; Value = ""; VariantName = "[No Variations]"
Add component (AddParameter): Name = "Value"; Value = ""; VariantName = "[No Variations]"
Add component (AddParameter): Name = "Voltage Rating"; Value = ""; VariantName = "[No Variations]"
Added Component: Designator=R12(RESC1005X40X25ML05T05)
Add component (AddParameter): Name = "Case/Package"; Value = ""; VariantName = "[No Variations]"
Add component (AddParameter): Name = "Component Type"; Value = "Standard"; VariantName = "[No Variations]"
Add component (AddParameter): Name = "Design Item ID"; Value = "CMP-009-00206-2"; VariantName = "[No Variations]"
Add component (AddParameter): Name = "Max Operating Temperature"; Value = ""; VariantName = "[No Variations]"
Add component (AddParameter): Name = "Min Operating Temperature"; Value = ""; VariantName = "[No Variations]"
Add component (AddParameter): Name = "Mounting Technology"; Value = ""; VariantName = "[No Variations]"
Add component (AddParameter): Name = "Pins"; Value = "2"; VariantName = "[No Variations]"
Add component (AddParameter): Name = "Power"; Value = ""; VariantName = "[No Variations]"
Add component (AddParameter): Name = "RoHS Compliant"; Value = ""; VariantName = "[No Variations]"
Add component (AddParameter): Name = "Source"; Value = "0402jump.SchLib"; VariantName = "[No Variations]"
Add component (AddParameter): Name = "Tolerance"; Value = ""; VariantName = "[No Variations]"
Add component (AddParameter): Name = "Value"; Value = ""; VariantName = "[No Variations]"
Add component (AddParameter): Name = "Voltage Rating"; Value = ""; VariantName = "[No Variations]"
Added Pin To Net: NetName=3V3 Pin=C49-1
Added Pin To Net: NetName=GND Pin=J3-6
Added Pin To Net: NetName=ACT_PWR Pin=J3-9
Added Pin To Net: NetName=ACT_PWR Pin=J3-10
Added Pin To Net: NetName=GND Pin=J3-11
Added Pin To Net: NetName=GND Pin=J3-12
Added Pin To Net: NetName=3V3_CUTOFF_MOSFET Pin=Q6-3
Added Pin To Net: NetName=SD_CS Pin=R9-1
Added Pin To Net: NetName=3V3 Pin=R9-2
Added Pin To Net: NetName=3V3 Pin=R11-2
Added Pin To Net: NetName=1V8 Pin=R12-2
Added Pin To Net: NetName=3V3 Pin=R70-2
Added Pin To Net: NetName=I_SENSE Pin=R71-2
Added Pin To Net: NetName=ACT_PWR Pin=U15-3
Added Pin To Net: NetName=ACT_PWR Pin=U15-4
Added Pin To Net: NetName=GND Pin=U15-5
Added Pin To Net: NetName=GND Pin=U15-7
Added Pin To Net: NetName=GND Pin=U15-8
Added Pin To Net: NetName=GND Pin=U15-9
Added Pin To Net: NetName=GND Pin=U15-10
Added Pin To Net: NetName=3V3 Pin=U15-12
Change Net Name : Old Net Name=ACT_PWR_EN New Net Name=ACT_PWR_nEN
Added Pin To Net: NetName=NetQ12_5-6-7-8 Pin=Q12-5-6-7-8
Added Pin To Net: NetName=NetQ12_5-6-7-8 Pin=R65-1
Added Pin To Net: NetName=NetQ12_5-6-7-8 Pin=U15-1
Added Pin To Net: NetName=NetQ12_5-6-7-8 Pin=U15-2
Added Net: Name=NetQ12_5-6-7-8
Added Pin To Net: NetName=NetR11_1 Pin=R11-1
Added Pin To Net: NetName=NetR11_1 Pin=R12-1
Added Pin To Net: NetName=NetR11_1 Pin=R34-2
Added Net: Name=NetR11_1
Added Pin To Net: NetName=NetR70_1 Pin=R70-1
Added Pin To Net: NetName=NetR70_1 Pin=U15-6
Added Net: Name=NetR70_1
Added Pin To Net: NetName=NetR71_1 Pin=R71-1
Added Pin To Net: NetName=NetR71_1 Pin=U15-11
Added Net: Name=NetR71_1
Added Pin To Net: NetName=PRE_3V3_CUTOFF_MOSFET Pin=Q6-2
Added Pin To Net: NetName=PRE_3V3_CUTOFF_MOSFET Pin=R17-1
Added Pin To Net: NetName=PRE_3V3_CUTOFF_MOSFET Pin=R35-1
Added Pin To Net: NetName=PRE_3V3_CUTOFF_MOSFET Pin=U4-1
Added Net: Name=PRE_3V3_CUTOFF_MOSFET
Added Pin To Net: NetName=SPI2_SCLK Pin=U1-52
Added Pin To Net: NetName=SPI2_SCLK Pin=U6-8
Added Net: Name=SPI2_SCLK
Change Class Name : Old Net Name=HYDRA_V3_NAV New Net Name=HYDRA_V4_NAV
Added Member To Class: ClassName=SD_0 Member=Component R9 ERJ3EKF1002V
Added Member To Class: ClassName=IMU_0 Member=Component R11 0402 JUMPER
Added Member To Class: ClassName=IMU_0 Member=Component R12 0402 JUMPER
