Removed Pin From Net: NetName=CELL_3_IN Pin=C47-1
Removed Pin From Net: NetName=CELL_2_IN Pin=C47-2
Removed Pin From Net: NetName=CELL_2_IN Pin=C48-1
Removed Pin From Net: NetName=CELL_1_IN Pin=C48-2
Removed Pin From Net: NetName=CELL_1_IN Pin=C49-1
Removed Pin From Net: NetName=CELL_0_IN Pin=C49-2
Removed Pin From Net: NetName=CELL_0_IN Pin=C50-1
Removed Pin From Net: NetName=CELL_2_IN Pin=R64-2
Removed Pin From Net: NetName=CELL_1_IN Pin=R66-2
Removed Pin From Net: NetName=CELL_0_IN Pin=R72-2
Removed Member From Class: ClassName=CELL_SENSE Member=C47
Added Component: Designator=C?(FP-0402-L_1_0_0_05-W_0_5-IPC_A)
Add component (AddParameter): Name = "Capacitor Type"; Value = "Ceramic"; VariantName = "[No Variations]"
Add component (AddParameter): Name = "Case/Package"; Value = "0402"; VariantName = "[No Variations]"
Add component (AddParameter): Name = "Max Operating Temperature"; Value = "85°C"; VariantName = "[No Variations]"
Add component (AddParameter): Name = "Min Operating Temperature"; Value = "-55°C"; VariantName = "[No Variations]"
Add component (AddParameter): Name = "Mounting Technology"; Value = "Surface Mount"; VariantName = "[No Variations]"
Add component (AddParameter): Name = "Pins"; Value = "2"; VariantName = "[No Variations]"
Add component (AddParameter): Name = "RoHS Compliant"; Value = "Yes"; VariantName = "[No Variations]"
Add component (AddParameter): Name = "Tolerance"; Value = ""; VariantName = "[No Variations]"
Add component (AddParameter): Name = "Value"; Value = ""; VariantName = "[No Variations]"
Add component (AddParameter): Name = "Voltage Rating"; Value = ""; VariantName = "[No Variations]"
Added Pin To Net: NetName=AIN1P Pin=C48-1
Added Pin To Net: NetName=GND Pin=C48-2
Added Pin To Net: NetName=AIN2P Pin=C49-1
Added Pin To Net: NetName=GND Pin=C49-2
Added Pin To Net: NetName=AIN3P Pin=C50-1
Added Pin To Net: NetName=AIN0P Pin=C?-1
Added Pin To Net: NetName=GND Pin=C?-2
Added Pin To Net: NetName=AIN0P Pin=R64-1
Added Pin To Net: NetName=GND Pin=R64-2
Added Pin To Net: NetName=AIN1P Pin=R65-1
Added Pin To Net: NetName=GND Pin=R66-2
Added Pin To Net: NetName=AIN2P Pin=R72-1
Added Pin To Net: NetName=GND Pin=R72-2
Added Pin To Net: NetName=AIN3P Pin=R73-1
Added Pin To Net: NetName=GND Pin=U14-4
Added Pin To Net: NetName=GND Pin=U14-5
Added Pin To Net: NetName=GND Pin=U14-8
Added Pin To Net: NetName=GND Pin=U14-9
Added Member To Class: ClassName=CELL_SENSE Member=Component C? 100n
