Added Pin To Net: NetName=HYDRA_VCC_PG Pin=U9-39
Added Pin To Net: NetName=IMON_LS_0 Pin=U9-40
Added Pin To Net: NetName=HYDRA_5V_PG Pin=U9-41
Added Pin To Net: NetName=IMON_LS_1 Pin=U9-42
Added Pin To Net: NetName=HYDRA_3V3_PG Pin=U9-43
Added Pin To Net: NetName=IMON_LS_2 Pin=U9-44
Added Pin To Net: NetName=NetU9_59 Pin=U10-1
Added Pin To Net: NetName=NetU9_58 Pin=U10-4
Added Pin To Net: NetName=NetU9_46 Pin=U11-1
Added Pin To Net: NetName=NetU9_45 Pin=U11-4
Added Pin To Net: NetName=NetU9_34 Pin=U14-12
Added Pin To Net: NetName=ADC_MISO Pin=U9-36
Added Pin To Net: NetName=ADC_MISO Pin=U11-6
Added Pin To Net: NetName=ADC_MISO Pin=U14-15
Added Net: Name=ADC_MISO
Added Pin To Net: NetName=ADC_MOSI Pin=U9-37
Added Pin To Net: NetName=ADC_MOSI Pin=U11-11
Added Pin To Net: NetName=ADC_MOSI Pin=U14-16
Added Net: Name=ADC_MOSI
Added Pin To Net: NetName=ADC_SCLK Pin=U9-35
Added Pin To Net: NetName=ADC_SCLK Pin=U11-8
Added Pin To Net: NetName=ADC_SCLK Pin=U14-14
Added Net: Name=ADC_SCLK
