Added Pin To Net: NetName=AIN0N Pin=R63-1
Added Pin To Net: NetName=AIN0N Pin=U14-4
Added Net: Name=AIN0N
Added Pin To Net: NetName=AIN0P Pin=R64-1
Added Pin To Net: NetName=AIN0P Pin=U14-3
Added Net: Name=AIN0P
Added Pin To Net: NetName=AIN1N Pin=R65-1
Added Pin To Net: NetName=AIN1N Pin=U14-5
Added Net: Name=AIN1N
Added Pin To Net: NetName=AIN1P Pin=R66-1
Added Pin To Net: NetName=AIN1P Pin=U14-6
Added Net: Name=AIN1P
Added Pin To Net: NetName=AIN2N Pin=R71-1
Added Pin To Net: NetName=AIN2N Pin=U14-8
Added Net: Name=AIN2N
Added Pin To Net: NetName=AIN2P Pin=R72-1
Added Pin To Net: NetName=AIN2P Pin=U14-7
Added Net: Name=AIN2P
Added Pin To Net: NetName=AIN3N Pin=R73-1
Added Pin To Net: NetName=AIN3N Pin=U14-9
Added Net: Name=AIN3N
Added Pin To Net: NetName=AIN3P Pin=R74-1
Added Pin To Net: NetName=AIN3P Pin=U14-10
Added Net: Name=AIN3P
