Removed Pin From Net: NetName=CELL_0_IN Pin=J8-1
Removed Pin From Net: NetName=CELL_1_IN Pin=J8-2
Removed Pin From Net: NetName=CELL_2_IN Pin=J8-3
Removed Pin From Net: NetName=CELL_3_IN Pin=J8-4
Change Component Comment : Designator=R63 Old Comment=1k New Comment=TBC (I'M TIRED RN)
Change Component Comment : Designator=R64 Old Comment=1k New Comment=TBC (I'M TIRED RN)
Change Component Comment : Designator=R65 Old Comment=1k New Comment=TBC (I'M TIRED RN)
Change Component Comment : Designator=R66 Old Comment=1k New Comment=TBC (I'M TIRED RN)
Change Component Comment : Designator=R71 Old Comment=1k New Comment=TBC (I'M TIRED RN)
Change Component Comment : Designator=R72 Old Comment=1k New Comment=TBC (I'M TIRED RN)
Change Component Comment : Designator=R73 Old Comment=1k New Comment=TBC (I'M TIRED RN)
Change Component Comment : Designator=R74 Old Comment=1k New Comment=TBC (I'M TIRED RN)
Change Component Designator: OldDesignator=J8 NewDesignator=J7
Added Component: Designator=J8(FP-SM04B-GHS-TB_LF_SN-MFG)
Add component (AddParameter): Name = "Contact Material"; Value = "Bronze"; VariantName = "[No Variations]"
Add component (AddParameter): Name = "Contact Plating"; Value = "Tin"; VariantName = "[No Variations]"
Add component (AddParameter): Name = "Current Rating"; Value = "1A"; VariantName = "[No Variations]"
Add component (AddParameter): Name = "Housing Color"; Value = "Natural"; VariantName = "[No Variations]"
Add component (AddParameter): Name = "Housing Material"; Value = "Nylon"; VariantName = "[No Variations]"
Add component (AddParameter): Name = "Lead Free"; Value = "Lead Free"; VariantName = "[No Variations]"
Add component (AddParameter): Name = "Mount"; Value = "Surface Mount"; VariantName = "[No Variations]"
Add component (AddParameter): Name = "Number of Contacts"; Value = "4"; VariantName = "[No Variations]"
Add component (AddParameter): Name = "Number of Positions"; Value = "4"; VariantName = "[No Variations]"
Add component (AddParameter): Name = "Number of Rows"; Value = "1"; VariantName = "[No Variations]"
Add component (AddParameter): Name = "Orientation"; Value = "Right Angle"; VariantName = "[No Variations]"
Add component (AddParameter): Name = "Packaging"; Value = "Cut Tape"; VariantName = "[No Variations]"
Add component (AddParameter): Name = "Pitch"; Value = "1.25mm"; VariantName = "[No Variations]"
Add component (AddParameter): Name = "REACH SVHC"; Value = "No SVHC"; VariantName = "[No Variations]"
Add component (AddParameter): Name = "Series"; Value = "GH"; VariantName = "[No Variations]"
Add component (AddParameter): Name = "Termination"; Value = "Solder"; VariantName = "[No Variations]"
Add component (AddParameter): Name = "Voltage Rating"; Value = "50V"; VariantName = "[No Variations]"
Added Pin To Net: NetName=nINHIBIT Pin=J7-1
Added Pin To Net: NetName=GND Pin=J7-2
Added Pin To Net: NetName=GND Pin=J7-3
Added Pin To Net: NetName=EMAG_OUT Pin=J7-4
Added Pin To Net: NetName=CELL_0_IN Pin=J8-1
Added Pin To Net: NetName=CELL_1_IN Pin=J8-2
Added Pin To Net: NetName=CELL_2_IN Pin=J8-3
Added Pin To Net: NetName=CELL_3_IN Pin=J8-4
Added Pin To Net: NetName=GND Pin=J8-5
Added Pin To Net: NetName=GND Pin=J8-6
Added Member To Class: ClassName=HYDRA_V4_POWER Member=Component J8 SM04B-GHS-TB(LF)(SN)
