Removed Pin From Net: NetName=INT_3V3 Pin=C40-2
Removed Pin From Net: NetName=INT_PWR Pin=C43-1
Removed Pin From Net: NetName=INT_PWR Pin=C45-1
Removed Pin From Net: NetName=EMAG_OUT Pin=F2-2
Removed Pin From Net: NetName=TCAN1146_PWR Pin=Q13-2
Removed Pin From Net: NetName=GND Pin=Q15-1
Removed Pin From Net: NetName=3V3_EN Pin=Q15-3
Removed Pin From Net: NetName=GND Pin=Q15-4
Removed Pin From Net: NetName=GND Pin=Q16-1
Removed Pin From Net: NetName=PWR_IN Pin=Q17-1
Removed Pin From Net: NetName=PWR_IN Pin=Q17-2
Removed Pin From Net: NetName=PWR_IN Pin=Q17-3
Removed Pin From Net: NetName=INT_PWR Pin=Q20-2
Removed Pin From Net: NetName=GND Pin=Q21-2
Removed Pin From Net: NetName=CAN_INH Pin=R21-2
Removed Pin From Net: NetName=TCAN1146_PWR Pin=R37-2
Removed Pin From Net: NetName=M3_PWR Pin=R43-2
Removed Pin From Net: NetName=GND Pin=R47-1
Removed Pin From Net: NetName=3V3_EN Pin=R49-1
Removed Pin From Net: NetName=M3_PWR Pin=R49-2
Removed Pin From Net: NetName=GND Pin=R53-1
Removed Pin From Net: NetName=GND Pin=R56-1
Removed Pin From Net: NetName=PWR_IN Pin=R57-1
Removed Pin From Net: NetName=CELL_0_IN Pin=R63-1
Removed Pin From Net: NetName=VC1 Pin=R63-2
Removed Pin From Net: NetName=CELL_1_IN Pin=R64-1
Removed Pin From Net: NetName=VC2 Pin=R64-2
Removed Pin From Net: NetName=CELL_2_IN Pin=R65-1
Removed Pin From Net: NetName=VC3 Pin=R65-2
Removed Pin From Net: NetName=CELL_3_IN Pin=R66-1
Removed Pin From Net: NetName=VC5 Pin=R66-2
Removed Pin From Net: NetName=5V_INT Pin=R90-2
Removed Pin From Net: NetName=GND Pin=R91-1
Removed Pin From Net: NetName=GND Pin=R94-1
Removed Pin From Net: NetName=M3_PWR Pin=R96_LS_0-2
Removed Pin From Net: NetName=INT_PWR Pin=R104-2
Removed Pin From Net: NetName=GND Pin=R106-1
Removed Pin From Net: NetName=INT_3V3 Pin=SW2-2
Removed Pin From Net: NetName=NetC8_1 Pin=U6-5
Removed Pin From Net: NetName=NetC13_1 Pin=U7-5
Removed Pin From Net: NetName=3V3_EN Pin=U7-13
Removed Pin From Net: NetName=INT_PWR Pin=U8-9
Removed Pin From Net: NetName=INT_PWR Pin=U8-10
Removed Pin From Net: NetName=GND Pin=U9-19
Removed Pin From Net: NetName=VDDA Pin=U9-20
Removed Pin From Net: NetName=VDDA Pin=U9-21
Removed Pin From Net: NetName=GND Pin=U9-23
Removed Pin From Net: NetName=INT_3V3 Pin=U9-24
Removed Pin From Net: NetName=GND Pin=U9-35
Removed Pin From Net: NetName=INT_3V3 Pin=U9-36
Removed Pin From Net: NetName=SWDIO Pin=U9-37
Removed Pin From Net: NetName=SWCLK Pin=U9-38
Removed Pin From Net: NetName=SWO Pin=U9-40
Removed Pin From Net: NetName=CAN_INH Pin=U11-7
Removed Pin From Net: NetName=M3_PWR Pin=U13_LS_0-5
Removed Member From Class: ClassName=MCU_0 Member=C29
Removed Member From Class: ClassName=MCU_0 Member=C30
Removed Member From Class: ClassName=MCU_0 Member=C31
Removed Member From Class: ClassName=MCU_0 Member=C32
Removed Member From Class: ClassName=MCU_0 Member=C33
Removed Member From Class: ClassName=MCU_0 Member=C38
Removed Member From Class: ClassName=MCU_0 Member=C39
Removed Member From Class: ClassName=MCU_0 Member=C40
Removed Member From Class: ClassName=MCU_0 Member=F2
Removed Member From Class: ClassName=HYDRA_REGULATORS Member=Q15
Removed Member From Class: ClassName=RP_AND_SAFETYSW Member=Q17
Removed Member From Class: ClassName=MCU_0 Member=Q20
Removed Member From Class: ClassName=MCU_0 Member=Q21
Removed Member From Class: ClassName=HYDRA_REGULATORS Member=R43
Removed Member From Class: ClassName=HYDRA_REGULATORS Member=R46
Removed Member From Class: ClassName=HYDRA_REGULATORS Member=R47
Removed Member From Class: ClassName=HYDRA_REGULATORS Member=R49
Removed Member From Class: ClassName=RP_AND_SAFETYSW Member=R54
Removed Member From Class: ClassName=RP_AND_SAFETYSW Member=R55
Removed Member From Class: ClassName=MCU_0 Member=R84
Removed Member From Class: ClassName=MCU_0 Member=R86
Removed Member From Class: ClassName=MCU_0 Member=R88
Removed Member From Class: ClassName=MCU_0 Member=R89
Removed Member From Class: ClassName=MCU_0 Member=R90
Removed Member From Class: ClassName=MCU_0 Member=R91
Removed Member From Class: ClassName=MCU_0 Member=R92
Removed Member From Class: ClassName=MCU_0 Member=R94
Removed Member From Class: ClassName=MCU_0 Member=R103
Removed Member From Class: ClassName=MCU_0 Member=R104
Removed Member From Class: ClassName=MCU_0 Member=R105
Removed Member From Class: ClassName=MCU_0 Member=R106
Removed Member From Class: ClassName=MCU_0 Member=SW1
Removed Member From Class: ClassName=MCU_0 Member=SW2
Removed Member From Class: ClassName=MCU_0 Member=U10
Removed Member From Class: ClassName=MCU_0 Member=U11
Removed Member From Class: ClassName=MCU_0 Member=U12
Change Component Footprint: Designator=Y1 Old Footprint=FP-ABM8-MFG New Footprint=FP-ABM8G-MFG
Change Component Footprint: Designator=D1 Old Footprint=FP-SOD128-MFG New Footprint=ONSC-SOD-123-2-425-04_V
Change Component Footprint: Designator=Q15 Old Footprint=FP-SSOP6-P-0_65A-MFG New Footprint=FAIR-SOT23-6_V
Change Component Footprint: Designator=U9 Old Footprint=TSQFP50P900X900X160-48N New Footprint=STM32G473RET6TR-Footprint-1
Change Component Comment : Designator=R55 Old Comment=1k New Comment=24k
Change Component Comment : Designator=R54 Old Comment=1k New Comment=100k
Change Component Comment : Designator=R56 Old Comment=1M New Comment=1k
Change Component Comment : Designator=C34 Old Comment=6.8p New Comment=30p
Change Component Comment : Designator=C35 Old Comment=6.8p New Comment=30p
Change Component Comment : Designator=R38 Old Comment=10k New Comment=24k
Change Component Comment : Designator=R39 Old Comment=10k New Comment=100k
Change Component Comment : Designator=R43 Old Comment=10k New Comment=100k
Change Component Comment : Designator=R49 Old Comment=10k New Comment=100k
Change Component Comment : Designator=R29 Old Comment=20k New Comment=24k
Change Component Comment : Designator=R41 Old Comment=20k New Comment=24k
Change Component Comment : Designator=R47 Old Comment=100k New Comment=1k
Change Component Comment : Designator=R53 Old Comment=100k New Comment=1k
Change Component Comment : Designator=Y1 Old Comment=ABM8-48.000MHZ-B2-T New Comment=ABM8G-25.000MHZ-18-D2Y-T
Change Component Comment : Designator=D1 Old Comment=PMEG3030EP,115 New Comment=MMSZ4705T1G
Change Component Comment : Designator=Q15 Old Comment=SSM6N7002KFU,LF New Comment=FDC6327C
Change Component Comment : Designator=U9 Old Comment=STM32G473CET6 New Comment=STM32G473RET6TR
Change Managed Component Library Link : Designator=D1 Old VaultGUID=B7D15EC3-160A-466F-A46C-7801FE6295A7 New VaultGUID=B7D15EC3-160A-466F-A46C-7801FE6295A7 Old ItemGUID=EE9146EA-128E-4F00-AA96-8B0910D2BECC New ItemGUID=3A58A138-99FE-45D7-A036-5C2279EF60C3 Old RevisionGUID=5C2DB06A-B4CF-4535-800E-0D4AA11EF47D New RevisionGUID=D07C4F70-6B9A-4E68-A0D0-2F90372A4A08
Change Managed Component Library Link : Designator=Q15 Old VaultGUID=B7D15EC3-160A-466F-A46C-7801FE6295A7 New VaultGUID=B7D15EC3-160A-466F-A46C-7801FE6295A7 Old ItemGUID=5A853A61-C3E9-4984-A763-AC2E3A4CC789 New ItemGUID=00AA3DAE-B054-408F-8F68-AAA5172D78FA Old RevisionGUID=5D6E2C10-47CB-46B6-98B5-9B3097C552E1 New RevisionGUID=0BB94BF0-DD0F-46A2-AD68-4A003820B9F2
Change Managed Component Library Link : Designator=U9 Old VaultGUID=275DD9A0-BDD9-47D7-8C38-F690E90B05B9 New VaultGUID=275DD9A0-BDD9-47D7-8C38-F690E90B05B9 Old ItemGUID=c109dd2a-198f-4eda-9ba7-1ad2cd6862a9 New ItemGUID=3c7d4ce1-4947-4167-9fb8-4cc165640bde Old RevisionGUID=4664f423-e0a2-4479-82a6-8f350567ed6b New RevisionGUID=3c321fb6-d4b7-453f-8e91-811227c35ffd
Change Managed Component Library Link : Designator=Y1 Old VaultGUID=B7D15EC3-160A-466F-A46C-7801FE6295A7 New VaultGUID=B7D15EC3-160A-466F-A46C-7801FE6295A7 Old ItemGUID=6C8F186B-6128-46FF-BB04-AD185FCBAB0A New ItemGUID=622D327D-0C51-410E-897D-849498E29BEB Old RevisionGUID=42FEF53A-6E57-41D3-A9E9-C498A6C2CE05 New RevisionGUID=8FEB1E8F-15FA-4399-B848-99B88FFE90FD
Change component parameters: Designator = "D1" ("D1"); Footprint = "FP-SOD128-MFG"; UniqueID = "\JLJKIGOW\VHKZQLLP" ("\JLJKIGOW\VHKZQLLP")
Change component parameters (AddParameter): Name = "ComponentLink1Description"; Value = "Manufacturer URL"; VariantName = "[No Variations]"
Change component parameters (AddParameter): Name = "ComponentLink1URL"; Value = "http://www.onsemi.com/"; VariantName = "[No Variations]"
Change component parameters (AddParameter): Name = "ComponentLink2Description"; Value = "Datasheet"; VariantName = "[No Variations]"
Change component parameters (AddParameter): Name = "ComponentLink2URL"; Value = "http://www.onsemi.com/pub_link/Collateral/MMSZ4678T1-D.PDF"; VariantName = "[No Variations]"
Change component parameters (AddParameter): Name = "ComponentLink3Description"; Value = "Package Specification"; VariantName = "[No Variations]"
Change component parameters (AddParameter): Name = "ComponentLink3URL"; Value = "http://www.onsemi.com/pub_link/Collateral/425-04.PDF"; VariantName = "[No Variations]"
Change component parameters (AddParameter): Name = "DatasheetVersion"; Value = "Rev. 9"; VariantName = "[No Variations]"
Change component parameters (AddParameter): Name = "Manufacturer"; Value = "On Semiconductor"; VariantName = "[No Variations]"
Change component parameters (AddParameter): Name = "Mounting Technology"; Value = "Surface Mount"; VariantName = "[No Variations]"
Change component parameters (AddParameter): Name = "P Max (W)"; Value = "0.5"; VariantName = "[No Variations]"
Change component parameters (AddParameter): Name = "PackageDescription"; Value = "2-Pin SOD, Body 1.6 x 2.69 mm"; VariantName = "[No Variations]"
Change component parameters (AddParameter): Name = "PackageReference"; Value = "SOD-123-2-425-04"; VariantName = "[No Variations]"
Change component parameters (AddParameter): Name = "PackageVersion"; Value = "Rev. G, 10/2009"; VariantName = "[No Variations]"
Change component parameters (AddParameter): Name = "Packing"; Value = "Tape and Reel"; VariantName = "[No Variations]"
Change component parameters (AddParameter): Name = "PartNumber"; Value = "MMSZ4705T1G"; VariantName = "[No Variations]"
Change component parameters (AddParameter): Name = "RoHS"; Value = "Pb-Free"; VariantName = "[No Variations]"
Change component parameters (AddParameter): Name = "VZ Typ (V)"; Value = "18"; VariantName = "[No Variations]"
Change component parameters: Designator = "Q15" ("Q15"); Footprint = "FP-SSOP6-P-0_65A-MFG"; UniqueID = "\ISBSALBX" ("\ISBSALBX")
Change component parameters (AddParameter): Name = "Category"; Value = "MOSFET"; VariantName = "[No Variations]"
Change component parameters (AddParameter): Name = "Channel Mode"; Value = "Enhancement"; VariantName = "[No Variations]"
Change component parameters (AddParameter): Name = "Channel Type"; Value = "N"; VariantName = "[No Variations]"
Change component parameters (AddParameter): Name = "Datasheet URL"; Value = "https://www.fairchildsemi.com/datasheets/FD/FDC6327C.pdf"; VariantName = "[No Variations]"
Change component parameters (AddParameter): Name = "Datasheet Version"; Value = "Rev. E, 07/2000"; VariantName = "[No Variations]"
Change component parameters (AddParameter): Name = "Manufacturer"; Value = "Fairchild"; VariantName = "[No Variations]"
Change component parameters (AddParameter): Name = "Manufacturer URL"; Value = "https://www.fairchildsemi.com/"; VariantName = "[No Variations]"
Change component parameters (AddParameter): Name = "Maximum Continuous Drain Current"; Value = "2.7@NChannel"; VariantName = "[No Variations]"
Change component parameters (AddParameter): Name = "Maximum Drain Source Voltage"; Value = "20V"; VariantName = "[No Variations]"
Change component parameters (AddParameter): Name = "Maximum Gate Source Voltage"; Value = "±8V"; VariantName = "[No Variations]"
Change component parameters (AddParameter): Name = "Mounting"; Value = "SurfaceMount"; VariantName = "[No Variations]"
Change component parameters (AddParameter): Name = "Operating Temperature"; Value = "-55to150degC"; VariantName = "[No Variations]"
Change component parameters (AddParameter): Name = "Package"; Value = "6SuperSOT"; VariantName = "[No Variations]"
Change component parameters (AddParameter): Name = "Package Description"; Value = "6-Pin Small Outline Transistor, Body 2.9 x 1.6 mm, Pitch 0.95 mm"; VariantName = "[No Variations]"
Change component parameters (AddParameter): Name = "Package Reference"; Value = "SOT23-6"; VariantName = "[No Variations]"
Change component parameters (AddParameter): Name = "Package URL"; Value = "https://www.fairchildsemi.com/package-drawings/MA/MA06A.pdf"; VariantName = "[No Variations]"
Change component parameters (AddParameter): Name = "Package Version"; Value = "Rev. 5, 05/2015"; VariantName = "[No Variations]"
Change component parameters (AddParameter): Name = "Packaging"; Value = "Tape&Reel"; VariantName = "[No Variations]"
Change component parameters (AddParameter): Name = "Rad Hard"; Value = "No"; VariantName = "[No Variations]"
Change component parameters (AddParameter): Name = "RDS-on"; Value = "80@4.5V@NChannel"; VariantName = "[No Variations]"
Change component parameters (AddParameter): Name = "Typical Fall Time"; Value = "3@NChannel"; VariantName = "[No Variations]"
Change component parameters (AddParameter): Name = "Typical Rise Time"; Value = "9@NChannel"; VariantName = "[No Variations]"
Change component parameters (AddParameter): Name = "Typical Turn-Off Delay Time"; Value = "12@NChannel"; VariantName = "[No Variations]"
Change component parameters (AddParameter): Name = "Typical Turn-On Delay Time"; Value = "5@NChannel"; VariantName = "[No Variations]"
Change component parameters: Designator = "Y1" ("Y1"); Footprint = "FP-ABM8-MFG"; UniqueID = "\LQBVMPAA\QUDAQUAX" ("\LQBVMPAA\QUDAQUAX")
Change component parameters (AddParameter): Name = "Case/Package"; Value = "CSMD"; VariantName = "[No Variations]"
Change component parameters (AddParameter): Name = "Depth"; Value = "2.5mm"; VariantName = "[No Variations]"
Change component parameters (AddParameter): Name = "ESR (Equivalent Series Resistance)"; Value = "60R"; VariantName = "[No Variations]"
Change component parameters (AddParameter): Name = "Frequency"; Value = "25MHz"; VariantName = "[No Variations]"
Change component parameters (AddParameter): Name = "Frequency Stability"; Value = "30ppm"; VariantName = "[No Variations]"
Change component parameters (AddParameter): Name = "Frequency Tolerance"; Value = "20ppm"; VariantName = "[No Variations]"
Change component parameters (AddParameter): Name = "Height"; Value = "0.039inch"; VariantName = "[No Variations]"
Change component parameters (AddParameter): Name = "Lead Free"; Value = "Lead Free"; VariantName = "[No Variations]"
Change component parameters (AddParameter): Name = "Length"; Value = "3.2mm"; VariantName = "[No Variations]"
Change component parameters (AddParameter): Name = "Load Capacitance"; Value = "18pF"; VariantName = "[No Variations]"
Change component parameters (AddParameter): Name = "Max Operating Temperature"; Value = "85°C"; VariantName = "[No Variations]"
Change component parameters (AddParameter): Name = "Min Operating Temperature"; Value = "-40°C"; VariantName = "[No Variations]"
Change component parameters (AddParameter): Name = "Mount"; Value = "Surface Mount"; VariantName = "[No Variations]"
Change component parameters (AddParameter): Name = "Number of Pins"; Value = "4"; VariantName = "[No Variations]"
Change component parameters (AddParameter): Name = "Operating Frequency"; Value = "25 MHz"; VariantName = "[No Variations]"
Change component parameters (AddParameter): Name = "Package Quantity"; Value = "1000"; VariantName = "[No Variations]"
Change component parameters (AddParameter): Name = "Packaging"; Value = "Tape and Reel"; VariantName = "[No Variations]"
Change component parameters (AddParameter): Name = "Radiation Hardening"; Value = "No"; VariantName = "[No Variations]"
Change component parameters (AddParameter): Name = "Series"; Value = "ABM8G"; VariantName = "[No Variations]"
Change component parameters (AddParameter): Name = "Series Resistance"; Value = "60R"; VariantName = "[No Variations]"
Change component parameters (AddParameter): Name = "Termination"; Value = "SMD/SMT"; VariantName = "[No Variations]"
Change component parameters (AddParameter): Name = "Tolerance"; Value = "20ppm"; VariantName = "[No Variations]"
Change component parameters (AddParameter): Name = "Width"; Value = "0.098inch"; VariantName = "[No Variations]"
Added Component: Designator=C46(FP-0402-L_1_0_0_05-W_0_5-IPC_A)
Add component (AddParameter): Name = "Capacitor Type"; Value = "Ceramic"; VariantName = "[No Variations]"
Add component (AddParameter): Name = "Case/Package"; Value = "0402"; VariantName = "[No Variations]"
Add component (AddParameter): Name = "Max Operating Temperature"; Value = "85°C"; VariantName = "[No Variations]"
Add component (AddParameter): Name = "Min Operating Temperature"; Value = "-55°C"; VariantName = "[No Variations]"
Add component (AddParameter): Name = "Mounting Technology"; Value = "Surface Mount"; VariantName = "[No Variations]"
Add component (AddParameter): Name = "Pins"; Value = "2"; VariantName = "[No Variations]"
Add component (AddParameter): Name = "RoHS Compliant"; Value = "Yes"; VariantName = "[No Variations]"
Add component (AddParameter): Name = "Tolerance"; Value = ""; VariantName = "[No Variations]"
Add component (AddParameter): Name = "Value"; Value = ""; VariantName = "[No Variations]"
Add component (AddParameter): Name = "Voltage Rating"; Value = ""; VariantName = "[No Variations]"
Added Component: Designator=C47(FP-0402-L_1_0_0_05-W_0_5-IPC_A)
Add component (AddParameter): Name = "Capacitor Type"; Value = "Ceramic"; VariantName = "[No Variations]"
Add component (AddParameter): Name = "Case/Package"; Value = "0402"; VariantName = "[No Variations]"
Add component (AddParameter): Name = "Max Operating Temperature"; Value = "85°C"; VariantName = "[No Variations]"
Add component (AddParameter): Name = "Min Operating Temperature"; Value = "-55°C"; VariantName = "[No Variations]"
Add component (AddParameter): Name = "Mounting Technology"; Value = "Surface Mount"; VariantName = "[No Variations]"
Add component (AddParameter): Name = "Pins"; Value = "2"; VariantName = "[No Variations]"
Add component (AddParameter): Name = "RoHS Compliant"; Value = "Yes"; VariantName = "[No Variations]"
Add component (AddParameter): Name = "Tolerance"; Value = ""; VariantName = "[No Variations]"
Add component (AddParameter): Name = "Value"; Value = ""; VariantName = "[No Variations]"
Add component (AddParameter): Name = "Voltage Rating"; Value = ""; VariantName = "[No Variations]"
Added Component: Designator=C48(FP-0402-L_1_0_0_05-W_0_5-IPC_A)
Add component (AddParameter): Name = "Capacitor Type"; Value = "Ceramic"; VariantName = "[No Variations]"
Add component (AddParameter): Name = "Case/Package"; Value = "0402"; VariantName = "[No Variations]"
Add component (AddParameter): Name = "Max Operating Temperature"; Value = "85°C"; VariantName = "[No Variations]"
Add component (AddParameter): Name = "Min Operating Temperature"; Value = "-55°C"; VariantName = "[No Variations]"
Add component (AddParameter): Name = "Mounting Technology"; Value = "Surface Mount"; VariantName = "[No Variations]"
Add component (AddParameter): Name = "Pins"; Value = "2"; VariantName = "[No Variations]"
Add component (AddParameter): Name = "RoHS Compliant"; Value = "Yes"; VariantName = "[No Variations]"
Add component (AddParameter): Name = "Tolerance"; Value = ""; VariantName = "[No Variations]"
Add component (AddParameter): Name = "Value"; Value = ""; VariantName = "[No Variations]"
Add component (AddParameter): Name = "Voltage Rating"; Value = ""; VariantName = "[No Variations]"
Added Component: Designator=C49(FP-0402-L_1_0_0_05-W_0_5-IPC_A)
Add component (AddParameter): Name = "Capacitor Type"; Value = "Ceramic"; VariantName = "[No Variations]"
Add component (AddParameter): Name = "Case/Package"; Value = "0402"; VariantName = "[No Variations]"
Add component (AddParameter): Name = "Max Operating Temperature"; Value = "85°C"; VariantName = "[No Variations]"
Add component (AddParameter): Name = "Min Operating Temperature"; Value = "-55°C"; VariantName = "[No Variations]"
Add component (AddParameter): Name = "Mounting Technology"; Value = "Surface Mount"; VariantName = "[No Variations]"
Add component (AddParameter): Name = "Pins"; Value = "2"; VariantName = "[No Variations]"
Add component (AddParameter): Name = "RoHS Compliant"; Value = "Yes"; VariantName = "[No Variations]"
Add component (AddParameter): Name = "Tolerance"; Value = ""; VariantName = "[No Variations]"
Add component (AddParameter): Name = "Value"; Value = ""; VariantName = "[No Variations]"
Add component (AddParameter): Name = "Voltage Rating"; Value = ""; VariantName = "[No Variations]"
Added Component: Designator=C50(FP-0402-L_1_0_0_05-W_0_5-IPC_A)
Add component (AddParameter): Name = "Capacitor Type"; Value = "Ceramic"; VariantName = "[No Variations]"
Add component (AddParameter): Name = "Case/Package"; Value = "0402"; VariantName = "[No Variations]"
Add component (AddParameter): Name = "Max Operating Temperature"; Value = "85°C"; VariantName = "[No Variations]"
Add component (AddParameter): Name = "Min Operating Temperature"; Value = "-55°C"; VariantName = "[No Variations]"
Add component (AddParameter): Name = "Mounting Technology"; Value = "Surface Mount"; VariantName = "[No Variations]"
Add component (AddParameter): Name = "Pins"; Value = "2"; VariantName = "[No Variations]"
Add component (AddParameter): Name = "RoHS Compliant"; Value = "Yes"; VariantName = "[No Variations]"
Add component (AddParameter): Name = "Tolerance"; Value = ""; VariantName = "[No Variations]"
Add component (AddParameter): Name = "Value"; Value = ""; VariantName = "[No Variations]"
Add component (AddParameter): Name = "Voltage Rating"; Value = ""; VariantName = "[No Variations]"
Added Component: Designator=C51(FP-0402-L_1_0_0_05-W_0_5-IPC_A)
Add component (AddParameter): Name = "Capacitor Type"; Value = "Ceramic"; VariantName = "[No Variations]"
Add component (AddParameter): Name = "Case/Package"; Value = "0402"; VariantName = "[No Variations]"
Add component (AddParameter): Name = "Max Operating Temperature"; Value = "85°C"; VariantName = "[No Variations]"
Add component (AddParameter): Name = "Min Operating Temperature"; Value = "-55°C"; VariantName = "[No Variations]"
Add component (AddParameter): Name = "Mounting Technology"; Value = "Surface Mount"; VariantName = "[No Variations]"
Add component (AddParameter): Name = "Pins"; Value = "2"; VariantName = "[No Variations]"
Add component (AddParameter): Name = "RoHS Compliant"; Value = "Yes"; VariantName = "[No Variations]"
Add component (AddParameter): Name = "Tolerance"; Value = ""; VariantName = "[No Variations]"
Add component (AddParameter): Name = "Value"; Value = ""; VariantName = "[No Variations]"
Add component (AddParameter): Name = "Voltage Rating"; Value = ""; VariantName = "[No Variations]"
Added Component: Designator=C52(FP-0402-L_1_0_0_05-W_0_5-IPC_A)
Add component (AddParameter): Name = "Capacitor Type"; Value = "Ceramic"; VariantName = "[No Variations]"
Add component (AddParameter): Name = "Case/Package"; Value = "0402"; VariantName = "[No Variations]"
Add component (AddParameter): Name = "Max Operating Temperature"; Value = "85°C"; VariantName = "[No Variations]"
Add component (AddParameter): Name = "Min Operating Temperature"; Value = "-55°C"; VariantName = "[No Variations]"
Add component (AddParameter): Name = "Mounting Technology"; Value = "Surface Mount"; VariantName = "[No Variations]"
Add component (AddParameter): Name = "Pins"; Value = "2"; VariantName = "[No Variations]"
Add component (AddParameter): Name = "RoHS Compliant"; Value = "Yes"; VariantName = "[No Variations]"
Add component (AddParameter): Name = "Tolerance"; Value = ""; VariantName = "[No Variations]"
Add component (AddParameter): Name = "Value"; Value = ""; VariantName = "[No Variations]"
Add component (AddParameter): Name = "Voltage Rating"; Value = ""; VariantName = "[No Variations]"
Added Component: Designator=C53(FP-0402-L_1_0_0_05-W_0_5-IPC_A)
Add component (AddParameter): Name = "Capacitor Type"; Value = "Ceramic"; VariantName = "[No Variations]"
Add component (AddParameter): Name = "Case/Package"; Value = "0402"; VariantName = "[No Variations]"
Add component (AddParameter): Name = "Max Operating Temperature"; Value = "85°C"; VariantName = "[No Variations]"
Add component (AddParameter): Name = "Min Operating Temperature"; Value = "-55°C"; VariantName = "[No Variations]"
Add component (AddParameter): Name = "Mounting Technology"; Value = "Surface Mount"; VariantName = "[No Variations]"
Add component (AddParameter): Name = "Pins"; Value = "2"; VariantName = "[No Variations]"
Add component (AddParameter): Name = "RoHS Compliant"; Value = "Yes"; VariantName = "[No Variations]"
Add component (AddParameter): Name = "Tolerance"; Value = ""; VariantName = "[No Variations]"
Add component (AddParameter): Name = "Value"; Value = ""; VariantName = "[No Variations]"
Add component (AddParameter): Name = "Voltage Rating"; Value = ""; VariantName = "[No Variations]"
Added Component: Designator=F3(FP-MF-PSMF-MFG)
Add component (AddParameter): Name = "Ambient Temperature Range High"; Value = "+85°C"; VariantName = "[No Variations]"
Add component (AddParameter): Name = "Ambient Temperature Range Low"; Value = "-40°C"; VariantName = "[No Variations]"
Add component (AddParameter): Name = "Automotive"; Value = "Yes"; VariantName = "[No Variations]"
Add component (AddParameter): Name = "Category"; Value = "Fuse"; VariantName = "[No Variations]"
Add component (AddParameter): Name = "ComponentLink2Description"; Value = "Datasheet"; VariantName = "[No Variations]"
Add component (AddParameter): Name = "ComponentLink2URL"; Value = "https://www.bourns.com/docs/product-datasheets/mfpsmf.pdf?sfvrsn=9c05cafe_24"; VariantName = "[No Variations]"
Add component (AddParameter): Name = "Current Rating"; Value = "40A"; VariantName = "[No Variations]"
Add component (AddParameter): Name = "Device Class L1"; Value = "Circuit Protection"; VariantName = "[No Variations]"
Add component (AddParameter): Name = "Device Class L2"; Value = "PTC Resettable Fuses"; VariantName = "[No Variations]"
Add component (AddParameter): Name = "Device Class L3"; Value = "unset"; VariantName = "[No Variations]"
Add component (AddParameter): Name = "Digikey Description"; Value = "PTC RESET FUSE 6V 500MA 0805"; VariantName = "[No Variations]"
Add component (AddParameter): Name = "Height"; Value = "0.85mm"; VariantName = "[No Variations]"
Add component (AddParameter): Name = "Hold Current"; Value = "0.5A"; VariantName = "[No Variations]"
Add component (AddParameter): Name = "Lead Free"; Value = "Yes"; VariantName = "[No Variations]"
Add component (AddParameter): Name = "Manufacturer"; Value = "Bourns Inc."; VariantName = "[No Variations]"
Add component (AddParameter): Name = "Manufacturer Part Number"; Value = "MF-PSMF050X-2"; VariantName = "[No Variations]"
Add component (AddParameter): Name = "Mouser Description"; Value = "Resettable Fuses - PPTC .50A 6V 0.15ohm Hold .5 Trip 1"; VariantName = "[No Variations]"
Add component (AddParameter): Name = "Octopart"; Value = "https://octopart.com/mf-psmf050x-2-bourns-7483438"; VariantName = "[No Variations]"
Add component (AddParameter): Name = "Package"; Value = "MF-PSMF"; VariantName = "[No Variations]"
Add component (AddParameter): Name = "Resistance"; Value = "0.15-0.9O"; VariantName = "[No Variations]"
Add component (AddParameter): Name = "RoHS"; Value = "TRUE"; VariantName = "[No Variations]"
Add component (AddParameter): Name = "Temperature"; Value = "-40°C to +85°C"; VariantName = "[No Variations]"
Add component (AddParameter): Name = "Temperature Range High"; Value = "+85°C"; VariantName = "[No Variations]"
Add component (AddParameter): Name = "Temperature Range Low"; Value = "-40°C"; VariantName = "[No Variations]"
Add component (AddParameter): Name = "Trip Current"; Value = "1A"; VariantName = "[No Variations]"
Add component (AddParameter): Name = "Trip Time"; Value = "0.1s"; VariantName = "[No Variations]"
Add component (AddParameter): Name = "Value"; Value = "0.15-0.9O"; VariantName = "[No Variations]"
Add component (AddParameter): Name = "Voltage Rating"; Value = "6V"; VariantName = "[No Variations]"
Added Component: Designator=F4(FP-0805L010-MFG)
Add component (AddParameter): Name = "Ambient Temperature Range High"; Value = "85°C"; VariantName = "[No Variations]"
Add component (AddParameter): Name = "Approvals"; Value = "TUV, cULus"; VariantName = "[No Variations]"
Add component (AddParameter): Name = "Case Code (Imperial)"; Value = "0805"; VariantName = "[No Variations]"
Add component (AddParameter): Name = "Case Code (Metric)"; Value = "2012"; VariantName = "[No Variations]"
Add component (AddParameter): Name = "Case/Package"; Value = "0805"; VariantName = "[No Variations]"
Add component (AddParameter): Name = "Current Rating"; Value = "100A"; VariantName = "[No Variations]"
Add component (AddParameter): Name = "Height"; Value = "1mm"; VariantName = "[No Variations]"
Add component (AddParameter): Name = "Hold Current"; Value = "100mA"; VariantName = "[No Variations]"
Add component (AddParameter): Name = "Lead Free"; Value = "Lead Free"; VariantName = "[No Variations]"
Add component (AddParameter): Name = "Length"; Value = "2.2mm"; VariantName = "[No Variations]"
Add component (AddParameter): Name = "Lifecycle Status"; Value = "Production"; VariantName = "[No Variations]"
Add component (AddParameter): Name = "Max Current Rating"; Value = "100A"; VariantName = "[No Variations]"
Add component (AddParameter): Name = "Max Operating Temperature"; Value = "85°C"; VariantName = "[No Variations]"
Add component (AddParameter): Name = "Max Power Dissipation"; Value = "500mW"; VariantName = "[No Variations]"
Add component (AddParameter): Name = "Max Voltage Rating (DC)"; Value = "15V"; VariantName = "[No Variations]"
Add component (AddParameter): Name = "Maximum Resistance 1 Hour (R1max)"; Value = "6O"; VariantName = "[No Variations]"
Add component (AddParameter): Name = "Min Operating Temperature"; Value = "-40°C"; VariantName = "[No Variations]"
Add component (AddParameter): Name = "Minimum Resistance Initial (Rmin)"; Value = "1O"; VariantName = "[No Variations]"
Add component (AddParameter): Name = "Mount"; Value = "Surface Mount"; VariantName = "[No Variations]"
Add component (AddParameter): Name = "NexarPartId"; Value = "673855"; VariantName = "[No Variations]"
Add component (AddParameter): Name = "Operating Supply Voltage"; Value = "15V"; VariantName = "[No Variations]"
Add component (AddParameter): Name = "Packaging"; Value = "Cut Tape"; VariantName = "[No Variations]"
Add component (AddParameter): Name = "Power Dissipation"; Value = "500mW"; VariantName = "[No Variations]"
Add component (AddParameter): Name = "REACH SVHC"; Value = "No SVHC"; VariantName = "[No Variations]"
Add component (AddParameter): Name = "Resistance"; Value = "6O"; VariantName = "[No Variations]"
Add component (AddParameter): Name = "RoHS"; Value = "Compliant"; VariantName = "[No Variations]"
Add component (AddParameter): Name = "Terminal Material"; Value = "Copper"; VariantName = "[No Variations]"
Add component (AddParameter): Name = "Termination"; Value = "SMD/SMT"; VariantName = "[No Variations]"
Add component (AddParameter): Name = "Time to Trip"; Value = "1.5s"; VariantName = "[No Variations]"
Add component (AddParameter): Name = "Trip Current"; Value = "300mA"; VariantName = "[No Variations]"
Add component (AddParameter): Name = "Voltage Rating"; Value = "15V"; VariantName = "[No Variations]"
Add component (AddParameter): Name = "Voltage Rating (DC)"; Value = "15V"; VariantName = "[No Variations]"
Add component (AddParameter): Name = "Width"; Value = "1.5mm"; VariantName = "[No Variations]"
Add component (AddParameter): Name = "Working Voltage"; Value = "15V"; VariantName = "[No Variations]"
Added Component: Designator=Q14(FP-SSOP6-P-0_65A-MFG)
Add component (AddParameter): Name = "Continuous Drain Current (ID)"; Value = "300mA"; VariantName = "[No Variations]"
Add component (AddParameter): Name = "Drain to Source Voltage (Vdss)"; Value = "60V"; VariantName = "[No Variations]"
Add component (AddParameter): Name = "FET Type"; Value = "2 N-Channel"; VariantName = "[No Variations]"
Add component (AddParameter): Name = "Input Capacitance"; Value = "40pF"; VariantName = "[No Variations]"
Add component (AddParameter): Name = "Max Power Dissipation"; Value = "285mW"; VariantName = "[No Variations]"
Add component (AddParameter): Name = "Mount"; Value = "Surface Mount"; VariantName = "[No Variations]"
Add component (AddParameter): Name = "Packaging"; Value = "Tape and Reel"; VariantName = "[No Variations]"
Add component (AddParameter): Name = "Rds On Max"; Value = "1.5R"; VariantName = "[No Variations]"
Added Component: Designator=R71(R0603B)
Add component (AddParameter): Name = "Contact Finish"; Value = ""; VariantName = "[No Variations]"
Add component (AddParameter): Name = "FIT"; Value = ""; VariantName = "[No Variations]"
Add component (AddParameter): Name = "Materials"; Value = ""; VariantName = "[No Variations]"
Add component (AddParameter): Name = "Max Operating Temperature"; Value = ""; VariantName = "[No Variations]"
Add component (AddParameter): Name = "MFR"; Value = ""; VariantName = "[No Variations]"
Add component (AddParameter): Name = "MFR PN"; Value = ""; VariantName = "[No Variations]"
Add component (AddParameter): Name = "Min Operating Temperature"; Value = ""; VariantName = "[No Variations]"
Add component (AddParameter): Name = "Mounting Technology"; Value = ""; VariantName = "[No Variations]"
Add component (AddParameter): Name = "Note"; Value = ""; VariantName = "[No Variations]"
Add component (AddParameter): Name = "Package"; Value = ""; VariantName = "[No Variations]"
Add component (AddParameter): Name = "Pins"; Value = ""; VariantName = "[No Variations]"
Add component (AddParameter): Name = "Power"; Value = ""; VariantName = "[No Variations]"
Add component (AddParameter): Name = "Rating"; Value = ""; VariantName = "[No Variations]"
Add component (AddParameter): Name = "RoHS Compliant"; Value = ""; VariantName = "[No Variations]"
Add component (AddParameter): Name = "Temperature Coefficient"; Value = ""; VariantName = "[No Variations]"
Add component (AddParameter): Name = "Tolerance"; Value = ""; VariantName = "[No Variations]"
Add component (AddParameter): Name = "Type"; Value = ""; VariantName = "[No Variations]"
Add component (AddParameter): Name = "Value"; Value = ""; VariantName = "[No Variations]"
Add component (AddParameter): Name = "Voltage Rating"; Value = ""; VariantName = "[No Variations]"
Add component (AddParameter): Name = "Weight"; Value = ""; VariantName = "[No Variations]"
Added Component: Designator=R72(R0603B)
Add component (AddParameter): Name = "Contact Finish"; Value = ""; VariantName = "[No Variations]"
Add component (AddParameter): Name = "FIT"; Value = ""; VariantName = "[No Variations]"
Add component (AddParameter): Name = "Materials"; Value = ""; VariantName = "[No Variations]"
Add component (AddParameter): Name = "Max Operating Temperature"; Value = ""; VariantName = "[No Variations]"
Add component (AddParameter): Name = "MFR"; Value = ""; VariantName = "[No Variations]"
Add component (AddParameter): Name = "MFR PN"; Value = ""; VariantName = "[No Variations]"
Add component (AddParameter): Name = "Min Operating Temperature"; Value = ""; VariantName = "[No Variations]"
Add component (AddParameter): Name = "Mounting Technology"; Value = ""; VariantName = "[No Variations]"
Add component (AddParameter): Name = "Note"; Value = ""; VariantName = "[No Variations]"
Add component (AddParameter): Name = "Package"; Value = ""; VariantName = "[No Variations]"
Add component (AddParameter): Name = "Pins"; Value = ""; VariantName = "[No Variations]"
Add component (AddParameter): Name = "Power"; Value = ""; VariantName = "[No Variations]"
Add component (AddParameter): Name = "Rating"; Value = ""; VariantName = "[No Variations]"
Add component (AddParameter): Name = "RoHS Compliant"; Value = ""; VariantName = "[No Variations]"
Add component (AddParameter): Name = "Temperature Coefficient"; Value = ""; VariantName = "[No Variations]"
Add component (AddParameter): Name = "Tolerance"; Value = ""; VariantName = "[No Variations]"
Add component (AddParameter): Name = "Type"; Value = ""; VariantName = "[No Variations]"
Add component (AddParameter): Name = "Value"; Value = ""; VariantName = "[No Variations]"
Add component (AddParameter): Name = "Voltage Rating"; Value = ""; VariantName = "[No Variations]"
Add component (AddParameter): Name = "Weight"; Value = ""; VariantName = "[No Variations]"
Added Component: Designator=R73(R0603B)
Add component (AddParameter): Name = "Contact Finish"; Value = ""; VariantName = "[No Variations]"
Add component (AddParameter): Name = "FIT"; Value = ""; VariantName = "[No Variations]"
Add component (AddParameter): Name = "Materials"; Value = ""; VariantName = "[No Variations]"
Add component (AddParameter): Name = "Max Operating Temperature"; Value = ""; VariantName = "[No Variations]"
Add component (AddParameter): Name = "MFR"; Value = ""; VariantName = "[No Variations]"
Add component (AddParameter): Name = "MFR PN"; Value = ""; VariantName = "[No Variations]"
Add component (AddParameter): Name = "Min Operating Temperature"; Value = ""; VariantName = "[No Variations]"
Add component (AddParameter): Name = "Mounting Technology"; Value = ""; VariantName = "[No Variations]"
Add component (AddParameter): Name = "Note"; Value = ""; VariantName = "[No Variations]"
Add component (AddParameter): Name = "Package"; Value = ""; VariantName = "[No Variations]"
Add component (AddParameter): Name = "Pins"; Value = ""; VariantName = "[No Variations]"
Add component (AddParameter): Name = "Power"; Value = ""; VariantName = "[No Variations]"
Add component (AddParameter): Name = "Rating"; Value = ""; VariantName = "[No Variations]"
Add component (AddParameter): Name = "RoHS Compliant"; Value = ""; VariantName = "[No Variations]"
Add component (AddParameter): Name = "Temperature Coefficient"; Value = ""; VariantName = "[No Variations]"
Add component (AddParameter): Name = "Tolerance"; Value = ""; VariantName = "[No Variations]"
Add component (AddParameter): Name = "Type"; Value = ""; VariantName = "[No Variations]"
Add component (AddParameter): Name = "Value"; Value = ""; VariantName = "[No Variations]"
Add component (AddParameter): Name = "Voltage Rating"; Value = ""; VariantName = "[No Variations]"
Add component (AddParameter): Name = "Weight"; Value = ""; VariantName = "[No Variations]"
Added Component: Designator=R74(R0603B)
Add component (AddParameter): Name = "Contact Finish"; Value = ""; VariantName = "[No Variations]"
Add component (AddParameter): Name = "FIT"; Value = ""; VariantName = "[No Variations]"
Add component (AddParameter): Name = "Materials"; Value = ""; VariantName = "[No Variations]"
Add component (AddParameter): Name = "Max Operating Temperature"; Value = ""; VariantName = "[No Variations]"
Add component (AddParameter): Name = "MFR"; Value = ""; VariantName = "[No Variations]"
Add component (AddParameter): Name = "MFR PN"; Value = ""; VariantName = "[No Variations]"
Add component (AddParameter): Name = "Min Operating Temperature"; Value = ""; VariantName = "[No Variations]"
Add component (AddParameter): Name = "Mounting Technology"; Value = ""; VariantName = "[No Variations]"
Add component (AddParameter): Name = "Note"; Value = ""; VariantName = "[No Variations]"
Add component (AddParameter): Name = "Package"; Value = ""; VariantName = "[No Variations]"
Add component (AddParameter): Name = "Pins"; Value = ""; VariantName = "[No Variations]"
Add component (AddParameter): Name = "Power"; Value = ""; VariantName = "[No Variations]"
Add component (AddParameter): Name = "Rating"; Value = ""; VariantName = "[No Variations]"
Add component (AddParameter): Name = "RoHS Compliant"; Value = ""; VariantName = "[No Variations]"
Add component (AddParameter): Name = "Temperature Coefficient"; Value = ""; VariantName = "[No Variations]"
Add component (AddParameter): Name = "Tolerance"; Value = ""; VariantName = "[No Variations]"
Add component (AddParameter): Name = "Type"; Value = ""; VariantName = "[No Variations]"
Add component (AddParameter): Name = "Value"; Value = ""; VariantName = "[No Variations]"
Add component (AddParameter): Name = "Voltage Rating"; Value = ""; VariantName = "[No Variations]"
Add component (AddParameter): Name = "Weight"; Value = ""; VariantName = "[No Variations]"
Added Component: Designator=U14(TSOP65P640X120-20N)
Add component (AddParameter): Name = "Case/Package"; Value = ""; VariantName = "[No Variations]"
Add component (AddParameter): Name = "Max Operating Temperature"; Value = ""; VariantName = "[No Variations]"
Add component (AddParameter): Name = "Max Supply Voltage"; Value = ""; VariantName = "[No Variations]"
Add component (AddParameter): Name = "Min Operating Temperature"; Value = ""; VariantName = "[No Variations]"
Add component (AddParameter): Name = "Min Supply Voltage"; Value = ""; VariantName = "[No Variations]"
Add component (AddParameter): Name = "Mounting Technology"; Value = ""; VariantName = "[No Variations]"
Add component (AddParameter): Name = "Pins"; Value = ""; VariantName = "[No Variations]"
Add component (AddParameter): Name = "Power"; Value = ""; VariantName = "[No Variations]"
Add component (AddParameter): Name = "RoHS Compliant"; Value = ""; VariantName = "[No Variations]"
Added Pin To Net: NetName=INT_3V3 Pin=C46-1
Added Pin To Net: NetName=GND Pin=C46-2
Added Pin To Net: NetName=CELL_3_IN Pin=C47-1
Added Pin To Net: NetName=CELL_2_IN Pin=C47-2
Added Pin To Net: NetName=CELL_2_IN Pin=C48-1
Added Pin To Net: NetName=CELL_1_IN Pin=C48-2
Added Pin To Net: NetName=CELL_1_IN Pin=C49-1
Added Pin To Net: NetName=CELL_0_IN Pin=C49-2
Added Pin To Net: NetName=CELL_0_IN Pin=C50-1
Added Pin To Net: NetName=GND Pin=C50-2
Added Pin To Net: NetName=GND Pin=C51-2
Added Pin To Net: NetName=GND Pin=C52-2
Added Pin To Net: NetName=GND Pin=C53-2
Added Pin To Net: NetName=NetD2_1 Pin=D1-1
Added Pin To Net: NetName=SFTY_MOS Pin=D1-2
Added Pin To Net: NetName=INT_PWR Pin=F3-1
Added Pin To Net: NetName=INT_PWR Pin=F4-2
Added Pin To Net: NetName=GND Pin=Q14-1
Added Pin To Net: NetName=EMAG_OUT Pin=Q15-4
Added Pin To Net: NetName=GND Pin=Q15-5
Added Pin To Net: NetName=GND Pin=R49-2
Added Pin To Net: NetName=3V3_EN Pin=R53-2
Added Pin To Net: NetName=M2_I_SENSE Pin=R54-2
Added Pin To Net: NetName=GND Pin=R55-1
Added Pin To Net: NetName=GND Pin=R57-2
Added Pin To Net: NetName=CELL_3_IN Pin=R63-2
Added Pin To Net: NetName=CELL_2_IN Pin=R64-2
Added Pin To Net: NetName=CELL_2_IN Pin=R65-2
Added Pin To Net: NetName=CELL_1_IN Pin=R66-2
Added Pin To Net: NetName=CELL_1_IN Pin=R71-2
Added Pin To Net: NetName=CELL_0_IN Pin=R72-2
Added Pin To Net: NetName=CELL_0_IN Pin=R73-2
Added Pin To Net: NetName=GND Pin=R74-2
Added Pin To Net: NetName=GND Pin=U6-5
Added Pin To Net: NetName=GND Pin=U7-5
Added Pin To Net: NetName=GND Pin=U9-15
Added Pin To Net: NetName=INT_3V3 Pin=U9-16
Added Pin To Net: NetName=GND Pin=U9-27
Added Pin To Net: NetName=VDDA Pin=U9-28
Added Pin To Net: NetName=VDDA Pin=U9-29
Added Pin To Net: NetName=GND Pin=U9-31
Added Pin To Net: NetName=INT_3V3 Pin=U9-32
Added Pin To Net: NetName=SWDIO Pin=U9-49
Added Pin To Net: NetName=SWCLK Pin=U9-50
Added Pin To Net: NetName=SWO Pin=U9-56
Added Pin To Net: NetName=GND Pin=U9-63
Added Pin To Net: NetName=INT_3V3 Pin=U9-64
Added Pin To Net: NetName=GND Pin=U14-2
Added Pin To Net: NetName=GND Pin=U14-19
Change Net Name : Old Net Name=3V3_OFF New Net Name=5V_EN
Change Net Name : Old Net Name=CAN1_RX New Net Name=NetU11_4
Change Net Name : Old Net Name=CAN1_TX New Net Name=NetU11_1
Change Net Name : Old Net Name=CAN3_RX New Net Name=NetU10_4
Change Net Name : Old Net Name=CAN3_TX New Net Name=NetU10_1
Change Net Name : Old Net Name=CELL_SENSE_SCL New Net Name=I2C_SCL
Change Net Name : Old Net Name=CELL_SENSE_SDA New Net Name=I2C_SDA
Change Net Name : Old Net Name=EXT_VCC_I_SENSE New Net Name=I_SENSE
Change Net Name : Old Net Name=EXT_VCC_PWR_FAULT New Net Name=NetR23_1
Change Net Name : Old Net Name=EXT_VCC_V_SENSE New Net Name=V_SENSE
Change Net Name : Old Net Name=HYDRA_3V3_IMON New Net Name=IMON_LS_2
Change Net Name : Old Net Name=HYDRA_3V3_PG New Net Name=LS_PG_LS_2
Change Net Name : Old Net Name=HYDRA_3V3_SENSE New Net Name=NetR48_1
Change Net Name : Old Net Name=HYDRA_5V_IMON New Net Name=IMON_LS_1
Change Net Name : Old Net Name=HYDRA_5V_PG New Net Name=LS_PG_LS_1
Change Net Name : Old Net Name=HYDRA_5V_SENSE New Net Name=NetR42_1
Change Net Name : Old Net Name=HYDRA_VCC_IMON New Net Name=IMON_LS_0
Change Net Name : Old Net Name=HYDRA_VCC_PG New Net Name=LS_PG_LS_0
Change Net Name : Old Net Name=INT_3V3_SENSE New Net Name=NetR38_1
Change Net Name : Old Net Name=M1_ENABLE New Net Name=NetR16_2
Change Net Name : Old Net Name=M2_ENABLE New Net Name=NetR17_2
Change Net Name : Old Net Name=M3_ENABLE New Net Name=NetR12_2
Change Net Name : Old Net Name=NetD2_1 New Net Name=NetD1_1
Change Net Name : Old Net Name=NetR69_1 New Net Name=TS1
Change Net Name : Old Net Name=nFAULT New Net Name=I_nFAULT
Change Net Name : Old Net Name=VCC_V_SENSE New Net Name=NetR40_1
Added Pin To Net: NetName=3V3_INT Pin=C51-1
Added Pin To Net: NetName=3V3_INT Pin=C52-1
Added Pin To Net: NetName=3V3_INT Pin=U14-1
Added Pin To Net: NetName=3V3_INT Pin=U14-20
Added Net: Name=3V3_INT
Added Pin To Net: NetName=FORCE_ON Pin=R56-2
Added Net: Name=FORCE_ON
Added Pin To Net: NetName=NetC53_1 Pin=C53-1
Added Pin To Net: NetName=NetC53_1 Pin=U14-18
Added Net: Name=NetC53_1
Added Pin To Net: NetName=NetF1_2 Pin=F1-2
Added Pin To Net: NetName=NetF1_2 Pin=Q19-5-6-7-8
Added Net: Name=NetF1_2
Added Pin To Net: NetName=NetF3_2 Pin=F3-2
Added Pin To Net: NetName=NetF3_2 Pin=R96_LS_0-2
Added Pin To Net: NetName=NetF3_2 Pin=U13_LS_0-5
Added Net: Name=NetF3_2
Added Pin To Net: NetName=NetF4_1 Pin=F4-1
Added Pin To Net: NetName=NetF4_1 Pin=Q15-2
Added Pin To Net: NetName=NetF4_1 Pin=R43-2
Added Net: Name=NetF4_1
Added Pin To Net: NetName=NetQ14_2 Pin=Q14-2
Added Pin To Net: NetName=NetQ14_2 Pin=R56-1
Added Pin To Net: NetName=NetQ14_2 Pin=R57-1
Added Net: Name=NetQ14_2
Added Pin To Net: NetName=NetQ15_1 Pin=Q15-1
Added Pin To Net: NetName=NetQ15_1 Pin=R47-1
Added Pin To Net: NetName=NetQ15_1 Pin=R49-1
Added Net: Name=NetQ15_1
Added Pin To Net: NetName=NetQ15_3 Pin=Q15-3
Added Pin To Net: NetName=NetQ15_3 Pin=R43-1
Added Pin To Net: NetName=NetQ15_3 Pin=R46-1
Added Net: Name=NetQ15_3
Added Pin To Net: NetName=NetQ15_6 Pin=Q15-6
Added Pin To Net: NetName=NetQ15_6 Pin=R46-2
Added Net: Name=NetQ15_6
Added Pin To Net: NetName=NetR52_1 Pin=R52-1
Added Pin To Net: NetName=NetR52_1 Pin=U6-13
Added Net: Name=NetR52_1
Added Pin To Net: NetName=NetR53_1 Pin=R53-1
Added Pin To Net: NetName=NetR53_1 Pin=U7-13
Added Net: Name=NetR53_1
Added Pin To Net: NetName=NetR54_1 Pin=R54-1
Added Pin To Net: NetName=NetR54_1 Pin=R55-2
Added Net: Name=NetR54_1
Added Pin To Net: NetName=NetR63_1 Pin=R63-1
Added Pin To Net: NetName=NetR63_1 Pin=U14-3
Added Net: Name=NetR63_1
Added Pin To Net: NetName=NetR64_1 Pin=R64-1
Added Pin To Net: NetName=NetR64_1 Pin=U14-4
Added Net: Name=NetR64_1
Added Pin To Net: NetName=NetR65_1 Pin=R65-1
Added Pin To Net: NetName=NetR65_1 Pin=U14-6
Added Net: Name=NetR65_1
Added Pin To Net: NetName=NetR66_1 Pin=R66-1
Added Pin To Net: NetName=NetR66_1 Pin=U14-5
Added Net: Name=NetR66_1
Added Pin To Net: NetName=NetR71_1 Pin=R71-1
Added Pin To Net: NetName=NetR71_1 Pin=U14-7
Added Net: Name=NetR71_1
Added Pin To Net: NetName=NetR72_1 Pin=R72-1
Added Pin To Net: NetName=NetR72_1 Pin=U14-8
Added Net: Name=NetR72_1
Added Pin To Net: NetName=NetR73_1 Pin=R73-1
Added Pin To Net: NetName=NetR73_1 Pin=U14-10
Added Net: Name=NetR73_1
Added Pin To Net: NetName=NetR74_1 Pin=R74-1
Added Pin To Net: NetName=NetR74_1 Pin=U14-9
Added Net: Name=NetR74_1
Added Pin To Net: NetName=NetU9_2 Pin=U9-2
Added Net: Name=NetU9_2
Added Pin To Net: NetName=NetU9_8 Pin=U9-8
Added Net: Name=NetU9_8
Added Pin To Net: NetName=NetU9_9 Pin=U9-9
Added Net: Name=NetU9_9
Added Pin To Net: NetName=NetU9_10 Pin=U9-10
Added Net: Name=NetU9_10
Added Pin To Net: NetName=NetU9_11 Pin=U9-11
Added Net: Name=NetU9_11
Added Pin To Net: NetName=NetU9_12 Pin=U9-12
Added Net: Name=NetU9_12
Added Pin To Net: NetName=NetU9_13 Pin=U9-13
Added Net: Name=NetU9_13
Added Pin To Net: NetName=NetU9_14 Pin=U9-14
Added Net: Name=NetU9_14
Added Pin To Net: NetName=NetU9_17 Pin=U9-17
Added Net: Name=NetU9_17
Added Pin To Net: NetName=NetU9_18 Pin=U9-18
Added Net: Name=NetU9_18
Added Pin To Net: NetName=NetU9_19 Pin=U9-19
Added Net: Name=NetU9_19
Added Pin To Net: NetName=NetU9_20 Pin=U9-20
Added Net: Name=NetU9_20
Added Pin To Net: NetName=NetU9_21 Pin=U9-21
Added Net: Name=NetU9_21
Added Pin To Net: NetName=NetU9_22 Pin=U9-22
Added Net: Name=NetU9_22
Added Pin To Net: NetName=NetU9_23 Pin=U9-23
Added Net: Name=NetU9_23
Added Pin To Net: NetName=NetU9_24 Pin=U9-24
Added Net: Name=NetU9_24
Added Pin To Net: NetName=NetU9_25 Pin=U9-25
Added Net: Name=NetU9_25
Added Pin To Net: NetName=NetU9_26 Pin=U9-26
Added Net: Name=NetU9_26
Added Pin To Net: NetName=NetU9_30 Pin=U9-30
Added Net: Name=NetU9_30
Added Pin To Net: NetName=NetU9_33 Pin=U9-33
Added Net: Name=NetU9_33
Added Pin To Net: NetName=NetU9_34 Pin=U9-34
Added Net: Name=NetU9_34
Added Pin To Net: NetName=NetU9_35 Pin=U9-35
Added Net: Name=NetU9_35
Added Pin To Net: NetName=NetU9_36 Pin=U9-36
Added Net: Name=NetU9_36
Added Pin To Net: NetName=NetU9_37 Pin=U9-37
Added Net: Name=NetU9_37
Added Pin To Net: NetName=NetU9_38 Pin=U9-38
Added Net: Name=NetU9_38
Added Pin To Net: NetName=NetU9_39 Pin=U9-39
Added Net: Name=NetU9_39
Added Pin To Net: NetName=NetU9_40 Pin=U9-40
Added Net: Name=NetU9_40
Added Pin To Net: NetName=NetU9_41 Pin=U9-41
Added Net: Name=NetU9_41
Added Pin To Net: NetName=NetU9_42 Pin=U9-42
Added Net: Name=NetU9_42
Added Pin To Net: NetName=NetU9_43 Pin=U9-43
Added Net: Name=NetU9_43
Added Pin To Net: NetName=NetU9_44 Pin=U9-44
Added Net: Name=NetU9_44
Added Pin To Net: NetName=NetU9_45 Pin=U9-45
Added Net: Name=NetU9_45
Added Pin To Net: NetName=NetU9_46 Pin=U9-46
Added Net: Name=NetU9_46
Added Pin To Net: NetName=NetU9_51 Pin=U9-51
Added Net: Name=NetU9_51
Added Pin To Net: NetName=NetU9_52 Pin=U9-52
Added Net: Name=NetU9_52
Added Pin To Net: NetName=NetU9_53 Pin=U9-53
Added Net: Name=NetU9_53
Added Pin To Net: NetName=NetU9_54 Pin=U9-54
Added Net: Name=NetU9_54
Added Pin To Net: NetName=NetU9_55 Pin=U9-55
Added Net: Name=NetU9_55
Added Pin To Net: NetName=NetU9_57 Pin=U9-57
Added Net: Name=NetU9_57
Added Pin To Net: NetName=NetU9_58 Pin=U9-58
Added Net: Name=NetU9_58
Added Pin To Net: NetName=NetU9_59 Pin=U9-59
Added Net: Name=NetU9_59
Added Pin To Net: NetName=NetU9_60 Pin=U9-60
Added Net: Name=NetU9_60
Added Pin To Net: NetName=NetU9_61 Pin=U9-61
Added Net: Name=NetU9_61
Added Pin To Net: NetName=NetU9_62 Pin=U9-62
Added Net: Name=NetU9_62
Added Pin To Net: NetName=NetU10_5 Pin=U10-5
Added Net: Name=NetU10_5
Added Pin To Net: NetName=NetU10_8 Pin=U10-8
Added Net: Name=NetU10_8
Added Pin To Net: NetName=NetU11_6 Pin=U11-6
Added Net: Name=NetU11_6
Added Pin To Net: NetName=NetU11_8 Pin=U11-8
Added Net: Name=NetU11_8
Added Pin To Net: NetName=NetU11_11 Pin=U11-11
Added Net: Name=NetU11_11
Added Pin To Net: NetName=NetU11_14 Pin=U11-14
Added Net: Name=NetU11_14
Added Pin To Net: NetName=NetU14_11 Pin=U14-11
Added Net: Name=NetU14_11
Added Pin To Net: NetName=NetU14_12 Pin=U14-12
Added Net: Name=NetU14_12
Added Pin To Net: NetName=NetU14_13 Pin=U14-13
Added Net: Name=NetU14_13
Added Pin To Net: NetName=NetU14_14 Pin=U14-14
Added Net: Name=NetU14_14
Added Pin To Net: NetName=NetU14_15 Pin=U14-15
Added Net: Name=NetU14_15
Added Pin To Net: NetName=NetU14_16 Pin=U14-16
Added Net: Name=NetU14_16
Added Pin To Net: NetName=NetU14_17 Pin=U14-17
Added Net: Name=NetU14_17
Added Pin To Net: NetName=PRE_SFTY_MOS Pin=Q14-6
Added Pin To Net: NetName=PRE_SFTY_MOS Pin=Q16-3
Added Pin To Net: NetName=PRE_SFTY_MOS Pin=R60-2
Added Net: Name=PRE_SFTY_MOS
Add Net: Net with name "PWR_IN" already exists
Added Pin To Net: NetName=TCAN1146_INH Pin=R21-2
Added Pin To Net: NetName=TCAN1146_INH Pin=U11-7
Added Net: Name=TCAN1146_INH
Added Pin To Net: NetName=TCAN1146_VSUP Pin=Q13-2
Added Pin To Net: NetName=TCAN1146_VSUP Pin=R37-2
Added Net: Name=TCAN1146_VSUP
Added Class: Name=FDCAN_0
Added Class: Name=FDCAN_1
Added Class: Name=CAN
Added Member To Class: ClassName=MCU_0 Member=Component C46 100n
Added Member To Class: ClassName=CELL_SENSE Member=Component C47 100n
Added Member To Class: ClassName=CELL_SENSE Member=Component C48 100n
Added Member To Class: ClassName=CELL_SENSE Member=Component C49 100n
Added Member To Class: ClassName=CELL_SENSE Member=Component C50 100n
Added Member To Class: ClassName=CELL_SENSE Member=Component C51 1u
Added Member To Class: ClassName=CELL_SENSE Member=Component C52 1u
Added Member To Class: ClassName=CELL_SENSE Member=Component C53 220n
Added Member To Class: ClassName=HYDRA_V4_POWER Member=Component F3 MF-PSMF050X-2
Added Member To Class: ClassName=HYDRA_V4_POWER Member=Component F4 MF-PSML150/12-2
Added Member To Class: ClassName=RP_AND_SAFETYSW Member=Component Q14 SSM6N7002KFU,LF
Added Member To Class: ClassName=HYDRA_V4_POWER Member=Component Q15 FDC6327C
Added Member To Class: ClassName=HYDRA_V4_POWER Member=Component R43 100k
Added Member To Class: ClassName=HYDRA_V4_POWER Member=Component R46 1k
Added Member To Class: ClassName=HYDRA_V4_POWER Member=Component R47 1k
Added Member To Class: ClassName=HYDRA_V4_POWER Member=Component R49 100k
Added Member To Class: ClassName=MOSFET_JUNCTION Member=Component R54 100k
Added Member To Class: ClassName=MOSFET_JUNCTION Member=Component R55 24k
Added Member To Class: ClassName=CELL_SENSE Member=Component R71 1k
Added Member To Class: ClassName=CELL_SENSE Member=Component R72 1k
Added Member To Class: ClassName=CELL_SENSE Member=Component R73 1k
Added Member To Class: ClassName=CELL_SENSE Member=Component R74 1k
Added Member To Class: ClassName=CELL_SENSE Member=Component U14 ADS130B04QPWRQ1
Change Class Name : Old Net Name=120DIFF New Net Name=CAN
