Removed Pin From Net: NetName=GND Pin=C18-2
Removed Pin From Net: NetName=GND Pin=C43-2
Removed Pin From Net: NetName=GND Pin=C44-2
Removed Pin From Net: NetName=GND Pin=C45-2
Removed Pin From Net: NetName=INT_3V3 Pin=R67-1
Removed Pin From Net: NetName=GND Pin=R68-1
Removed Pin From Net: NetName=GND Pin=R69-2
Removed Pin From Net: NetName=INT_3V3 Pin=R70-1
Removed Pin From Net: NetName=GND Pin=U8-3
Removed Pin From Net: NetName=GND Pin=U8-17
Removed Pin From Net: NetName=GND Pin=U8-18
Removed Pin From Net: NetName=GND Pin=U8-19
Removed Member From Class: ClassName=CELL_SENSE Member=C18
Removed Member From Class: ClassName=CELL_SENSE Member=C43
Removed Member From Class: ClassName=CELL_SENSE Member=C44
Removed Member From Class: ClassName=CELL_SENSE Member=C45
Removed Member From Class: ClassName=CELL_SENSE Member=R67
Removed Member From Class: ClassName=CELL_SENSE Member=R68
Removed Member From Class: ClassName=CELL_SENSE Member=R69
Removed Member From Class: ClassName=CELL_SENSE Member=R70
Removed Member From Class: ClassName=CELL_SENSE Member=U8
