Removed Pin From Net: NetName=INT_PWR Pin=C38-1
Removed Pin From Net: NetName=INT_3V3 Pin=F6-2
Removed Pin From Net: NetName=INT_PWR Pin=U12-1
Removed Member From Class: ClassName=HYDRA_V4_POWER Member=F6
Added Component: Designator=F?(FP-0ZCK0010FF2G-MFG)
Add component (AddParameter): Name = "Case Code (Imperial)"; Value = "0805"; VariantName = "[No Variations]"
Add component (AddParameter): Name = "Case Code (Metric)"; Value = "2012"; VariantName = "[No Variations]"
Add component (AddParameter): Name = "Case/Package"; Value = "0805"; VariantName = "[No Variations]"
Add component (AddParameter): Name = "Hold Current"; Value = "100mA"; VariantName = "[No Variations]"
Add component (AddParameter): Name = "Lead Free"; Value = "Lead Free"; VariantName = "[No Variations]"
Add component (AddParameter): Name = "Max Current Rating"; Value = "100A"; VariantName = "[No Variations]"
Add component (AddParameter): Name = "Package Quantity"; Value = "1"; VariantName = "[No Variations]"
Add component (AddParameter): Name = "Packaging"; Value = "Tape and Reel"; VariantName = "[No Variations]"
Add component (AddParameter): Name = "RoHS Compliant"; Value = "Yes"; VariantName = "[No Variations]"
Add component (AddParameter): Name = "Time to Trip"; Value = "1.5s"; VariantName = "[No Variations]"
Add component (AddParameter): Name = "Trip Current"; Value = "300mA"; VariantName = "[No Variations]"
Added Pin To Net: NetName=INT_3V3 Pin=C7-1
Added Pin To Net: NetName=INT_PWR Pin=F?-1
Added Pin To Net: NetName=INT_3V3 Pin=R38-2
Added Pin To Net: NetName=INT_3V3 Pin=U5-2
Added Pin To Net: NetName=TCAN_5V_REG_VCC Pin=C38-1
Added Pin To Net: NetName=TCAN_5V_REG_VCC Pin=F?-2
Added Pin To Net: NetName=TCAN_5V_REG_VCC Pin=U12-1
Added Net: Name=TCAN_5V_REG_VCC
Added Member To Class: ClassName=HYDRA_V4_POWER Member=Component F? 0ZCK0010FF2G
