Removed Pin From Net: NetName=CELL_3_IN Pin=C47-1
Removed Pin From Net: NetName=CELL_2_IN Pin=C47-2
Removed Pin From Net: NetName=CELL_2_IN Pin=C48-1
Removed Pin From Net: NetName=CELL_1_IN Pin=C48-2
Removed Pin From Net: NetName=CELL_1_IN Pin=C49-1
Removed Pin From Net: NetName=CELL_0_IN Pin=C49-2
Removed Pin From Net: NetName=CELL_0_IN Pin=C50-1
Removed Pin From Net: NetName=CELL_2_IN Pin=R64-2
Removed Pin From Net: NetName=CELL_1_IN Pin=R66-2
Removed Pin From Net: NetName=CELL_0_IN Pin=R72-2
Added Pin To Net: NetName=AIN0P Pin=C47-1
Added Pin To Net: NetName=GND Pin=C47-2
Added Pin To Net: NetName=AIN1P Pin=C48-1
Added Pin To Net: NetName=GND Pin=C48-2
Added Pin To Net: NetName=AIN2P Pin=C49-1
Added Pin To Net: NetName=GND Pin=C49-2
Added Pin To Net: NetName=AIN3P Pin=C50-1
Added Pin To Net: NetName=AIN0P Pin=R64-1
Added Pin To Net: NetName=GND Pin=R64-2
Added Pin To Net: NetName=AIN1P Pin=R65-1
Added Pin To Net: NetName=GND Pin=R66-2
Added Pin To Net: NetName=AIN2P Pin=R72-1
Added Pin To Net: NetName=GND Pin=R72-2
Added Pin To Net: NetName=AIN3P Pin=R73-1
Added Pin To Net: NetName=GND Pin=U14-4
Added Pin To Net: NetName=GND Pin=U14-5
Added Pin To Net: NetName=GND Pin=U14-8
Added Pin To Net: NetName=GND Pin=U14-9
Added Member To Class: ClassName=CELL_SENSE Member=Component C47 100n
