Removed Pin From Net: NetName=M2_PWR Pin=U1-3
Removed Pin From Net: NetName=M2_PWR Pin=U1-4
Added Component: Designator=F2(FP-0501-MFG)
Add component (AddParameter): Name = "Approvals"; Value = "UL"; VariantName = "[No Variations]"
Add component (AddParameter): Name = "Case Code (Imperial)"; Value = "1206"; VariantName = "[No Variations]"
Add component (AddParameter): Name = "Case Code (Metric)"; Value = "3216"; VariantName = "[No Variations]"
Add component (AddParameter): Name = "Case/Package"; Value = "1206"; VariantName = "[No Variations]"
Add component (AddParameter): Name = "Composition"; Value = "Ceramic"; VariantName = "[No Variations]"
Add component (AddParameter): Name = "Current Rating"; Value = "10A"; VariantName = "[No Variations]"
Add component (AddParameter): Name = "DC Cold Resistance"; Value = "4.27mR"; VariantName = "[No Variations]"
Add component (AddParameter): Name = "Depth"; Value = "1.63mm"; VariantName = "[No Variations]"
Add component (AddParameter): Name = "Fuse Type"; Value = "Board Mount (Cartridge Style Excluded)"; VariantName = "[No Variations]"
Add component (AddParameter): Name = "Height"; Value = "0.033inch"; VariantName = "[No Variations]"
Add component (AddParameter): Name = "Housing Material"; Value = "Ceramic"; VariantName = "[No Variations]"
Add component (AddParameter): Name = "Lead Free"; Value = "Lead Free"; VariantName = "[No Variations]"
Add component (AddParameter): Name = "Length"; Value = "3.2mm"; VariantName = "[No Variations]"
Add component (AddParameter): Name = "Max Operating Temperature"; Value = "150°C"; VariantName = "[No Variations]"
Add component (AddParameter): Name = "Min Operating Temperature"; Value = "-55°C"; VariantName = "[No Variations]"
Add component (AddParameter): Name = "Mount"; Value = "Surface Mount"; VariantName = "[No Variations]"
Add component (AddParameter): Name = "Package Quantity"; Value = "3000"; VariantName = "[No Variations]"
Add component (AddParameter): Name = "Packaging"; Value = "Tape and Reel"; VariantName = "[No Variations]"
Add component (AddParameter): Name = "Voltage Rating (DC)"; Value = "32V"; VariantName = "[No Variations]"
Add component (AddParameter): Name = "Width"; Value = "1.63mm"; VariantName = "[No Variations]"
Add component (AddParameter): Name = "Working Voltage"; Value = "32V"; VariantName = "[No Variations]"
Added Pin To Net: NetName=M2_PWR Pin=F2-2
Change Net Name : Old Net Name=M2_PWR New Net Name=PYRO_PWR
Added Pin To Net: NetName=M2_PWR Pin=F2-1
Added Pin To Net: NetName=M2_PWR Pin=U1-3
Added Pin To Net: NetName=M2_PWR Pin=U1-4
Added Net: Name=M2_PWR
Added Member To Class: ClassName=HYDRA_V4_POWER Member=Component F2 0501010.WR
