Change Value of Parameter Value in Part C19 Old=C19 New=4.7u
Change Value of Parameter Value in Part C20 Old=C20 New=100n
Change Value of Parameter Value in Part C21 Old=C21 New=100n
Change Value of Parameter Value in Part C22 Old=C22 New=100n
Change Value of Parameter Value in Part C23 Old=C23 New=1u
Change Value of Parameter Value in Part C24 Old=C24 New=100n
Change Value of Parameter Value in Part C25 Old=C25 New=1u
Change Value of Parameter Value in Part C26 Old=C26 New=100n
Change Value of Parameter Value in Part C27 Old=C27 New=1u
Change Value of Parameter Value in Part C28 Old=C28 New=100n
Change Value of Parameter Value in Part C34 Old=C34 New=30p
Change Value of Parameter Value in Part C35 Old=C35 New=30p
Change Value of Parameter Value in Part C36 Old=C36 New=18p
Change Value of Parameter Value in Part C37 Old=C37 New=18p
Change Value of Parameter Value in Part C41 Old=C41 New=100n
Change Value of Parameter Value in Part C46 Old=C46 New=100n
Change Value of Parameter Value in Part R32 Old= New=330
Change Value of Parameter Value in Part R34 Old= New=1k
Change Value of Parameter Value in Part R36 Old= New=1k
Change Value of Parameter Value in Part R37 Old= New=100k
Change Value of Parameter Value in Part R83 Old= New=10k
Change Value of Parameter Value in Part R85 Old= New=330
Change Value of Parameter Value in Part R87 Old= New=330
Change Value of Parameter Value in Part R93 Old= New=330
Change Value of Parameter Value in Part R95 Old= New=10k
