Change Value of Parameter Value in Part C11 Old= New=100n
Change Value of Parameter Value in Part C13 Old= New=100n
Change Value of Parameter Value in Part C14 Old= New=100n
Change Value of Parameter Value in Part C15 Old= New=4.7u
Change Value of Parameter Value in Part C17 Old= New=30p
Change Value of Parameter Value in Part C18 Old= New=30p
Change Value of Parameter Value in Part C19 Old= New=100n
Change Value of Parameter Value in Part C20 Old= New=10n
Change Value of Parameter Value in Part C21 Old= New=100n
Change Value of Parameter Value in Part C22 Old= New=10n
Change Value of Parameter Value in Part C23 Old= New=100n
Change Value of Parameter Value in Part C24 Old= New=10n
Change Value of Parameter Value in Part C25 Old= New=100n
Change Value of Parameter Value in Part C26 Old= New=10n
Change Value of Parameter Value in Part C27 Old= New=100n
Change Value of Parameter Value in Part C28 Old= New=10n
Change Value of Parameter Value in Part C29 Old= New=100n
Change Value of Parameter Value in Part R48 Old= New=24 1%
Change Value of Parameter Value in Part R49 Old= New=49.9 1%
Change Value of Parameter Value in Part R50 Old= New=24 1%
Change Value of Parameter Value in Part R51 Old= New=100k
Change Value of Parameter Value in Part R52 Old= New=49.9 1%
Change Value of Parameter Value in Part R53 Old= New=100k
Change Value of Parameter Value in Part R55 Old= New=10k
Change Value of Parameter Value in Part R56 Old= New=10k
Change Value of Parameter Value in Part R57 Old= New=10k
Change Value of Parameter Value in Part R58 Old= New=10k
Added Parameter Value=GRM188R60J106ME47D to Part C12
