Removed Pin From Net: NetName=5V Pin=F5-2
Removed Pin From Net: NetName=GND Pin=J3-5
Removed Pin From Net: NetName=GND Pin=J3-6
Removed Pin From Net: NetName=GND Pin=J4-5
Removed Pin From Net: NetName=GND Pin=J4-6
Removed Pin From Net: NetName=CAM_1 Pin=J8-1
Removed Pin From Net: NetName=NetF3_1 Pin=J8-2
Removed Pin From Net: NetName=GND Pin=J8-3
Removed Pin From Net: NetName=GND Pin=J8-4
Removed Pin From Net: NetName=GND Pin=J8-5
Removed Pin From Net: NetName=CAM_2 Pin=J9-1
Removed Pin From Net: NetName=NetF4_1 Pin=J9-2
Removed Pin From Net: NetName=GND Pin=J9-3
Removed Pin From Net: NetName=GND Pin=J9-4
Removed Pin From Net: NetName=GND Pin=J9-5
Removed Pin From Net: NetName=GND Pin=J10-3
Removed Pin From Net: NetName=GND Pin=J10-4
Removed Pin From Net: NetName=GND Pin=J10-5
Removed Pin From Net: NetName=GND Pin=R54-1
Removed Member From Class: ClassName=CAMERA_IF Member=C16
Removed Member From Class: ClassName=HYDRA_V4_RECOVERY Member=F5
Removed Member From Class: ClassName=HYDRA_V4_RECOVERY Member=J8
Removed Member From Class: ClassName=HYDRA_V4_RECOVERY Member=J9
Removed Member From Class: ClassName=HYDRA_V4_RECOVERY Member=J10
Removed Member From Class: ClassName=CAMERA_IF Member=R53
Removed Member From Class: ClassName=CAMERA_IF Member=R54
Added Pin To Net: NetName=NetF3_1 Pin=J3-5
Added Pin To Net: NetName=CAM_1 Pin=J3-6
Added Pin To Net: NetName=NetF4_1 Pin=J4-5
Added Pin To Net: NetName=CAM_2 Pin=J4-6
