Removed Pin From Net: NetName=GND Pin=D5-1
Removed Pin From Net: NetName=PWR_nFLT Pin=D5-4
Removed Pin From Net: NetName=GND Pin=Q5-1
Removed Pin From Net: NetName=PRE_ZENER_CAN_INH Pin=Q5-2
Removed Pin From Net: NetName=PWR_nFLT Pin=Q5-3
Removed Pin From Net: NetName=GND Pin=Q5-4
Removed Pin From Net: NetName=TCAN1146_VSUP Pin=R37-1
Removed Pin From Net: NetName=3V3_OUT Pin=R38-1
Removed Pin From Net: NetName=TCAN1146_VSUP Pin=R39-1
Removed Pin From Net: NetName=NetQ8_1 Pin=R65-1
Removed Pin From Net: NetName=TCAN1146_VSUP Pin=R65-2
Removed Member From Class: ClassName=OC_PROT Member=D5
Removed Member From Class: ClassName=MCU_0 Member=D6
Removed Member From Class: ClassName=OC_PROT Member=Q5
Removed Member From Class: ClassName=MCU_0 Member=Q8
Removed Member From Class: ClassName=OC_PROT Member=R37
Removed Member From Class: ClassName=OC_PROT Member=R38
Removed Member From Class: ClassName=OC_PROT Member=R39
Removed Member From Class: ClassName=MCU_0 Member=R62
Removed Member From Class: ClassName=MCU_0 Member=R63
Removed Member From Class: ClassName=MCU_0 Member=R64
Removed Member From Class: ClassName=MCU_0 Member=R65
Change Component Comment : Designator=R62 Old Comment=56 New Comment=330
Change Net Name : Old Net Name=G_LED New Net Name=NetU8_15
Change Net Name : Old Net Name=R_LED New Net Name=NetU8_16
Added Member To Class: ClassName=MCU_0 Member=Component C34 100n
Added Member To Class: ClassName=OC_PROT Member=Component D6 150066RG54050
Added Member To Class: ClassName=OC_PROT Member=Component Q8 DMG1013UW-7
Added Member To Class: ClassName=OC_PROT Member=Component R62 330
Added Member To Class: ClassName=OC_PROT Member=Component R63 1k
Added Member To Class: ClassName=OC_PROT Member=Component R64 1k
