Change Component DesignItemId : Designator=U4 Old DesignItemId=CMP-010-00029-3 New DesignItemId=CMP-010-00029-4
Change Component DesignItemId : Designator=U3 Old DesignItemId=CMP-019-00048-2 New DesignItemId=CMP-019-00048-3
Change Component DesignItemId : Designator=U11 Old DesignItemId=CMP-019-00048-2 New DesignItemId=CMP-019-00048-3
Change Component DesignItemId : Designator=U7 Old DesignItemId=CMP-09080-000010-1 New DesignItemId=CMP-015-00015-1
Change Component Footprint: Designator=U7 Old Footprint=FP-CP-32-12-MFG New Footprint=FP-CP-32-12-IPC_A
Change Component Footprint: Designator=U4 Old Footprint=PQFN50P450X450X115_HS-25N New Footprint=PQFN50P450X450X115_HS-25N
Change Component Footprint: Designator=U3 Old Footprint=PSON50P300X100_HS-11N New Footprint=PSON50P300X100_HS-11N
Change Component Footprint: Designator=U11 Old Footprint=PSON50P300X100_HS-11N New Footprint=PSON50P300X100_HS-11N
Change Component Description : Designator=U7 Old Description=IC VIDEO DECODER SDTV 32-LFCSP New Description=Color Signal Decoder, CMOS
Change Component Library : Designator=U7 Old Library=Altium Content Vault New Library=Space Concordia
Change Managed Component Library Link : Designator=U3 Old VaultGUID=275DD9A0-BDD9-47D7-8C38-F690E90B05B9 New VaultGUID=275DD9A0-BDD9-47D7-8C38-F690E90B05B9 Old ItemGUID=e9b56490-f7c0-4635-80fc-ee82fc74e6ac New ItemGUID=e9b56490-f7c0-4635-80fc-ee82fc74e6ac Old RevisionGUID=2513e1bc-5e52-4837-88e2-4f9008abcda7 New RevisionGUID=db408ac0-3192-4aef-862c-9b118dd90fea
Change Managed Component Library Link : Designator=U4 Old VaultGUID=275DD9A0-BDD9-47D7-8C38-F690E90B05B9 New VaultGUID=275DD9A0-BDD9-47D7-8C38-F690E90B05B9 Old ItemGUID=4c06f6bc-ae0d-4a3e-bda0-f8fbe28ea867 New ItemGUID=4c06f6bc-ae0d-4a3e-bda0-f8fbe28ea867 Old RevisionGUID=7a3c99e7-8a3c-4819-a7af-3dcfb8223ac3 New RevisionGUID=14c97c83-6791-43b1-b7c6-31884f23b798
Change Managed Component Library Link : Designator=U11 Old VaultGUID=275DD9A0-BDD9-47D7-8C38-F690E90B05B9 New VaultGUID=275DD9A0-BDD9-47D7-8C38-F690E90B05B9 Old ItemGUID=e9b56490-f7c0-4635-80fc-ee82fc74e6ac New ItemGUID=e9b56490-f7c0-4635-80fc-ee82fc74e6ac Old RevisionGUID=2513e1bc-5e52-4837-88e2-4f9008abcda7 New RevisionGUID=db408ac0-3192-4aef-862c-9b118dd90fea
Change Managed Component Library Link : Designator=U7 Old VaultGUID=275DD9A0-BDD9-47D7-8C38-F690E90B05B9 New VaultGUID=275DD9A0-BDD9-47D7-8C38-F690E90B05B9 Old ItemGUID=6D36767D-1019-4528-B901-3EBA6C44E33C New ItemGUID=4a7f988f-29ca-49d6-973a-fdda9b416823 Old RevisionGUID=8FEA242B-924F-43D9-A5F8-72BCFB0B5582 New RevisionGUID=144ecf4a-e1ee-4346-a55a-0baecdc0e06c
Change component parameters: Designator = "U7" ("U7"); Footprint = "FP-CP-32-12-MFG"; UniqueID = "\RYPUUFLL\USIXIMVI" ("\RYPUUFLL\USIXIMVI")
Change component parameters (AddParameter): Name = "Case/Package"; Value = ""; VariantName = "[No Variations]"
Change component parameters (AddParameter): Name = "Max Operating Temperature"; Value = "105°C"; VariantName = "[No Variations]"
Change component parameters (AddParameter): Name = "Max Supply Voltage"; Value = ""; VariantName = "[No Variations]"
Change component parameters (AddParameter): Name = "Min Operating Temperature"; Value = "-40°C"; VariantName = "[No Variations]"
Change component parameters (AddParameter): Name = "Min Supply Voltage"; Value = ""; VariantName = "[No Variations]"
Change component parameters (AddParameter): Name = "Mounting Technology"; Value = ""; VariantName = "[No Variations]"
Change component parameters (AddParameter): Name = "Pins"; Value = "32"; VariantName = "[No Variations]"
Change component parameters (AddParameter): Name = "Power"; Value = ""; VariantName = "[No Variations]"
Change component parameters (AddParameter): Name = "RoHS Compliant"; Value = "Yes"; VariantName = "[No Variations]"
