Change Component DesignItemId : Designator=J5 Old DesignItemId=CMP-2000-07076-2 New DesignItemId=CMP-002-00083-1
Change Component DesignItemId : Designator=J3 Old DesignItemId=CMP-17439-000061-1 New DesignItemId=CMP-002-00082-1
Change Component DesignItemId : Designator=J4 Old DesignItemId=CMP-17439-000061-1 New DesignItemId=CMP-002-00082-1
Change Component Footprint: Designator=J5 Old Footprint=FP-SM02B-GHS-TB_LF_SN-MFG New Footprint=FP-SM02B-GHS-TB_LF_SN-MFG
Change Component Footprint: Designator=J3 Old Footprint=FP-SM06B-GHS-TB_LF_SN-MFG New Footprint=FP-SM06B-GHS-TB_LF_SN-MFG
Change Component Footprint: Designator=J4 Old Footprint=FP-SM06B-GHS-TB_LF_SN-MFG New Footprint=FP-SM06B-GHS-TB_LF_SN-MFG
Change Component Description : Designator=J5 Old Description=CONN HEADER SMD R/A 2POS 1.25MM New Description=MCU 32-bit LPC1800 ARM Cortex M3 RISC 768KB Flash 3.3V 100-Pin TFBGA Tray
Change Component Description : Designator=J3 Old Description=CONN HEADER SMD R/A 6POS 1.25MM New Description=Conn Shrouded Header HDR 6 POS 1.25mm Solder RA Side Entry SMD T/R
Change Component Description : Designator=J4 Old Description=CONN HEADER SMD R/A 6POS 1.25MM New Description=Conn Shrouded Header HDR 6 POS 1.25mm Solder RA Side Entry SMD T/R
Change Component Library : Designator=J3 Old Library=Altium Content Vault New Library=Space Concordia
Change Component Library : Designator=J4 Old Library=Altium Content Vault New Library=Space Concordia
Change Component Library : Designator=J5 Old Library=Altium Content Vault New Library=Space Concordia
Change Managed Component Library Link : Designator=J3 Old VaultGUID=275DD9A0-BDD9-47D7-8C38-F690E90B05B9 New VaultGUID=275DD9A0-BDD9-47D7-8C38-F690E90B05B9 Old ItemGUID=261A1AC3-6C93-4FE5-9404-7D939913C520 New ItemGUID=456d90b7-f785-46ff-bff2-3a5cdd0ed3c4 Old RevisionGUID=F68CA069-44EF-4C8A-8676-EA498F3169C9 New RevisionGUID=c1e6e2e3-2865-41b9-b8b0-9f45f42cded4
Change Managed Component Library Link : Designator=J4 Old VaultGUID=275DD9A0-BDD9-47D7-8C38-F690E90B05B9 New VaultGUID=275DD9A0-BDD9-47D7-8C38-F690E90B05B9 Old ItemGUID=261A1AC3-6C93-4FE5-9404-7D939913C520 New ItemGUID=456d90b7-f785-46ff-bff2-3a5cdd0ed3c4 Old RevisionGUID=F68CA069-44EF-4C8A-8676-EA498F3169C9 New RevisionGUID=c1e6e2e3-2865-41b9-b8b0-9f45f42cded4
Change Managed Component Library Link : Designator=J5 Old VaultGUID=275DD9A0-BDD9-47D7-8C38-F690E90B05B9 New VaultGUID=275DD9A0-BDD9-47D7-8C38-F690E90B05B9 Old ItemGUID=553A0A49-74B5-4373-A55D-69D15CF7B644 New ItemGUID=0f32c250-5b0d-4c90-a7a4-dde2bda44090 Old RevisionGUID=1FB2ED07-084D-4A1C-BEAB-FA0E09279245 New RevisionGUID=37cd3082-f76d-43cb-b97e-43377fb145cd
Change component parameters: Designator = "J3" ("J3"); Footprint = "FP-SM06B-GHS-TB_LF_SN-MFG"; UniqueID = "\ELVUFJBB" ("\ELVUFJBB")
Change component parameters (AddParameter): Name = "Case/Package"; Value = ""; VariantName = "[No Variations]"
Change component parameters (AddParameter): Name = "Connector Type"; Value = ""; VariantName = "[No Variations]"
Change component parameters (AddParameter): Name = "Gender"; Value = ""; VariantName = "[No Variations]"
Change component parameters (AddParameter): Name = "Max Operating Temperature"; Value = ""; VariantName = "[No Variations]"
Change component parameters (AddParameter): Name = "Min Operating Temperature"; Value = ""; VariantName = "[No Variations]"
Change component parameters (AddParameter): Name = "Mounting Technology"; Value = ""; VariantName = "[No Variations]"
Change component parameters (AddParameter): Name = "Pins"; Value = ""; VariantName = "[No Variations]"
Change component parameters (AddParameter): Name = "RoHS Compliant"; Value = ""; VariantName = "[No Variations]"
Change component parameters: Designator = "J4" ("J4"); Footprint = "FP-SM06B-GHS-TB_LF_SN-MFG"; UniqueID = "\GCYSEFNN" ("\GCYSEFNN")
Change component parameters (AddParameter): Name = "Case/Package"; Value = ""; VariantName = "[No Variations]"
Change component parameters (AddParameter): Name = "Connector Type"; Value = ""; VariantName = "[No Variations]"
Change component parameters (AddParameter): Name = "Gender"; Value = ""; VariantName = "[No Variations]"
Change component parameters (AddParameter): Name = "Max Operating Temperature"; Value = ""; VariantName = "[No Variations]"
Change component parameters (AddParameter): Name = "Min Operating Temperature"; Value = ""; VariantName = "[No Variations]"
Change component parameters (AddParameter): Name = "Mounting Technology"; Value = ""; VariantName = "[No Variations]"
Change component parameters (AddParameter): Name = "Pins"; Value = ""; VariantName = "[No Variations]"
Change component parameters (AddParameter): Name = "RoHS Compliant"; Value = ""; VariantName = "[No Variations]"
Change component parameters: Designator = "J5" ("J5"); Footprint = "FP-SM02B-GHS-TB_LF_SN-MFG"; UniqueID = "\ENIQOMQN" ("\ENIQOMQN")
Change component parameters (AddParameter): Name = "Case/Package"; Value = ""; VariantName = "[No Variations]"
Change component parameters (AddParameter): Name = "Connector Type"; Value = ""; VariantName = "[No Variations]"
Change component parameters (AddParameter): Name = "Gender"; Value = ""; VariantName = "[No Variations]"
Change component parameters (AddParameter): Name = "Max Operating Temperature"; Value = ""; VariantName = "[No Variations]"
Change component parameters (AddParameter): Name = "Min Operating Temperature"; Value = ""; VariantName = "[No Variations]"
Change component parameters (AddParameter): Name = "Mounting Technology"; Value = ""; VariantName = "[No Variations]"
Change component parameters (AddParameter): Name = "Pins"; Value = ""; VariantName = "[No Variations]"
Change component parameters (AddParameter): Name = "RoHS Compliant"; Value = ""; VariantName = "[No Variations]"
