Removed Member From Class: ClassName=HYDRA_V4_RECOVERY Member=D6
Removed Member From Class: ClassName=OC_PROT Member=D7
Removed Member From Class: ClassName=HYDRA_V4_RECOVERY Member=J11
Change Component Footprint: Designator=F7 Old Footprint=FP-MF-LSMF-MFG New Footprint=FP-MF-NSMF012-2-MFG
Change Component Comment : Designator=F7 Old Comment=MF-LSMF300/24X-2 New Comment=MF-NSML350/12-2
Change Managed Component Library Link : Designator=F7 Old VaultGUID=B7D15EC3-160A-466F-A46C-7801FE6295A7 New VaultGUID=B7D15EC3-160A-466F-A46C-7801FE6295A7 Old ItemGUID=84899F01-713E-4565-9AA2-5C5FB295C763 New ItemGUID=86858C61-300D-4107-80A7-DA4C5D703961 Old RevisionGUID=A76E63AA-E2C6-4868-8B62-46744D59F1FF New RevisionGUID=F3728DAF-4A56-458E-8CD2-8720ED19A835
Change component parameters: Designator = "F7" ("F7"); Footprint = "FP-MF-LSMF-MFG"; UniqueID = "\ZTJIBLSB\DPCMKRRV" ("\ZTJIBLSB\DPCMKRRV")
Change component parameters (AddParameter): Name = "Ambient Temperature Range High"; Value = "+85°C"; VariantName = "[No Variations]"
Change component parameters (AddParameter): Name = "Ambient Temperature Range Low"; Value = "-40°C"; VariantName = "[No Variations]"
Change component parameters (AddParameter): Name = "Automotive"; Value = "Yes"; VariantName = "[No Variations]"
Change component parameters (AddParameter): Name = "Automotive Grade"; Value = "Grade 3"; VariantName = "[No Variations]"
Change component parameters (AddParameter): Name = "Category"; Value = "Fuse"; VariantName = "[No Variations]"
Change component parameters (AddParameter): Name = "ComponentLink2Description"; Value = "Datasheet"; VariantName = "[No Variations]"
Change component parameters (AddParameter): Name = "ComponentLink2URL"; Value = "https://www.bourns.com/docs/Product-Datasheets/mfnsmf.pdf"; VariantName = "[No Variations]"
Change component parameters (AddParameter): Name = "Current Rating"; Value = "10A"; VariantName = "[No Variations]"
Change component parameters (AddParameter): Name = "Device Class L1"; Value = "Circuit Protection"; VariantName = "[No Variations]"
Change component parameters (AddParameter): Name = "Device Class L2"; Value = "PTC Resettable Fuses"; VariantName = "[No Variations]"
Change component parameters (AddParameter): Name = "Device Class L3"; Value = "unset"; VariantName = "[No Variations]"
Change component parameters (AddParameter): Name = "Digikey Description"; Value = "PTC RESET FUSE 30V 120MA 1206"; VariantName = "[No Variations]"
Change component parameters (AddParameter): Name = "Height"; Value = "1.1mm"; VariantName = "[No Variations]"
Change component parameters (AddParameter): Name = "Hold Current"; Value = "0.12A"; VariantName = "[No Variations]"
Change component parameters (AddParameter): Name = "Lead Free"; Value = "Yes"; VariantName = "[No Variations]"
Change component parameters (AddParameter): Name = "Manufacturer"; Value = "Bourns Inc."; VariantName = "[No Variations]"
Change component parameters (AddParameter): Name = "Manufacturer Part Number"; Value = "MF-NSMF012-2"; VariantName = "[No Variations]"
Change component parameters (AddParameter): Name = "Mouser Description"; Value = "Resettable Fuses - PPTC 0.12A 30V 1.35ohm"; VariantName = "[No Variations]"
Change component parameters (AddParameter): Name = "Octopart"; Value = "https://octopart.com/mf-nsmf012-2-bourns-24569"; VariantName = "[No Variations]"
Change component parameters (AddParameter): Name = "Package"; Value = "MF-NSMF012-2"; VariantName = "[No Variations]"
Change component parameters (AddParameter): Name = "Resistance"; Value = "1.35-8.5O"; VariantName = "[No Variations]"
Change component parameters (AddParameter): Name = "RoHS"; Value = "TRUE"; VariantName = "[No Variations]"
Change component parameters (AddParameter): Name = "Temperature"; Value = "-40°C to +85°C"; VariantName = "[No Variations]"
Change component parameters (AddParameter): Name = "Temperature Range High"; Value = "+85°C"; VariantName = "[No Variations]"
Change component parameters (AddParameter): Name = "Temperature Range Low"; Value = "-40°C"; VariantName = "[No Variations]"
Change component parameters (AddParameter): Name = "Trip Current"; Value = "0.29A"; VariantName = "[No Variations]"
Change component parameters (AddParameter): Name = "Trip Time"; Value = "0.2s"; VariantName = "[No Variations]"
Change component parameters (AddParameter): Name = "Value"; Value = "1.35-8.5O"; VariantName = "[No Variations]"
Change component parameters (AddParameter): Name = "Voltage Rating"; Value = "30V"; VariantName = "[No Variations]"
Added Member To Class: ClassName=HYDRA_V4_RECOVERY Member=Component D3 MBRA140T3G
Added Member To Class: ClassName=OC_PROT Member=Component D4 MM5Z3V3T1G
Added Member To Class: ClassName=HYDRA_V4_RECOVERY Member=Component J8 SM03B-GHS-TB(LF)(SN)
Added Member To Class: ClassName=MCU_0 Member=Component SW1 KXT331LHS
