Change Value of Parameter Value in Part C3 Old= New=100n
Change Value of Parameter Value in Part C4 Old= New=100n
Change Value of Parameter Value in Part C5 Old= New=TBD
Change Value of Parameter Value in Part C59 Old= New=100n
Change Value of Parameter Value in Part C60 Old= New=100n
Change Value of Parameter Value in Part C61 Old= New=TBD
Change Value of Parameter Value in Part R23 Old= New=100k
Change Value of Parameter Value in Part R24 Old= New=24k
Change Value of Parameter Value in Part R25 Old= New=100k
Change Value of Parameter Value in Part R26 Old= New=24k
Change Value of Parameter Value in Part R27 Old= New=100k
Change Value of Parameter Value in Part R28 Old= New=100k
Change Value of Parameter Value in Part R29 Old= New=1M
Change Value of Parameter Value in Part R30 Old= New=680k
Change Value of Parameter Value in Part R31 Old= New=10k
Change Value of Parameter Value in Part R32 Old= New=68k
Change Value of Parameter Value in Part R33 Old= New=110k
Change Value of Parameter Value in Part R34 Old= New=100k
Change Value of Parameter Value in Part R35 Old= New=1k
Change Value of Parameter Value in Part R36 Old= New=100k
Change Value of Parameter Value in Part R62 Old= New=330
Change Value of Parameter Value in Part R63 Old= New=1k
Change Value of Parameter Value in Part R64 Old= New=100k
Change Value of Parameter Value in Part R76 Old= New=1M
Change Value of Parameter Value in Part R77 Old= New=680k
Change Value of Parameter Value in Part R78 Old= New=68k
Change Value of Parameter Value in Part R79 Old= New=110k
Change Value of Parameter Value in Part R80 Old= New=1k
