Change Value of Parameter Value in Part C30 Old= New=30p
Change Value of Parameter Value in Part C31 Old= New=30p
Change Value of Parameter Value in Part C32 Old= New=18p
Change Value of Parameter Value in Part C33 Old= New=18p
Change Value of Parameter Value in Part C34 Old= New=100n
Change Value of Parameter Value in Part C35 Old= New=4.7u
Change Value of Parameter Value in Part C36 Old= New=100n
Change Value of Parameter Value in Part C37 Old= New=100n
Change Value of Parameter Value in Part C38 Old= New=100n
Change Value of Parameter Value in Part C39 Old= New=100n
Change Value of Parameter Value in Part C40 Old= New=100n
Change Value of Parameter Value in Part C41 Old= New=1u
Change Value of Parameter Value in Part C42 Old= New=100n
Change Value of Parameter Value in Part C43 Old= New=2.2u
Change Value of Parameter Value in Part C44 Old= New=100n
Change Value of Parameter Value in Part C45 Old= New=2.2u
Change Value of Parameter Value in Part C46 Old= New=100n
Change Value of Parameter Value in Part C47 Old= New=1u
Change Value of Parameter Value in Part C48 Old= New=100n
Change Value of Parameter Value in Part C49 Old= New=1u
Change Value of Parameter Value in Part C50 Old= New=100n
Change Value of Parameter Value in Part C56 Old= New=100n
Change Value of Parameter Value in Part R59 Old= New=10k
Change Value of Parameter Value in Part R60 Old= New=330
Change Value of Parameter Value in Part R61 Old= New=100k
Change Value of Parameter Value in Part R66 Old= New=56
Change Value of Parameter Value in Part R67 Old= New=56
Change Value of Parameter Value in Part R72 Old= New=330
Change Value of Parameter Value in Part R73 Old= New=100k
