Change Component Designator: Old Designator=C51 New Designator=C28
Change Component Designator: Old Designator=C52 New Designator=C29
Change Component Designator: Old Designator=C53 New Designator=C30
Change Component Designator: Old Designator=C54 New Designator=C31
Change Component Designator: Old Designator=C55 New Designator=C32
Change Component Designator: Old Designator=C56 New Designator=C33
Change Component Designator: Old Designator=C57 New Designator=C34
Change Component Designator: Old Designator=C58 New Designator=C35
Change Component Designator: Old Designator=C59 New Designator=C36
Change Component Designator: Old Designator=C60 New Designator=C37
Change Component Designator: Old Designator=C61 New Designator=C38
Change Component Designator: Old Designator=C62 New Designator=C39
Change Component Designator: Old Designator=C63 New Designator=C40
Change Component Designator: Old Designator=C64 New Designator=C41
Change Component Designator: Old Designator=C65 New Designator=C42
Change Component Designator: Old Designator=C66 New Designator=C43
Change Component Designator: Old Designator=C67 New Designator=C44
Change Component Designator: Old Designator=C68 New Designator=C45
Change Component Designator: Old Designator=C69 New Designator=C46
Change Component Designator: Old Designator=C70 New Designator=C47
Change Component Designator: Old Designator=C71 New Designator=C48
Change Component Designator: Old Designator=C72 New Designator=C49
Change Component Designator: Old Designator=C73 New Designator=C50
Change Component Designator: Old Designator=C74 New Designator=C51
Change Component Designator: Old Designator=C75 New Designator=C52
Change Component Designator: Old Designator=C76 New Designator=C53
Change Component Designator: Old Designator=C77 New Designator=C54
Change Component Designator: Old Designator=C78 New Designator=C55
Change Component Designator: Old Designator=C79 New Designator=C56
Change Component Designator: Old Designator=D4 New Designator=D3
Change Component Designator: Old Designator=D5 New Designator=D4
Change Component Designator: Old Designator=FB2 New Designator=FB1
Change Component Designator: Old Designator=J9 New Designator=J8
Change Component Designator: Old Designator=R66 New Designator=R47
Change Component Designator: Old Designator=R67 New Designator=R48
Change Component Designator: Old Designator=R68 New Designator=R49
Change Component Designator: Old Designator=R69 New Designator=R50
Change Component Designator: Old Designator=R70 New Designator=R51
Change Component Designator: Old Designator=R71 New Designator=R52
Change Component Designator: Old Designator=R72 New Designator=R53
Change Component Designator: Old Designator=R73 New Designator=R54
Change Component Designator: Old Designator=R74 New Designator=R55
Change Component Designator: Old Designator=R75 New Designator=R56
Change Component Designator: Old Designator=R76 New Designator=R57
Change Component Designator: Old Designator=R77 New Designator=R58
Change Component Designator: Old Designator=R78 New Designator=R59
Change Component Designator: Old Designator=R79 New Designator=R60
Change Component Designator: Old Designator=R80 New Designator=R61
Change Component Designator: Old Designator=R81 New Designator=R62
Change Component Designator: Old Designator=R82 New Designator=R63
Change Component Designator: Old Designator=SW4 New Designator=SW1
Change Component Designator: Old Designator=SW5 New Designator=SW2
Change Component Designator: Old Designator=SW6 New Designator=SW3
Change Component Designator: Old Designator=U12 New Designator=U8
Change Component Designator: Old Designator=U12 New Designator=U8
Change Component Designator: Old Designator=U13 New Designator=U9
Change Component Designator: Old Designator=U14 New Designator=U10
Change Component Designator: Old Designator=U15 New Designator=U11
Change Component Designator: Old Designator=Y4 New Designator=Y2
Change Component Designator: Old Designator=Y5 New Designator=Y3
