Removed Pin From Net: NetName=INT_PWR Pin=C18-1
Removed Pin From Net: NetName=CELL_2_IN Pin=P1-3
Removed Pin From Net: NetName=GND Pin=R65-2
Removed Pin From Net: NetName=CELL_1_IN Pin=R66-2
Removed Pin From Net: NetName=CELL_0_IN Pin=R69-2
Removed Pin From Net: NetName=CELL_2_IN Pin=R70-2
Removed Pin From Net: NetName=NetR69_1 Pin=R71-1
Removed Pin From Net: NetName=GND Pin=R71-2
Removed Pin From Net: NetName=GND Pin=R72-2
Removed Pin From Net: NetName=CELL_0_IN Pin=R75-2
Removed Pin From Net: NetName=CELL_3_IN Pin=R76-2
Removed Pin From Net: NetName=CELL_1_IN Pin=R79-2
Removed Pin From Net: NetName=CELL_2_IN Pin=R80-2
Removed Pin From Net: NetName=GND Pin=R81-2
Removed Pin From Net: NetName=GND Pin=R82-2
Removed Pin From Net: NetName=NetR69_1 Pin=U8-1
Removed Pin From Net: NetName=INT_PWR Pin=U8-2
Removed Pin From Net: NetName=GND Pin=U8-11
Removed Member From Class: ClassName=CELL_SENSE Member=R71
Removed Member From Class: ClassName=CELL_SENSE Member=R72
Removed Member From Class: ClassName=CELL_SENSE Member=R73
Removed Member From Class: ClassName=CELL_SENSE Member=R74
Removed Member From Class: ClassName=CELL_SENSE Member=R75
Removed Member From Class: ClassName=CELL_SENSE Member=R76
Removed Member From Class: ClassName=CELL_SENSE Member=R77
Removed Member From Class: ClassName=CELL_SENSE Member=R78
Removed Member From Class: ClassName=CELL_SENSE Member=R79
Removed Member From Class: ClassName=CELL_SENSE Member=R80
Removed Member From Class: ClassName=CELL_SENSE Member=R81
Removed Member From Class: ClassName=CELL_SENSE Member=R82
Removed Member From Class: ClassName=CELL_SENSE Member=U?
Change Component Comment : Designator=R67 Old Comment=1k New Comment=10k
Change Component Comment : Designator=R68 Old Comment=1k New Comment=10k
Change Component Comment : Designator=R63 Old Comment=47k New Comment=1k
Change Component Comment : Designator=R64 Old Comment=47k New Comment=1k
Change Component Comment : Designator=R65 Old Comment=100k New Comment=1k
Change Component Comment : Designator=R66 Old Comment=100k New Comment=1k
Change Component Comment : Designator=R69 Old Comment=100k New Comment=10k
Change Component Comment : Designator=R70 Old Comment=100k New Comment=10k
Change Component Comment : Designator=C18 Old Comment=100n New Comment=1u
Change Component Designator: OldDesignator=U? NewDesignator=U8
Added Component: Designator=C43(FP-0402-L_1_0_0_05-W_0_5-IPC_A)
Add component (AddParameter): Name = "Capacitor Type"; Value = "Ceramic"; VariantName = "[No Variations]"
Add component (AddParameter): Name = "Case/Package"; Value = "0402"; VariantName = "[No Variations]"
Add component (AddParameter): Name = "Max Operating Temperature"; Value = "85°C"; VariantName = "[No Variations]"
Add component (AddParameter): Name = "Min Operating Temperature"; Value = "-55°C"; VariantName = "[No Variations]"
Add component (AddParameter): Name = "Mounting Technology"; Value = "Surface Mount"; VariantName = "[No Variations]"
Add component (AddParameter): Name = "Pins"; Value = "2"; VariantName = "[No Variations]"
Add component (AddParameter): Name = "RoHS Compliant"; Value = "Yes"; VariantName = "[No Variations]"
Add component (AddParameter): Name = "Tolerance"; Value = ""; VariantName = "[No Variations]"
Add component (AddParameter): Name = "Value"; Value = ""; VariantName = "[No Variations]"
Add component (AddParameter): Name = "Voltage Rating"; Value = ""; VariantName = "[No Variations]"
Added Component: Designator=C44(FP-0402-L_1_0_0_05-W_0_5-IPC_A)
Add component (AddParameter): Name = "Capacitor Type"; Value = "Ceramic"; VariantName = "[No Variations]"
Add component (AddParameter): Name = "Case/Package"; Value = "0402"; VariantName = "[No Variations]"
Add component (AddParameter): Name = "Max Operating Temperature"; Value = "85°C"; VariantName = "[No Variations]"
Add component (AddParameter): Name = "Min Operating Temperature"; Value = "-55°C"; VariantName = "[No Variations]"
Add component (AddParameter): Name = "Mounting Technology"; Value = "Surface Mount"; VariantName = "[No Variations]"
Add component (AddParameter): Name = "Pins"; Value = "2"; VariantName = "[No Variations]"
Add component (AddParameter): Name = "RoHS Compliant"; Value = "Yes"; VariantName = "[No Variations]"
Add component (AddParameter): Name = "Tolerance"; Value = ""; VariantName = "[No Variations]"
Add component (AddParameter): Name = "Value"; Value = ""; VariantName = "[No Variations]"
Add component (AddParameter): Name = "Voltage Rating"; Value = ""; VariantName = "[No Variations]"
Added Component: Designator=C45(FP-0402-L_1_0_0_05-W_0_5-IPC_A)
Add component (AddParameter): Name = "Capacitor Type"; Value = "Ceramic"; VariantName = "[No Variations]"
Add component (AddParameter): Name = "Case/Package"; Value = "0402"; VariantName = "[No Variations]"
Add component (AddParameter): Name = "Max Operating Temperature"; Value = "85°C"; VariantName = "[No Variations]"
Add component (AddParameter): Name = "Min Operating Temperature"; Value = "-55°C"; VariantName = "[No Variations]"
Add component (AddParameter): Name = "Mounting Technology"; Value = "Surface Mount"; VariantName = "[No Variations]"
Add component (AddParameter): Name = "Pins"; Value = "2"; VariantName = "[No Variations]"
Add component (AddParameter): Name = "RoHS Compliant"; Value = "Yes"; VariantName = "[No Variations]"
Add component (AddParameter): Name = "Tolerance"; Value = ""; VariantName = "[No Variations]"
Add component (AddParameter): Name = "Value"; Value = ""; VariantName = "[No Variations]"
Add component (AddParameter): Name = "Voltage Rating"; Value = ""; VariantName = "[No Variations]"
Added Pin To Net: NetName=INT_PWR Pin=C43-1
Added Pin To Net: NetName=GND Pin=C43-2
Added Pin To Net: NetName=GND Pin=C44-2
Added Pin To Net: NetName=INT_PWR Pin=C45-1
Added Pin To Net: NetName=GND Pin=C45-2
Added Pin To Net: NetName=CELL_0_IN Pin=R63-1
Added Pin To Net: NetName=CELL_1_IN Pin=R64-1
Added Pin To Net: NetName=CELL_2_IN Pin=R65-2
Added Pin To Net: NetName=CELL_3_IN Pin=R66-1
Added Pin To Net: NetName=INT_3V3 Pin=R67-1
Added Pin To Net: NetName=GND Pin=R68-1
Added Pin To Net: NetName=GND Pin=R69-2
Added Pin To Net: NetName=INT_3V3 Pin=R70-1
Added Pin To Net: NetName=GND Pin=U8-3
Added Pin To Net: NetName=NetR69_1 Pin=U8-6
Added Pin To Net: NetName=INT_PWR Pin=U8-9
Added Pin To Net: NetName=INT_PWR Pin=U8-10
Added Pin To Net: NetName=CELL_2_IN Pin=U8-13
Added Pin To Net: NetName=CELL_2_IN Pin=U8-14
Added Pin To Net: NetName=GND Pin=U8-17
Added Pin To Net: NetName=GND Pin=U8-18
Added Pin To Net: NetName=GND Pin=U8-19
Add Net: Net with name "CELL_0_IN" already exists
Add Net: Net with name "CELL_1_IN" already exists
Add Net: Net with name "CELL_2_IN" already exists
Add Net: Net with name "CELL_3_IN" already exists
Added Pin To Net: NetName=CELL_SENSE_SCL Pin=R70-2
Added Pin To Net: NetName=CELL_SENSE_SCL Pin=U8-5
Added Net: Name=CELL_SENSE_SCL
Added Pin To Net: NetName=CELL_SENSE_SDA Pin=R67-2
Added Pin To Net: NetName=CELL_SENSE_SDA Pin=U8-4
Added Net: Name=CELL_SENSE_SDA
Added Pin To Net: NetName=NetC18_1 Pin=C18-1
Added Pin To Net: NetName=NetC18_1 Pin=U8-7
Added Net: Name=NetC18_1
Added Pin To Net: NetName=NetC44_1 Pin=C44-1
Added Pin To Net: NetName=NetC44_1 Pin=U8-8
Added Net: Name=NetC44_1
Added Pin To Net: NetName=NetR68_2 Pin=R68-2
Added Pin To Net: NetName=NetR68_2 Pin=U8-20
Added Net: Name=NetR68_2
Added Member To Class: ClassName=CELL_SENSE Member=Component C43 1u
Added Member To Class: ClassName=CELL_SENSE Member=Component C44 4.7u
Added Member To Class: ClassName=CELL_SENSE Member=Component C45 100n
