Removed Pin From Net: NetName=PRE_SHUNT Pin=J2-01
Removed Pin From Net: NetName=PRE_SHUNT Pin=J2-02
Removed Pin From Net: NetName=PRE_SHUNT Pin=J2-03
Removed Pin From Net: NetName=PRE_SHUNT Pin=J2-04
Removed Pin From Net: NetName=PRE_SHUNT Pin=J2-05
Removed Pin From Net: NetName=PRE_SHUNT Pin=J2-06
Removed Pin From Net: NetName=PRE_SHUNT Pin=J2-07
Removed Pin From Net: NetName=PRE_SHUNT Pin=J2-08
Removed Pin From Net: NetName=GND Pin=J2-13
Removed Pin From Net: NetName=GND Pin=J2-14
Removed Pin From Net: NetName=GND Pin=J2-15
Removed Pin From Net: NetName=GND Pin=J2-16
Removed Pin From Net: NetName=GND Pin=J2-17
Removed Pin From Net: NetName=GND Pin=J2-18
Removed Pin From Net: NetName=GND Pin=J2-19
Removed Pin From Net: NetName=GND Pin=J2-20
Removed Pin From Net: NetName=PRE_SHUNT Pin=J5-01
Removed Pin From Net: NetName=PRE_SHUNT Pin=J5-02
Removed Pin From Net: NetName=PRE_SHUNT Pin=J5-03
Removed Pin From Net: NetName=PRE_SHUNT Pin=J5-04
Removed Pin From Net: NetName=PRE_SHUNT Pin=J5-05
Removed Pin From Net: NetName=PRE_SHUNT Pin=J5-06
Removed Pin From Net: NetName=PRE_SHUNT Pin=J5-07
Removed Pin From Net: NetName=PRE_SHUNT Pin=J5-08
Removed Pin From Net: NetName=GND Pin=J5-13
Removed Pin From Net: NetName=GND Pin=J5-14
Removed Pin From Net: NetName=GND Pin=J5-15
Removed Pin From Net: NetName=GND Pin=J5-16
Removed Pin From Net: NetName=GND Pin=J5-17
Removed Pin From Net: NetName=GND Pin=J5-18
Removed Pin From Net: NetName=GND Pin=J5-19
Removed Pin From Net: NetName=GND Pin=J5-20
Added Pin To Net: NetName=GND Pin=J2-01
Added Pin To Net: NetName=GND Pin=J2-02
Added Pin To Net: NetName=GND Pin=J2-03
Added Pin To Net: NetName=GND Pin=J2-04
Added Pin To Net: NetName=GND Pin=J2-05
Added Pin To Net: NetName=GND Pin=J2-06
Added Pin To Net: NetName=GND Pin=J2-07
Added Pin To Net: NetName=GND Pin=J2-08
Added Pin To Net: NetName=PRE_SHUNT Pin=J2-13
Added Pin To Net: NetName=PRE_SHUNT Pin=J2-14
Added Pin To Net: NetName=PRE_SHUNT Pin=J2-15
Added Pin To Net: NetName=PRE_SHUNT Pin=J2-16
Added Pin To Net: NetName=PRE_SHUNT Pin=J2-17
Added Pin To Net: NetName=PRE_SHUNT Pin=J2-18
Added Pin To Net: NetName=PRE_SHUNT Pin=J2-19
Added Pin To Net: NetName=PRE_SHUNT Pin=J2-20
Added Pin To Net: NetName=GND Pin=J5-01
Added Pin To Net: NetName=GND Pin=J5-02
Added Pin To Net: NetName=GND Pin=J5-03
Added Pin To Net: NetName=GND Pin=J5-04
Added Pin To Net: NetName=GND Pin=J5-05
Added Pin To Net: NetName=GND Pin=J5-06
Added Pin To Net: NetName=GND Pin=J5-07
Added Pin To Net: NetName=GND Pin=J5-08
Added Pin To Net: NetName=PRE_SHUNT Pin=J5-13
Added Pin To Net: NetName=PRE_SHUNT Pin=J5-14
Added Pin To Net: NetName=PRE_SHUNT Pin=J5-15
Added Pin To Net: NetName=PRE_SHUNT Pin=J5-16
Added Pin To Net: NetName=PRE_SHUNT Pin=J5-17
Added Pin To Net: NetName=PRE_SHUNT Pin=J5-18
Added Pin To Net: NetName=PRE_SHUNT Pin=J5-19
Added Pin To Net: NetName=PRE_SHUNT Pin=J5-20
Add Net: Net with name "5V_OC_TP" already exists
