Removed Pin From Net: NetName=PRE_IMU1_SCLK Pin=Q6-1
Removed Pin From Net: NetName=1V8 Pin=Q6-2
Removed Pin From Net: NetName=IMU1_MOSI Pin=Q6-3
Removed Pin From Net: NetName=PRE_IMU1_MOSI Pin=Q6-4
Removed Pin From Net: NetName=1V8 Pin=Q6-5
Removed Pin From Net: NetName=IMU1_SCLK Pin=Q6-6
Removed Pin From Net: NetName=PRE_IMU1_MISO Pin=Q7-1
Removed Pin From Net: NetName=1V8 Pin=Q7-2
Removed Pin From Net: NetName=IMU1_nCS Pin=Q7-3
Removed Pin From Net: NetName=PRE_IMU1_nCS Pin=Q7-4
Removed Pin From Net: NetName=1V8 Pin=Q7-5
Removed Pin From Net: NetName=IMU1_MISO Pin=Q7-6
Removed Pin From Net: NetName=PRE_IMU1_SCLK Pin=R34-1
Removed Pin From Net: NetName=1V8 Pin=R34-2
Removed Pin From Net: NetName=IMU1_SCLK Pin=R35-1
Removed Pin From Net: NetName=3V3 Pin=R35-2
Removed Pin From Net: NetName=PRE_IMU1_MOSI Pin=R36-1
Removed Pin From Net: NetName=1V8 Pin=R36-2
Removed Pin From Net: NetName=IMU1_MOSI Pin=R37-1
Removed Pin From Net: NetName=3V3 Pin=R37-2
Removed Pin From Net: NetName=PRE_IMU1_MISO Pin=R38-1
Removed Pin From Net: NetName=1V8 Pin=R38-2
Removed Pin From Net: NetName=IMU1_MISO Pin=R39-1
Removed Pin From Net: NetName=3V3 Pin=R39-2
Removed Pin From Net: NetName=PRE_IMU1_nCS Pin=R40-1
Removed Pin From Net: NetName=1V8 Pin=R40-2
Removed Pin From Net: NetName=IMU1_nCS Pin=R41-1
Removed Pin From Net: NetName=3V3 Pin=R41-2
Removed Member From Class: ClassName=IMU_0 Member=Q6
Removed Member From Class: ClassName=IMU_0 Member=Q7
Removed Member From Class: ClassName=IMU_0 Member=R35
Removed Member From Class: ClassName=IMU_0 Member=R36
Removed Member From Class: ClassName=IMU_0 Member=R37
Removed Member From Class: ClassName=IMU_0 Member=R38
Removed Member From Class: ClassName=IMU_0 Member=R39
Removed Member From Class: ClassName=IMU_0 Member=R40
Removed Member From Class: ClassName=IMU_0 Member=R41
Added Component: Designator=C50(FP-GRM15-MFG)
Add component (AddParameter): Name = "Capacitance"; Value = "0.10µF"; VariantName = "[No Variations]"
Add component (AddParameter): Name = "Category"; Value = "Cap"; VariantName = "[No Variations]"
Add component (AddParameter): Name = "ComponentLink2Description"; Value = "Datasheet"; VariantName = "[No Variations]"
Add component (AddParameter): Name = "ComponentLink2URL"; Value = "https://search.murata.co.jp/Ceramy/image/img/A01X/G101/ENG/GRM155R71H471KA01-01A.pdf"; VariantName = "[No Variations]"
Add component (AddParameter): Name = "Device Class L1"; Value = "Passive Components"; VariantName = "[No Variations]"
Add component (AddParameter): Name = "Device Class L2"; Value = "Capacitors"; VariantName = "[No Variations]"
Add component (AddParameter): Name = "Device Class L3"; Value = "Ceramic Capacitors"; VariantName = "[No Variations]"
Add component (AddParameter): Name = "Digikey Description"; Value = "CAP CER 0.1UF 16V X7R 0402"; VariantName = "[No Variations]"
Add component (AddParameter): Name = "Height"; Value = "0.55mm"; VariantName = "[No Variations]"
Add component (AddParameter): Name = "Ipc Land Pattern Name"; Value = "CAPC10050X219"; VariantName = "[No Variations]"
Add component (AddParameter): Name = "Lead Free"; Value = "yes"; VariantName = "[No Variations]"
Add component (AddParameter): Name = "Manufacturer"; Value = "Murata"; VariantName = "[No Variations]"
Add component (AddParameter): Name = "Manufacturer Part Number"; Value = "GRM155R71C104KA88D"; VariantName = "[No Variations]"
Add component (AddParameter): Name = "Material"; Value = "Ceramic"; VariantName = "[No Variations]"
Add component (AddParameter): Name = "Mouser Description"; Value = "0402 0.1 uF 16V ±10 % Tolerance X7R SMT Multilayer Ceramic Capacitor"; VariantName = "[No Variations]"
Add component (AddParameter): Name = "Octopart"; Value = "https://octopart.com/grm155r71c104ka88d-murata-196880"; VariantName = "[No Variations]"
Add component (AddParameter): Name = "Package"; Value = "GRM15"; VariantName = "[No Variations]"
Add component (AddParameter): Name = "RoHS"; Value = "TRUE"; VariantName = "[No Variations]"
Add component (AddParameter): Name = "Standoff Height"; Value = "0mm"; VariantName = "[No Variations]"
Add component (AddParameter): Name = "Temperature"; Value = "-55°C to +125°C"; VariantName = "[No Variations]"
Add component (AddParameter): Name = "Temperature Characteristic"; Value = "X7R"; VariantName = "[No Variations]"
Add component (AddParameter): Name = "Temperature Range High"; Value = "+125°C"; VariantName = "[No Variations]"
Add component (AddParameter): Name = "Temperature Range Low"; Value = "-55°C"; VariantName = "[No Variations]"
Add component (AddParameter): Name = "Tolerance"; Value = "10%"; VariantName = "[No Variations]"
Add component (AddParameter): Name = "Value"; Value = "0.10µF"; VariantName = "[No Variations]"
Add component (AddParameter): Name = "Voltage Rating"; Value = "16Vdc"; VariantName = "[No Variations]"
Added Component: Designator=C51(FP-GRM15-MFG)
Add component (AddParameter): Name = "Capacitance"; Value = "0.10µF"; VariantName = "[No Variations]"
Add component (AddParameter): Name = "Category"; Value = "Cap"; VariantName = "[No Variations]"
Add component (AddParameter): Name = "ComponentLink2Description"; Value = "Datasheet"; VariantName = "[No Variations]"
Add component (AddParameter): Name = "ComponentLink2URL"; Value = "https://search.murata.co.jp/Ceramy/image/img/A01X/G101/ENG/GRM155R71H471KA01-01A.pdf"; VariantName = "[No Variations]"
Add component (AddParameter): Name = "Device Class L1"; Value = "Passive Components"; VariantName = "[No Variations]"
Add component (AddParameter): Name = "Device Class L2"; Value = "Capacitors"; VariantName = "[No Variations]"
Add component (AddParameter): Name = "Device Class L3"; Value = "Ceramic Capacitors"; VariantName = "[No Variations]"
Add component (AddParameter): Name = "Digikey Description"; Value = "CAP CER 0.1UF 16V X7R 0402"; VariantName = "[No Variations]"
Add component (AddParameter): Name = "Height"; Value = "0.55mm"; VariantName = "[No Variations]"
Add component (AddParameter): Name = "Ipc Land Pattern Name"; Value = "CAPC10050X219"; VariantName = "[No Variations]"
Add component (AddParameter): Name = "Lead Free"; Value = "yes"; VariantName = "[No Variations]"
Add component (AddParameter): Name = "Manufacturer"; Value = "Murata"; VariantName = "[No Variations]"
Add component (AddParameter): Name = "Manufacturer Part Number"; Value = "GRM155R71C104KA88D"; VariantName = "[No Variations]"
Add component (AddParameter): Name = "Material"; Value = "Ceramic"; VariantName = "[No Variations]"
Add component (AddParameter): Name = "Mouser Description"; Value = "0402 0.1 uF 16V ±10 % Tolerance X7R SMT Multilayer Ceramic Capacitor"; VariantName = "[No Variations]"
Add component (AddParameter): Name = "Octopart"; Value = "https://octopart.com/grm155r71c104ka88d-murata-196880"; VariantName = "[No Variations]"
Add component (AddParameter): Name = "Package"; Value = "GRM15"; VariantName = "[No Variations]"
Add component (AddParameter): Name = "RoHS"; Value = "TRUE"; VariantName = "[No Variations]"
Add component (AddParameter): Name = "Standoff Height"; Value = "0mm"; VariantName = "[No Variations]"
Add component (AddParameter): Name = "Temperature"; Value = "-55°C to +125°C"; VariantName = "[No Variations]"
Add component (AddParameter): Name = "Temperature Characteristic"; Value = "X7R"; VariantName = "[No Variations]"
Add component (AddParameter): Name = "Temperature Range High"; Value = "+125°C"; VariantName = "[No Variations]"
Add component (AddParameter): Name = "Temperature Range Low"; Value = "-55°C"; VariantName = "[No Variations]"
Add component (AddParameter): Name = "Tolerance"; Value = "10%"; VariantName = "[No Variations]"
Add component (AddParameter): Name = "Value"; Value = "0.10µF"; VariantName = "[No Variations]"
Add component (AddParameter): Name = "Voltage Rating"; Value = "16Vdc"; VariantName = "[No Variations]"
Added Component: Designator=U16(FP-RGY0014A-MFG)
Add component (AddParameter): Name = "Ambient Temperature Range High"; Value = "+85°C"; VariantName = "[No Variations]"
Add component (AddParameter): Name = "Ambient Temperature Range Low"; Value = "-40°C"; VariantName = "[No Variations]"
Add component (AddParameter): Name = "Automotive"; Value = "No"; VariantName = "[No Variations]"
Add component (AddParameter): Name = "Category"; Value = "IC"; VariantName = "[No Variations]"
Add component (AddParameter): Name = "ComponentLink2Description"; Value = "Datasheet"; VariantName = "[No Variations]"
Add component (AddParameter): Name = "ComponentLink2URL"; Value = "http://www.ti.com/lit/ds/symlink/txb0104.pdf"; VariantName = "[No Variations]"
Add component (AddParameter): Name = "Data Rate"; Value = "100Mbits/s"; VariantName = "[No Variations]"
Add component (AddParameter): Name = "Device Class L1"; Value = "Integrated Circuits (ICs)"; VariantName = "[No Variations]"
Add component (AddParameter): Name = "Device Class L2"; Value = "Logic ICs"; VariantName = "[No Variations]"
Add component (AddParameter): Name = "Device Class L3"; Value = "Voltage Level Shifters"; VariantName = "[No Variations]"
Add component (AddParameter): Name = "Digikey Description"; Value = "IC TRNSLTR BIDIRECTIONAL 14VQFN"; VariantName = "[No Variations]"
Add component (AddParameter): Name = "Height"; Value = "1mm"; VariantName = "[No Variations]"
Add component (AddParameter): Name = "Lead Free"; Value = "Yes"; VariantName = "[No Variations]"
Add component (AddParameter): Name = "Logic Function Desc"; Value = "Non-Inverting"; VariantName = "[No Variations]"
Add component (AddParameter): Name = "Manufacturer"; Value = "Texas Instruments"; VariantName = "[No Variations]"
Add component (AddParameter): Name = "Manufacturer Part Number"; Value = "TXB0104RGYR"; VariantName = "[No Variations]"
Add component (AddParameter): Name = "Max Junction Temp"; Value = "+150°C"; VariantName = "[No Variations]"
Add component (AddParameter): Name = "Max Supply Voltage"; Value = "5.5V"; VariantName = "[No Variations]"
Add component (AddParameter): Name = "Min Supply Voltage"; Value = "1.2V"; VariantName = "[No Variations]"
Add component (AddParameter): Name = "Mouser Description"; Value = "4-Bit Bidirectional Voltage-Level Shifter with Auto Direction Sensing and +/-15 kV ESD Protect 14-VQFN -40 to 85"; VariantName = "[No Variations]"
Add component (AddParameter): Name = "Nominal Supply Current"; Value = "0.06-3.5uA"; VariantName = "[No Variations]"
Add component (AddParameter): Name = "Number Of Circuits"; Value = "1"; VariantName = "[No Variations]"
Add component (AddParameter): Name = "Number Of Inputs"; Value = "4"; VariantName = "[No Variations]"
Add component (AddParameter): Name = "Number Of Outputs"; Value = "4"; VariantName = "[No Variations]"
Add component (AddParameter): Name = "Octopart"; Value = "https://octopart.com/txb0104rgyr-texas+instruments-1485948"; VariantName = "[No Variations]"
Add component (AddParameter): Name = "Package"; Value = "RGY0014A"; VariantName = "[No Variations]"
Add component (AddParameter): Name = "Propagation Delay"; Value = "4ns"; VariantName = "[No Variations]"
Add component (AddParameter): Name = "RoHS"; Value = "TRUE"; VariantName = "[No Variations]"
Add component (AddParameter): Name = "Standoff Height"; Value = "0mm"; VariantName = "[No Variations]"
Add component (AddParameter): Name = "Temperature"; Value = "-40°C to +85°C"; VariantName = "[No Variations]"
Add component (AddParameter): Name = "Temperature Range High"; Value = "+85°C"; VariantName = "[No Variations]"
Add component (AddParameter): Name = "Temperature Range Low"; Value = "-40°C"; VariantName = "[No Variations]"
Add component (AddParameter): Name = "V A Max"; Value = "3.6V"; VariantName = "[No Variations]"
Add component (AddParameter): Name = "V A Min"; Value = "1.2V"; VariantName = "[No Variations]"
Add component (AddParameter): Name = "V B Max"; Value = "5.5V"; VariantName = "[No Variations]"
Add component (AddParameter): Name = "V B Min"; Value = "1.65V"; VariantName = "[No Variations]"
Added Pin To Net: NetName=GND Pin=C50-1
Added Pin To Net: NetName=1V8 Pin=C50-2
Added Pin To Net: NetName=GND Pin=C51-1
Added Pin To Net: NetName=3V3 Pin=C51-2
Added Pin To Net: NetName=3V3 Pin=R34-2
Added Pin To Net: NetName=1V8 Pin=U16-1
Added Pin To Net: NetName=PRE_IMU1_SCLK Pin=U16-2
Added Pin To Net: NetName=PRE_IMU1_MOSI Pin=U16-3
Added Pin To Net: NetName=PRE_IMU1_MISO Pin=U16-4
Added Pin To Net: NetName=PRE_IMU1_nCS Pin=U16-5
Added Pin To Net: NetName=GND Pin=U16-7
Added Pin To Net: NetName=IMU1_nCS Pin=U16-10
Added Pin To Net: NetName=IMU1_MISO Pin=U16-11
Added Pin To Net: NetName=IMU1_MOSI Pin=U16-12
Added Pin To Net: NetName=IMU1_SCLK Pin=U16-13
Added Pin To Net: NetName=3V3 Pin=U16-14
Added Pin To Net: NetName=GND Pin=U16-15
Added Pin To Net: NetName=NetR34_1 Pin=R34-1
Added Pin To Net: NetName=NetR34_1 Pin=U16-8
Added Net: Name=NetR34_1
Added Member To Class: ClassName=IMU_0 Member=Component C50 GRM155R71C104KA88D
Added Member To Class: ClassName=IMU_0 Member=Component C51 GRM155R71C104KA88D
Added Member To Class: ClassName=IMU_0 Member=Component U16 TXB0104RGYR
