Removed Pin From Net: NetName=NetD3_2 Pin=Q5-1
Removed Pin From Net: NetName=3V3 Pin=Q5-3
Removed Pin From Net: NetName=3V3 Pin=Q5-6
Removed Pin From Net: NetName=3V3 Pin=R18-2
Removed Pin From Net: NetName=CAN1_RX Pin=R19-1
Removed Pin From Net: NetName=3V3 Pin=R20-2
Removed Pin From Net: NetName=GND Pin=R21-1
Removed Pin From Net: NetName=NetD3_1 Pin=R21-2
Removed Pin From Net: NetName=CAN1_TX Pin=R23-1
Removed Pin From Net: NetName=GND Pin=R24-1
Removed Pin From Net: NetName=NetD3_4 Pin=R24-2
Removed Pin From Net: NetName=POST_SHUNT Pin=R60-2
Removed Member From Class: ClassName=MCU_0 Member=D3
Removed Member From Class: ClassName=MCU_0 Member=Q5
Removed Member From Class: ClassName=MCU_0 Member=R18
Removed Member From Class: ClassName=MCU_0 Member=R19
Removed Member From Class: ClassName=MCU_0 Member=R20
Removed Member From Class: ClassName=MCU_0 Member=R21
Removed Member From Class: ClassName=MCU_0 Member=R23
Removed Member From Class: ClassName=MCU_0 Member=R24
Change Component Footprint: Designator=R19 Old Footprint=RESC1608X55X30LL15T15 New Footprint=RESC1608X55X30NL15T15
Change Component Footprint: Designator=R18 Old Footprint=RESC1609X55X30LL15T15 New Footprint=RESC1608X55X30LL15T15
Change Component Footprint: Designator=R20 Old Footprint=RESC1609X55X30LL15T15 New Footprint=RESC1608X55X30LL15T15
Change Component Comment : Designator=R18 Old Comment=ERJ3EKF1002V New Comment=ERJ-3EKF1001V
Change Component Comment : Designator=R20 Old Comment=ERJ3EKF1002V New Comment=ERJ-3EKF1001V
Change Component Comment : Designator=R19 Old Comment=ERJ-3EKF1001V New Comment=ERJ3EKF56R0V
Change Managed Component Library Link : Designator=R18 Old VaultGUID=B7D15EC3-160A-466F-A46C-7801FE6295A7 New VaultGUID=B7D15EC3-160A-466F-A46C-7801FE6295A7 Old ItemGUID=D6FF6A2E-237B-4D32-86D1-1B9665B5CB39 New ItemGUID=15E99ED1-FE4D-4509-A4CB-202B754A1072 Old RevisionGUID=20C4B742-B9BD-484B-8674-15E5F2C7C3A3 New RevisionGUID=B5BF06F6-159E-4AE9-958F-413F2CF8C3A3
Change Managed Component Library Link : Designator=R19 Old VaultGUID=B7D15EC3-160A-466F-A46C-7801FE6295A7 New VaultGUID=B7D15EC3-160A-466F-A46C-7801FE6295A7 Old ItemGUID=15E99ED1-FE4D-4509-A4CB-202B754A1072 New ItemGUID=CD2B93F3-6E94-47C5-B66B-98D32621BAFB Old RevisionGUID=B5BF06F6-159E-4AE9-958F-413F2CF8C3A3 New RevisionGUID=81BB7E4C-1E93-495D-B960-474037A376CA
Change Managed Component Library Link : Designator=R20 Old VaultGUID=B7D15EC3-160A-466F-A46C-7801FE6295A7 New VaultGUID=B7D15EC3-160A-466F-A46C-7801FE6295A7 Old ItemGUID=D6FF6A2E-237B-4D32-86D1-1B9665B5CB39 New ItemGUID=15E99ED1-FE4D-4509-A4CB-202B754A1072 Old RevisionGUID=20C4B742-B9BD-484B-8674-15E5F2C7C3A3 New RevisionGUID=B5BF06F6-159E-4AE9-958F-413F2CF8C3A3
Change component parameters: Designator = "R18" ("R18"); Footprint = "RESC1609X55X30LL15T15"; UniqueID = "\LQBWCPCL\LYZDXEOH" ("\LQBWCPCL\LYZDXEOH")
Change component parameters (AddParameter): Name = "Manufacturer"; Value = "Panasonic"; VariantName = "[No Variations]"
Change component parameters (AddParameter): Name = "Part Number"; Value = "ERJ-3EKF1001V"; VariantName = "[No Variations]"
Change component parameters: Designator = "R19" ("R19"); Footprint = "RESC1608X55X30LL15T15"; UniqueID = "\LQBWCPCL\OJKUGHHR" ("\LQBWCPCL\OJKUGHHR")
Change component parameters (AddParameter): Name = "Manufacturer"; Value = "Panasonic"; VariantName = "[No Variations]"
Change component parameters (AddParameter): Name = "Part Number"; Value = "ERJ3EKF56R0V"; VariantName = "[No Variations]"
Change component parameters: Designator = "R20" ("R20"); Footprint = "RESC1609X55X30LL15T15"; UniqueID = "\LQBWCPCL\YWFFVLOG" ("\LQBWCPCL\YWFFVLOG")
Change component parameters (AddParameter): Name = "Manufacturer"; Value = "Panasonic"; VariantName = "[No Variations]"
Change component parameters (AddParameter): Name = "Part Number"; Value = "ERJ-3EKF1001V"; VariantName = "[No Variations]"
Added Component: Designator=Q?(DIOD-SOT323-3_V)
Add component (AddParameter): Name = "Channel Type"; Value = "P-Channel"; VariantName = "[No Variations]"
Add component (AddParameter): Name = "Datasheet URL"; Value = "http://www.diodes.com/_files/datasheets/ds31861.pdf"; VariantName = "[No Variations]"
Add component (AddParameter): Name = "Datasheet Version"; Value = "Rev. 3-2, 09/2013"; VariantName = "[No Variations]"
Add component (AddParameter): Name = "Drain-Source On Resistance-Max"; Value = "750mO"; VariantName = "[No Variations]"
Add component (AddParameter): Name = "Drain-to-Source Voltage [Vdss]"; Value = "20V"; VariantName = "[No Variations]"
Add component (AddParameter): Name = "Manufacturer"; Value = "Diodes Inc"; VariantName = "[No Variations]"
Add component (AddParameter): Name = "Manufacturer URL"; Value = "http://www.diodes.com/"; VariantName = "[No Variations]"
Add component (AddParameter): Name = "Mounting Technology"; Value = "SurfaceMount"; VariantName = "[No Variations]"
Add component (AddParameter): Name = "Package Description"; Value = "3-Pin Small Outline Transistor, Body 2 x 1.25 mm, Pitch 0.65 mm"; VariantName = "[No Variations]"
Add component (AddParameter): Name = "Package Reference"; Value = "SOT323"; VariantName = "[No Variations]"
Add component (AddParameter): Name = "Qg Gate Charge"; Value = "0.622nC"; VariantName = "[No Variations]"
Add component (AddParameter): Name = "Rated Power Dissipation"; Value = "310mW"; VariantName = "[No Variations]"
Added Pin To Net: NetName=CUTOFF_MOSFET Pin=D3-3
Added Pin To Net: NetName=3V3 Pin=Q?-2
Added Pin To Net: NetName=NetD3_2 Pin=Q?-3
Added Pin To Net: NetName=ACT_PWR_EN Pin=R18-1
Added Pin To Net: NetName=GND Pin=R19-1
Added Pin To Net: NetName=NetD3_1 Pin=R19-2
Added Pin To Net: NetName=NetD3_4 Pin=R20-1
Added Pin To Net: NetName=GND Pin=R20-2
Added Pin To Net: NetName=PRE_SHUNT Pin=R60-2
Added Pin To Net: NetName=NetQ?_1 Pin=Q?-1
Added Pin To Net: NetName=NetQ?_1 Pin=R18-2
Added Net: Name=NetQ?_1
Added Member To Class: ClassName=PWR_PROT_1 Member=Component D3 150066RG54050
Added Member To Class: ClassName=PWR_PROT_1 Member=Component Q? DMG1013UW-7
Added Member To Class: ClassName=PWR_PROT_1 Member=Component R18 ERJ-3EKF1001V
Added Member To Class: ClassName=PWR_PROT_1 Member=Component R19 ERJ3EKF56R0V
Added Member To Class: ClassName=PWR_PROT_1 Member=Component R20 ERJ-3EKF1001V
