Change Component Footprint: Designator=J1 Old Footprint=SFML-110-02-L-D-A-Footprint-1 New Footprint=SFML-110-02-L-D-A-Footprint-1
Change Component Footprint: Designator=J2 Old Footprint=SFML-110-02-L-D-A-Footprint-1 New Footprint=SFML-110-02-L-D-A-Footprint-1
Change Component Footprint: Designator=J4 Old Footprint=TFML-110-02-L-D-A-Footprint-1 New Footprint=TFML-110-02-L-D-A-Footprint-1
Change Component Footprint: Designator=J5 Old Footprint=TFML-110-02-L-D-A-Footprint-1 New Footprint=TFML-110-02-L-D-A-Footprint-1
Change Managed Component Library Link : Designator=J1 Old VaultGUID=D5CACE43-709A-4464-BB04-ED577B050C2A New VaultGUID=275DD9A0-BDD9-47D7-8C38-F690E90B05B9 Old ItemGUID=a4109f78-8d0a-4c1b-8e1b-25eb82b6d410 New ItemGUID=c9949d11-6850-43e2-87a6-3b8bcc075716 Old RevisionGUID=92607075-8669-4ab1-aa94-6f5f5a1a2a33 New RevisionGUID=96544906-91b6-405e-b596-a1da2bae0fba
Change Managed Component Library Link : Designator=J2 Old VaultGUID=D5CACE43-709A-4464-BB04-ED577B050C2A New VaultGUID=275DD9A0-BDD9-47D7-8C38-F690E90B05B9 Old ItemGUID=a4109f78-8d0a-4c1b-8e1b-25eb82b6d410 New ItemGUID=c9949d11-6850-43e2-87a6-3b8bcc075716 Old RevisionGUID=92607075-8669-4ab1-aa94-6f5f5a1a2a33 New RevisionGUID=96544906-91b6-405e-b596-a1da2bae0fba
Change Managed Component Library Link : Designator=J4 Old VaultGUID=D5CACE43-709A-4464-BB04-ED577B050C2A New VaultGUID=275DD9A0-BDD9-47D7-8C38-F690E90B05B9 Old ItemGUID=3c752cba-df02-476e-8efa-f558ac15010f New ItemGUID=7567f15b-65c1-487c-acac-cd27ad5bee64 Old RevisionGUID=daa1171a-35b1-4205-bf3d-055d5147d193 New RevisionGUID=9e21db31-0735-4e51-8a4f-b3a0b61642a4
Change Managed Component Library Link : Designator=J5 Old VaultGUID=D5CACE43-709A-4464-BB04-ED577B050C2A New VaultGUID=275DD9A0-BDD9-47D7-8C38-F690E90B05B9 Old ItemGUID=3c752cba-df02-476e-8efa-f558ac15010f New ItemGUID=7567f15b-65c1-487c-acac-cd27ad5bee64 Old RevisionGUID=daa1171a-35b1-4205-bf3d-055d5147d193 New RevisionGUID=9e21db31-0735-4e51-8a4f-b3a0b61642a4
Change component parameters: Designator = "J1" ("J1"); Footprint = "SFML-110-02-L-D-A-Footprint-1"; UniqueID = "\IAYSRWPT" ("\IAYSRWPT")
Change component parameters (AddParameter): Name = "Case/Package"; Value = ""; VariantName = "[No Variations]"
Change component parameters (AddParameter): Name = "Connector Type"; Value = "BOARD CONNECTOR"; VariantName = "[No Variations]"
Change component parameters (AddParameter): Name = "Gender"; Value = ""; VariantName = "[No Variations]"
Change component parameters (AddParameter): Name = "Max Operating Temperature"; Value = ""; VariantName = "[No Variations]"
Change component parameters (AddParameter): Name = "Min Operating Temperature"; Value = ""; VariantName = "[No Variations]"
Change component parameters (AddParameter): Name = "Mounting Technology"; Value = "Board"; VariantName = "[No Variations]"
Change component parameters (AddParameter): Name = "Pins"; Value = ""; VariantName = "[No Variations]"
Change component parameters (AddParameter): Name = "RoHS Compliant"; Value = "Yes"; VariantName = "[No Variations]"
Change component parameters: Designator = "J2" ("J2"); Footprint = "SFML-110-02-L-D-A-Footprint-1"; UniqueID = "\HVLFJAYX" ("\HVLFJAYX")
Change component parameters (AddParameter): Name = "Case/Package"; Value = ""; VariantName = "[No Variations]"
Change component parameters (AddParameter): Name = "Connector Type"; Value = "BOARD CONNECTOR"; VariantName = "[No Variations]"
Change component parameters (AddParameter): Name = "Gender"; Value = ""; VariantName = "[No Variations]"
Change component parameters (AddParameter): Name = "Max Operating Temperature"; Value = ""; VariantName = "[No Variations]"
Change component parameters (AddParameter): Name = "Min Operating Temperature"; Value = ""; VariantName = "[No Variations]"
Change component parameters (AddParameter): Name = "Mounting Technology"; Value = "Board"; VariantName = "[No Variations]"
Change component parameters (AddParameter): Name = "Pins"; Value = ""; VariantName = "[No Variations]"
Change component parameters (AddParameter): Name = "RoHS Compliant"; Value = "Yes"; VariantName = "[No Variations]"
Change component parameters: Designator = "J4" ("J4"); Footprint = "TFML-110-02-L-D-A-Footprint-1"; UniqueID = "\VSTOJMVX" ("\VSTOJMVX")
Change component parameters (AddParameter): Name = "Case/Package"; Value = ""; VariantName = "[No Variations]"
Change component parameters (AddParameter): Name = "Connector Type"; Value = "BOARD CONNECTOR"; VariantName = "[No Variations]"
Change component parameters (AddParameter): Name = "Gender"; Value = ""; VariantName = "[No Variations]"
Change component parameters (AddParameter): Name = "Max Operating Temperature"; Value = ""; VariantName = "[No Variations]"
Change component parameters (AddParameter): Name = "Min Operating Temperature"; Value = ""; VariantName = "[No Variations]"
Change component parameters (AddParameter): Name = "Mounting Technology"; Value = "Board"; VariantName = "[No Variations]"
Change component parameters (AddParameter): Name = "Pins"; Value = ""; VariantName = "[No Variations]"
Change component parameters (AddParameter): Name = "RoHS Compliant"; Value = "Yes"; VariantName = "[No Variations]"
Change component parameters: Designator = "J5" ("J5"); Footprint = "TFML-110-02-L-D-A-Footprint-1"; UniqueID = "\SGLOCWSZ" ("\SGLOCWSZ")
Change component parameters (AddParameter): Name = "Case/Package"; Value = ""; VariantName = "[No Variations]"
Change component parameters (AddParameter): Name = "Connector Type"; Value = "BOARD CONNECTOR"; VariantName = "[No Variations]"
Change component parameters (AddParameter): Name = "Gender"; Value = ""; VariantName = "[No Variations]"
Change component parameters (AddParameter): Name = "Max Operating Temperature"; Value = ""; VariantName = "[No Variations]"
Change component parameters (AddParameter): Name = "Min Operating Temperature"; Value = ""; VariantName = "[No Variations]"
Change component parameters (AddParameter): Name = "Mounting Technology"; Value = "Board"; VariantName = "[No Variations]"
Change component parameters (AddParameter): Name = "Pins"; Value = ""; VariantName = "[No Variations]"
Change component parameters (AddParameter): Name = "RoHS Compliant"; Value = "Yes"; VariantName = "[No Variations]"
Added Component: Designator=C35(CAPC0402(1005)60_L)
Added Component: Designator=C36(CAPC0402(1005)60_L)
Add Component: Footprint Not Found WL-SBCD_0606
Add Component: Footprint Not Found WL-SBCD_0606
Add Component: Footprint Not Found WL-SBCD_0606
Added Component: Designator=Q11(SISH615ADN-T1-GE3-Footprint-1)
Added Component: Designator=Q12(SISH615ADN-T1-GE3-Footprint-1)
Added Component: Designator=R32(RESC1005X40X25NL05T05)
Added Component: Designator=R33(RESC1005X40X25NL05T05)
Add Component: Footprint Not Found TCAN1146DYYRQ1-Footprint-1
Add Pin To Net: Unknown Pin: Pin C35-1
Add Pin To Net: Unknown Pin: Pin C35-2
Add Pin To Net: Unknown Pin: Pin C36-1
Add Pin To Net: Unknown Pin: Pin C36-2
Add Pin To Net: Unknown Pin: Pin D3-1
Add Pin To Net: Unknown Pin: Pin D3-2
Add Pin To Net: Unknown Pin: Pin D3-3
Add Pin To Net: Unknown Pin: Pin D3-4
Add Pin To Net: Unknown Pin: Pin D4-1
Add Pin To Net: Unknown Pin: Pin D4-2
Add Pin To Net: Unknown Pin: Pin D4-3
Add Pin To Net: Unknown Pin: Pin D4-4
Add Pin To Net: Unknown Pin: Pin D7-1
Add Pin To Net: Unknown Pin: Pin D7-2
Add Pin To Net: Unknown Pin: Pin D7-3
Add Pin To Net: Unknown Pin: Pin D7-4
Add Pin To Net: Unknown Pin: Pin Q11-1
Add Pin To Net: Unknown Pin: Pin Q11-2
Add Pin To Net: Unknown Pin: Pin Q11-3
Add Pin To Net: Unknown Pin: Pin Q11-4
Add Pin To Net: Unknown Pin: Pin Q11-5-6-7-8
Add Pin To Net: Unknown Pin: Pin Q12-1
Add Pin To Net: Unknown Pin: Pin Q12-2
Add Pin To Net: Unknown Pin: Pin Q12-3
Add Pin To Net: Unknown Pin: Pin Q12-4
Add Pin To Net: Unknown Pin: Pin Q12-5-6-7-8
Add Pin To Net: Unknown Pin: Pin R32-1
Add Pin To Net: Unknown Pin: Pin R32-2
Add Pin To Net: Unknown Pin: Pin R33-1
Add Pin To Net: Unknown Pin: Pin R33-2
Add Pin To Net: Unknown Pin: Pin U6-1
Add Pin To Net: Unknown Pin: Pin U6-2
Add Pin To Net: Unknown Pin: Pin U6-3
Add Pin To Net: Unknown Pin: Pin U6-4
Add Pin To Net: Unknown Pin: Pin U6-5
Add Pin To Net: Unknown Pin: Pin U6-6
Add Pin To Net: Unknown Pin: Pin U6-7
Add Pin To Net: Unknown Pin: Pin U6-8
Add Pin To Net: Unknown Pin: Pin U6-9
Add Pin To Net: Unknown Pin: Pin U6-10
Add Pin To Net: Unknown Pin: Pin U6-11
Add Pin To Net: Unknown Pin: Pin U6-12
Add Pin To Net: Unknown Pin: Pin U6-13
Add Pin To Net: Unknown Pin: Pin U6-14
Add Net: Net with name "5V_OC_TP" already exists
Add Class Member: Failed to add class member : Component C35 Capacitor 10nF +/-20% 50V 0402
Add Class Member: Failed to add class member : Component C36 Capacitor 10nF +/-20% 50V 0402
Add Class Member: Failed to add class member : Component D3 150066RG54050
Add Class Member: Failed to add class member : Component D4 150066RG54050
Add Class Member: Failed to add class member : Component D7 150066RG54050
Add Class Member: Failed to add class member : Component Q11 SISH615ADN-T1-GE3
Add Class Member: Failed to add class member : Component Q12 SISH615ADN-T1-GE3
Add Class Member: Failed to add class member : Component R32 0402 JUMPER 0 OHM
Add Class Member: Failed to add class member : Component R33 0402 JUMPER 0 OHM
Add Class Member: Failed to add class member : Component U6 TCAN1146DYYRQ1
