Removed Pin From Net: NetName=3V3 Pin=D2-2
Removed Pin From Net: NetName=3V3 Pin=D2-3
Removed Pin From Net: NetName=3V3 Pin=D4-2
Removed Pin From Net: NetName=3V3 Pin=D4-3
Removed Pin From Net: NetName=MCU_G_LED Pin=R22-1
Removed Pin From Net: NetName=MCU_R_LED Pin=R25-1
Removed Pin From Net: NetName=NAV_G_LED Pin=R28-1
Removed Pin From Net: NetName=NAV_R_LED Pin=R30-1
Added Pin To Net: NetName=MCU_G_LED Pin=D2-1
Added Pin To Net: NetName=MCU_R_LED Pin=D2-4
Added Pin To Net: NetName=NAV_G_LED Pin=D4-1
Added Pin To Net: NetName=NAV_R_LED Pin=D4-4
Added Pin To Net: NetName=3V3 Pin=R22-2
Added Pin To Net: NetName=3V3 Pin=R25-2
Added Pin To Net: NetName=3V3 Pin=R28-2
Added Pin To Net: NetName=3V3 Pin=R30-2
Added Pin To Net: NetName=NetD2_2 Pin=D2-2
Added Pin To Net: NetName=NetD2_2 Pin=R22-1
Added Net: Name=NetD2_2
Added Pin To Net: NetName=NetD2_3 Pin=D2-3
Added Pin To Net: NetName=NetD2_3 Pin=R25-1
Added Net: Name=NetD2_3
Added Pin To Net: NetName=NetD4_2 Pin=D4-2
Added Pin To Net: NetName=NetD4_2 Pin=R28-1
Added Net: Name=NetD4_2
Added Pin To Net: NetName=NetD4_3 Pin=D4-3
Added Pin To Net: NetName=NetD4_3 Pin=R30-1
Added Net: Name=NetD4_3
