Removed Pin From Net: NetName=IMU0_MOSI Pin=U8-1
Removed Pin From Net: NetName=IMU0_MISO Pin=U8-9
Removed Pin From Net: NetName=IMU0_ODR Pin=U8-12
Removed Pin From Net: NetName=IMU0_nRESET Pin=U8-18
Removed Pin From Net: NetName=IMU0_nCS Pin=U8-23
Removed Pin From Net: NetName=IMU0_SCLK Pin=U8-24
Change Component Footprint: Designator=U8 Old Footprint=PQFN50P450X450X115_HS-25N New Footprint=PQFN50P450X450X115_HS-25N
Change Managed Component Library Link : Designator=U8 Old VaultGUID=275DD9A0-BDD9-47D7-8C38-F690E90B05B9 New VaultGUID=275DD9A0-BDD9-47D7-8C38-F690E90B05B9 Old ItemGUID=4c06f6bc-ae0d-4a3e-bda0-f8fbe28ea867 New ItemGUID=4c06f6bc-ae0d-4a3e-bda0-f8fbe28ea867 Old RevisionGUID=cbf276ad-675e-43a2-86f1-adf38d7a10ef New RevisionGUID=43d31efd-5a5a-453f-90d2-85af515e1f24
Added Component: Designator=C35(CAPC0402(1005)60_L)
Added Component: Designator=C36(CAPC0402(1005)60_L)
Add Component: Footprint Not Found WL-SBCD_0606
Added Component: Designator=Q11(SISH615ADN-T1-GE3-Footprint-1)
Added Component: Designator=Q12(SISH615ADN-T1-GE3-Footprint-1)
Added Component: Designator=R32(RESC1005X40X25NL05T05)
Added Component: Designator=R33(RESC1005X40X25NL05T05)
Add Component: Footprint Not Found TCAN1146DYYRQ1-Footprint-1
Add Pin To Net: Unknown Pin: Pin C35-1
Add Pin To Net: Unknown Pin: Pin C35-2
Add Pin To Net: Unknown Pin: Pin C36-1
Add Pin To Net: Unknown Pin: Pin C36-2
Add Pin To Net: Unknown Pin: Pin D7-1
Add Pin To Net: Unknown Pin: Pin D7-2
Add Pin To Net: Unknown Pin: Pin D7-3
Add Pin To Net: Unknown Pin: Pin D7-4
Add Pin To Net: Unknown Pin: Pin Q11-1
Add Pin To Net: Unknown Pin: Pin Q11-2
Add Pin To Net: Unknown Pin: Pin Q11-3
Add Pin To Net: Unknown Pin: Pin Q11-4
Add Pin To Net: Unknown Pin: Pin Q11-5-6-7-8
Add Pin To Net: Unknown Pin: Pin Q12-1
Add Pin To Net: Unknown Pin: Pin Q12-2
Add Pin To Net: Unknown Pin: Pin Q12-3
Add Pin To Net: Unknown Pin: Pin Q12-4
Add Pin To Net: Unknown Pin: Pin Q12-5-6-7-8
Add Pin To Net: Unknown Pin: Pin R32-1
Add Pin To Net: Unknown Pin: Pin R32-2
Add Pin To Net: Unknown Pin: Pin R33-1
Add Pin To Net: Unknown Pin: Pin R33-2
Add Pin To Net: Unknown Pin: Pin U6-1
Add Pin To Net: Unknown Pin: Pin U6-2
Add Pin To Net: Unknown Pin: Pin U6-3
Add Pin To Net: Unknown Pin: Pin U6-4
Add Pin To Net: Unknown Pin: Pin U6-5
Add Pin To Net: Unknown Pin: Pin U6-6
Add Pin To Net: Unknown Pin: Pin U6-7
Add Pin To Net: Unknown Pin: Pin U6-8
Add Pin To Net: Unknown Pin: Pin U6-9
Add Pin To Net: Unknown Pin: Pin U6-10
Add Pin To Net: Unknown Pin: Pin U6-11
Add Pin To Net: Unknown Pin: Pin U6-12
Add Pin To Net: Unknown Pin: Pin U6-13
Add Pin To Net: Unknown Pin: Pin U6-14
Added Pin To Net: NetName=IMU0_MOSI Pin=U8-1
Added Pin To Net: NetName=IMU0_MISO Pin=U8-9
Added Pin To Net: NetName=IMU0_ODR Pin=U8-12
Added Pin To Net: NetName=IMU0_nRESET Pin=U8-18
Added Pin To Net: NetName=IMU0_nCS Pin=U8-23
Added Pin To Net: NetName=IMU0_SCLK Pin=U8-24
Add Net: Net with name "5V_OC_TP" already exists
Add Class Member: Failed to add class member : Component C35 Capacitor 10nF +/-20% 50V 0402
Add Class Member: Failed to add class member : Component C36 Capacitor 10nF +/-20% 50V 0402
Add Class Member: Failed to add class member : Component D7 150066RG54050
Add Class Member: Failed to add class member : Component Q11 SISH615ADN-T1-GE3
Add Class Member: Failed to add class member : Component Q12 SISH615ADN-T1-GE3
Add Class Member: Failed to add class member : Component R32 0402 JUMPER 0 OHM
Add Class Member: Failed to add class member : Component R33 0402 JUMPER 0 OHM
Add Class Member: Failed to add class member : Component U6 TCAN1146DYYRQ1
