Change Component Footprint: Designator=J3 Old Footprint=FP-532610871-MFG New Footprint=FP-532610871-MFG
Added Component: Designator=C35(CAPC0402(1005)60_L)
Added Component: Designator=C36(CAPC0402(1005)60_L)
Add Component: Footprint Not Found WL-SBCD_0606
Add Component: Footprint Not Found WL-SBCD_0606
Add Component: Footprint Not Found WL-SBCD_0606
Added Component: Designator=Q11(SISH615ADN-T1-GE3-Footprint-1)
Added Component: Designator=Q12(SISH615ADN-T1-GE3-Footprint-1)
Added Component: Designator=R32(RESC1005X40X25NL05T05)
Added Component: Designator=R33(RESC1005X40X25NL05T05)
Add Component: Footprint Not Found TCAN1146DYYRQ1-Footprint-1
Add Pin To Net: Unknown Pin: Pin C35-1
Add Pin To Net: Unknown Pin: Pin C35-2
Add Pin To Net: Unknown Pin: Pin C36-1
Add Pin To Net: Unknown Pin: Pin C36-2
Add Pin To Net: Unknown Pin: Pin D3-1
Add Pin To Net: Unknown Pin: Pin D3-2
Add Pin To Net: Unknown Pin: Pin D3-3
Add Pin To Net: Unknown Pin: Pin D3-4
Add Pin To Net: Unknown Pin: Pin D4-1
Add Pin To Net: Unknown Pin: Pin D4-2
Add Pin To Net: Unknown Pin: Pin D4-3
Add Pin To Net: Unknown Pin: Pin D4-4
Add Pin To Net: Unknown Pin: Pin D7-1
Add Pin To Net: Unknown Pin: Pin D7-2
Add Pin To Net: Unknown Pin: Pin D7-3
Add Pin To Net: Unknown Pin: Pin D7-4
Add Pin To Net: Unknown Pin: Pin Q11-1
Add Pin To Net: Unknown Pin: Pin Q11-2
Add Pin To Net: Unknown Pin: Pin Q11-3
Add Pin To Net: Unknown Pin: Pin Q11-4
Add Pin To Net: Unknown Pin: Pin Q11-5-6-7-8
Add Pin To Net: Unknown Pin: Pin Q12-1
Add Pin To Net: Unknown Pin: Pin Q12-2
Add Pin To Net: Unknown Pin: Pin Q12-3
Add Pin To Net: Unknown Pin: Pin Q12-4
Add Pin To Net: Unknown Pin: Pin Q12-5-6-7-8
Add Pin To Net: Unknown Pin: Pin R32-1
Add Pin To Net: Unknown Pin: Pin R32-2
Add Pin To Net: Unknown Pin: Pin R33-1
Add Pin To Net: Unknown Pin: Pin R33-2
Add Pin To Net: Unknown Pin: Pin U6-1
Add Pin To Net: Unknown Pin: Pin U6-2
Add Pin To Net: Unknown Pin: Pin U6-3
Add Pin To Net: Unknown Pin: Pin U6-4
Add Pin To Net: Unknown Pin: Pin U6-5
Add Pin To Net: Unknown Pin: Pin U6-6
Add Pin To Net: Unknown Pin: Pin U6-7
Add Pin To Net: Unknown Pin: Pin U6-8
Add Pin To Net: Unknown Pin: Pin U6-9
Add Pin To Net: Unknown Pin: Pin U6-10
Add Pin To Net: Unknown Pin: Pin U6-11
Add Pin To Net: Unknown Pin: Pin U6-12
Add Pin To Net: Unknown Pin: Pin U6-13
Add Pin To Net: Unknown Pin: Pin U6-14
Add Net: Net with name "5V_OC_TP" already exists
Add Class Member: Failed to add class member : Component C35 Capacitor 10nF +/-20% 50V 0402
Add Class Member: Failed to add class member : Component C36 Capacitor 10nF +/-20% 50V 0402
Add Class Member: Failed to add class member : Component D3 150066RG54050
Add Class Member: Failed to add class member : Component D4 150066RG54050
Add Class Member: Failed to add class member : Component D7 150066RG54050
Add Class Member: Failed to add class member : Component Q11 SISH615ADN-T1-GE3
Add Class Member: Failed to add class member : Component Q12 SISH615ADN-T1-GE3
Add Class Member: Failed to add class member : Component R32 0402 JUMPER 0 OHM
Add Class Member: Failed to add class member : Component R33 0402 JUMPER 0 OHM
Add Class Member: Failed to add class member : Component U6 TCAN1146DYYRQ1
