Removed Pin From Net: NetName=5V_OC_TP Pin=D5-A
Removed Pin From Net: NetName=3V3_CUTOFF_MOSFET Pin=Q16-2
Removed Pin From Net: NetName=GND Pin=R9-1
Removed Pin From Net: NetName=GND Pin=R13-1
Removed Pin From Net: NetName=CAN_INH Pin=R75-1
Removed Pin From Net: NetName=GND Pin=R76-1
Removed Pin From Net: NetName=CAN_INH Pin=R77-1
Removed Member From Class: ClassName=PWR_PROT_0 Member=Q15
Removed Member From Class: ClassName=PWR_PROT_0 Member=Q16
Change Component Footprint: Designator=R75 Old Footprint=RESC1608X55X30LL15T15 New Footprint=RESC1609X55X30LL15T15
Change Component Footprint: Designator=R76 Old Footprint=RESC1609X55X30LL15T15 New Footprint=RESC1608X55X30LL15T15
Change Component Footprint: Designator=D5 Old Footprint=TS4148RCG-Footprint-1 New Footprint=ONSC-SOD-523-2-502-01_V
Change Component Footprint: Designator=D6 Old Footprint=TS4148RCG-Footprint-1 New Footprint=ONSC-SOD-523-2-502-01_V
Change Component Comment : Designator=R76 Old Comment=ERJ3EKF1002V New Comment=ERJ-3EKF1001V
Change Component Comment : Designator=R75 Old Comment=ERJ-3EKF1001V New Comment=ERJ3EKF1002V
Change Component Comment : Designator=D5 Old Comment=TS4148RCG New Comment=MM5Z3V3T1G
Change Component Comment : Designator=D6 Old Comment=TS4148RCG New Comment=MM5Z3V3T1G
Change Managed Component Library Link : Designator=R75 Old VaultGUID=B7D15EC3-160A-466F-A46C-7801FE6295A7 New VaultGUID=B7D15EC3-160A-466F-A46C-7801FE6295A7 Old ItemGUID=15E99ED1-FE4D-4509-A4CB-202B754A1072 New ItemGUID=D6FF6A2E-237B-4D32-86D1-1B9665B5CB39 Old RevisionGUID=B5BF06F6-159E-4AE9-958F-413F2CF8C3A3 New RevisionGUID=20C4B742-B9BD-484B-8674-15E5F2C7C3A3
Change Managed Component Library Link : Designator=R76 Old VaultGUID=B7D15EC3-160A-466F-A46C-7801FE6295A7 New VaultGUID=B7D15EC3-160A-466F-A46C-7801FE6295A7 Old ItemGUID=D6FF6A2E-237B-4D32-86D1-1B9665B5CB39 New ItemGUID=15E99ED1-FE4D-4509-A4CB-202B754A1072 Old RevisionGUID=20C4B742-B9BD-484B-8674-15E5F2C7C3A3 New RevisionGUID=B5BF06F6-159E-4AE9-958F-413F2CF8C3A3
Change Managed Component Library Link : Designator=D5 Old VaultGUID=D5CACE43-709A-4464-BB04-ED577B050C2A New VaultGUID=B7D15EC3-160A-466F-A46C-7801FE6295A7 Old ItemGUID=da4e7b45-3825-44b3-8b6b-8a58f2de1792 New ItemGUID=04BDD64D-914A-4A88-A55B-D39F8942BDBE Old RevisionGUID=7069605e-b3ef-4459-93e6-4728b1b6ef63 New RevisionGUID=FF3CBBCF-EC63-4434-A98D-B9B36A488593
Change Managed Component Library Link : Designator=D6 Old VaultGUID=D5CACE43-709A-4464-BB04-ED577B050C2A New VaultGUID=B7D15EC3-160A-466F-A46C-7801FE6295A7 Old ItemGUID=da4e7b45-3825-44b3-8b6b-8a58f2de1792 New ItemGUID=04BDD64D-914A-4A88-A55B-D39F8942BDBE Old RevisionGUID=7069605e-b3ef-4459-93e6-4728b1b6ef63 New RevisionGUID=FF3CBBCF-EC63-4434-A98D-B9B36A488593
Change component parameters: Designator = "D5" ("D5"); Footprint = "TS4148RCG-Footprint-1"; UniqueID = "\SGKMVKYS\SZVCETJC" ("\SGKMVKYS\SZVCETJC")
Change component parameters (AddParameter): Name = "ComponentLink1Description"; Value = "Manufacturer URL"; VariantName = "[No Variations]"
Change component parameters (AddParameter): Name = "ComponentLink1URL"; Value = "http://www.onsemi.com/"; VariantName = "[No Variations]"
Change component parameters (AddParameter): Name = "ComponentLink2Description"; Value = "Datasheet"; VariantName = "[No Variations]"
Change component parameters (AddParameter): Name = "ComponentLink2URL"; Value = "http://www.onsemi.cn/pub_link/Collateral/MM5Z2V4T1-D.PDF"; VariantName = "[No Variations]"
Change component parameters (AddParameter): Name = "ComponentLink3Description"; Value = "Package Specification"; VariantName = "[No Variations]"
Change component parameters (AddParameter): Name = "ComponentLink3URL"; Value = "http://www.onsemi.com/pub_link/Collateral/502-01.PDF"; VariantName = "[No Variations]"
Change component parameters (AddParameter): Name = "DatasheetVersion"; Value = "Rev. 10"; VariantName = "[No Variations]"
Change component parameters (AddParameter): Name = "Manufacturer"; Value = "On Semiconductor"; VariantName = "[No Variations]"
Change component parameters (AddParameter): Name = "Mounting Technology"; Value = "Surface Mount"; VariantName = "[No Variations]"
Change component parameters (AddParameter): Name = "P Max (W)"; Value = "0.5"; VariantName = "[No Variations]"
Change component parameters (AddParameter): Name = "PackageDescription"; Value = "2-Pin SOD, Body 1.2 x 0.8 mm"; VariantName = "[No Variations]"
Change component parameters (AddParameter): Name = "PackageReference"; Value = "SOD-523-2-502-01"; VariantName = "[No Variations]"
Change component parameters (AddParameter): Name = "PackageVersion"; Value = "Rev. E, 09/2010"; VariantName = "[No Variations]"
Change component parameters (AddParameter): Name = "Packing"; Value = "Tape and Reel"; VariantName = "[No Variations]"
Change component parameters (AddParameter): Name = "PartNumber"; Value = "MM5Z3V3T1G"; VariantName = "[No Variations]"
Change component parameters (AddParameter): Name = "RoHS"; Value = "Pb-Free"; VariantName = "[No Variations]"
Change component parameters (AddParameter): Name = "VZ Typ (V)"; Value = "3.3"; VariantName = "[No Variations]"
Change component parameters: Designator = "D6" ("D6"); Footprint = "TS4148RCG-Footprint-1"; UniqueID = "\SGKMVKYS\GEFLTWMW" ("\SGKMVKYS\GEFLTWMW")
Change component parameters (AddParameter): Name = "ComponentLink1Description"; Value = "Manufacturer URL"; VariantName = "[No Variations]"
Change component parameters (AddParameter): Name = "ComponentLink1URL"; Value = "http://www.onsemi.com/"; VariantName = "[No Variations]"
Change component parameters (AddParameter): Name = "ComponentLink2Description"; Value = "Datasheet"; VariantName = "[No Variations]"
Change component parameters (AddParameter): Name = "ComponentLink2URL"; Value = "http://www.onsemi.cn/pub_link/Collateral/MM5Z2V4T1-D.PDF"; VariantName = "[No Variations]"
Change component parameters (AddParameter): Name = "ComponentLink3Description"; Value = "Package Specification"; VariantName = "[No Variations]"
Change component parameters (AddParameter): Name = "ComponentLink3URL"; Value = "http://www.onsemi.com/pub_link/Collateral/502-01.PDF"; VariantName = "[No Variations]"
Change component parameters (AddParameter): Name = "DatasheetVersion"; Value = "Rev. 10"; VariantName = "[No Variations]"
Change component parameters (AddParameter): Name = "Manufacturer"; Value = "On Semiconductor"; VariantName = "[No Variations]"
Change component parameters (AddParameter): Name = "Mounting Technology"; Value = "Surface Mount"; VariantName = "[No Variations]"
Change component parameters (AddParameter): Name = "P Max (W)"; Value = "0.5"; VariantName = "[No Variations]"
Change component parameters (AddParameter): Name = "PackageDescription"; Value = "2-Pin SOD, Body 1.2 x 0.8 mm"; VariantName = "[No Variations]"
Change component parameters (AddParameter): Name = "PackageReference"; Value = "SOD-523-2-502-01"; VariantName = "[No Variations]"
Change component parameters (AddParameter): Name = "PackageVersion"; Value = "Rev. E, 09/2010"; VariantName = "[No Variations]"
Change component parameters (AddParameter): Name = "Packing"; Value = "Tape and Reel"; VariantName = "[No Variations]"
Change component parameters (AddParameter): Name = "PartNumber"; Value = "MM5Z3V3T1G"; VariantName = "[No Variations]"
Change component parameters (AddParameter): Name = "RoHS"; Value = "Pb-Free"; VariantName = "[No Variations]"
Change component parameters (AddParameter): Name = "VZ Typ (V)"; Value = "3.3"; VariantName = "[No Variations]"
Change component parameters: Designator = "R75" ("R75"); Footprint = "RESC1608X55X30LL15T15"; UniqueID = "\SGKMVKYS\FCXWOPPT" ("\SGKMVKYS\FCXWOPPT")
Change component parameters (AddParameter): Name = "Case Code (Imperial)"; Value = "0603"; VariantName = "[No Variations]"
Change component parameters (AddParameter): Name = "Case Code (Metric)"; Value = "1608"; VariantName = "[No Variations]"
Change component parameters (AddParameter): Name = "Case\/Package"; Value = "0603"; VariantName = "[No Variations]"
Change component parameters (AddParameter): Name = "Composition"; Value = "ThickFilm"; VariantName = "[No Variations]"
Change component parameters (AddParameter): Name = "Contact Plating"; Value = "Tin"; VariantName = "[No Variations]"
Change component parameters (AddParameter): Name = "Datasheet URL"; Value = "https://industrial.panasonic.com/cdbs/www-data/pdf/RDA0000/AOA0000C304.pdf"; VariantName = "[No Variations]"
Change component parameters (AddParameter): Name = "Datasheet Version"; Value = "02/2017"; VariantName = "[No Variations]"
Change component parameters (AddParameter): Name = "Depth"; Value = "0.8mm"; VariantName = "[No Variations]"
Change component parameters (AddParameter): Name = "Height"; Value = "0.45mm"; VariantName = "[No Variations]"
Change component parameters (AddParameter): Name = "Lead Free"; Value = "LeadFree"; VariantName = "[No Variations]"
Change component parameters (AddParameter): Name = "Length"; Value = "1.6mm"; VariantName = "[No Variations]"
Change component parameters (AddParameter): Name = "Manufacturer"; Value = "Panasonic"; VariantName = "[No Variations]"
Change component parameters (AddParameter): Name = "Manufacturer URL"; Value = "http://www.panasonic.com/"; VariantName = "[No Variations]"
Change component parameters (AddParameter): Name = "Max Operating Temperature"; Value = "155degC"; VariantName = "[No Variations]"
Change component parameters (AddParameter): Name = "Max Power Dissipation"; Value = "100mW"; VariantName = "[No Variations]"
Change component parameters (AddParameter): Name = "Military Standard"; Value = "Not"; VariantName = "[No Variations]"
Change component parameters (AddParameter): Name = "Min Operating Temperature"; Value = "-55degC"; VariantName = "[No Variations]"
Change component parameters (AddParameter): Name = "Mount"; Value = "SurfaceMount"; VariantName = "[No Variations]"
Change component parameters (AddParameter): Name = "Mounting Technology"; Value = "SurfaceMount"; VariantName = "[No Variations]"
Change component parameters (AddParameter): Name = "Number of Pins"; Value = "2"; VariantName = "[No Variations]"
Change component parameters (AddParameter): Name = "Number of Terminations"; Value = "2"; VariantName = "[No Variations]"
Change component parameters (AddParameter): Name = "Package Description"; Value = "2-Pin Surface Mount Device, Body 1.6 x 0.85 mm"; VariantName = "[No Variations]"
Change component parameters (AddParameter): Name = "Package Quantity"; Value = "1"; VariantName = "[No Variations]"
Change component parameters (AddParameter): Name = "Package Reference"; Value = "603"; VariantName = "[No Variations]"
Change component parameters (AddParameter): Name = "Packaging"; Value = "TapeandReel"; VariantName = "[No Variations]"
Change component parameters (AddParameter): Name = "Power Rating"; Value = "100mW"; VariantName = "[No Variations]"
Change component parameters (AddParameter): Name = "Radiation Hardening"; Value = "No"; VariantName = "[No Variations]"
Change component parameters (AddParameter): Name = "REACH SVHC"; Value = "NoSVHC"; VariantName = "[No Variations]"
Change component parameters (AddParameter): Name = "Resistance"; Value = "10KOhm"; VariantName = "[No Variations]"
Change component parameters (AddParameter): Name = "RoHSCompliant"; Value = "true"; VariantName = "[No Variations]"
Change component parameters (AddParameter): Name = "Temperature Coefficient"; Value = "100ppm\/degreesC"; VariantName = "[No Variations]"
Change component parameters (AddParameter): Name = "Termination"; Value = "SMD/SMT"; VariantName = "[No Variations]"
Change component parameters (AddParameter): Name = "Tolerance"; Value = "1%"; VariantName = "[No Variations]"
Change component parameters (AddParameter): Name = "Voltage Rating"; Value = "75V"; VariantName = "[No Variations]"
Change component parameters (AddParameter): Name = "Voltage Rating (DC)"; Value = "75V"; VariantName = "[No Variations]"
Change component parameters (AddParameter): Name = "Width"; Value = "0.031inch"; VariantName = "[No Variations]"
Change component parameters: Designator = "R76" ("R76"); Footprint = "RESC1609X55X30LL15T15"; UniqueID = "\SGKMVKYS\OAUFHGTN" ("\SGKMVKYS\OAUFHGTN")
Change component parameters (AddParameter): Name = "Manufacturer"; Value = "Panasonic"; VariantName = "[No Variations]"
Change component parameters (AddParameter): Name = "Part Number"; Value = "ERJ-3EKF1001V"; VariantName = "[No Variations]"
Added Component: Designator=R85(RESC1609X55X30LL15T15)
Add component (AddParameter): Name = "Case Code (Imperial)"; Value = "0603"; VariantName = "[No Variations]"
Add component (AddParameter): Name = "Case Code (Metric)"; Value = "1608"; VariantName = "[No Variations]"
Add component (AddParameter): Name = "Case\/Package"; Value = "0603"; VariantName = "[No Variations]"
Add component (AddParameter): Name = "Composition"; Value = "ThickFilm"; VariantName = "[No Variations]"
Add component (AddParameter): Name = "Contact Plating"; Value = "Tin"; VariantName = "[No Variations]"
Add component (AddParameter): Name = "Datasheet URL"; Value = "https://industrial.panasonic.com/cdbs/www-data/pdf/RDA0000/AOA0000C304.pdf"; VariantName = "[No Variations]"
Add component (AddParameter): Name = "Datasheet Version"; Value = "02/2017"; VariantName = "[No Variations]"
Add component (AddParameter): Name = "Depth"; Value = "0.8mm"; VariantName = "[No Variations]"
Add component (AddParameter): Name = "Height"; Value = "0.45mm"; VariantName = "[No Variations]"
Add component (AddParameter): Name = "Lead Free"; Value = "LeadFree"; VariantName = "[No Variations]"
Add component (AddParameter): Name = "Length"; Value = "1.6mm"; VariantName = "[No Variations]"
Add component (AddParameter): Name = "Manufacturer"; Value = "Panasonic"; VariantName = "[No Variations]"
Add component (AddParameter): Name = "Manufacturer URL"; Value = "http://www.panasonic.com/"; VariantName = "[No Variations]"
Add component (AddParameter): Name = "Max Operating Temperature"; Value = "155degC"; VariantName = "[No Variations]"
Add component (AddParameter): Name = "Max Power Dissipation"; Value = "100mW"; VariantName = "[No Variations]"
Add component (AddParameter): Name = "Military Standard"; Value = "Not"; VariantName = "[No Variations]"
Add component (AddParameter): Name = "Min Operating Temperature"; Value = "-55degC"; VariantName = "[No Variations]"
Add component (AddParameter): Name = "Mount"; Value = "SurfaceMount"; VariantName = "[No Variations]"
Add component (AddParameter): Name = "Mounting Technology"; Value = "SurfaceMount"; VariantName = "[No Variations]"
Add component (AddParameter): Name = "Number of Pins"; Value = "2"; VariantName = "[No Variations]"
Add component (AddParameter): Name = "Number of Terminations"; Value = "2"; VariantName = "[No Variations]"
Add component (AddParameter): Name = "Package Description"; Value = "2-Pin Surface Mount Device, Body 1.6 x 0.85 mm"; VariantName = "[No Variations]"
Add component (AddParameter): Name = "Package Quantity"; Value = "1"; VariantName = "[No Variations]"
Add component (AddParameter): Name = "Package Reference"; Value = "603"; VariantName = "[No Variations]"
Add component (AddParameter): Name = "Packaging"; Value = "TapeandReel"; VariantName = "[No Variations]"
Add component (AddParameter): Name = "Power Rating"; Value = "100mW"; VariantName = "[No Variations]"
Add component (AddParameter): Name = "Radiation Hardening"; Value = "No"; VariantName = "[No Variations]"
Add component (AddParameter): Name = "REACH SVHC"; Value = "NoSVHC"; VariantName = "[No Variations]"
Add component (AddParameter): Name = "Resistance"; Value = "10KOhm"; VariantName = "[No Variations]"
Add component (AddParameter): Name = "RoHSCompliant"; Value = "true"; VariantName = "[No Variations]"
Add component (AddParameter): Name = "Temperature Coefficient"; Value = "100ppm\/degreesC"; VariantName = "[No Variations]"
Add component (AddParameter): Name = "Termination"; Value = "SMD/SMT"; VariantName = "[No Variations]"
Add component (AddParameter): Name = "Tolerance"; Value = "1%"; VariantName = "[No Variations]"
Add component (AddParameter): Name = "Voltage Rating"; Value = "75V"; VariantName = "[No Variations]"
Add component (AddParameter): Name = "Voltage Rating (DC)"; Value = "75V"; VariantName = "[No Variations]"
Add component (AddParameter): Name = "Width"; Value = "0.031inch"; VariantName = "[No Variations]"
Added Pin To Net: NetName=5V_OC_TP Pin=Q1-4
Added Pin To Net: NetName=5V_OC_TP Pin=Q2-4
Added Pin To Net: NetName=VCC Pin=R9-1
Added Pin To Net: NetName=5V_OC_TP Pin=R9-2
Added Pin To Net: NetName=VCC Pin=R13-1
Added Pin To Net: NetName=3V3_CUTOFF_MOSFET Pin=R17-1
Added Pin To Net: NetName=GND Pin=R75-1
Added Pin To Net: NetName=NetQ17_1 Pin=R75-2
Added Pin To Net: NetName=CAN_INH Pin=R76-1
Added Pin To Net: NetName=GND Pin=R85-1
Added Pin To Net: NetName=3V3_CUTOFF_MOSFET Pin=TP10-1
Added Pin To Net: NetName=3V3_CUTOFF_MOSFET Pin=U4-1
Change Net Name : Old Net Name=5V_OC_TP New Net Name=5V_CUTOFF_MOSFET
Added Pin To Net: NetName=5V_OC_TP Pin=TP19-1
Added Net: Name=5V_OC_TP
Added Pin To Net: NetName=NetD5_2 Pin=D5-2
Added Pin To Net: NetName=NetD5_2 Pin=R78-2
Added Net: Name=NetD5_2
Added Pin To Net: NetName=NetD6_2 Pin=D6-2
Added Pin To Net: NetName=NetD6_2 Pin=R85-2
Added Net: Name=NetD6_2
Added Pin To Net: NetName=PRE_ZENER_SHDN_5V Pin=D8-C
Added Pin To Net: NetName=PRE_ZENER_SHDN_5V Pin=R77-1
Added Net: Name=PRE_ZENER_SHDN_5V
Added Pin To Net: NetName=SHDN_3V3 Pin=D5-1
Added Pin To Net: NetName=SHDN_3V3 Pin=R76-2
Added Pin To Net: NetName=SHDN_3V3 Pin=U4-5
Added Net: Name=SHDN_3V3
Added Pin To Net: NetName=SHDN_5V Pin=D6-1
Added Pin To Net: NetName=SHDN_5V Pin=R77-2
Added Pin To Net: NetName=SHDN_5V Pin=U3-5
Added Net: Name=SHDN_5V
Added Member To Class: ClassName=PWR_PROT_0 Member=Component R85 ERJ3EKF1002V
