Change Component Footprint: Designator=J2 Old Footprint=FP-43650-0301-MFG New Footprint=FP-43650-0301-MFG
Change Component Footprint: Designator=J3 Old Footprint=FP-43650-0301-MFG New Footprint=FP-43650-0301-MFG
Change Component Footprint: Designator=J4 Old Footprint=FP-43650-0301-MFG New Footprint=FP-43650-0301-MFG
Change Component Footprint: Designator=J5 Old Footprint=FP-43650-0301-MFG New Footprint=FP-43650-0301-MFG
Change Component Footprint: Designator=J6 Old Footprint=FP-43650-0301-MFG New Footprint=FP-43650-0301-MFG
Change Component Footprint: Designator=J7 Old Footprint=FP-43650-0301-MFG New Footprint=FP-43650-0301-MFG
Added Component: Designator=D5(WL-SBCD_0606)
Add component (AddParameter): Name = "Case/Package"; Value = ""; VariantName = "[No Variations]"
Add component (AddParameter): Name = "Component Type"; Value = "Standard"; VariantName = "[No Variations]"
Add component (AddParameter): Name = "Design Item ID"; Value = "CMP-004-00034-2"; VariantName = "[No Variations]"
Add component (AddParameter): Name = "Forward Current"; Value = ""; VariantName = "[No Variations]"
Add component (AddParameter): Name = "Forward Voltage"; Value = ""; VariantName = "[No Variations]"
Add component (AddParameter): Name = "Max Operating Temperature"; Value = ""; VariantName = "[No Variations]"
Add component (AddParameter): Name = "Max Surge Current"; Value = ""; VariantName = "[No Variations]"
Add component (AddParameter): Name = "Min Operating Temperature"; Value = ""; VariantName = "[No Variations]"
Add component (AddParameter): Name = "Mounting Technology"; Value = ""; VariantName = "[No Variations]"
Add component (AddParameter): Name = "Peak Inverse Voltage"; Value = ""; VariantName = "[No Variations]"
Add component (AddParameter): Name = "Pins"; Value = "4"; VariantName = "[No Variations]"
Add component (AddParameter): Name = "RoHS Compliant"; Value = ""; VariantName = "[No Variations]"
Add component (AddParameter): Name = "Source"; Value = "rgled.SchLib"; VariantName = "[No Variations]"
Added Pin To Net: NetName=GND Pin=D5-1
Added Pin To Net: NetName=NetD5_2 Pin=D5-2
Added Pin To Net: NetName=NetD5_3 Pin=D5-3
Added Pin To Net: NetName=5V_ON_nOFF Pin=D5-4
Added Member To Class: ClassName=ACT_REG Member=Component D5 150066RG54050
