Removed Pin From Net: NetName=GND Pin=C19-1
Removed Pin From Net: NetName=INT_5V Pin=C19-2
Removed Pin From Net: NetName=NetD2_1 Pin=F8-1
Removed Pin From Net: NetName=GND Pin=Q3-4
Removed Pin From Net: NetName=TCAN_VCC Pin=Q4-1
Removed Pin From Net: NetName=TCAN_VCC Pin=Q4-2
Removed Pin From Net: NetName=TCAN_VCC Pin=Q4-3
Removed Pin From Net: NetName=nBOARD_ENABLE Pin=Q4-4
Removed Pin From Net: NetName=ACT_I_SENSE Pin=R10-2
Removed Pin From Net: NetName=GND Pin=R11-1
Removed Pin From Net: NetName=INT_5V Pin=R12-1
Removed Pin From Net: NetName=NetQ2_1 Pin=R13-1
Removed Pin From Net: NetName=NetQ2_1 Pin=R14-1
Removed Pin From Net: NetName=NetD2_1 Pin=R14-2
Removed Pin From Net: NetName=INT_5V Pin=R16-2
Removed Pin From Net: NetName=ACT_V_SENSE Pin=R17-1
Removed Pin From Net: NetName=NetQ2_1 Pin=R17-2
Removed Pin From Net: NetName=GND Pin=R19-1
Removed Pin From Net: NetName=ACT_V_SENSE Pin=R19-2
Removed Pin From Net: NetName=CAN_INH Pin=R20-1
Removed Pin From Net: NetName=GND Pin=R21-1
Removed Pin From Net: NetName=TCAN_VCC Pin=R22-1
Removed Pin From Net: NetName=nBOARD_ENABLE Pin=R22-2
Removed Pin From Net: NetName=INT_5V Pin=U3-2
Removed Pin From Net: NetName=ACT_I_SENSE Pin=U3-7
Removed Pin From Net: NetName=NetQ2_1 Pin=U3-8
Removed Member From Class: ClassName=PWR_MGMT Member=Q3
Removed Member From Class: ClassName=PWR_MGMT Member=Q4
Removed Member From Class: ClassName=PWR_MGMT Member=R14
Removed Member From Class: ClassName=PWR_MGMT Member=R16
Removed Member From Class: ClassName=PWR_MGMT Member=R17
Removed Member From Class: ClassName=PWR_MGMT Member=R18
Removed Member From Class: ClassName=PWR_MGMT Member=R19
Removed Member From Class: ClassName=PWR_MGMT Member=R20
Removed Member From Class: ClassName=PWR_MGMT Member=R21
Removed Member From Class: ClassName=PWR_MGMT Member=R22
Change Footprint: Cannot match pads with new footprint in component :F7 Footprint:FP-0466-MFG
Change Footprint: Cannot match pads with new footprint in component :U3 Footprint:ALEG-EX-12_V
Change Component Comment : Designator=R13 Old Comment=100k New Comment=20k
Change Component Comment : Designator=F7 Old Comment=0501010.WR New Comment=0466003.NR
Change Component Comment : Designator=U3 Old Comment=INA381A3IDSGR New Comment=ACS711KEXLT-15AB-T
Change Component Comment : Designator=R11 Old Comment=TBD New Comment=10k
Change Component Comment : Designator=R10 Old Comment=TBD New Comment=100k
Change Component Comment : Designator=R12 Old Comment=TBD New Comment=100k
Change Managed Component Library Link : Designator=F7 Old VaultGUID=B7D15EC3-160A-466F-A46C-7801FE6295A7 New VaultGUID=B7D15EC3-160A-466F-A46C-7801FE6295A7 Old ItemGUID=7E113E09-FDBB-4380-8770-E165A2F3E572 New ItemGUID=2CBF115F-0D6B-4830-BBD4-3DC09C7AA2C9 Old RevisionGUID=CFAEA91A-12FA-416B-AA2A-44266364B3D5 New RevisionGUID=BD8E016B-81F1-4609-AD43-47B644C0B530
Change Managed Component Library Link : Designator=U3 Old VaultGUID=B7D15EC3-160A-466F-A46C-7801FE6295A7 New VaultGUID=B7D15EC3-160A-466F-A46C-7801FE6295A7 Old ItemGUID=F5B767ED-09E3-4A79-B1EE-35A14EA5E589 New ItemGUID=A11DEBC0-C230-4D0B-885E-1803A433E9EA Old RevisionGUID=AB43FA72-1F88-454D-914C-1F15B5DEFAC2 New RevisionGUID=833B1267-473F-4534-B631-016AC7EFE4C3
Change component parameters: Designator = "F7" ("F7"); Footprint = "FP-0501-MFG"; UniqueID = "\NHHZDRGX\QDQPRCAG" ("\NHHZDRGX\QDQPRCAG")
Change component parameters (AddParameter): Name = "Automotive"; Value = "No"; VariantName = "[No Variations]"
Change component parameters (AddParameter): Name = "Category"; Value = "Fuse"; VariantName = "[No Variations]"
Change component parameters (AddParameter): Name = "ComponentLink2Description"; Value = "Datasheet"; VariantName = "[No Variations]"
Change component parameters (AddParameter): Name = "ComponentLink2URL"; Value = "https://www.littelfuse.com/~/media/electronics/datasheets/fuses/littelfuse_fuse_466_datasheet.pdf.pdf"; VariantName = "[No Variations]"
Change component parameters (AddParameter): Name = "Device Class L1"; Value = "Circuit Protection"; VariantName = "[No Variations]"
Change component parameters (AddParameter): Name = "Device Class L2"; Value = "Fuses"; VariantName = "[No Variations]"
Change component parameters (AddParameter): Name = "Device Class L3"; Value = "unset"; VariantName = "[No Variations]"
Change component parameters (AddParameter): Name = "Digikey Description"; Value = "FUSE BOARD MNT 3A 32VAC/VDC 1206"; VariantName = "[No Variations]"
Change component parameters (AddParameter): Name = "Fuse Blow Speed"; Value = "Fast"; VariantName = "[No Variations]"
Change component parameters (AddParameter): Name = "Fuse Current"; Value = "3A"; VariantName = "[No Variations]"
Change component parameters (AddParameter): Name = "Fuse I2T"; Value = "0.576A2Sec"; VariantName = "[No Variations]"
Change component parameters (AddParameter): Name = "Fuse Interrupt Ac Current"; Value = "50A"; VariantName = "[No Variations]"
Change component parameters (AddParameter): Name = "Fuse Interrupt Dc Current"; Value = "50A"; VariantName = "[No Variations]"
Change component parameters (AddParameter): Name = "Fuse Voltage Drop"; Value = "75.99mV"; VariantName = "[No Variations]"
Change component parameters (AddParameter): Name = "Height"; Value = "0.66mm"; VariantName = "[No Variations]"
Change component parameters (AddParameter): Name = "Lead Free"; Value = "Yes"; VariantName = "[No Variations]"
Change component parameters (AddParameter): Name = "Manufacturer"; Value = "Littelfuse"; VariantName = "[No Variations]"
Change component parameters (AddParameter): Name = "Manufacturer Part Number"; Value = "0466003.NR"; VariantName = "[No Variations]"
Change component parameters (AddParameter): Name = "Max Fuse Ac Voltage"; Value = "32V"; VariantName = "[No Variations]"
Change component parameters (AddParameter): Name = "Max Fuse Dc Voltage"; Value = "32V"; VariantName = "[No Variations]"
Change component parameters (AddParameter): Name = "Mouser Description"; Value = "Surface Mount Fuses 32V 3A VFA Slimline"; VariantName = "[No Variations]"
Change component parameters (AddParameter): Name = "Octopart"; Value = "https://octopart.com/0466003.nr-littelfuse-565175"; VariantName = "[No Variations]"
Change component parameters (AddParameter): Name = "Package"; Value = "0466"; VariantName = "[No Variations]"
Change component parameters (AddParameter): Name = "Resistance"; Value = "0.019O"; VariantName = "[No Variations]"
Change component parameters (AddParameter): Name = "RoHS"; Value = "TRUE"; VariantName = "[No Variations]"
Change component parameters (AddParameter): Name = "Temperature"; Value = "-55°C to +90°C"; VariantName = "[No Variations]"
Change component parameters (AddParameter): Name = "Temperature Range High"; Value = "+90°C"; VariantName = "[No Variations]"
Change component parameters (AddParameter): Name = "Temperature Range Low"; Value = "-55°C"; VariantName = "[No Variations]"
Change component parameters (AddParameter): Name = "Value"; Value = "0.019O"; VariantName = "[No Variations]"
Change component parameters (AddParameter): Name = "Voltage Rating"; Value = "32V"; VariantName = "[No Variations]"
Change component parameters: Designator = "U3" ("U3"); Footprint = "FP-DSG0008A-IPC_A"; UniqueID = "\NHHZDRGX\EBIZCUAJ" ("\NHHZDRGX\EBIZCUAJ")
Change component parameters (AddParameter): Name = "-3dB Bandwidth"; Value = "0.1 MHz"; VariantName = "[No Variations]"
Change component parameters (AddParameter): Name = "ComponentLink1Description"; Value = "Manufacturer URL"; VariantName = "[No Variations]"
Change component parameters (AddParameter): Name = "ComponentLink1URL"; Value = "http://www.allegromicro.com/"; VariantName = "[No Variations]"
Change component parameters (AddParameter): Name = "ComponentLink2Description"; Value = "Datasheet"; VariantName = "[No Variations]"
Change component parameters (AddParameter): Name = "ComponentLink2URL"; Value = "http://www.allegromicro.com/~/media/Files/Datasheets/ACS711-Datasheet.ashx?la=en"; VariantName = "[No Variations]"
Change component parameters (AddParameter): Name = "ComponentLink3Description"; Value = "Package Specification"; VariantName = "[No Variations]"
Change component parameters (AddParameter): Name = "ComponentLink3URL"; Value = "http://www.allegromicro.com/~/media/Files/Datasheets/ACS711-Datasheet.ashx?la=en"; VariantName = "[No Variations]"
Change component parameters (AddParameter): Name = "DatasheetVersion"; Value = "Rev. 3"; VariantName = "[No Variations]"
Change component parameters (AddParameter): Name = "IP Max"; Value = "15.5 A"; VariantName = "[No Variations]"
Change component parameters (AddParameter): Name = "IP Min"; Value = "-15.5 A"; VariantName = "[No Variations]"
Change component parameters (AddParameter): Name = "Mounting Technology"; Value = "Surface Mount"; VariantName = "[No Variations]"
Change component parameters (AddParameter): Name = "PackageDescription"; Value = "12-Pin Quad Flat No-Lead, Body 3 x 3 mm, Height 0.8 mm"; VariantName = "[No Variations]"
Change component parameters (AddParameter): Name = "Packing"; Value = "Tape and Reel"; VariantName = "[No Variations]"
Change component parameters (AddParameter): Name = "PartNumber"; Value = "ACS711KEXLT-15AB-T"; VariantName = "[No Variations]"
Change component parameters (AddParameter): Name = "RoHS"; Value = "TRUE"; VariantName = "[No Variations]"
Change component parameters (AddParameter): Name = "Temperature Max"; Value = "125 degC"; VariantName = "[No Variations]"
Change component parameters (AddParameter): Name = "Temperature Min"; Value = "-40 degC"; VariantName = "[No Variations]"
Change component parameters (AddParameter): Name = "VCC Max"; Value = "5.5 V"; VariantName = "[No Variations]"
Change component parameters (AddParameter): Name = "VCC Min"; Value = "3 V"; VariantName = "[No Variations]"
Added Pin To Net: NetName=NetC29_1 Pin=C17-2
Added Pin To Net: NetName=3V3 Pin=C19-1
Added Pin To Net: NetName=GND Pin=C19-2
Added Pin To Net: NetName=NetQ2_1 Pin=F8-1
Added Pin To Net: NetName=nBOARD_ENABLE Pin=Q2-4
Added Pin To Net: NetName=NetQ2_1 Pin=R10-1
Added Pin To Net: NetName=nBOARD_ENABLE Pin=R10-2
Added Pin To Net: NetName=3V3 Pin=R11-2
Added Pin To Net: NetName=ACT_V_SENSE Pin=R12-1
Added Pin To Net: NetName=NetC29_1 Pin=R12-2
Added Pin To Net: NetName=GND Pin=R13-1
Added Pin To Net: NetName=ACT_V_SENSE Pin=R13-2
Added Pin To Net: NetName=NetC29_1 Pin=U2-1
Added Pin To Net: NetName=NetD2_1 Pin=U3-2
Added Pin To Net: NetName=NetQ2_1 Pin=U3-3
Added Pin To Net: NetName=NetQ2_1 Pin=U3-4
Added Pin To Net: NetName=GND Pin=U3-5
Added Pin To Net: NetName=GND Pin=U3-7
Added Pin To Net: NetName=GND Pin=U3-8
Add Pin To Net: Unknown Pin: Pin U3-10
Add Pin To Net: Unknown Pin: Pin U3-11
Add Pin To Net: Unknown Pin: Pin U3-12
Change Net Name : Old Net Name=NetC29_1 New Net Name=NetC17_2
Change Net Name : Old Net Name=NetQ2_1 New Net Name=NetF8_1
Added Pin To Net: NetName=M2_I_nFAULT Pin=R11-1
Added Pin To Net: NetName=M2_I_nFAULT Pin=U3-6
Added Net: Name=M2_I_nFAULT
