Removed Pin From Net: NetName=PWM_0 Pin=J2-1
Removed Pin From Net: NetName=NetF1_1 Pin=J2-2
Removed Pin From Net: NetName=GND Pin=J2-3
Removed Pin From Net: NetName=PWM_1 Pin=J3-1
Removed Pin From Net: NetName=NetF2_1 Pin=J3-2
Removed Pin From Net: NetName=GND Pin=J3-3
Removed Pin From Net: NetName=PWM_2 Pin=J4-1
Removed Pin From Net: NetName=NetF3_1 Pin=J4-2
Removed Pin From Net: NetName=GND Pin=J4-3
Removed Pin From Net: NetName=PWM_3 Pin=J5-1
Removed Pin From Net: NetName=NetF4_1 Pin=J5-2
Removed Pin From Net: NetName=GND Pin=J5-3
Removed Pin From Net: NetName=PWM_4 Pin=J6-1
Removed Pin From Net: NetName=NetF5_1 Pin=J6-2
Removed Pin From Net: NetName=GND Pin=J6-3
Removed Pin From Net: NetName=PWM_5 Pin=J7-1
Removed Pin From Net: NetName=NetF6_1 Pin=J7-2
Removed Pin From Net: NetName=GND Pin=J7-3
Removed Member From Class: ClassName=HYDRA_V4_ACTUATOR Member=J3
Removed Member From Class: ClassName=HYDRA_V4_ACTUATOR Member=J4
Removed Member From Class: ClassName=HYDRA_V4_ACTUATOR Member=J5
Removed Member From Class: ClassName=HYDRA_V4_ACTUATOR Member=J6
Removed Member From Class: ClassName=HYDRA_V4_ACTUATOR Member=J7
Added Component: Designator=P1(FP-53261-0371-MFG)
Added Component: Designator=P2(FP-53261-0371-MFG)
Added Component: Designator=P3(FP-53261-0371-MFG)
Added Component: Designator=P4(FP-53261-0371-MFG)
Added Component: Designator=P5(FP-53261-0371-MFG)
Added Component: Designator=P6(FP-53261-0371-MFG)
Add Pin To Net: Unknown Pin: Pin P1-1
Add Pin To Net: Unknown Pin: Pin P1-2
Add Pin To Net: Unknown Pin: Pin P1-3
Add Pin To Net: Unknown Pin: Pin P1-4
Add Pin To Net: Unknown Pin: Pin P1-5
Add Pin To Net: Unknown Pin: Pin P2-1
Add Pin To Net: Unknown Pin: Pin P2-2
Add Pin To Net: Unknown Pin: Pin P2-3
Add Pin To Net: Unknown Pin: Pin P2-4
Add Pin To Net: Unknown Pin: Pin P2-5
Add Pin To Net: Unknown Pin: Pin P3-1
Add Pin To Net: Unknown Pin: Pin P3-2
Add Pin To Net: Unknown Pin: Pin P3-3
Add Pin To Net: Unknown Pin: Pin P3-4
Add Pin To Net: Unknown Pin: Pin P3-5
Add Pin To Net: Unknown Pin: Pin P4-1
Add Pin To Net: Unknown Pin: Pin P4-2
Add Pin To Net: Unknown Pin: Pin P4-3
Add Pin To Net: Unknown Pin: Pin P4-4
Add Pin To Net: Unknown Pin: Pin P4-5
Add Pin To Net: Unknown Pin: Pin P5-1
Add Pin To Net: Unknown Pin: Pin P5-2
Add Pin To Net: Unknown Pin: Pin P5-3
Add Pin To Net: Unknown Pin: Pin P5-4
Add Pin To Net: Unknown Pin: Pin P5-5
Add Pin To Net: Unknown Pin: Pin P6-1
Add Pin To Net: Unknown Pin: Pin P6-2
Add Pin To Net: Unknown Pin: Pin P6-3
Add Pin To Net: Unknown Pin: Pin P6-4
Add Pin To Net: Unknown Pin: Pin P6-5
Add Class Member: Failed to add class member : Component P1 53261-0371
Add Class Member: Failed to add class member : Component P2 53261-0371
Add Class Member: Failed to add class member : Component P3 53261-0371
Add Class Member: Failed to add class member : Component P4 53261-0371
Add Class Member: Failed to add class member : Component P5 53261-0371
Add Class Member: Failed to add class member : Component P6 53261-0371
