Change Component Footprint: Designator=J2 Old Footprint=FP-43650-0301-MFG New Footprint=FP-532610871-MFG
Change Component Comment : Designator=J2 Old Comment=43650-0301 New Comment=53261-0871
Change Managed Component Library Link : Designator=J2 Old VaultGUID=B7D15EC3-160A-466F-A46C-7801FE6295A7 New VaultGUID=275DD9A0-BDD9-47D7-8C38-F690E90B05B9 Old ItemGUID=739C4DDC-1AB4-40CF-BB47-FFC5805EEFC5 New ItemGUID=f954ffb9-2ab2-434e-9f3d-bbd0c6153ece Old RevisionGUID=AC71EA0F-CE56-4470-ABED-23E88CEDB3C3 New RevisionGUID=fcf4db06-ba84-465d-889f-7d44f4b27dae
Change component parameters: Designator = "J2" ("J2"); Footprint = "FP-43650-0301-MFG"; UniqueID = "\EPOTQCGZ" ("\EPOTQCGZ")
Change component parameters (AddParameter): Name = "Case/Package"; Value = ""; VariantName = "[No Variations]"
Change component parameters (AddParameter): Name = "Connector Type"; Value = "BOARD CONNECTOR"; VariantName = "[No Variations]"
Change component parameters (AddParameter): Name = "Gender"; Value = ""; VariantName = "[No Variations]"
Change component parameters (AddParameter): Name = "Max Operating Temperature"; Value = "85°C"; VariantName = "[No Variations]"
Change component parameters (AddParameter): Name = "Min Operating Temperature"; Value = "-40°C"; VariantName = "[No Variations]"
Change component parameters (AddParameter): Name = "Mounting Technology"; Value = "Board"; VariantName = "[No Variations]"
Change component parameters (AddParameter): Name = "Pins"; Value = ""; VariantName = "[No Variations]"
Change component parameters (AddParameter): Name = "RoHS Compliant"; Value = "Yes"; VariantName = "[No Variations]"
Added Pin To Net: NetName=CAN0_N Pin=J2-1
Added Pin To Net: NetName=CAN0_P Pin=J2-2
Added Pin To Net: NetName=GND Pin=J2-3
Added Pin To Net: NetName=GND Pin=J2-4
Added Pin To Net: NetName=GND Pin=J2-5
Added Pin To Net: NetName=PWR_IN Pin=J2-6
Added Pin To Net: NetName=PWR_IN Pin=J2-7
Added Pin To Net: NetName=PWR_IN Pin=J2-8
Added Pin To Net: NetName=GND Pin=J2-9
Added Pin To Net: NetName=GND Pin=J2-10
